#! /c/Source/iverilog-install/bin/vvp
:ivl_version "12.0 (devel)" "(s20150603-1539-g2693dd32b)";
:ivl_delay_selection "TYPICAL";
:vpi_time_precision + 0;
:vpi_module "C:\iverilog\lib\ivl\system.vpi";
:vpi_module "C:\iverilog\lib\ivl\vhdl_sys.vpi";
:vpi_module "C:\iverilog\lib\ivl\vhdl_textio.vpi";
:vpi_module "C:\iverilog\lib\ivl\v2005_math.vpi";
:vpi_module "C:\iverilog\lib\ivl\va_math.vpi";
S_0000020ab7d72df0 .scope module, "d_ff" "d_ff" 2 7;
 .timescale 0 0;
    .port_info 0 /OUTPUT 1 "Q";
    .port_info 1 /INPUT 1 "DATA";
    .port_info 2 /INPUT 1 "CLK";
    .port_info 3 /INPUT 1 "CLR";
    .port_info 4 /INPUT 1 "PRE";
o0000020ab7da6fd8 .functor BUFZ 1, C4<z>; HiZ drive
v0000020ab7d735b0_0 .net "CLK", 0 0, o0000020ab7da6fd8;  0 drivers
o0000020ab7da7008 .functor BUFZ 1, C4<z>; HiZ drive
v0000020ab7d73390_0 .net "CLR", 0 0, o0000020ab7da7008;  0 drivers
o0000020ab7da7038 .functor BUFZ 1, C4<z>; HiZ drive
v0000020ab7d72f80_0 .net "DATA", 0 0, o0000020ab7da7038;  0 drivers
o0000020ab7da7068 .functor BUFZ 1, C4<z>; HiZ drive
v0000020ab7d73020_0 .net "PRE", 0 0, o0000020ab7da7068;  0 drivers
v0000020ab7d730c0_0 .var "Q", 0 0;
E_0000020ab7d5a4c0 .event posedge, v0000020ab7d735b0_0;
E_0000020ab7d5a140 .event anyedge, v0000020ab7d73020_0, v0000020ab7d73390_0;
    .scope S_0000020ab7d72df0;
T_0 ;
    %pushi/vec4 0, 0, 1;
    %store/vec4 v0000020ab7d730c0_0, 0, 1;
    %end;
    .thread T_0;
    .scope S_0000020ab7d72df0;
T_1 ;
    %wait E_0000020ab7d5a140;
    %load/vec4 v0000020ab7d73390_0;
    %cmpi/e 0, 0, 1;
    %flag_get/vec4 4;
    %jmp/0 T_1.2, 4;
    %load/vec4 v0000020ab7d73020_0;
    %pushi/vec4 0, 0, 1;
    %cmp/e;
    %flag_get/vec4 4;
    %and;
T_1.2;
    %flag_set/vec4 8;
    %jmp/0xz  T_1.0, 8;
    %load/vec4 v0000020ab7d730c0_0;
    %store/vec4 v0000020ab7d730c0_0, 0, 1;
    %jmp T_1.1;
T_1.0 ;
    %load/vec4 v0000020ab7d73390_0;
    %cmpi/e 1, 0, 1;
    %flag_get/vec4 4;
    %jmp/0 T_1.5, 4;
    %load/vec4 v0000020ab7d73020_0;
    %pushi/vec4 0, 0, 1;
    %cmp/e;
    %flag_get/vec4 4;
    %and;
T_1.5;
    %flag_set/vec4 8;
    %jmp/0xz  T_1.3, 8;
    %pushi/vec4 0, 0, 1;
    %store/vec4 v0000020ab7d730c0_0, 0, 1;
    %jmp T_1.4;
T_1.3 ;
    %load/vec4 v0000020ab7d73390_0;
    %cmpi/e 0, 0, 1;
    %flag_get/vec4 4;
    %jmp/0 T_1.8, 4;
    %load/vec4 v0000020ab7d73020_0;
    %pushi/vec4 1, 0, 1;
    %cmp/e;
    %flag_get/vec4 4;
    %and;
T_1.8;
    %flag_set/vec4 8;
    %jmp/0xz  T_1.6, 8;
    %pushi/vec4 1, 0, 1;
    %store/vec4 v0000020ab7d730c0_0, 0, 1;
    %jmp T_1.7;
T_1.6 ;
    %load/vec4 v0000020ab7d730c0_0;
    %store/vec4 v0000020ab7d730c0_0, 0, 1;
T_1.7 ;
T_1.4 ;
T_1.1 ;
    %jmp T_1;
    .thread T_1, $push;
    .scope S_0000020ab7d72df0;
T_2 ;
    %wait E_0000020ab7d5a4c0;
    %load/vec4 v0000020ab7d73390_0;
    %cmpi/e 0, 0, 1;
    %flag_get/vec4 4;
    %jmp/0 T_2.2, 4;
    %load/vec4 v0000020ab7d73020_0;
    %pushi/vec4 0, 0, 1;
    %cmp/e;
    %flag_get/vec4 4;
    %and;
T_2.2;
    %flag_set/vec4 8;
    %jmp/0xz  T_2.0, 8;
    %load/vec4 v0000020ab7d72f80_0;
    %store/vec4 v0000020ab7d730c0_0, 0, 1;
    %jmp T_2.1;
T_2.0 ;
    %load/vec4 v0000020ab7d73390_0;
    %cmpi/e 1, 0, 1;
    %flag_get/vec4 4;
    %jmp/0 T_2.5, 4;
    %load/vec4 v0000020ab7d73020_0;
    %pushi/vec4 0, 0, 1;
    %cmp/e;
    %flag_get/vec4 4;
    %and;
T_2.5;
    %flag_set/vec4 8;
    %jmp/0xz  T_2.3, 8;
    %pushi/vec4 0, 0, 1;
    %store/vec4 v0000020ab7d730c0_0, 0, 1;
    %jmp T_2.4;
T_2.3 ;
    %load/vec4 v0000020ab7d73390_0;
    %cmpi/e 0, 0, 1;
    %flag_get/vec4 4;
    %jmp/0 T_2.8, 4;
    %load/vec4 v0000020ab7d73020_0;
    %pushi/vec4 1, 0, 1;
    %cmp/e;
    %flag_get/vec4 4;
    %and;
T_2.8;
    %flag_set/vec4 8;
    %jmp/0xz  T_2.6, 8;
    %pushi/vec4 1, 0, 1;
    %store/vec4 v0000020ab7d730c0_0, 0, 1;
    %jmp T_2.7;
T_2.6 ;
    %load/vec4 v0000020ab7d730c0_0;
    %store/vec4 v0000020ab7d730c0_0, 0, 1;
T_2.7 ;
T_2.4 ;
T_2.1 ;
    %jmp T_2;
    .thread T_2;
# The file index is used to find the file name in the following table.
:file_names 3;
    "N/A";
    "<interactive>";
    "d_ff.v";
