#! /c/Source/iverilog-install/bin/vvp
:ivl_version "12.0 (devel)" "(s20150603-1539-g2693dd32b)";
:ivl_delay_selection "TYPICAL";
:vpi_time_precision + 0;
:vpi_module "C:\iverilog\lib\ivl\system.vpi";
:vpi_module "C:\iverilog\lib\ivl\vhdl_sys.vpi";
:vpi_module "C:\iverilog\lib\ivl\vhdl_textio.vpi";
:vpi_module "C:\iverilog\lib\ivl\v2005_math.vpi";
:vpi_module "C:\iverilog\lib\ivl\va_math.vpi";
S_000001d0a6692d20 .scope module, "SHIFT_REGISTER_4BIT" "SHIFT_REGISTER_4BIT" 2 17;
 .timescale 0 0;
    .port_info 0 /INPUT 1 "CLK";
    .port_info 1 /INPUT 1 "CLR";
    .port_info 2 /INPUT 4 "P_DATA_IN";
    .port_info 3 /INPUT 1 "S_DATA_IN";
    .port_info 4 /INPUT 1 "SH_LD";
    .port_info 5 /OUTPUT 4 "DATA_OUT";
o000001d0a66d8c48 .functor BUFZ 1, C4<z>; HiZ drive
L_000001d0a66d7d80 .functor NOT 1, o000001d0a66d8c48, C4<0>, C4<0>, C4<0>;
o000001d0a66d8b28 .functor BUFZ 1, C4<z>; HiZ drive
L_000001d0a66d7df0 .functor NOT 1, o000001d0a66d8b28, C4<0>, C4<0>, C4<0>;
L_000001d0a66d7760 .functor AND 1, L_000001d0a66d7d80, L_000001d0a67342f0, C4<1>, C4<1>;
L_000001d0a66d7450 .functor NOR 1, o000001d0a66d8c48, L_000001d0a6733170, C4<0>, C4<0>;
L_000001d0a66d7680 .functor AND 1, L_000001d0a66d7d80, L_000001d0a67335d0, C4<1>, C4<1>;
L_000001d0a66d75a0 .functor NOR 1, o000001d0a66d8c48, L_000001d0a67341b0, C4<0>, C4<0>;
L_000001d0a66d7d10 .functor AND 1, L_000001d0a66d7d80, L_000001d0a6733cb0, C4<1>, C4<1>;
L_000001d0a66d7e60 .functor NOR 1, o000001d0a66d8c48, L_000001d0a67338f0, C4<0>, C4<0>;
L_000001d0a66d7a00 .functor AND 1, L_000001d0a66d7d80, L_000001d0a6733fd0, C4<1>, C4<1>;
L_000001d0a66d7300 .functor NOR 1, o000001d0a66d8c48, L_000001d0a6732450, C4<0>, C4<0>;
L_000001d0a66d7990 .functor AND 1, L_000001d0a6732f90, L_000001d0a66d7df0, C4<1>, C4<1>;
L_000001d0a66d7ed0 .functor OR 1, L_000001d0a6732c70, o000001d0a66d8b28, C4<0>, C4<0>;
L_000001d0a66d7530 .functor AND 1, L_000001d0a6733350, L_000001d0a66d7df0, C4<1>, C4<1>;
L_000001d0a66d7c30 .functor OR 1, L_000001d0a6733d50, o000001d0a66d8b28, C4<0>, C4<0>;
L_000001d0a66d7370 .functor AND 1, L_000001d0a6732d10, L_000001d0a66d7df0, C4<1>, C4<1>;
L_000001d0a66d7060 .functor OR 1, L_000001d0a6733a30, o000001d0a66d8b28, C4<0>, C4<0>;
L_000001d0a66d7ca0 .functor AND 1, L_000001d0a6733530, L_000001d0a66d7df0, C4<1>, C4<1>;
L_000001d0a66d70d0 .functor OR 1, L_000001d0a6732db0, o000001d0a66d8b28, C4<0>, C4<0>;
o000001d0a66d8438 .functor BUFZ 1, C4<z>; HiZ drive
v000001d0a66c2400_0 .net "CLK", 0 0, o000001d0a66d8438;  0 drivers
v000001d0a66c2680_0 .net "CLR", 0 0, o000001d0a66d8b28;  0 drivers
v000001d0a66c27c0_0 .net "DATA_OUT", 3 0, L_000001d0a6730a50;  1 drivers
v000001d0a66c2860_0 .net "D_CLR", 3 0, L_000001d0a6732ef0;  1 drivers
v000001d0a66bd3c0_0 .net "D_DATA", 3 0, L_000001d0a6733030;  1 drivers
v000001d0a66bd640_0 .net "D_PRE", 3 0, L_000001d0a6733210;  1 drivers
o000001d0a66d8c18 .functor BUFZ 4, C4<zzzz>; HiZ drive
v000001d0a66bd780_0 .net "P_DATA_IN", 3 0, o000001d0a66d8c18;  0 drivers
v000001d0a66bd820_0 .net "SH_LD", 0 0, o000001d0a66d8c48;  0 drivers
v000001d0a66bdc80_0 .net "S_CLR", 3 0, L_000001d0a6732bd0;  1 drivers
o000001d0a66d8498 .functor BUFZ 1, C4<z>; HiZ drive
v000001d0a67311d0_0 .net "S_DATA_IN", 0 0, o000001d0a66d8498;  0 drivers
v000001d0a6730ff0_0 .net "S_PRE", 3 0, L_000001d0a6733f30;  1 drivers
v000001d0a6731db0_0 .net *"_ivl_101", 0 0, L_000001d0a66d7060;  1 drivers
v000001d0a67305f0_0 .net *"_ivl_104", 0 0, L_000001d0a6733a30;  1 drivers
v000001d0a6730cd0_0 .net *"_ivl_106", 0 0, L_000001d0a66d7ca0;  1 drivers
v000001d0a6731810_0 .net *"_ivl_110", 0 0, L_000001d0a6733530;  1 drivers
v000001d0a6731590_0 .net *"_ivl_112", 0 0, L_000001d0a66d70d0;  1 drivers
v000001d0a6730af0_0 .net *"_ivl_116", 0 0, L_000001d0a6732db0;  1 drivers
v000001d0a6730e10_0 .net *"_ivl_117", 31 0, L_000001d0a6733490;  1 drivers
L_000001d0a6780088 .functor BUFT 1, C4<0000000000000000000000000000000>, C4<0>, C4<0>, C4<0>;
v000001d0a6730550_0 .net *"_ivl_120", 30 0, L_000001d0a6780088;  1 drivers
L_000001d0a67800d0 .functor BUFT 1, C4<00000000000000000000000000000000>, C4<0>, C4<0>, C4<0>;
v000001d0a6731bd0_0 .net/2u *"_ivl_121", 31 0, L_000001d0a67800d0;  1 drivers
v000001d0a6731f90_0 .net *"_ivl_123", 0 0, L_000001d0a6732e50;  1 drivers
o000001d0a66d8eb8 .functor BUFZ 4, C4<zzzz>; HiZ drive
; Elide local net with no drivers, v000001d0a6731270_0 name=_ivl_125
v000001d0a6731630_0 .net *"_ivl_34", 0 0, L_000001d0a66d7760;  1 drivers
v000001d0a67316d0_0 .net *"_ivl_37", 0 0, L_000001d0a67342f0;  1 drivers
v000001d0a67313b0_0 .net *"_ivl_39", 0 0, L_000001d0a66d7450;  1 drivers
v000001d0a6731950_0 .net *"_ivl_42", 0 0, L_000001d0a6733170;  1 drivers
v000001d0a6731b30_0 .net *"_ivl_44", 0 0, L_000001d0a66d7680;  1 drivers
v000001d0a6730c30_0 .net *"_ivl_47", 0 0, L_000001d0a67335d0;  1 drivers
v000001d0a6730230_0 .net *"_ivl_49", 0 0, L_000001d0a66d75a0;  1 drivers
v000001d0a6730410_0 .net *"_ivl_52", 0 0, L_000001d0a67341b0;  1 drivers
v000001d0a6730b90_0 .net *"_ivl_54", 0 0, L_000001d0a66d7d10;  1 drivers
v000001d0a6730d70_0 .net *"_ivl_57", 0 0, L_000001d0a6733cb0;  1 drivers
v000001d0a6730870_0 .net *"_ivl_59", 0 0, L_000001d0a66d7e60;  1 drivers
v000001d0a67318b0_0 .net *"_ivl_62", 0 0, L_000001d0a67338f0;  1 drivers
v000001d0a67319f0_0 .net *"_ivl_64", 0 0, L_000001d0a66d7a00;  1 drivers
v000001d0a6731450_0 .net *"_ivl_68", 0 0, L_000001d0a6733fd0;  1 drivers
v000001d0a6731e50_0 .net *"_ivl_70", 0 0, L_000001d0a66d7300;  1 drivers
v000001d0a6731770_0 .net *"_ivl_74", 0 0, L_000001d0a6732450;  1 drivers
v000001d0a6731a90_0 .net *"_ivl_76", 0 0, L_000001d0a66d7990;  1 drivers
v000001d0a67302d0_0 .net *"_ivl_79", 0 0, L_000001d0a6732f90;  1 drivers
v000001d0a67314f0_0 .net *"_ivl_81", 0 0, L_000001d0a66d7ed0;  1 drivers
v000001d0a6730eb0_0 .net *"_ivl_84", 0 0, L_000001d0a6732c70;  1 drivers
v000001d0a6731c70_0 .net *"_ivl_86", 0 0, L_000001d0a66d7530;  1 drivers
v000001d0a6732030_0 .net *"_ivl_89", 0 0, L_000001d0a6733350;  1 drivers
v000001d0a6730f50_0 .net *"_ivl_91", 0 0, L_000001d0a66d7c30;  1 drivers
v000001d0a6730910_0 .net *"_ivl_94", 0 0, L_000001d0a6733d50;  1 drivers
v000001d0a6731d10_0 .net *"_ivl_96", 0 0, L_000001d0a66d7370;  1 drivers
v000001d0a6731090_0 .net *"_ivl_99", 0 0, L_000001d0a6732d10;  1 drivers
v000001d0a6731ef0_0 .net "notCLR", 0 0, L_000001d0a66d7df0;  1 drivers
v000001d0a6731310_0 .net "notSH_LD", 0 0, L_000001d0a66d7d80;  1 drivers
L_000001d0a67320d0 .part L_000001d0a6732ef0, 0, 1;
L_000001d0a6731130 .part L_000001d0a6733210, 0, 1;
L_000001d0a6730690 .part L_000001d0a6730a50, 0, 1;
L_000001d0a6730370 .part L_000001d0a6732ef0, 1, 1;
L_000001d0a67304b0 .part L_000001d0a6733210, 1, 1;
L_000001d0a67309b0 .part L_000001d0a6730a50, 1, 1;
L_000001d0a6730730 .part L_000001d0a6732ef0, 2, 1;
L_000001d0a67307d0 .part L_000001d0a6733210, 2, 1;
L_000001d0a6730a50 .concat8 [ 1 1 1 1], v000001d0a66c24a0_0, v000001d0a66c1d20_0, v000001d0a66c1820_0, v000001d0a66c2900_0;
L_000001d0a6733e90 .part L_000001d0a6730a50, 2, 1;
L_000001d0a6733b70 .part L_000001d0a6732ef0, 3, 1;
L_000001d0a6733710 .part L_000001d0a6733210, 3, 1;
L_000001d0a67342f0 .part L_000001d0a6733030, 3, 1;
L_000001d0a6733170 .part L_000001d0a6733030, 3, 1;
L_000001d0a67335d0 .part L_000001d0a6733030, 2, 1;
L_000001d0a67341b0 .part L_000001d0a6733030, 2, 1;
L_000001d0a6733cb0 .part L_000001d0a6733030, 1, 1;
L_000001d0a67338f0 .part L_000001d0a6733030, 1, 1;
L_000001d0a6733f30 .concat8 [ 1 1 1 1], L_000001d0a66d7760, L_000001d0a66d7680, L_000001d0a66d7d10, L_000001d0a66d7a00;
L_000001d0a6733fd0 .part L_000001d0a6733030, 0, 1;
L_000001d0a6732bd0 .concat8 [ 1 1 1 1], L_000001d0a66d7450, L_000001d0a66d75a0, L_000001d0a66d7e60, L_000001d0a66d7300;
L_000001d0a6732450 .part L_000001d0a6733030, 0, 1;
L_000001d0a6732f90 .part L_000001d0a6733f30, 0, 1;
L_000001d0a6732c70 .part L_000001d0a6732bd0, 0, 1;
L_000001d0a6733350 .part L_000001d0a6733f30, 1, 1;
L_000001d0a6733d50 .part L_000001d0a6732bd0, 1, 1;
L_000001d0a6732d10 .part L_000001d0a6733f30, 2, 1;
L_000001d0a6733a30 .part L_000001d0a6732bd0, 2, 1;
L_000001d0a6733210 .concat8 [ 1 1 1 1], L_000001d0a66d7990, L_000001d0a66d7530, L_000001d0a66d7370, L_000001d0a66d7ca0;
L_000001d0a6733530 .part L_000001d0a6733f30, 3, 1;
L_000001d0a6732ef0 .concat8 [ 1 1 1 1], L_000001d0a66d7ed0, L_000001d0a66d7c30, L_000001d0a66d7060, L_000001d0a66d70d0;
L_000001d0a6732db0 .part L_000001d0a6732bd0, 3, 1;
L_000001d0a6733490 .concat [ 1 31 0 0], o000001d0a66d8c48, L_000001d0a6780088;
L_000001d0a6732e50 .cmp/eq 32, L_000001d0a6733490, L_000001d0a67800d0;
L_000001d0a6733030 .functor MUXZ 4, o000001d0a66d8eb8, o000001d0a66d8c18, L_000001d0a6732e50, C4<>;
S_000001d0a6692eb0 .scope module, "dff4" "R_d_ff" 2 34, 3 7 0, S_000001d0a6692d20;
 .timescale 0 0;
    .port_info 0 /OUTPUT 1 "Q";
    .port_info 1 /INPUT 1 "DATA";
    .port_info 2 /INPUT 1 "CLK";
    .port_info 3 /INPUT 1 "CLR";
    .port_info 4 /INPUT 1 "PRE";
v000001d0a66c2040_0 .net "CLK", 0 0, o000001d0a66d8438;  alias, 0 drivers
v000001d0a66c2d60_0 .net "CLR", 0 0, L_000001d0a67320d0;  1 drivers
v000001d0a66c2220_0 .net "DATA", 0 0, o000001d0a66d8498;  alias, 0 drivers
v000001d0a66c20e0_0 .net "PRE", 0 0, L_000001d0a6731130;  1 drivers
v000001d0a66c24a0_0 .var "Q", 0 0;
E_000001d0a66d6050/0 .event anyedge, v000001d0a66c20e0_0, v000001d0a66c2d60_0;
E_000001d0a66d6050/1 .event posedge, v000001d0a66c2040_0;
E_000001d0a66d6050 .event/or E_000001d0a66d6050/0, E_000001d0a66d6050/1;
S_000001d0a672fd30 .scope module, "dff5" "R_d_ff" 2 35, 3 7 0, S_000001d0a6692d20;
 .timescale 0 0;
    .port_info 0 /OUTPUT 1 "Q";
    .port_info 1 /INPUT 1 "DATA";
    .port_info 2 /INPUT 1 "CLK";
    .port_info 3 /INPUT 1 "CLR";
    .port_info 4 /INPUT 1 "PRE";
v000001d0a66c1960_0 .net "CLK", 0 0, o000001d0a66d8438;  alias, 0 drivers
v000001d0a66c25e0_0 .net "CLR", 0 0, L_000001d0a6730370;  1 drivers
v000001d0a66c1780_0 .net "DATA", 0 0, L_000001d0a6730690;  1 drivers
v000001d0a66c31c0_0 .net "PRE", 0 0, L_000001d0a67304b0;  1 drivers
v000001d0a66c1d20_0 .var "Q", 0 0;
E_000001d0a66d6f50/0 .event anyedge, v000001d0a66c31c0_0, v000001d0a66c25e0_0;
E_000001d0a66d6f50/1 .event posedge, v000001d0a66c2040_0;
E_000001d0a66d6f50 .event/or E_000001d0a66d6f50/0, E_000001d0a66d6f50/1;
S_000001d0a672fec0 .scope module, "dff6" "R_d_ff" 2 36, 3 7 0, S_000001d0a6692d20;
 .timescale 0 0;
    .port_info 0 /OUTPUT 1 "Q";
    .port_info 1 /INPUT 1 "DATA";
    .port_info 2 /INPUT 1 "CLK";
    .port_info 3 /INPUT 1 "CLR";
    .port_info 4 /INPUT 1 "PRE";
v000001d0a66c2540_0 .net "CLK", 0 0, o000001d0a66d8438;  alias, 0 drivers
v000001d0a66c3300_0 .net "CLR", 0 0, L_000001d0a6730730;  1 drivers
v000001d0a66c3440_0 .net "DATA", 0 0, L_000001d0a67309b0;  1 drivers
v000001d0a66c1b40_0 .net "PRE", 0 0, L_000001d0a67307d0;  1 drivers
v000001d0a66c1820_0 .var "Q", 0 0;
E_000001d0a66d6cd0/0 .event anyedge, v000001d0a66c1b40_0, v000001d0a66c3300_0;
E_000001d0a66d6cd0/1 .event posedge, v000001d0a66c2040_0;
E_000001d0a66d6cd0 .event/or E_000001d0a66d6cd0/0, E_000001d0a66d6cd0/1;
S_000001d0a6730050 .scope module, "dff7" "R_d_ff" 2 37, 3 7 0, S_000001d0a6692d20;
 .timescale 0 0;
    .port_info 0 /OUTPUT 1 "Q";
    .port_info 1 /INPUT 1 "DATA";
    .port_info 2 /INPUT 1 "CLK";
    .port_info 3 /INPUT 1 "CLR";
    .port_info 4 /INPUT 1 "PRE";
v000001d0a66c18c0_0 .net "CLK", 0 0, o000001d0a66d8438;  alias, 0 drivers
v000001d0a66c1dc0_0 .net "CLR", 0 0, L_000001d0a6733b70;  1 drivers
v000001d0a66c2180_0 .net "DATA", 0 0, L_000001d0a6733e90;  1 drivers
v000001d0a66c2360_0 .net "PRE", 0 0, L_000001d0a6733710;  1 drivers
v000001d0a66c2900_0 .var "Q", 0 0;
E_000001d0a66d6450/0 .event anyedge, v000001d0a66c2360_0, v000001d0a66c1dc0_0;
E_000001d0a66d6450/1 .event posedge, v000001d0a66c2040_0;
E_000001d0a66d6450 .event/or E_000001d0a66d6450/0, E_000001d0a66d6450/1;
    .scope S_000001d0a6692eb0;
T_0 ;
    %pushi/vec4 0, 0, 1;
    %store/vec4 v000001d0a66c24a0_0, 0, 1;
    %end;
    .thread T_0;
    .scope S_000001d0a6692eb0;
T_1 ;
    %wait E_000001d0a66d6050;
    %load/vec4 v000001d0a66c2040_0;
    %flag_set/vec4 8;
    %jmp/0xz  T_1.0, 8;
    %load/vec4 v000001d0a66c2220_0;
    %store/vec4 v000001d0a66c24a0_0, 0, 1;
    %jmp T_1.1;
T_1.0 ;
    %load/vec4 v000001d0a66c2d60_0;
    %pad/u 32;
    %cmpi/e 1, 0, 32;
    %jmp/0xz  T_1.2, 4;
    %pushi/vec4 0, 0, 1;
    %store/vec4 v000001d0a66c24a0_0, 0, 1;
    %jmp T_1.3;
T_1.2 ;
    %load/vec4 v000001d0a66c20e0_0;
    %pad/u 32;
    %cmpi/e 1, 0, 32;
    %jmp/0xz  T_1.4, 4;
    %pushi/vec4 1, 0, 1;
    %store/vec4 v000001d0a66c24a0_0, 0, 1;
    %jmp T_1.5;
T_1.4 ;
    %load/vec4 v000001d0a66c24a0_0;
    %store/vec4 v000001d0a66c24a0_0, 0, 1;
T_1.5 ;
T_1.3 ;
T_1.1 ;
    %jmp T_1;
    .thread T_1;
    .scope S_000001d0a672fd30;
T_2 ;
    %pushi/vec4 0, 0, 1;
    %store/vec4 v000001d0a66c1d20_0, 0, 1;
    %end;
    .thread T_2;
    .scope S_000001d0a672fd30;
T_3 ;
    %wait E_000001d0a66d6f50;
    %load/vec4 v000001d0a66c1960_0;
    %flag_set/vec4 8;
    %jmp/0xz  T_3.0, 8;
    %load/vec4 v000001d0a66c1780_0;
    %store/vec4 v000001d0a66c1d20_0, 0, 1;
    %jmp T_3.1;
T_3.0 ;
    %load/vec4 v000001d0a66c25e0_0;
    %pad/u 32;
    %cmpi/e 1, 0, 32;
    %jmp/0xz  T_3.2, 4;
    %pushi/vec4 0, 0, 1;
    %store/vec4 v000001d0a66c1d20_0, 0, 1;
    %jmp T_3.3;
T_3.2 ;
    %load/vec4 v000001d0a66c31c0_0;
    %pad/u 32;
    %cmpi/e 1, 0, 32;
    %jmp/0xz  T_3.4, 4;
    %pushi/vec4 1, 0, 1;
    %store/vec4 v000001d0a66c1d20_0, 0, 1;
    %jmp T_3.5;
T_3.4 ;
    %load/vec4 v000001d0a66c1d20_0;
    %store/vec4 v000001d0a66c1d20_0, 0, 1;
T_3.5 ;
T_3.3 ;
T_3.1 ;
    %jmp T_3;
    .thread T_3;
    .scope S_000001d0a672fec0;
T_4 ;
    %pushi/vec4 0, 0, 1;
    %store/vec4 v000001d0a66c1820_0, 0, 1;
    %end;
    .thread T_4;
    .scope S_000001d0a672fec0;
T_5 ;
    %wait E_000001d0a66d6cd0;
    %load/vec4 v000001d0a66c2540_0;
    %flag_set/vec4 8;
    %jmp/0xz  T_5.0, 8;
    %load/vec4 v000001d0a66c3440_0;
    %store/vec4 v000001d0a66c1820_0, 0, 1;
    %jmp T_5.1;
T_5.0 ;
    %load/vec4 v000001d0a66c3300_0;
    %pad/u 32;
    %cmpi/e 1, 0, 32;
    %jmp/0xz  T_5.2, 4;
    %pushi/vec4 0, 0, 1;
    %store/vec4 v000001d0a66c1820_0, 0, 1;
    %jmp T_5.3;
T_5.2 ;
    %load/vec4 v000001d0a66c1b40_0;
    %pad/u 32;
    %cmpi/e 1, 0, 32;
    %jmp/0xz  T_5.4, 4;
    %pushi/vec4 1, 0, 1;
    %store/vec4 v000001d0a66c1820_0, 0, 1;
    %jmp T_5.5;
T_5.4 ;
    %load/vec4 v000001d0a66c1820_0;
    %store/vec4 v000001d0a66c1820_0, 0, 1;
T_5.5 ;
T_5.3 ;
T_5.1 ;
    %jmp T_5;
    .thread T_5;
    .scope S_000001d0a6730050;
T_6 ;
    %pushi/vec4 0, 0, 1;
    %store/vec4 v000001d0a66c2900_0, 0, 1;
    %end;
    .thread T_6;
    .scope S_000001d0a6730050;
T_7 ;
    %wait E_000001d0a66d6450;
    %load/vec4 v000001d0a66c18c0_0;
    %flag_set/vec4 8;
    %jmp/0xz  T_7.0, 8;
    %load/vec4 v000001d0a66c2180_0;
    %store/vec4 v000001d0a66c2900_0, 0, 1;
    %jmp T_7.1;
T_7.0 ;
    %load/vec4 v000001d0a66c1dc0_0;
    %pad/u 32;
    %cmpi/e 1, 0, 32;
    %jmp/0xz  T_7.2, 4;
    %pushi/vec4 0, 0, 1;
    %store/vec4 v000001d0a66c2900_0, 0, 1;
    %jmp T_7.3;
T_7.2 ;
    %load/vec4 v000001d0a66c2360_0;
    %pad/u 32;
    %cmpi/e 1, 0, 32;
    %jmp/0xz  T_7.4, 4;
    %pushi/vec4 1, 0, 1;
    %store/vec4 v000001d0a66c2900_0, 0, 1;
    %jmp T_7.5;
T_7.4 ;
    %load/vec4 v000001d0a66c2900_0;
    %store/vec4 v000001d0a66c2900_0, 0, 1;
T_7.5 ;
T_7.3 ;
T_7.1 ;
    %jmp T_7;
    .thread T_7;
# The file index is used to find the file name in the following table.
:file_names 4;
    "N/A";
    "<interactive>";
    "R_shift_register_4bit.v";
    "./R_d_ff.v";
