#! /c/Source/iverilog-install/bin/vvp
:ivl_version "12.0 (devel)" "(s20150603-1539-g2693dd32b)";
:ivl_delay_selection "TYPICAL";
:vpi_time_precision + 0;
:vpi_module "C:\iverilog\lib\ivl\system.vpi";
:vpi_module "C:\iverilog\lib\ivl\vhdl_sys.vpi";
:vpi_module "C:\iverilog\lib\ivl\vhdl_textio.vpi";
:vpi_module "C:\iverilog\lib\ivl\v2005_math.vpi";
:vpi_module "C:\iverilog\lib\ivl\va_math.vpi";
S_0000018c8e6b3380 .scope module, "receiver" "receiver" 2 23;
 .timescale 0 0;
    .port_info 0 /INPUT 1 "CLR";
    .port_info 1 /INPUT 1 "READ";
    .port_info 2 /INPUT 1 "RE";
    .port_info 3 /INPUT 1 "MISO";
    .port_info 4 /INPUT 1 "CLK";
    .port_info 5 /OUTPUT 8 "DATA";
    .port_info 6 /OUTPUT 1 "FULL_STATE";
    .port_info 7 /OUTPUT 1 "EMPTY_STATE";
o0000018c8e6e4ea8 .functor BUFZ 1, C4<z>; HiZ drive
o0000018c8e6e4f98 .functor BUFZ 1, C4<z>; HiZ drive
L_0000018c8e7c8a80 .functor AND 1, o0000018c8e6e4ea8, o0000018c8e6e4f98, C4<1>, C4<1>;
L_0000018c8e7c88c0 .functor NOT 1, L_0000018c8e7525c0, C4<0>, C4<0>, C4<0>;
L_0000018c8e7c8e70 .functor AND 1, L_0000018c8e7c8a80, L_0000018c8e7c88c0, C4<1>, C4<1>;
o0000018c8e6e4fc8 .functor BUFZ 1, C4<z>; HiZ drive
L_0000018c8e7c8150 .functor NOT 1, o0000018c8e6e4fc8, C4<0>, C4<0>, C4<0>;
L_0000018c8e7c8620 .functor AND 1, L_0000018c8e7c8e70, L_0000018c8e7c8150, C4<1>, C4<1>;
v0000018c8e7394f0_0 .net "CLK", 0 0, o0000018c8e6e4ea8;  0 drivers
o0000018c8e6e32e8 .functor BUFZ 1, C4<z>; HiZ drive
v0000018c8e7399f0_0 .net "CLR", 0 0, o0000018c8e6e32e8;  0 drivers
v0000018c8e73bd50_0 .var "COUNT_RECEIVED", 3 0;
v0000018c8e73b8f0_0 .net "DATA", 7 0, L_0000018c8e752840;  1 drivers
v0000018c8e73c6b0_0 .net "EMPTY_STATE", 0 0, L_0000018c8e750f40;  1 drivers
v0000018c8e73bf30_0 .net "FULL_STATE", 0 0, L_0000018c8e751bc0;  1 drivers
o0000018c8e6e2c58 .functor BUFZ 1, C4<z>; HiZ drive
v0000018c8e73bdf0_0 .net "MISO", 0 0, o0000018c8e6e2c58;  0 drivers
v0000018c8e73b490_0 .net "P_DATA_OUT", 7 0, L_0000018c8e73e440;  1 drivers
v0000018c8e73bfd0_0 .net "RE", 0 0, o0000018c8e6e4f98;  0 drivers
v0000018c8e73ac70_0 .net "READ", 0 0, o0000018c8e6e4fc8;  0 drivers
v0000018c8e73b670_0 .net "SHIFT_REGISTER_CLK", 0 0, L_0000018c8e7c8620;  1 drivers
v0000018c8e73b710_0 .net *"_ivl_10", 0 0, L_0000018c8e7c8e70;  1 drivers
v0000018c8e73b7b0_0 .net *"_ivl_12", 0 0, L_0000018c8e7c8150;  1 drivers
L_0000018c8e780160 .functor BUFT 1, C4<0000>, C4<0>, C4<0>, C4<0>;
v0000018c8e73c070_0 .net/2u *"_ivl_16", 3 0, L_0000018c8e780160;  1 drivers
v0000018c8e73ad10_0 .net *"_ivl_18", 0 0, L_0000018c8e752340;  1 drivers
L_0000018c8e7801a8 .functor BUFT 1, C4<1>, C4<0>, C4<0>, C4<0>;
v0000018c8e73bc10_0 .net/2u *"_ivl_20", 0 0, L_0000018c8e7801a8;  1 drivers
L_0000018c8e7801f0 .functor BUFT 1, C4<0>, C4<0>, C4<0>, C4<0>;
v0000018c8e73bb70_0 .net/2u *"_ivl_22", 0 0, L_0000018c8e7801f0;  1 drivers
L_0000018c8e780238 .functor BUFT 1, C4<0111>, C4<0>, C4<0>, C4<0>;
v0000018c8e73c610_0 .net/2u *"_ivl_26", 3 0, L_0000018c8e780238;  1 drivers
v0000018c8e73bcb0_0 .net *"_ivl_28", 0 0, L_0000018c8e750fe0;  1 drivers
L_0000018c8e780280 .functor BUFT 1, C4<1>, C4<0>, C4<0>, C4<0>;
v0000018c8e73adb0_0 .net/2u *"_ivl_30", 0 0, L_0000018c8e780280;  1 drivers
L_0000018c8e7802c8 .functor BUFT 1, C4<0>, C4<0>, C4<0>, C4<0>;
v0000018c8e73bad0_0 .net/2u *"_ivl_32", 0 0, L_0000018c8e7802c8;  1 drivers
v0000018c8e73b0d0_0 .net *"_ivl_36", 31 0, L_0000018c8e751800;  1 drivers
L_0000018c8e780310 .functor BUFT 1, C4<0000000000000000000000000000000>, C4<0>, C4<0>, C4<0>;
v0000018c8e73b850_0 .net *"_ivl_39", 30 0, L_0000018c8e780310;  1 drivers
v0000018c8e73ab30_0 .net *"_ivl_4", 0 0, L_0000018c8e7c8a80;  1 drivers
L_0000018c8e780358 .functor BUFT 1, C4<00000000000000000000000000000001>, C4<0>, C4<0>, C4<0>;
v0000018c8e73ba30_0 .net/2u *"_ivl_40", 31 0, L_0000018c8e780358;  1 drivers
v0000018c8e73ae50_0 .net *"_ivl_42", 0 0, L_0000018c8e752480;  1 drivers
o0000018c8e6e52c8 .functor BUFZ 8, C4<zzzzzzzz>; HiZ drive
; Elide local net with no drivers, v0000018c8e73c7f0_0 name=_ivl_44
v0000018c8e73b990_0 .net *"_ivl_7", 0 0, L_0000018c8e7525c0;  1 drivers
v0000018c8e73c750_0 .net *"_ivl_8", 0 0, L_0000018c8e7c88c0;  1 drivers
E_0000018c8e6d8c70/0 .event anyedge, v0000018c8e6df1e0_0;
E_0000018c8e6d8c70/1 .event posedge, v0000018c8e6df320_0;
E_0000018c8e6d8c70 .event/or E_0000018c8e6d8c70/0, E_0000018c8e6d8c70/1;
L_0000018c8e7525c0 .part v0000018c8e73bd50_0, 3, 1;
L_0000018c8e752340 .cmp/eq 4, v0000018c8e73bd50_0, L_0000018c8e780160;
L_0000018c8e750f40 .functor MUXZ 1, L_0000018c8e7801f0, L_0000018c8e7801a8, L_0000018c8e752340, C4<>;
L_0000018c8e750fe0 .cmp/eq 4, v0000018c8e73bd50_0, L_0000018c8e780238;
L_0000018c8e751bc0 .functor MUXZ 1, L_0000018c8e7802c8, L_0000018c8e780280, L_0000018c8e750fe0, C4<>;
L_0000018c8e751800 .concat [ 1 31 0 0], o0000018c8e6e4fc8, L_0000018c8e780310;
L_0000018c8e752480 .cmp/eq 32, L_0000018c8e751800, L_0000018c8e780358;
L_0000018c8e752840 .functor MUXZ 8, o0000018c8e6e52c8, L_0000018c8e73e440, L_0000018c8e752480, C4<>;
S_0000018c8e6b3510 .scope module, "shift_register_receiver" "R_SHIFT_REGISTER_8BIT" 2 41, 3 17 0, S_0000018c8e6b3380;
 .timescale 0 0;
    .port_info 0 /INPUT 1 "CLK";
    .port_info 1 /INPUT 1 "CLR";
    .port_info 2 /INPUT 8 "P_DATA_IN";
    .port_info 3 /INPUT 1 "S_DATA_IN";
    .port_info 4 /INPUT 1 "SH_LD";
    .port_info 5 /OUTPUT 8 "DATA_OUT";
v0000018c8e73a5d0_0 .net "CLK", 0 0, L_0000018c8e7c8620;  alias, 1 drivers
v0000018c8e73a0d0_0 .net "CLR", 0 0, o0000018c8e6e32e8;  alias, 0 drivers
v0000018c8e739090_0 .net "DATA_OUT", 7 0, L_0000018c8e73e440;  alias, 1 drivers
o0000018c8e6e4d58 .functor BUFZ 8, C4<zzzzzzzz>; HiZ drive
v0000018c8e739810_0 .net "P_DATA_IN", 7 0, o0000018c8e6e4d58;  0 drivers
L_0000018c8e780118 .functor BUFT 1, C4<1>, C4<0>, C4<0>, C4<0>;
v0000018c8e73a490_0 .net "SH_LD", 0 0, L_0000018c8e780118;  1 drivers
v0000018c8e739270_0 .net "S_DATA_IN", 0 0, o0000018c8e6e2c58;  alias, 0 drivers
L_0000018c8e73d680 .part o0000018c8e6e4d58, 4, 4;
L_0000018c8e73e080 .part L_0000018c8e73e440, 3, 1;
L_0000018c8e73e3a0 .part o0000018c8e6e4d58, 0, 4;
L_0000018c8e73e440 .concat8 [ 4 4 0 0], L_0000018c8e73d5e0, L_0000018c8e73c250;
S_0000018c8e672da0 .scope module, "shift_register_2" "R_SHIFT_REGISTER_4BIT" 3 33, 4 17 0, S_0000018c8e6b3510;
 .timescale 0 0;
    .port_info 0 /INPUT 1 "CLK";
    .port_info 1 /INPUT 1 "CLR";
    .port_info 2 /INPUT 4 "P_DATA_IN";
    .port_info 3 /INPUT 1 "S_DATA_IN";
    .port_info 4 /INPUT 1 "SH_LD";
    .port_info 5 /OUTPUT 4 "DATA_OUT";
L_0000018c8e6da570 .functor NOT 1, L_0000018c8e780118, C4<0>, C4<0>, C4<0>;
L_0000018c8e6da2d0 .functor NOT 1, o0000018c8e6e32e8, C4<0>, C4<0>, C4<0>;
L_0000018c8e6da650 .functor AND 1, L_0000018c8e6da570, L_0000018c8e73ca00, C4<1>, C4<1>;
L_0000018c8e6da260 .functor NOR 1, L_0000018c8e780118, L_0000018c8e73d0e0, C4<0>, C4<0>;
L_0000018c8e6da420 .functor AND 1, L_0000018c8e6da570, L_0000018c8e73d180, C4<1>, C4<1>;
L_0000018c8e6da810 .functor NOR 1, L_0000018c8e780118, L_0000018c8e73dd60, C4<0>, C4<0>;
L_0000018c8e6da8f0 .functor AND 1, L_0000018c8e6da570, L_0000018c8e73d360, C4<1>, C4<1>;
L_0000018c8e6da880 .functor NOR 1, L_0000018c8e780118, L_0000018c8e73d720, C4<0>, C4<0>;
L_0000018c8e6da960 .functor AND 1, L_0000018c8e6da570, L_0000018c8e73ce60, C4<1>, C4<1>;
L_0000018c8e6c0f80 .functor NOR 1, L_0000018c8e780118, L_0000018c8e73db80, C4<0>, C4<0>;
L_0000018c8e6c0650 .functor AND 1, L_0000018c8e73dae0, L_0000018c8e6da2d0, C4<1>, C4<1>;
L_0000018c8e7c8af0 .functor OR 1, L_0000018c8e73e4e0, o0000018c8e6e32e8, C4<0>, C4<0>;
L_0000018c8e7c8d90 .functor AND 1, L_0000018c8e73e800, L_0000018c8e6da2d0, C4<1>, C4<1>;
L_0000018c8e7c8770 .functor OR 1, L_0000018c8e73d7c0, o0000018c8e6e32e8, C4<0>, C4<0>;
L_0000018c8e7c87e0 .functor AND 1, L_0000018c8e73df40, L_0000018c8e6da2d0, C4<1>, C4<1>;
L_0000018c8e7c80e0 .functor OR 1, L_0000018c8e73d860, o0000018c8e6e32e8, C4<0>, C4<0>;
L_0000018c8e7c85b0 .functor AND 1, L_0000018c8e73cdc0, L_0000018c8e6da2d0, C4<1>, C4<1>;
L_0000018c8e7c82a0 .functor OR 1, L_0000018c8e73dfe0, o0000018c8e6e32e8, C4<0>, C4<0>;
v0000018c8e6deba0_0 .net "CLK", 0 0, L_0000018c8e7c8620;  alias, 1 drivers
v0000018c8e6df1e0_0 .net "CLR", 0 0, o0000018c8e6e32e8;  alias, 0 drivers
v0000018c8e6ddde0_0 .net "DATA_OUT", 3 0, L_0000018c8e73d5e0;  1 drivers
v0000018c8e6de4c0_0 .net "D_CLR", 3 0, L_0000018c8e73d900;  1 drivers
v0000018c8e6dec40_0 .net "D_DATA", 3 0, L_0000018c8e73e300;  1 drivers
v0000018c8e6ddfc0_0 .net "D_PRE", 3 0, L_0000018c8e73cc80;  1 drivers
v0000018c8e6de560_0 .net "P_DATA_IN", 3 0, L_0000018c8e73e3a0;  1 drivers
v0000018c8e6ddb60_0 .net "SH_LD", 0 0, L_0000018c8e780118;  alias, 1 drivers
v0000018c8e6dece0_0 .net "S_CLR", 3 0, L_0000018c8e73e760;  1 drivers
v0000018c8e6dd980_0 .net "S_DATA_IN", 0 0, o0000018c8e6e2c58;  alias, 0 drivers
v0000018c8e6dd840_0 .net "S_PRE", 3 0, L_0000018c8e73e1c0;  1 drivers
v0000018c8e6ded80_0 .net *"_ivl_101", 0 0, L_0000018c8e7c80e0;  1 drivers
v0000018c8e6ddc00_0 .net *"_ivl_104", 0 0, L_0000018c8e73d860;  1 drivers
v0000018c8e6dee20_0 .net *"_ivl_106", 0 0, L_0000018c8e7c85b0;  1 drivers
v0000018c8e6deec0_0 .net *"_ivl_110", 0 0, L_0000018c8e73cdc0;  1 drivers
v0000018c8e6ddca0_0 .net *"_ivl_112", 0 0, L_0000018c8e7c82a0;  1 drivers
v0000018c8e6def60_0 .net *"_ivl_116", 0 0, L_0000018c8e73dfe0;  1 drivers
L_0000018c8e7803e8 .functor BUFT 1, C4<00000000000000000000000000000001>, C4<0>, C4<0>, C4<0>;
v0000018c8e6df000_0 .net *"_ivl_117", 31 0, L_0000018c8e7803e8;  1 drivers
L_0000018c8e7800d0 .functor BUFT 1, C4<00000000000000000000000000000000>, C4<0>, C4<0>, C4<0>;
v0000018c8e6dd700_0 .net/2u *"_ivl_121", 31 0, L_0000018c8e7800d0;  1 drivers
v0000018c8e6df280_0 .net *"_ivl_123", 0 0, L_0000018c8e73e260;  1 drivers
o0000018c8e6e3648 .functor BUFZ 4, C4<zzzz>; HiZ drive
; Elide local net with no drivers, v0000018c8e6dd8e0_0 name=_ivl_125
v0000018c8e6cfe10_0 .net *"_ivl_34", 0 0, L_0000018c8e6da650;  1 drivers
v0000018c8e6ce650_0 .net *"_ivl_37", 0 0, L_0000018c8e73ca00;  1 drivers
v0000018c8e6cefb0_0 .net *"_ivl_39", 0 0, L_0000018c8e6da260;  1 drivers
v0000018c8e6bffa0_0 .net *"_ivl_42", 0 0, L_0000018c8e73d0e0;  1 drivers
v0000018c8e6c0040_0 .net *"_ivl_44", 0 0, L_0000018c8e6da420;  1 drivers
v0000018c8e735190_0 .net *"_ivl_47", 0 0, L_0000018c8e73d180;  1 drivers
v0000018c8e736270_0 .net *"_ivl_49", 0 0, L_0000018c8e6da810;  1 drivers
v0000018c8e734f10_0 .net *"_ivl_52", 0 0, L_0000018c8e73dd60;  1 drivers
v0000018c8e7350f0_0 .net *"_ivl_54", 0 0, L_0000018c8e6da8f0;  1 drivers
v0000018c8e736090_0 .net *"_ivl_57", 0 0, L_0000018c8e73d360;  1 drivers
v0000018c8e735b90_0 .net *"_ivl_59", 0 0, L_0000018c8e6da880;  1 drivers
v0000018c8e736310_0 .net *"_ivl_62", 0 0, L_0000018c8e73d720;  1 drivers
v0000018c8e7355f0_0 .net *"_ivl_64", 0 0, L_0000018c8e6da960;  1 drivers
v0000018c8e735230_0 .net *"_ivl_68", 0 0, L_0000018c8e73ce60;  1 drivers
v0000018c8e7363b0_0 .net *"_ivl_70", 0 0, L_0000018c8e6c0f80;  1 drivers
v0000018c8e734fb0_0 .net *"_ivl_74", 0 0, L_0000018c8e73db80;  1 drivers
v0000018c8e736450_0 .net *"_ivl_76", 0 0, L_0000018c8e6c0650;  1 drivers
v0000018c8e736bd0_0 .net *"_ivl_79", 0 0, L_0000018c8e73dae0;  1 drivers
v0000018c8e735c30_0 .net *"_ivl_81", 0 0, L_0000018c8e7c8af0;  1 drivers
v0000018c8e735910_0 .net *"_ivl_84", 0 0, L_0000018c8e73e4e0;  1 drivers
v0000018c8e7352d0_0 .net *"_ivl_86", 0 0, L_0000018c8e7c8d90;  1 drivers
v0000018c8e7364f0_0 .net *"_ivl_89", 0 0, L_0000018c8e73e800;  1 drivers
v0000018c8e735370_0 .net *"_ivl_91", 0 0, L_0000018c8e7c8770;  1 drivers
v0000018c8e7359b0_0 .net *"_ivl_94", 0 0, L_0000018c8e73d7c0;  1 drivers
v0000018c8e736590_0 .net *"_ivl_96", 0 0, L_0000018c8e7c87e0;  1 drivers
v0000018c8e735690_0 .net *"_ivl_99", 0 0, L_0000018c8e73df40;  1 drivers
v0000018c8e7361d0_0 .net "notCLR", 0 0, L_0000018c8e6da2d0;  1 drivers
v0000018c8e7357d0_0 .net "notSH_LD", 0 0, L_0000018c8e6da570;  1 drivers
L_0000018c8e73d040 .part L_0000018c8e73d900, 0, 1;
L_0000018c8e73d400 .part L_0000018c8e73cc80, 0, 1;
L_0000018c8e73dea0 .part L_0000018c8e73d5e0, 0, 1;
L_0000018c8e73e620 .part L_0000018c8e73d900, 1, 1;
L_0000018c8e73dcc0 .part L_0000018c8e73cc80, 1, 1;
L_0000018c8e73e120 .part L_0000018c8e73d5e0, 1, 1;
L_0000018c8e73e6c0 .part L_0000018c8e73d900, 2, 1;
L_0000018c8e73d220 .part L_0000018c8e73cc80, 2, 1;
L_0000018c8e73d5e0 .concat8 [ 1 1 1 1], v0000018c8e6de380_0, v0000018c8e6dde80_0, v0000018c8e6df5a0_0, v0000018c8e6de060_0;
L_0000018c8e73d4a0 .part L_0000018c8e73d5e0, 2, 1;
L_0000018c8e73cbe0 .part L_0000018c8e73d900, 3, 1;
L_0000018c8e73d540 .part L_0000018c8e73cc80, 3, 1;
L_0000018c8e73ca00 .part L_0000018c8e73e300, 3, 1;
L_0000018c8e73d0e0 .part L_0000018c8e73e300, 3, 1;
L_0000018c8e73d180 .part L_0000018c8e73e300, 2, 1;
L_0000018c8e73dd60 .part L_0000018c8e73e300, 2, 1;
L_0000018c8e73d360 .part L_0000018c8e73e300, 1, 1;
L_0000018c8e73d720 .part L_0000018c8e73e300, 1, 1;
L_0000018c8e73e1c0 .concat8 [ 1 1 1 1], L_0000018c8e6da650, L_0000018c8e6da420, L_0000018c8e6da8f0, L_0000018c8e6da960;
L_0000018c8e73ce60 .part L_0000018c8e73e300, 0, 1;
L_0000018c8e73e760 .concat8 [ 1 1 1 1], L_0000018c8e6da260, L_0000018c8e6da810, L_0000018c8e6da880, L_0000018c8e6c0f80;
L_0000018c8e73db80 .part L_0000018c8e73e300, 0, 1;
L_0000018c8e73dae0 .part L_0000018c8e73e1c0, 0, 1;
L_0000018c8e73e4e0 .part L_0000018c8e73e760, 0, 1;
L_0000018c8e73e800 .part L_0000018c8e73e1c0, 1, 1;
L_0000018c8e73d7c0 .part L_0000018c8e73e760, 1, 1;
L_0000018c8e73df40 .part L_0000018c8e73e1c0, 2, 1;
L_0000018c8e73d860 .part L_0000018c8e73e760, 2, 1;
L_0000018c8e73cc80 .concat8 [ 1 1 1 1], L_0000018c8e6c0650, L_0000018c8e7c8d90, L_0000018c8e7c87e0, L_0000018c8e7c85b0;
L_0000018c8e73cdc0 .part L_0000018c8e73e1c0, 3, 1;
L_0000018c8e73d900 .concat8 [ 1 1 1 1], L_0000018c8e7c8af0, L_0000018c8e7c8770, L_0000018c8e7c80e0, L_0000018c8e7c82a0;
L_0000018c8e73dfe0 .part L_0000018c8e73e760, 3, 1;
L_0000018c8e73e260 .cmp/eq 32, L_0000018c8e7803e8, L_0000018c8e7800d0;
L_0000018c8e73e300 .functor MUXZ 4, o0000018c8e6e3648, L_0000018c8e73e3a0, L_0000018c8e73e260, C4<>;
S_0000018c8e672f30 .scope module, "dff4" "R_d_ff" 4 34, 5 7 0, S_0000018c8e672da0;
 .timescale 0 0;
    .port_info 0 /OUTPUT 1 "Q";
    .port_info 1 /INPUT 1 "DATA";
    .port_info 2 /INPUT 1 "CLK";
    .port_info 3 /INPUT 1 "CLR";
    .port_info 4 /INPUT 1 "PRE";
v0000018c8e6df320_0 .net "CLK", 0 0, L_0000018c8e7c8620;  alias, 1 drivers
v0000018c8e6de7e0_0 .net "CLR", 0 0, L_0000018c8e73d040;  1 drivers
v0000018c8e6de6a0_0 .net "DATA", 0 0, o0000018c8e6e2c58;  alias, 0 drivers
v0000018c8e6df140_0 .net "PRE", 0 0, L_0000018c8e73d400;  1 drivers
v0000018c8e6de380_0 .var "Q", 0 0;
E_0000018c8e6d8570/0 .event anyedge, v0000018c8e6df140_0, v0000018c8e6de7e0_0;
E_0000018c8e6d8570/1 .event posedge, v0000018c8e6df320_0;
E_0000018c8e6d8570 .event/or E_0000018c8e6d8570/0, E_0000018c8e6d8570/1;
S_0000018c8e77bd40 .scope module, "dff5" "R_d_ff" 4 35, 5 7 0, S_0000018c8e672da0;
 .timescale 0 0;
    .port_info 0 /OUTPUT 1 "Q";
    .port_info 1 /INPUT 1 "DATA";
    .port_info 2 /INPUT 1 "CLK";
    .port_info 3 /INPUT 1 "CLR";
    .port_info 4 /INPUT 1 "PRE";
v0000018c8e6df3c0_0 .net "CLK", 0 0, L_0000018c8e7c8620;  alias, 1 drivers
v0000018c8e6dea60_0 .net "CLR", 0 0, L_0000018c8e73e620;  1 drivers
v0000018c8e6de100_0 .net "DATA", 0 0, L_0000018c8e73dea0;  1 drivers
v0000018c8e6ddd40_0 .net "PRE", 0 0, L_0000018c8e73dcc0;  1 drivers
v0000018c8e6dde80_0 .var "Q", 0 0;
E_0000018c8e6d7cb0/0 .event anyedge, v0000018c8e6ddd40_0, v0000018c8e6dea60_0;
E_0000018c8e6d7cb0/1 .event posedge, v0000018c8e6df320_0;
E_0000018c8e6d7cb0 .event/or E_0000018c8e6d7cb0/0, E_0000018c8e6d7cb0/1;
S_0000018c8e77bed0 .scope module, "dff6" "R_d_ff" 4 36, 5 7 0, S_0000018c8e672da0;
 .timescale 0 0;
    .port_info 0 /OUTPUT 1 "Q";
    .port_info 1 /INPUT 1 "DATA";
    .port_info 2 /INPUT 1 "CLK";
    .port_info 3 /INPUT 1 "CLR";
    .port_info 4 /INPUT 1 "PRE";
v0000018c8e6dd7a0_0 .net "CLK", 0 0, L_0000018c8e7c8620;  alias, 1 drivers
v0000018c8e6ddf20_0 .net "CLR", 0 0, L_0000018c8e73e6c0;  1 drivers
v0000018c8e6df500_0 .net "DATA", 0 0, L_0000018c8e73e120;  1 drivers
v0000018c8e6df0a0_0 .net "PRE", 0 0, L_0000018c8e73d220;  1 drivers
v0000018c8e6df5a0_0 .var "Q", 0 0;
E_0000018c8e6d7fb0/0 .event anyedge, v0000018c8e6df0a0_0, v0000018c8e6ddf20_0;
E_0000018c8e6d7fb0/1 .event posedge, v0000018c8e6df320_0;
E_0000018c8e6d7fb0 .event/or E_0000018c8e6d7fb0/0, E_0000018c8e6d7fb0/1;
S_0000018c8e77c060 .scope module, "dff7" "R_d_ff" 4 37, 5 7 0, S_0000018c8e672da0;
 .timescale 0 0;
    .port_info 0 /OUTPUT 1 "Q";
    .port_info 1 /INPUT 1 "DATA";
    .port_info 2 /INPUT 1 "CLK";
    .port_info 3 /INPUT 1 "CLR";
    .port_info 4 /INPUT 1 "PRE";
v0000018c8e6de880_0 .net "CLK", 0 0, L_0000018c8e7c8620;  alias, 1 drivers
v0000018c8e6ddac0_0 .net "CLR", 0 0, L_0000018c8e73cbe0;  1 drivers
v0000018c8e6de420_0 .net "DATA", 0 0, L_0000018c8e73d4a0;  1 drivers
v0000018c8e6de920_0 .net "PRE", 0 0, L_0000018c8e73d540;  1 drivers
v0000018c8e6de060_0 .var "Q", 0 0;
E_0000018c8e6d7df0/0 .event anyedge, v0000018c8e6de920_0, v0000018c8e6ddac0_0;
E_0000018c8e6d7df0/1 .event posedge, v0000018c8e6df320_0;
E_0000018c8e6d7df0 .event/or E_0000018c8e6d7df0/0, E_0000018c8e6d7df0/1;
S_0000018c8e736f00 .scope module, "shift_register_3" "R_SHIFT_REGISTER_4BIT" 3 25, 4 17 0, S_0000018c8e6b3510;
 .timescale 0 0;
    .port_info 0 /INPUT 1 "CLK";
    .port_info 1 /INPUT 1 "CLR";
    .port_info 2 /INPUT 4 "P_DATA_IN";
    .port_info 3 /INPUT 1 "S_DATA_IN";
    .port_info 4 /INPUT 1 "SH_LD";
    .port_info 5 /OUTPUT 4 "DATA_OUT";
L_0000018c8e6da3b0 .functor NOT 1, L_0000018c8e780118, C4<0>, C4<0>, C4<0>;
L_0000018c8e6d9d90 .functor NOT 1, o0000018c8e6e32e8, C4<0>, C4<0>, C4<0>;
L_0000018c8e6d9e00 .functor AND 1, L_0000018c8e6da3b0, L_0000018c8e73a9f0, C4<1>, C4<1>;
L_0000018c8e6d9d20 .functor NOR 1, L_0000018c8e780118, L_0000018c8e73c430, C4<0>, C4<0>;
L_0000018c8e6d9e70 .functor AND 1, L_0000018c8e6da3b0, L_0000018c8e73c4d0, C4<1>, C4<1>;
L_0000018c8e6d9ee0 .functor NOR 1, L_0000018c8e780118, L_0000018c8e73aa90, C4<0>, C4<0>;
L_0000018c8e6da490 .functor AND 1, L_0000018c8e6da3b0, L_0000018c8e73af90, C4<1>, C4<1>;
L_0000018c8e6da9d0 .functor NOR 1, L_0000018c8e780118, L_0000018c8e73b350, C4<0>, C4<0>;
L_0000018c8e6d9f50 .functor AND 1, L_0000018c8e6da3b0, L_0000018c8e73b170, C4<1>, C4<1>;
L_0000018c8e6dab20 .functor NOR 1, L_0000018c8e780118, L_0000018c8e73b3f0, C4<0>, C4<0>;
L_0000018c8e6da030 .functor AND 1, L_0000018c8e73b530, L_0000018c8e6d9d90, C4<1>, C4<1>;
L_0000018c8e6da7a0 .functor OR 1, L_0000018c8e73caa0, o0000018c8e6e32e8, C4<0>, C4<0>;
L_0000018c8e6da500 .functor AND 1, L_0000018c8e73cf00, L_0000018c8e6d9d90, C4<1>, C4<1>;
L_0000018c8e6d9fc0 .functor OR 1, L_0000018c8e73cb40, o0000018c8e6e32e8, C4<0>, C4<0>;
L_0000018c8e6da0a0 .functor AND 1, L_0000018c8e73c960, L_0000018c8e6d9d90, C4<1>, C4<1>;
L_0000018c8e6dab90 .functor OR 1, L_0000018c8e73e580, o0000018c8e6e32e8, C4<0>, C4<0>;
L_0000018c8e6d9cb0 .functor AND 1, L_0000018c8e73d2c0, L_0000018c8e6d9d90, C4<1>, C4<1>;
L_0000018c8e6da180 .functor OR 1, L_0000018c8e73cd20, o0000018c8e6e32e8, C4<0>, C4<0>;
v0000018c8e735410_0 .net "CLK", 0 0, L_0000018c8e7c8620;  alias, 1 drivers
v0000018c8e7354b0_0 .net "CLR", 0 0, o0000018c8e6e32e8;  alias, 0 drivers
v0000018c8e736770_0 .net "DATA_OUT", 3 0, L_0000018c8e73c250;  1 drivers
v0000018c8e734d30_0 .net "D_CLR", 3 0, L_0000018c8e73cfa0;  1 drivers
v0000018c8e736950_0 .net "D_DATA", 3 0, L_0000018c8e73de00;  1 drivers
v0000018c8e7369f0_0 .net "D_PRE", 3 0, L_0000018c8e73dc20;  1 drivers
v0000018c8e736a90_0 .net "P_DATA_IN", 3 0, L_0000018c8e73d680;  1 drivers
v0000018c8e73a350_0 .net "SH_LD", 0 0, L_0000018c8e780118;  alias, 1 drivers
v0000018c8e739310_0 .net "S_CLR", 3 0, L_0000018c8e73b210;  1 drivers
v0000018c8e739d10_0 .net "S_DATA_IN", 0 0, L_0000018c8e73e080;  1 drivers
v0000018c8e738a50_0 .net "S_PRE", 3 0, L_0000018c8e73abd0;  1 drivers
v0000018c8e73a530_0 .net *"_ivl_101", 0 0, L_0000018c8e6dab90;  1 drivers
v0000018c8e739db0_0 .net *"_ivl_104", 0 0, L_0000018c8e73e580;  1 drivers
v0000018c8e7393b0_0 .net *"_ivl_106", 0 0, L_0000018c8e6d9cb0;  1 drivers
v0000018c8e73a3f0_0 .net *"_ivl_110", 0 0, L_0000018c8e73d2c0;  1 drivers
v0000018c8e738af0_0 .net *"_ivl_112", 0 0, L_0000018c8e6da180;  1 drivers
v0000018c8e73a210_0 .net *"_ivl_116", 0 0, L_0000018c8e73cd20;  1 drivers
L_0000018c8e7803a0 .functor BUFT 1, C4<00000000000000000000000000000001>, C4<0>, C4<0>, C4<0>;
v0000018c8e738cd0_0 .net *"_ivl_117", 31 0, L_0000018c8e7803a0;  1 drivers
L_0000018c8e780088 .functor BUFT 1, C4<00000000000000000000000000000000>, C4<0>, C4<0>, C4<0>;
v0000018c8e739450_0 .net/2u *"_ivl_121", 31 0, L_0000018c8e780088;  1 drivers
v0000018c8e739ef0_0 .net *"_ivl_123", 0 0, L_0000018c8e73da40;  1 drivers
o0000018c8e6e4698 .functor BUFZ 4, C4<zzzz>; HiZ drive
; Elide local net with no drivers, v0000018c8e739630_0 name=_ivl_125
v0000018c8e738ff0_0 .net *"_ivl_34", 0 0, L_0000018c8e6d9e00;  1 drivers
v0000018c8e7391d0_0 .net *"_ivl_37", 0 0, L_0000018c8e73a9f0;  1 drivers
v0000018c8e738730_0 .net *"_ivl_39", 0 0, L_0000018c8e6d9d20;  1 drivers
v0000018c8e7396d0_0 .net *"_ivl_42", 0 0, L_0000018c8e73c430;  1 drivers
v0000018c8e7387d0_0 .net *"_ivl_44", 0 0, L_0000018c8e6d9e70;  1 drivers
v0000018c8e739e50_0 .net *"_ivl_47", 0 0, L_0000018c8e73c4d0;  1 drivers
v0000018c8e73a2b0_0 .net *"_ivl_49", 0 0, L_0000018c8e6d9ee0;  1 drivers
v0000018c8e739c70_0 .net *"_ivl_52", 0 0, L_0000018c8e73aa90;  1 drivers
v0000018c8e739590_0 .net *"_ivl_54", 0 0, L_0000018c8e6da490;  1 drivers
v0000018c8e7398b0_0 .net *"_ivl_57", 0 0, L_0000018c8e73af90;  1 drivers
v0000018c8e738870_0 .net *"_ivl_59", 0 0, L_0000018c8e6da9d0;  1 drivers
v0000018c8e739770_0 .net *"_ivl_62", 0 0, L_0000018c8e73b350;  1 drivers
v0000018c8e739bd0_0 .net *"_ivl_64", 0 0, L_0000018c8e6d9f50;  1 drivers
v0000018c8e739b30_0 .net *"_ivl_68", 0 0, L_0000018c8e73b170;  1 drivers
v0000018c8e738910_0 .net *"_ivl_70", 0 0, L_0000018c8e6dab20;  1 drivers
v0000018c8e738e10_0 .net *"_ivl_74", 0 0, L_0000018c8e73b3f0;  1 drivers
v0000018c8e738d70_0 .net *"_ivl_76", 0 0, L_0000018c8e6da030;  1 drivers
v0000018c8e739f90_0 .net *"_ivl_79", 0 0, L_0000018c8e73b530;  1 drivers
v0000018c8e739130_0 .net *"_ivl_81", 0 0, L_0000018c8e6da7a0;  1 drivers
v0000018c8e739950_0 .net *"_ivl_84", 0 0, L_0000018c8e73caa0;  1 drivers
v0000018c8e738b90_0 .net *"_ivl_86", 0 0, L_0000018c8e6da500;  1 drivers
v0000018c8e739a90_0 .net *"_ivl_89", 0 0, L_0000018c8e73cf00;  1 drivers
v0000018c8e738eb0_0 .net *"_ivl_91", 0 0, L_0000018c8e6d9fc0;  1 drivers
v0000018c8e7389b0_0 .net *"_ivl_94", 0 0, L_0000018c8e73cb40;  1 drivers
v0000018c8e738c30_0 .net *"_ivl_96", 0 0, L_0000018c8e6da0a0;  1 drivers
v0000018c8e73a170_0 .net *"_ivl_99", 0 0, L_0000018c8e73c960;  1 drivers
v0000018c8e738f50_0 .net "notCLR", 0 0, L_0000018c8e6d9d90;  1 drivers
v0000018c8e73a030_0 .net "notSH_LD", 0 0, L_0000018c8e6da3b0;  1 drivers
L_0000018c8e73b030 .part L_0000018c8e73cfa0, 0, 1;
L_0000018c8e73be90 .part L_0000018c8e73dc20, 0, 1;
L_0000018c8e73c570 .part L_0000018c8e73c250, 0, 1;
L_0000018c8e73aef0 .part L_0000018c8e73cfa0, 1, 1;
L_0000018c8e73c110 .part L_0000018c8e73dc20, 1, 1;
L_0000018c8e73b2b0 .part L_0000018c8e73c250, 1, 1;
L_0000018c8e73c1b0 .part L_0000018c8e73cfa0, 2, 1;
L_0000018c8e73b5d0 .part L_0000018c8e73dc20, 2, 1;
L_0000018c8e73c250 .concat8 [ 1 1 1 1], v0000018c8e735af0_0, v0000018c8e735d70_0, v0000018c8e735f50_0, v0000018c8e735050_0;
L_0000018c8e73a950 .part L_0000018c8e73c250, 2, 1;
L_0000018c8e73c2f0 .part L_0000018c8e73cfa0, 3, 1;
L_0000018c8e73c390 .part L_0000018c8e73dc20, 3, 1;
L_0000018c8e73a9f0 .part L_0000018c8e73de00, 3, 1;
L_0000018c8e73c430 .part L_0000018c8e73de00, 3, 1;
L_0000018c8e73c4d0 .part L_0000018c8e73de00, 2, 1;
L_0000018c8e73aa90 .part L_0000018c8e73de00, 2, 1;
L_0000018c8e73af90 .part L_0000018c8e73de00, 1, 1;
L_0000018c8e73b350 .part L_0000018c8e73de00, 1, 1;
L_0000018c8e73abd0 .concat8 [ 1 1 1 1], L_0000018c8e6d9e00, L_0000018c8e6d9e70, L_0000018c8e6da490, L_0000018c8e6d9f50;
L_0000018c8e73b170 .part L_0000018c8e73de00, 0, 1;
L_0000018c8e73b210 .concat8 [ 1 1 1 1], L_0000018c8e6d9d20, L_0000018c8e6d9ee0, L_0000018c8e6da9d0, L_0000018c8e6dab20;
L_0000018c8e73b3f0 .part L_0000018c8e73de00, 0, 1;
L_0000018c8e73b530 .part L_0000018c8e73abd0, 0, 1;
L_0000018c8e73caa0 .part L_0000018c8e73b210, 0, 1;
L_0000018c8e73cf00 .part L_0000018c8e73abd0, 1, 1;
L_0000018c8e73cb40 .part L_0000018c8e73b210, 1, 1;
L_0000018c8e73c960 .part L_0000018c8e73abd0, 2, 1;
L_0000018c8e73e580 .part L_0000018c8e73b210, 2, 1;
L_0000018c8e73dc20 .concat8 [ 1 1 1 1], L_0000018c8e6da030, L_0000018c8e6da500, L_0000018c8e6da0a0, L_0000018c8e6d9cb0;
L_0000018c8e73d2c0 .part L_0000018c8e73abd0, 3, 1;
L_0000018c8e73cfa0 .concat8 [ 1 1 1 1], L_0000018c8e6da7a0, L_0000018c8e6d9fc0, L_0000018c8e6dab90, L_0000018c8e6da180;
L_0000018c8e73cd20 .part L_0000018c8e73b210, 3, 1;
L_0000018c8e73da40 .cmp/eq 32, L_0000018c8e7803a0, L_0000018c8e780088;
L_0000018c8e73de00 .functor MUXZ 4, o0000018c8e6e4698, L_0000018c8e73d680, L_0000018c8e73da40, C4<>;
S_0000018c8e737090 .scope module, "dff4" "R_d_ff" 4 34, 5 7 0, S_0000018c8e736f00;
 .timescale 0 0;
    .port_info 0 /OUTPUT 1 "Q";
    .port_info 1 /INPUT 1 "DATA";
    .port_info 2 /INPUT 1 "CLK";
    .port_info 3 /INPUT 1 "CLR";
    .port_info 4 /INPUT 1 "PRE";
v0000018c8e736810_0 .net "CLK", 0 0, L_0000018c8e7c8620;  alias, 1 drivers
v0000018c8e735a50_0 .net "CLR", 0 0, L_0000018c8e73b030;  1 drivers
v0000018c8e735cd0_0 .net "DATA", 0 0, L_0000018c8e73e080;  alias, 1 drivers
v0000018c8e736630_0 .net "PRE", 0 0, L_0000018c8e73be90;  1 drivers
v0000018c8e735af0_0 .var "Q", 0 0;
E_0000018c8e6d8030/0 .event anyedge, v0000018c8e736630_0, v0000018c8e735a50_0;
E_0000018c8e6d8030/1 .event posedge, v0000018c8e6df320_0;
E_0000018c8e6d8030 .event/or E_0000018c8e6d8030/0, E_0000018c8e6d8030/1;
S_0000018c8e737220 .scope module, "dff5" "R_d_ff" 4 35, 5 7 0, S_0000018c8e736f00;
 .timescale 0 0;
    .port_info 0 /OUTPUT 1 "Q";
    .port_info 1 /INPUT 1 "DATA";
    .port_info 2 /INPUT 1 "CLK";
    .port_info 3 /INPUT 1 "CLR";
    .port_info 4 /INPUT 1 "PRE";
v0000018c8e735730_0 .net "CLK", 0 0, L_0000018c8e7c8620;  alias, 1 drivers
v0000018c8e736b30_0 .net "CLR", 0 0, L_0000018c8e73aef0;  1 drivers
v0000018c8e735870_0 .net "DATA", 0 0, L_0000018c8e73c570;  1 drivers
v0000018c8e735e10_0 .net "PRE", 0 0, L_0000018c8e73c110;  1 drivers
v0000018c8e735d70_0 .var "Q", 0 0;
E_0000018c8e6d8870/0 .event anyedge, v0000018c8e735e10_0, v0000018c8e736b30_0;
E_0000018c8e6d8870/1 .event posedge, v0000018c8e6df320_0;
E_0000018c8e6d8870 .event/or E_0000018c8e6d8870/0, E_0000018c8e6d8870/1;
S_0000018c8e7373b0 .scope module, "dff6" "R_d_ff" 4 36, 5 7 0, S_0000018c8e736f00;
 .timescale 0 0;
    .port_info 0 /OUTPUT 1 "Q";
    .port_info 1 /INPUT 1 "DATA";
    .port_info 2 /INPUT 1 "CLK";
    .port_info 3 /INPUT 1 "CLR";
    .port_info 4 /INPUT 1 "PRE";
v0000018c8e734e70_0 .net "CLK", 0 0, L_0000018c8e7c8620;  alias, 1 drivers
v0000018c8e735550_0 .net "CLR", 0 0, L_0000018c8e73c1b0;  1 drivers
v0000018c8e735eb0_0 .net "DATA", 0 0, L_0000018c8e73b2b0;  1 drivers
v0000018c8e734dd0_0 .net "PRE", 0 0, L_0000018c8e73b5d0;  1 drivers
v0000018c8e735f50_0 .var "Q", 0 0;
E_0000018c8e6d80f0/0 .event anyedge, v0000018c8e734dd0_0, v0000018c8e735550_0;
E_0000018c8e6d80f0/1 .event posedge, v0000018c8e6df320_0;
E_0000018c8e6d80f0 .event/or E_0000018c8e6d80f0/0, E_0000018c8e6d80f0/1;
S_0000018c8e737540 .scope module, "dff7" "R_d_ff" 4 37, 5 7 0, S_0000018c8e736f00;
 .timescale 0 0;
    .port_info 0 /OUTPUT 1 "Q";
    .port_info 1 /INPUT 1 "DATA";
    .port_info 2 /INPUT 1 "CLK";
    .port_info 3 /INPUT 1 "CLR";
    .port_info 4 /INPUT 1 "PRE";
v0000018c8e735ff0_0 .net "CLK", 0 0, L_0000018c8e7c8620;  alias, 1 drivers
v0000018c8e7368b0_0 .net "CLR", 0 0, L_0000018c8e73c2f0;  1 drivers
v0000018c8e736130_0 .net "DATA", 0 0, L_0000018c8e73a950;  1 drivers
v0000018c8e7366d0_0 .net "PRE", 0 0, L_0000018c8e73c390;  1 drivers
v0000018c8e735050_0 .var "Q", 0 0;
E_0000018c8e6d8230/0 .event anyedge, v0000018c8e7366d0_0, v0000018c8e7368b0_0;
E_0000018c8e6d8230/1 .event posedge, v0000018c8e6df320_0;
E_0000018c8e6d8230 .event/or E_0000018c8e6d8230/0, E_0000018c8e6d8230/1;
    .scope S_0000018c8e737090;
T_0 ;
    %pushi/vec4 0, 0, 1;
    %store/vec4 v0000018c8e735af0_0, 0, 1;
    %end;
    .thread T_0;
    .scope S_0000018c8e737090;
T_1 ;
    %wait E_0000018c8e6d8030;
    %load/vec4 v0000018c8e736810_0;
    %flag_set/vec4 8;
    %jmp/0xz  T_1.0, 8;
    %load/vec4 v0000018c8e735cd0_0;
    %store/vec4 v0000018c8e735af0_0, 0, 1;
    %jmp T_1.1;
T_1.0 ;
    %load/vec4 v0000018c8e735a50_0;
    %pad/u 32;
    %cmpi/e 1, 0, 32;
    %jmp/0xz  T_1.2, 4;
    %pushi/vec4 0, 0, 1;
    %store/vec4 v0000018c8e735af0_0, 0, 1;
    %jmp T_1.3;
T_1.2 ;
    %load/vec4 v0000018c8e736630_0;
    %pad/u 32;
    %cmpi/e 1, 0, 32;
    %jmp/0xz  T_1.4, 4;
    %pushi/vec4 1, 0, 1;
    %store/vec4 v0000018c8e735af0_0, 0, 1;
    %jmp T_1.5;
T_1.4 ;
    %load/vec4 v0000018c8e735af0_0;
    %store/vec4 v0000018c8e735af0_0, 0, 1;
T_1.5 ;
T_1.3 ;
T_1.1 ;
    %jmp T_1;
    .thread T_1;
    .scope S_0000018c8e737220;
T_2 ;
    %pushi/vec4 0, 0, 1;
    %store/vec4 v0000018c8e735d70_0, 0, 1;
    %end;
    .thread T_2;
    .scope S_0000018c8e737220;
T_3 ;
    %wait E_0000018c8e6d8870;
    %load/vec4 v0000018c8e735730_0;
    %flag_set/vec4 8;
    %jmp/0xz  T_3.0, 8;
    %load/vec4 v0000018c8e735870_0;
    %store/vec4 v0000018c8e735d70_0, 0, 1;
    %jmp T_3.1;
T_3.0 ;
    %load/vec4 v0000018c8e736b30_0;
    %pad/u 32;
    %cmpi/e 1, 0, 32;
    %jmp/0xz  T_3.2, 4;
    %pushi/vec4 0, 0, 1;
    %store/vec4 v0000018c8e735d70_0, 0, 1;
    %jmp T_3.3;
T_3.2 ;
    %load/vec4 v0000018c8e735e10_0;
    %pad/u 32;
    %cmpi/e 1, 0, 32;
    %jmp/0xz  T_3.4, 4;
    %pushi/vec4 1, 0, 1;
    %store/vec4 v0000018c8e735d70_0, 0, 1;
    %jmp T_3.5;
T_3.4 ;
    %load/vec4 v0000018c8e735d70_0;
    %store/vec4 v0000018c8e735d70_0, 0, 1;
T_3.5 ;
T_3.3 ;
T_3.1 ;
    %jmp T_3;
    .thread T_3;
    .scope S_0000018c8e7373b0;
T_4 ;
    %pushi/vec4 0, 0, 1;
    %store/vec4 v0000018c8e735f50_0, 0, 1;
    %end;
    .thread T_4;
    .scope S_0000018c8e7373b0;
T_5 ;
    %wait E_0000018c8e6d80f0;
    %load/vec4 v0000018c8e734e70_0;
    %flag_set/vec4 8;
    %jmp/0xz  T_5.0, 8;
    %load/vec4 v0000018c8e735eb0_0;
    %store/vec4 v0000018c8e735f50_0, 0, 1;
    %jmp T_5.1;
T_5.0 ;
    %load/vec4 v0000018c8e735550_0;
    %pad/u 32;
    %cmpi/e 1, 0, 32;
    %jmp/0xz  T_5.2, 4;
    %pushi/vec4 0, 0, 1;
    %store/vec4 v0000018c8e735f50_0, 0, 1;
    %jmp T_5.3;
T_5.2 ;
    %load/vec4 v0000018c8e734dd0_0;
    %pad/u 32;
    %cmpi/e 1, 0, 32;
    %jmp/0xz  T_5.4, 4;
    %pushi/vec4 1, 0, 1;
    %store/vec4 v0000018c8e735f50_0, 0, 1;
    %jmp T_5.5;
T_5.4 ;
    %load/vec4 v0000018c8e735f50_0;
    %store/vec4 v0000018c8e735f50_0, 0, 1;
T_5.5 ;
T_5.3 ;
T_5.1 ;
    %jmp T_5;
    .thread T_5;
    .scope S_0000018c8e737540;
T_6 ;
    %pushi/vec4 0, 0, 1;
    %store/vec4 v0000018c8e735050_0, 0, 1;
    %end;
    .thread T_6;
    .scope S_0000018c8e737540;
T_7 ;
    %wait E_0000018c8e6d8230;
    %load/vec4 v0000018c8e735ff0_0;
    %flag_set/vec4 8;
    %jmp/0xz  T_7.0, 8;
    %load/vec4 v0000018c8e736130_0;
    %store/vec4 v0000018c8e735050_0, 0, 1;
    %jmp T_7.1;
T_7.0 ;
    %load/vec4 v0000018c8e7368b0_0;
    %pad/u 32;
    %cmpi/e 1, 0, 32;
    %jmp/0xz  T_7.2, 4;
    %pushi/vec4 0, 0, 1;
    %store/vec4 v0000018c8e735050_0, 0, 1;
    %jmp T_7.3;
T_7.2 ;
    %load/vec4 v0000018c8e7366d0_0;
    %pad/u 32;
    %cmpi/e 1, 0, 32;
    %jmp/0xz  T_7.4, 4;
    %pushi/vec4 1, 0, 1;
    %store/vec4 v0000018c8e735050_0, 0, 1;
    %jmp T_7.5;
T_7.4 ;
    %load/vec4 v0000018c8e735050_0;
    %store/vec4 v0000018c8e735050_0, 0, 1;
T_7.5 ;
T_7.3 ;
T_7.1 ;
    %jmp T_7;
    .thread T_7;
    .scope S_0000018c8e672f30;
T_8 ;
    %pushi/vec4 0, 0, 1;
    %store/vec4 v0000018c8e6de380_0, 0, 1;
    %end;
    .thread T_8;
    .scope S_0000018c8e672f30;
T_9 ;
    %wait E_0000018c8e6d8570;
    %load/vec4 v0000018c8e6df320_0;
    %flag_set/vec4 8;
    %jmp/0xz  T_9.0, 8;
    %load/vec4 v0000018c8e6de6a0_0;
    %store/vec4 v0000018c8e6de380_0, 0, 1;
    %jmp T_9.1;
T_9.0 ;
    %load/vec4 v0000018c8e6de7e0_0;
    %pad/u 32;
    %cmpi/e 1, 0, 32;
    %jmp/0xz  T_9.2, 4;
    %pushi/vec4 0, 0, 1;
    %store/vec4 v0000018c8e6de380_0, 0, 1;
    %jmp T_9.3;
T_9.2 ;
    %load/vec4 v0000018c8e6df140_0;
    %pad/u 32;
    %cmpi/e 1, 0, 32;
    %jmp/0xz  T_9.4, 4;
    %pushi/vec4 1, 0, 1;
    %store/vec4 v0000018c8e6de380_0, 0, 1;
    %jmp T_9.5;
T_9.4 ;
    %load/vec4 v0000018c8e6de380_0;
    %store/vec4 v0000018c8e6de380_0, 0, 1;
T_9.5 ;
T_9.3 ;
T_9.1 ;
    %jmp T_9;
    .thread T_9;
    .scope S_0000018c8e77bd40;
T_10 ;
    %pushi/vec4 0, 0, 1;
    %store/vec4 v0000018c8e6dde80_0, 0, 1;
    %end;
    .thread T_10;
    .scope S_0000018c8e77bd40;
T_11 ;
    %wait E_0000018c8e6d7cb0;
    %load/vec4 v0000018c8e6df3c0_0;
    %flag_set/vec4 8;
    %jmp/0xz  T_11.0, 8;
    %load/vec4 v0000018c8e6de100_0;
    %store/vec4 v0000018c8e6dde80_0, 0, 1;
    %jmp T_11.1;
T_11.0 ;
    %load/vec4 v0000018c8e6dea60_0;
    %pad/u 32;
    %cmpi/e 1, 0, 32;
    %jmp/0xz  T_11.2, 4;
    %pushi/vec4 0, 0, 1;
    %store/vec4 v0000018c8e6dde80_0, 0, 1;
    %jmp T_11.3;
T_11.2 ;
    %load/vec4 v0000018c8e6ddd40_0;
    %pad/u 32;
    %cmpi/e 1, 0, 32;
    %jmp/0xz  T_11.4, 4;
    %pushi/vec4 1, 0, 1;
    %store/vec4 v0000018c8e6dde80_0, 0, 1;
    %jmp T_11.5;
T_11.4 ;
    %load/vec4 v0000018c8e6dde80_0;
    %store/vec4 v0000018c8e6dde80_0, 0, 1;
T_11.5 ;
T_11.3 ;
T_11.1 ;
    %jmp T_11;
    .thread T_11;
    .scope S_0000018c8e77bed0;
T_12 ;
    %pushi/vec4 0, 0, 1;
    %store/vec4 v0000018c8e6df5a0_0, 0, 1;
    %end;
    .thread T_12;
    .scope S_0000018c8e77bed0;
T_13 ;
    %wait E_0000018c8e6d7fb0;
    %load/vec4 v0000018c8e6dd7a0_0;
    %flag_set/vec4 8;
    %jmp/0xz  T_13.0, 8;
    %load/vec4 v0000018c8e6df500_0;
    %store/vec4 v0000018c8e6df5a0_0, 0, 1;
    %jmp T_13.1;
T_13.0 ;
    %load/vec4 v0000018c8e6ddf20_0;
    %pad/u 32;
    %cmpi/e 1, 0, 32;
    %jmp/0xz  T_13.2, 4;
    %pushi/vec4 0, 0, 1;
    %store/vec4 v0000018c8e6df5a0_0, 0, 1;
    %jmp T_13.3;
T_13.2 ;
    %load/vec4 v0000018c8e6df0a0_0;
    %pad/u 32;
    %cmpi/e 1, 0, 32;
    %jmp/0xz  T_13.4, 4;
    %pushi/vec4 1, 0, 1;
    %store/vec4 v0000018c8e6df5a0_0, 0, 1;
    %jmp T_13.5;
T_13.4 ;
    %load/vec4 v0000018c8e6df5a0_0;
    %store/vec4 v0000018c8e6df5a0_0, 0, 1;
T_13.5 ;
T_13.3 ;
T_13.1 ;
    %jmp T_13;
    .thread T_13;
    .scope S_0000018c8e77c060;
T_14 ;
    %pushi/vec4 0, 0, 1;
    %store/vec4 v0000018c8e6de060_0, 0, 1;
    %end;
    .thread T_14;
    .scope S_0000018c8e77c060;
T_15 ;
    %wait E_0000018c8e6d7df0;
    %load/vec4 v0000018c8e6de880_0;
    %flag_set/vec4 8;
    %jmp/0xz  T_15.0, 8;
    %load/vec4 v0000018c8e6de420_0;
    %store/vec4 v0000018c8e6de060_0, 0, 1;
    %jmp T_15.1;
T_15.0 ;
    %load/vec4 v0000018c8e6ddac0_0;
    %pad/u 32;
    %cmpi/e 1, 0, 32;
    %jmp/0xz  T_15.2, 4;
    %pushi/vec4 0, 0, 1;
    %store/vec4 v0000018c8e6de060_0, 0, 1;
    %jmp T_15.3;
T_15.2 ;
    %load/vec4 v0000018c8e6de920_0;
    %pad/u 32;
    %cmpi/e 1, 0, 32;
    %jmp/0xz  T_15.4, 4;
    %pushi/vec4 1, 0, 1;
    %store/vec4 v0000018c8e6de060_0, 0, 1;
    %jmp T_15.5;
T_15.4 ;
    %load/vec4 v0000018c8e6de060_0;
    %store/vec4 v0000018c8e6de060_0, 0, 1;
T_15.5 ;
T_15.3 ;
T_15.1 ;
    %jmp T_15;
    .thread T_15;
    .scope S_0000018c8e6b3380;
T_16 ;
    %pushi/vec4 0, 0, 4;
    %store/vec4 v0000018c8e73bd50_0, 0, 4;
    %end;
    .thread T_16;
    .scope S_0000018c8e6b3380;
T_17 ;
    %wait E_0000018c8e6d8c70;
    %load/vec4 v0000018c8e7399f0_0;
    %pad/u 32;
    %cmpi/e 0, 0, 32;
    %jmp/0xz  T_17.0, 4;
    %pushi/vec4 0, 0, 4;
    %store/vec4 v0000018c8e73bd50_0, 0, 4;
    %jmp T_17.1;
T_17.0 ;
    %load/vec4 v0000018c8e73bd50_0;
    %addi 1, 0, 4;
    %store/vec4 v0000018c8e73bd50_0, 0, 4;
T_17.1 ;
    %jmp T_17;
    .thread T_17;
# The file index is used to find the file name in the following table.
:file_names 6;
    "N/A";
    "<interactive>";
    "receiver.v";
    "./R_shift_register_8bit.v";
    "./R_shift_register_4bit.v";
    "./R_d_ff.v";
