#! /c/Source/iverilog-install/bin/vvp
:ivl_version "12.0 (devel)" "(s20150603-1539-g2693dd32b)";
:ivl_delay_selection "TYPICAL";
:vpi_time_precision + 0;
:vpi_module "C:\iverilog\lib\ivl\system.vpi";
:vpi_module "C:\iverilog\lib\ivl\vhdl_sys.vpi";
:vpi_module "C:\iverilog\lib\ivl\vhdl_textio.vpi";
:vpi_module "C:\iverilog\lib\ivl\v2005_math.vpi";
:vpi_module "C:\iverilog\lib\ivl\va_math.vpi";
S_000002c5a162f980 .scope module, "SHIFT_REGISTER_8BIT" "SHIFT_REGISTER_8BIT" 2 17;
 .timescale 0 0;
    .port_info 0 /INPUT 1 "CLK";
    .port_info 1 /INPUT 1 "CLR";
    .port_info 2 /INPUT 8 "P_DATA_IN";
    .port_info 3 /INPUT 1 "S_DATA_IN";
    .port_info 4 /INPUT 1 "SH_LD";
    .port_info 5 /OUTPUT 8 "DATA_OUT";
o000002c5a1653908 .functor BUFZ 1, C4<z>; HiZ drive
v000002c5a16b2b00_0 .net "CLK", 0 0, o000002c5a1653908;  0 drivers
o000002c5a1653ff8 .functor BUFZ 1, C4<z>; HiZ drive
v000002c5a16b1200_0 .net "CLR", 0 0, o000002c5a1653ff8;  0 drivers
v000002c5a16b1f20_0 .net "DATA_OUT", 7 0, L_000002c5a16c8f00;  1 drivers
o000002c5a1655ac8 .functor BUFZ 8, C4<zzzzzzzz>; HiZ drive
v000002c5a16b2ce0_0 .net "P_DATA_IN", 7 0, o000002c5a1655ac8;  0 drivers
o000002c5a1654118 .functor BUFZ 1, C4<z>; HiZ drive
v000002c5a16b2560_0 .net "SH_LD", 0 0, o000002c5a1654118;  0 drivers
o000002c5a1653968 .functor BUFZ 1, C4<z>; HiZ drive
v000002c5a16b1980_0 .net "S_DATA_IN", 0 0, o000002c5a1653968;  0 drivers
L_000002c5a16b4890 .part o000002c5a1655ac8, 4, 4;
L_000002c5a16b56f0 .part L_000002c5a16c8f00, 3, 1;
L_000002c5a16c8000 .part o000002c5a1655ac8, 0, 4;
L_000002c5a16c8f00 .concat8 [ 4 4 0 0], L_000002c5a16b42f0, L_000002c5a16b2380;
S_000002c5a162fb10 .scope module, "shift_register_0" "SHIFT_REGISTER_4BIT" 2 33, 3 17 0, S_000002c5a162f980;
 .timescale 0 0;
    .port_info 0 /INPUT 1 "CLK";
    .port_info 1 /INPUT 1 "CLR";
    .port_info 2 /INPUT 4 "P_DATA_IN";
    .port_info 3 /INPUT 1 "S_DATA_IN";
    .port_info 4 /INPUT 1 "SH_LD";
    .port_info 5 /OUTPUT 4 "DATA_OUT";
L_000002c5a16b3670 .functor NOT 1, o000002c5a1654118, C4<0>, C4<0>, C4<0>;
L_000002c5a16b39f0 .functor NOT 1, o000002c5a1653ff8, C4<0>, C4<0>, C4<0>;
L_000002c5a16b3a60 .functor AND 1, L_000002c5a16b3670, L_000002c5a16b4bb0, C4<1>, C4<1>;
L_000002c5a16b38a0 .functor NOR 1, o000002c5a1654118, L_000002c5a16b4390, C4<0>, C4<0>;
L_000002c5a16b34b0 .functor AND 1, L_000002c5a16b3670, L_000002c5a16b5c90, C4<1>, C4<1>;
L_000002c5a16b3fa0 .functor NOR 1, o000002c5a1654118, L_000002c5a16b6050, C4<0>, C4<0>;
L_000002c5a16b3750 .functor AND 1, L_000002c5a16b3670, L_000002c5a16b5d30, C4<1>, C4<1>;
L_000002c5a16b3440 .functor NOR 1, o000002c5a1654118, L_000002c5a16b5dd0, C4<0>, C4<0>;
L_000002c5a16b3de0 .functor AND 1, L_000002c5a16b3670, L_000002c5a16b46b0, C4<1>, C4<1>;
L_000002c5a16b36e0 .functor NOR 1, o000002c5a1654118, L_000002c5a16b5510, C4<0>, C4<0>;
L_000002c5a16b37c0 .functor AND 1, L_000002c5a16b47f0, L_000002c5a16b39f0, C4<1>, C4<1>;
L_000002c5a16b3590 .functor OR 1, L_000002c5a16b4c50, o000002c5a1653ff8, C4<0>, C4<0>;
L_000002c5a16b3910 .functor AND 1, L_000002c5a16b4e30, L_000002c5a16b39f0, C4<1>, C4<1>;
L_000002c5a16b3ad0 .functor OR 1, L_000002c5a16b5ab0, o000002c5a1653ff8, C4<0>, C4<0>;
L_000002c5a16b3b40 .functor AND 1, L_000002c5a16b55b0, L_000002c5a16b39f0, C4<1>, C4<1>;
L_000002c5a16b3d00 .functor OR 1, L_000002c5a16b4930, o000002c5a1653ff8, C4<0>, C4<0>;
L_000002c5a16b3980 .functor AND 1, L_000002c5a16b5970, L_000002c5a16b39f0, C4<1>, C4<1>;
L_000002c5a16b3bb0 .functor OR 1, L_000002c5a16b5b50, o000002c5a1653ff8, C4<0>, C4<0>;
v000002c5a16acab0_0 .net "CLK", 0 0, o000002c5a1653908;  alias, 0 drivers
v000002c5a16abb10_0 .net "CLR", 0 0, o000002c5a1653ff8;  alias, 0 drivers
v000002c5a16ab7f0_0 .net "DATA_OUT", 3 0, L_000002c5a16b42f0;  1 drivers
v000002c5a16ab610_0 .net "D_CLR", 3 0, L_000002c5a16b49d0;  1 drivers
v000002c5a16ad2d0_0 .net "D_DATA", 3 0, L_000002c5a16c8280;  1 drivers
v000002c5a16aca10_0 .net "D_PRE", 3 0, L_000002c5a16b5790;  1 drivers
v000002c5a16ac150_0 .net "P_DATA_IN", 3 0, L_000002c5a16c8000;  1 drivers
v000002c5a16ac290_0 .net "SH_LD", 0 0, o000002c5a1654118;  alias, 0 drivers
v000002c5a16abe30_0 .net "S_CLR", 3 0, L_000002c5a16b4610;  1 drivers
v000002c5a16abbb0_0 .net "S_DATA_IN", 0 0, o000002c5a1653968;  alias, 0 drivers
v000002c5a16acb50_0 .net "S_PRE", 3 0, L_000002c5a16b4430;  1 drivers
v000002c5a16ac330_0 .net *"_ivl_101", 0 0, L_000002c5a16b3d00;  1 drivers
v000002c5a16ad410_0 .net *"_ivl_104", 0 0, L_000002c5a16b4930;  1 drivers
v000002c5a16abc50_0 .net *"_ivl_106", 0 0, L_000002c5a16b3980;  1 drivers
v000002c5a16acbf0_0 .net *"_ivl_110", 0 0, L_000002c5a16b5970;  1 drivers
v000002c5a16acdd0_0 .net *"_ivl_112", 0 0, L_000002c5a16b3bb0;  1 drivers
v000002c5a16ac5b0_0 .net *"_ivl_116", 0 0, L_000002c5a16b5b50;  1 drivers
v000002c5a16ad050_0 .net *"_ivl_117", 31 0, L_000002c5a16b4a70;  1 drivers
L_000002c5a1730118 .functor BUFT 1, C4<0000000000000000000000000000000>, C4<0>, C4<0>, C4<0>;
v000002c5a16ab570_0 .net *"_ivl_120", 30 0, L_000002c5a1730118;  1 drivers
L_000002c5a1730160 .functor BUFT 1, C4<00000000000000000000000000000000>, C4<0>, C4<0>, C4<0>;
v000002c5a16ace70_0 .net/2u *"_ivl_121", 31 0, L_000002c5a1730160;  1 drivers
v000002c5a16ac3d0_0 .net *"_ivl_123", 0 0, L_000002c5a16c9040;  1 drivers
o000002c5a1654388 .functor BUFZ 4, C4<zzzz>; HiZ drive
; Elide local net with no drivers, v000002c5a16ac1f0_0 name=_ivl_125
v000002c5a16ab9d0_0 .net *"_ivl_34", 0 0, L_000002c5a16b3a60;  1 drivers
v000002c5a16ac650_0 .net *"_ivl_37", 0 0, L_000002c5a16b4bb0;  1 drivers
v000002c5a16ab6b0_0 .net *"_ivl_39", 0 0, L_000002c5a16b38a0;  1 drivers
v000002c5a16abcf0_0 .net *"_ivl_42", 0 0, L_000002c5a16b4390;  1 drivers
v000002c5a16aba70_0 .net *"_ivl_44", 0 0, L_000002c5a16b34b0;  1 drivers
v000002c5a16ad0f0_0 .net *"_ivl_47", 0 0, L_000002c5a16b5c90;  1 drivers
v000002c5a16acf10_0 .net *"_ivl_49", 0 0, L_000002c5a16b3fa0;  1 drivers
v000002c5a16ad190_0 .net *"_ivl_52", 0 0, L_000002c5a16b6050;  1 drivers
v000002c5a16ad230_0 .net *"_ivl_54", 0 0, L_000002c5a16b3750;  1 drivers
v000002c5a16abd90_0 .net *"_ivl_57", 0 0, L_000002c5a16b5d30;  1 drivers
v000002c5a16ab750_0 .net *"_ivl_59", 0 0, L_000002c5a16b3440;  1 drivers
v000002c5a16ab890_0 .net *"_ivl_62", 0 0, L_000002c5a16b5dd0;  1 drivers
v000002c5a16ac830_0 .net *"_ivl_64", 0 0, L_000002c5a16b3de0;  1 drivers
v000002c5a16ab930_0 .net *"_ivl_68", 0 0, L_000002c5a16b46b0;  1 drivers
v000002c5a16ac510_0 .net *"_ivl_70", 0 0, L_000002c5a16b36e0;  1 drivers
v000002c5a16abf70_0 .net *"_ivl_74", 0 0, L_000002c5a16b5510;  1 drivers
v000002c5a16abed0_0 .net *"_ivl_76", 0 0, L_000002c5a16b37c0;  1 drivers
v000002c5a16ac010_0 .net *"_ivl_79", 0 0, L_000002c5a16b47f0;  1 drivers
v000002c5a16ac470_0 .net *"_ivl_81", 0 0, L_000002c5a16b3590;  1 drivers
v000002c5a16ad370_0 .net *"_ivl_84", 0 0, L_000002c5a16b4c50;  1 drivers
v000002c5a16ac0b0_0 .net *"_ivl_86", 0 0, L_000002c5a16b3910;  1 drivers
v000002c5a16ac6f0_0 .net *"_ivl_89", 0 0, L_000002c5a16b4e30;  1 drivers
v000002c5a16ac790_0 .net *"_ivl_91", 0 0, L_000002c5a16b3ad0;  1 drivers
v000002c5a16ac8d0_0 .net *"_ivl_94", 0 0, L_000002c5a16b5ab0;  1 drivers
v000002c5a16aeb90_0 .net *"_ivl_96", 0 0, L_000002c5a16b3b40;  1 drivers
v000002c5a16af630_0 .net *"_ivl_99", 0 0, L_000002c5a16b55b0;  1 drivers
v000002c5a16aea50_0 .net "notCLR", 0 0, L_000002c5a16b39f0;  1 drivers
v000002c5a16aec30_0 .net "notSH_LD", 0 0, L_000002c5a16b3670;  1 drivers
L_000002c5a16b5470 .part L_000002c5a16b49d0, 0, 1;
L_000002c5a16b58d0 .part L_000002c5a16b5790, 0, 1;
L_000002c5a16b5650 .part L_000002c5a16b42f0, 0, 1;
L_000002c5a16b5330 .part L_000002c5a16b49d0, 1, 1;
L_000002c5a16b4250 .part L_000002c5a16b5790, 1, 1;
L_000002c5a16b5010 .part L_000002c5a16b42f0, 1, 1;
L_000002c5a16b5a10 .part L_000002c5a16b49d0, 2, 1;
L_000002c5a16b4b10 .part L_000002c5a16b5790, 2, 1;
L_000002c5a16b42f0 .concat8 [ 1 1 1 1], v000002c5a1647c60_0, v000002c5a1647ee0_0, v000002c5a1638bd0_0, v000002c5a16acfb0_0;
L_000002c5a16b4750 .part L_000002c5a16b42f0, 2, 1;
L_000002c5a16b53d0 .part L_000002c5a16b49d0, 3, 1;
L_000002c5a16b4ed0 .part L_000002c5a16b5790, 3, 1;
L_000002c5a16b4bb0 .part L_000002c5a16c8280, 3, 1;
L_000002c5a16b4390 .part L_000002c5a16c8280, 3, 1;
L_000002c5a16b5c90 .part L_000002c5a16c8280, 2, 1;
L_000002c5a16b6050 .part L_000002c5a16c8280, 2, 1;
L_000002c5a16b5d30 .part L_000002c5a16c8280, 1, 1;
L_000002c5a16b5dd0 .part L_000002c5a16c8280, 1, 1;
L_000002c5a16b4430 .concat8 [ 1 1 1 1], L_000002c5a16b3a60, L_000002c5a16b34b0, L_000002c5a16b3750, L_000002c5a16b3de0;
L_000002c5a16b46b0 .part L_000002c5a16c8280, 0, 1;
L_000002c5a16b4610 .concat8 [ 1 1 1 1], L_000002c5a16b38a0, L_000002c5a16b3fa0, L_000002c5a16b3440, L_000002c5a16b36e0;
L_000002c5a16b5510 .part L_000002c5a16c8280, 0, 1;
L_000002c5a16b47f0 .part L_000002c5a16b4430, 0, 1;
L_000002c5a16b4c50 .part L_000002c5a16b4610, 0, 1;
L_000002c5a16b4e30 .part L_000002c5a16b4430, 1, 1;
L_000002c5a16b5ab0 .part L_000002c5a16b4610, 1, 1;
L_000002c5a16b55b0 .part L_000002c5a16b4430, 2, 1;
L_000002c5a16b4930 .part L_000002c5a16b4610, 2, 1;
L_000002c5a16b5790 .concat8 [ 1 1 1 1], L_000002c5a16b37c0, L_000002c5a16b3910, L_000002c5a16b3b40, L_000002c5a16b3980;
L_000002c5a16b5970 .part L_000002c5a16b4430, 3, 1;
L_000002c5a16b49d0 .concat8 [ 1 1 1 1], L_000002c5a16b3590, L_000002c5a16b3ad0, L_000002c5a16b3d00, L_000002c5a16b3bb0;
L_000002c5a16b5b50 .part L_000002c5a16b4610, 3, 1;
L_000002c5a16b4a70 .concat [ 1 31 0 0], o000002c5a1654118, L_000002c5a1730118;
L_000002c5a16c9040 .cmp/eq 32, L_000002c5a16b4a70, L_000002c5a1730160;
L_000002c5a16c8280 .functor MUXZ 4, o000002c5a1654388, L_000002c5a16c8000, L_000002c5a16c9040, C4<>;
S_000002c5a16ebd70 .scope module, "dff0" "d_ff" 3 34, 4 7 0, S_000002c5a162fb10;
 .timescale 0 0;
    .port_info 0 /OUTPUT 1 "Q";
    .port_info 1 /INPUT 1 "DATA";
    .port_info 2 /INPUT 1 "CLK";
    .port_info 3 /INPUT 1 "CLR";
    .port_info 4 /INPUT 1 "PRE";
v000002c5a16476c0_0 .net "CLK", 0 0, o000002c5a1653908;  alias, 0 drivers
v000002c5a1647da0_0 .net "CLR", 0 0, L_000002c5a16b5470;  1 drivers
v000002c5a16471c0_0 .net "DATA", 0 0, o000002c5a1653968;  alias, 0 drivers
v000002c5a1647260_0 .net "PRE", 0 0, L_000002c5a16b58d0;  1 drivers
v000002c5a1647c60_0 .var "Q", 0 0;
E_000002c5a164a380/0 .event anyedge, v000002c5a1647260_0, v000002c5a1647da0_0;
E_000002c5a164a380/1 .event posedge, v000002c5a16476c0_0;
E_000002c5a164a380 .event/or E_000002c5a164a380/0, E_000002c5a164a380/1;
S_000002c5a16ebf00 .scope module, "dff1" "d_ff" 3 35, 4 7 0, S_000002c5a162fb10;
 .timescale 0 0;
    .port_info 0 /OUTPUT 1 "Q";
    .port_info 1 /INPUT 1 "DATA";
    .port_info 2 /INPUT 1 "CLK";
    .port_info 3 /INPUT 1 "CLR";
    .port_info 4 /INPUT 1 "PRE";
v000002c5a1647940_0 .net "CLK", 0 0, o000002c5a1653908;  alias, 0 drivers
v000002c5a16479e0_0 .net "CLR", 0 0, L_000002c5a16b5330;  1 drivers
v000002c5a1648660_0 .net "DATA", 0 0, L_000002c5a16b5650;  1 drivers
v000002c5a1647b20_0 .net "PRE", 0 0, L_000002c5a16b4250;  1 drivers
v000002c5a1647ee0_0 .var "Q", 0 0;
E_000002c5a164ad00/0 .event anyedge, v000002c5a1647b20_0, v000002c5a16479e0_0;
E_000002c5a164ad00/1 .event posedge, v000002c5a16476c0_0;
E_000002c5a164ad00 .event/or E_000002c5a164ad00/0, E_000002c5a164ad00/1;
S_000002c5a16ab200 .scope module, "dff2" "d_ff" 3 36, 4 7 0, S_000002c5a162fb10;
 .timescale 0 0;
    .port_info 0 /OUTPUT 1 "Q";
    .port_info 1 /INPUT 1 "DATA";
    .port_info 2 /INPUT 1 "CLK";
    .port_info 3 /INPUT 1 "CLR";
    .port_info 4 /INPUT 1 "PRE";
v000002c5a16473a0_0 .net "CLK", 0 0, o000002c5a1653908;  alias, 0 drivers
v000002c5a1647440_0 .net "CLR", 0 0, L_000002c5a16b5a10;  1 drivers
v000002c5a1648020_0 .net "DATA", 0 0, L_000002c5a16b5010;  1 drivers
v000002c5a16480c0_0 .net "PRE", 0 0, L_000002c5a16b4b10;  1 drivers
v000002c5a1638bd0_0 .var "Q", 0 0;
E_000002c5a164ad40/0 .event anyedge, v000002c5a16480c0_0, v000002c5a1647440_0;
E_000002c5a164ad40/1 .event posedge, v000002c5a16476c0_0;
E_000002c5a164ad40 .event/or E_000002c5a164ad40/0, E_000002c5a164ad40/1;
S_000002c5a16ab390 .scope module, "dff3" "d_ff" 3 37, 4 7 0, S_000002c5a162fb10;
 .timescale 0 0;
    .port_info 0 /OUTPUT 1 "Q";
    .port_info 1 /INPUT 1 "DATA";
    .port_info 2 /INPUT 1 "CLK";
    .port_info 3 /INPUT 1 "CLR";
    .port_info 4 /INPUT 1 "PRE";
v000002c5a1639030_0 .net "CLK", 0 0, o000002c5a1653908;  alias, 0 drivers
v000002c5a16acc90_0 .net "CLR", 0 0, L_000002c5a16b53d0;  1 drivers
v000002c5a16ac970_0 .net "DATA", 0 0, L_000002c5a16b4750;  1 drivers
v000002c5a16acd30_0 .net "PRE", 0 0, L_000002c5a16b4ed0;  1 drivers
v000002c5a16acfb0_0 .var "Q", 0 0;
E_000002c5a164a7c0/0 .event anyedge, v000002c5a16acd30_0, v000002c5a16acc90_0;
E_000002c5a164a7c0/1 .event posedge, v000002c5a16476c0_0;
E_000002c5a164a7c0 .event/or E_000002c5a164a7c0/0, E_000002c5a164a7c0/1;
S_000002c5a16af750 .scope module, "shift_register_1" "SHIFT_REGISTER_4BIT" 2 25, 3 17 0, S_000002c5a162f980;
 .timescale 0 0;
    .port_info 0 /INPUT 1 "CLK";
    .port_info 1 /INPUT 1 "CLR";
    .port_info 2 /INPUT 4 "P_DATA_IN";
    .port_info 3 /INPUT 1 "S_DATA_IN";
    .port_info 4 /INPUT 1 "SH_LD";
    .port_info 5 /OUTPUT 4 "DATA_OUT";
L_000002c5a163d810 .functor NOT 1, o000002c5a1654118, C4<0>, C4<0>, C4<0>;
L_000002c5a163dd50 .functor NOT 1, o000002c5a1653ff8, C4<0>, C4<0>, C4<0>;
L_000002c5a16b4010 .functor AND 1, L_000002c5a163d810, L_000002c5a16b1c00, C4<1>, C4<1>;
L_000002c5a16b3210 .functor NOR 1, o000002c5a1654118, L_000002c5a16b1ca0, C4<0>, C4<0>;
L_000002c5a16b3f30 .functor AND 1, L_000002c5a163d810, L_000002c5a16b1d40, C4<1>, C4<1>;
L_000002c5a16b4080 .functor NOR 1, o000002c5a1654118, L_000002c5a16b1de0, C4<0>, C4<0>;
L_000002c5a16b31a0 .functor AND 1, L_000002c5a163d810, L_000002c5a16b1e80, C4<1>, C4<1>;
L_000002c5a16b3d70 .functor NOR 1, o000002c5a1654118, L_000002c5a16b2060, C4<0>, C4<0>;
L_000002c5a16b32f0 .functor AND 1, L_000002c5a163d810, L_000002c5a16b22e0, C4<1>, C4<1>;
L_000002c5a16b3c20 .functor NOR 1, o000002c5a1654118, L_000002c5a16b5830, C4<0>, C4<0>;
L_000002c5a16b3280 .functor AND 1, L_000002c5a16b5bf0, L_000002c5a163dd50, C4<1>, C4<1>;
L_000002c5a16b3ec0 .functor OR 1, L_000002c5a16b5fb0, o000002c5a1653ff8, C4<0>, C4<0>;
L_000002c5a16b3360 .functor AND 1, L_000002c5a16b5150, L_000002c5a163dd50, C4<1>, C4<1>;
L_000002c5a16b33d0 .functor OR 1, L_000002c5a16b4f70, o000002c5a1653ff8, C4<0>, C4<0>;
L_000002c5a16b3c90 .functor AND 1, L_000002c5a16b5e70, L_000002c5a163dd50, C4<1>, C4<1>;
L_000002c5a16b3830 .functor OR 1, L_000002c5a16b50b0, o000002c5a1653ff8, C4<0>, C4<0>;
L_000002c5a16b3600 .functor AND 1, L_000002c5a16b4570, L_000002c5a163dd50, C4<1>, C4<1>;
L_000002c5a16b3520 .functor OR 1, L_000002c5a16b41b0, o000002c5a1653ff8, C4<0>, C4<0>;
v000002c5a16ad8d0_0 .net "CLK", 0 0, o000002c5a1653908;  alias, 0 drivers
v000002c5a16add30_0 .net "CLR", 0 0, o000002c5a1653ff8;  alias, 0 drivers
v000002c5a16aed70_0 .net "DATA_OUT", 3 0, L_000002c5a16b2380;  1 drivers
v000002c5a16aee10_0 .net "D_CLR", 3 0, L_000002c5a16b4d90;  1 drivers
v000002c5a16aeeb0_0 .net "D_DATA", 3 0, L_000002c5a16b5290;  1 drivers
v000002c5a16addd0_0 .net "D_PRE", 3 0, L_000002c5a16b51f0;  1 drivers
v000002c5a16ade70_0 .net "P_DATA_IN", 3 0, L_000002c5a16b4890;  1 drivers
v000002c5a16adfb0_0 .net "SH_LD", 0 0, o000002c5a1654118;  alias, 0 drivers
v000002c5a16ae690_0 .net "S_CLR", 3 0, L_000002c5a16b4cf0;  1 drivers
v000002c5a16af090_0 .net "S_DATA_IN", 0 0, L_000002c5a16b56f0;  1 drivers
v000002c5a16ae050_0 .net "S_PRE", 3 0, L_000002c5a16b2100;  1 drivers
v000002c5a16ae870_0 .net *"_ivl_101", 0 0, L_000002c5a16b3830;  1 drivers
v000002c5a16ae910_0 .net *"_ivl_104", 0 0, L_000002c5a16b50b0;  1 drivers
v000002c5a16aef50_0 .net *"_ivl_106", 0 0, L_000002c5a16b3600;  1 drivers
v000002c5a16af4f0_0 .net *"_ivl_110", 0 0, L_000002c5a16b4570;  1 drivers
v000002c5a16ae2d0_0 .net *"_ivl_112", 0 0, L_000002c5a16b3520;  1 drivers
v000002c5a16aeff0_0 .net *"_ivl_116", 0 0, L_000002c5a16b41b0;  1 drivers
v000002c5a16af130_0 .net *"_ivl_117", 31 0, L_000002c5a16b5f10;  1 drivers
L_000002c5a1730088 .functor BUFT 1, C4<0000000000000000000000000000000>, C4<0>, C4<0>, C4<0>;
v000002c5a16ae9b0_0 .net *"_ivl_120", 30 0, L_000002c5a1730088;  1 drivers
L_000002c5a17300d0 .functor BUFT 1, C4<00000000000000000000000000000000>, C4<0>, C4<0>, C4<0>;
v000002c5a16af1d0_0 .net/2u *"_ivl_121", 31 0, L_000002c5a17300d0;  1 drivers
v000002c5a16af450_0 .net *"_ivl_123", 0 0, L_000002c5a16b44d0;  1 drivers
o000002c5a1655408 .functor BUFZ 4, C4<zzzz>; HiZ drive
; Elide local net with no drivers, v000002c5a16af590_0 name=_ivl_125
v000002c5a16ae370_0 .net *"_ivl_34", 0 0, L_000002c5a16b4010;  1 drivers
v000002c5a16ae4b0_0 .net *"_ivl_37", 0 0, L_000002c5a16b1c00;  1 drivers
v000002c5a16ae550_0 .net *"_ivl_39", 0 0, L_000002c5a16b3210;  1 drivers
v000002c5a16ae5f0_0 .net *"_ivl_42", 0 0, L_000002c5a16b1ca0;  1 drivers
v000002c5a16b12a0_0 .net *"_ivl_44", 0 0, L_000002c5a16b3f30;  1 drivers
v000002c5a16b1340_0 .net *"_ivl_47", 0 0, L_000002c5a16b1d40;  1 drivers
v000002c5a16b21a0_0 .net *"_ivl_49", 0 0, L_000002c5a16b4080;  1 drivers
v000002c5a16b13e0_0 .net *"_ivl_52", 0 0, L_000002c5a16b1de0;  1 drivers
v000002c5a16b1480_0 .net *"_ivl_54", 0 0, L_000002c5a16b31a0;  1 drivers
v000002c5a16b1520_0 .net *"_ivl_57", 0 0, L_000002c5a16b1e80;  1 drivers
v000002c5a16b2920_0 .net *"_ivl_59", 0 0, L_000002c5a16b3d70;  1 drivers
v000002c5a16b2740_0 .net *"_ivl_62", 0 0, L_000002c5a16b2060;  1 drivers
v000002c5a16b24c0_0 .net *"_ivl_64", 0 0, L_000002c5a16b32f0;  1 drivers
v000002c5a16b1fc0_0 .net *"_ivl_68", 0 0, L_000002c5a16b22e0;  1 drivers
v000002c5a16b2e20_0 .net *"_ivl_70", 0 0, L_000002c5a16b3c20;  1 drivers
v000002c5a16b17a0_0 .net *"_ivl_74", 0 0, L_000002c5a16b5830;  1 drivers
v000002c5a16b1660_0 .net *"_ivl_76", 0 0, L_000002c5a16b3280;  1 drivers
v000002c5a16b27e0_0 .net *"_ivl_79", 0 0, L_000002c5a16b5bf0;  1 drivers
v000002c5a16b15c0_0 .net *"_ivl_81", 0 0, L_000002c5a16b3ec0;  1 drivers
v000002c5a16b2880_0 .net *"_ivl_84", 0 0, L_000002c5a16b5fb0;  1 drivers
v000002c5a16b2600_0 .net *"_ivl_86", 0 0, L_000002c5a16b3360;  1 drivers
v000002c5a16b1700_0 .net *"_ivl_89", 0 0, L_000002c5a16b5150;  1 drivers
v000002c5a16b1160_0 .net *"_ivl_91", 0 0, L_000002c5a16b33d0;  1 drivers
v000002c5a16b1840_0 .net *"_ivl_94", 0 0, L_000002c5a16b4f70;  1 drivers
v000002c5a16b2c40_0 .net *"_ivl_96", 0 0, L_000002c5a16b3c90;  1 drivers
v000002c5a16b18e0_0 .net *"_ivl_99", 0 0, L_000002c5a16b5e70;  1 drivers
v000002c5a16b1020_0 .net "notCLR", 0 0, L_000002c5a163dd50;  1 drivers
v000002c5a16b2d80_0 .net "notSH_LD", 0 0, L_000002c5a163d810;  1 drivers
L_000002c5a16b2420 .part L_000002c5a16b4d90, 0, 1;
L_000002c5a16b26a0 .part L_000002c5a16b51f0, 0, 1;
L_000002c5a16b29c0 .part L_000002c5a16b2380, 0, 1;
L_000002c5a16b1a20 .part L_000002c5a16b4d90, 1, 1;
L_000002c5a16b2240 .part L_000002c5a16b51f0, 1, 1;
L_000002c5a16b1ac0 .part L_000002c5a16b2380, 1, 1;
L_000002c5a16b2a60 .part L_000002c5a16b4d90, 2, 1;
L_000002c5a16b0f80 .part L_000002c5a16b51f0, 2, 1;
L_000002c5a16b2380 .concat8 [ 1 1 1 1], v000002c5a16af310_0, v000002c5a16aecd0_0, v000002c5a16ad830_0, v000002c5a16adbf0_0;
L_000002c5a16b10c0 .part L_000002c5a16b2380, 2, 1;
L_000002c5a16b2ba0 .part L_000002c5a16b4d90, 3, 1;
L_000002c5a16b1b60 .part L_000002c5a16b51f0, 3, 1;
L_000002c5a16b1c00 .part L_000002c5a16b5290, 3, 1;
L_000002c5a16b1ca0 .part L_000002c5a16b5290, 3, 1;
L_000002c5a16b1d40 .part L_000002c5a16b5290, 2, 1;
L_000002c5a16b1de0 .part L_000002c5a16b5290, 2, 1;
L_000002c5a16b1e80 .part L_000002c5a16b5290, 1, 1;
L_000002c5a16b2060 .part L_000002c5a16b5290, 1, 1;
L_000002c5a16b2100 .concat8 [ 1 1 1 1], L_000002c5a16b4010, L_000002c5a16b3f30, L_000002c5a16b31a0, L_000002c5a16b32f0;
L_000002c5a16b22e0 .part L_000002c5a16b5290, 0, 1;
L_000002c5a16b4cf0 .concat8 [ 1 1 1 1], L_000002c5a16b3210, L_000002c5a16b4080, L_000002c5a16b3d70, L_000002c5a16b3c20;
L_000002c5a16b5830 .part L_000002c5a16b5290, 0, 1;
L_000002c5a16b5bf0 .part L_000002c5a16b2100, 0, 1;
L_000002c5a16b5fb0 .part L_000002c5a16b4cf0, 0, 1;
L_000002c5a16b5150 .part L_000002c5a16b2100, 1, 1;
L_000002c5a16b4f70 .part L_000002c5a16b4cf0, 1, 1;
L_000002c5a16b5e70 .part L_000002c5a16b2100, 2, 1;
L_000002c5a16b50b0 .part L_000002c5a16b4cf0, 2, 1;
L_000002c5a16b51f0 .concat8 [ 1 1 1 1], L_000002c5a16b3280, L_000002c5a16b3360, L_000002c5a16b3c90, L_000002c5a16b3600;
L_000002c5a16b4570 .part L_000002c5a16b2100, 3, 1;
L_000002c5a16b4d90 .concat8 [ 1 1 1 1], L_000002c5a16b3ec0, L_000002c5a16b33d0, L_000002c5a16b3830, L_000002c5a16b3520;
L_000002c5a16b41b0 .part L_000002c5a16b4cf0, 3, 1;
L_000002c5a16b5f10 .concat [ 1 31 0 0], o000002c5a1654118, L_000002c5a1730088;
L_000002c5a16b44d0 .cmp/eq 32, L_000002c5a16b5f10, L_000002c5a17300d0;
L_000002c5a16b5290 .functor MUXZ 4, o000002c5a1655408, L_000002c5a16b4890, L_000002c5a16b44d0, C4<>;
S_000002c5a16af8e0 .scope module, "dff0" "d_ff" 3 34, 4 7 0, S_000002c5a16af750;
 .timescale 0 0;
    .port_info 0 /OUTPUT 1 "Q";
    .port_info 1 /INPUT 1 "DATA";
    .port_info 2 /INPUT 1 "CLK";
    .port_info 3 /INPUT 1 "CLR";
    .port_info 4 /INPUT 1 "PRE";
v000002c5a16adab0_0 .net "CLK", 0 0, o000002c5a1653908;  alias, 0 drivers
v000002c5a16af270_0 .net "CLR", 0 0, L_000002c5a16b2420;  1 drivers
v000002c5a16aeaf0_0 .net "DATA", 0 0, L_000002c5a16b56f0;  alias, 1 drivers
v000002c5a16ae730_0 .net "PRE", 0 0, L_000002c5a16b26a0;  1 drivers
v000002c5a16af310_0 .var "Q", 0 0;
E_000002c5a164a680/0 .event anyedge, v000002c5a16ae730_0, v000002c5a16af270_0;
E_000002c5a164a680/1 .event posedge, v000002c5a16476c0_0;
E_000002c5a164a680 .event/or E_000002c5a164a680/0, E_000002c5a164a680/1;
S_000002c5a16afa70 .scope module, "dff1" "d_ff" 3 35, 4 7 0, S_000002c5a16af750;
 .timescale 0 0;
    .port_info 0 /OUTPUT 1 "Q";
    .port_info 1 /INPUT 1 "DATA";
    .port_info 2 /INPUT 1 "CLK";
    .port_info 3 /INPUT 1 "CLR";
    .port_info 4 /INPUT 1 "PRE";
v000002c5a16adc90_0 .net "CLK", 0 0, o000002c5a1653908;  alias, 0 drivers
v000002c5a16ad790_0 .net "CLR", 0 0, L_000002c5a16b1a20;  1 drivers
v000002c5a16ae7d0_0 .net "DATA", 0 0, L_000002c5a16b29c0;  1 drivers
v000002c5a16ad970_0 .net "PRE", 0 0, L_000002c5a16b2240;  1 drivers
v000002c5a16aecd0_0 .var "Q", 0 0;
E_000002c5a164adc0/0 .event anyedge, v000002c5a16ad970_0, v000002c5a16ad790_0;
E_000002c5a164adc0/1 .event posedge, v000002c5a16476c0_0;
E_000002c5a164adc0 .event/or E_000002c5a164adc0/0, E_000002c5a164adc0/1;
S_000002c5a16b0c10 .scope module, "dff2" "d_ff" 3 36, 4 7 0, S_000002c5a16af750;
 .timescale 0 0;
    .port_info 0 /OUTPUT 1 "Q";
    .port_info 1 /INPUT 1 "DATA";
    .port_info 2 /INPUT 1 "CLK";
    .port_info 3 /INPUT 1 "CLR";
    .port_info 4 /INPUT 1 "PRE";
v000002c5a16ae190_0 .net "CLK", 0 0, o000002c5a1653908;  alias, 0 drivers
v000002c5a16ada10_0 .net "CLR", 0 0, L_000002c5a16b2a60;  1 drivers
v000002c5a16ae0f0_0 .net "DATA", 0 0, L_000002c5a16b1ac0;  1 drivers
v000002c5a16adb50_0 .net "PRE", 0 0, L_000002c5a16b0f80;  1 drivers
v000002c5a16ad830_0 .var "Q", 0 0;
E_000002c5a164a200/0 .event anyedge, v000002c5a16adb50_0, v000002c5a16ada10_0;
E_000002c5a164a200/1 .event posedge, v000002c5a16476c0_0;
E_000002c5a164a200 .event/or E_000002c5a164a200/0, E_000002c5a164a200/1;
S_000002c5a16b0da0 .scope module, "dff3" "d_ff" 3 37, 4 7 0, S_000002c5a16af750;
 .timescale 0 0;
    .port_info 0 /OUTPUT 1 "Q";
    .port_info 1 /INPUT 1 "DATA";
    .port_info 2 /INPUT 1 "CLK";
    .port_info 3 /INPUT 1 "CLR";
    .port_info 4 /INPUT 1 "PRE";
v000002c5a16af3b0_0 .net "CLK", 0 0, o000002c5a1653908;  alias, 0 drivers
v000002c5a16adf10_0 .net "CLR", 0 0, L_000002c5a16b2ba0;  1 drivers
v000002c5a16ae410_0 .net "DATA", 0 0, L_000002c5a16b10c0;  1 drivers
v000002c5a16ae230_0 .net "PRE", 0 0, L_000002c5a16b1b60;  1 drivers
v000002c5a16adbf0_0 .var "Q", 0 0;
E_000002c5a164a440/0 .event anyedge, v000002c5a16ae230_0, v000002c5a16adf10_0;
E_000002c5a164a440/1 .event posedge, v000002c5a16476c0_0;
E_000002c5a164a440 .event/or E_000002c5a164a440/0, E_000002c5a164a440/1;
    .scope S_000002c5a16af8e0;
T_0 ;
    %pushi/vec4 0, 0, 1;
    %store/vec4 v000002c5a16af310_0, 0, 1;
    %end;
    .thread T_0;
    .scope S_000002c5a16af8e0;
T_1 ;
    %wait E_000002c5a164a680;
    %load/vec4 v000002c5a16adab0_0;
    %flag_set/vec4 8;
    %jmp/0xz  T_1.0, 8;
    %load/vec4 v000002c5a16aeaf0_0;
    %store/vec4 v000002c5a16af310_0, 0, 1;
    %jmp T_1.1;
T_1.0 ;
    %load/vec4 v000002c5a16af270_0;
    %pad/u 32;
    %cmpi/e 1, 0, 32;
    %jmp/0xz  T_1.2, 4;
    %pushi/vec4 0, 0, 1;
    %store/vec4 v000002c5a16af310_0, 0, 1;
    %jmp T_1.3;
T_1.2 ;
    %load/vec4 v000002c5a16ae730_0;
    %pad/u 32;
    %cmpi/e 1, 0, 32;
    %jmp/0xz  T_1.4, 4;
    %pushi/vec4 1, 0, 1;
    %store/vec4 v000002c5a16af310_0, 0, 1;
    %jmp T_1.5;
T_1.4 ;
    %load/vec4 v000002c5a16af310_0;
    %store/vec4 v000002c5a16af310_0, 0, 1;
T_1.5 ;
T_1.3 ;
T_1.1 ;
    %jmp T_1;
    .thread T_1;
    .scope S_000002c5a16afa70;
T_2 ;
    %pushi/vec4 0, 0, 1;
    %store/vec4 v000002c5a16aecd0_0, 0, 1;
    %end;
    .thread T_2;
    .scope S_000002c5a16afa70;
T_3 ;
    %wait E_000002c5a164adc0;
    %load/vec4 v000002c5a16adc90_0;
    %flag_set/vec4 8;
    %jmp/0xz  T_3.0, 8;
    %load/vec4 v000002c5a16ae7d0_0;
    %store/vec4 v000002c5a16aecd0_0, 0, 1;
    %jmp T_3.1;
T_3.0 ;
    %load/vec4 v000002c5a16ad790_0;
    %pad/u 32;
    %cmpi/e 1, 0, 32;
    %jmp/0xz  T_3.2, 4;
    %pushi/vec4 0, 0, 1;
    %store/vec4 v000002c5a16aecd0_0, 0, 1;
    %jmp T_3.3;
T_3.2 ;
    %load/vec4 v000002c5a16ad970_0;
    %pad/u 32;
    %cmpi/e 1, 0, 32;
    %jmp/0xz  T_3.4, 4;
    %pushi/vec4 1, 0, 1;
    %store/vec4 v000002c5a16aecd0_0, 0, 1;
    %jmp T_3.5;
T_3.4 ;
    %load/vec4 v000002c5a16aecd0_0;
    %store/vec4 v000002c5a16aecd0_0, 0, 1;
T_3.5 ;
T_3.3 ;
T_3.1 ;
    %jmp T_3;
    .thread T_3;
    .scope S_000002c5a16b0c10;
T_4 ;
    %pushi/vec4 0, 0, 1;
    %store/vec4 v000002c5a16ad830_0, 0, 1;
    %end;
    .thread T_4;
    .scope S_000002c5a16b0c10;
T_5 ;
    %wait E_000002c5a164a200;
    %load/vec4 v000002c5a16ae190_0;
    %flag_set/vec4 8;
    %jmp/0xz  T_5.0, 8;
    %load/vec4 v000002c5a16ae0f0_0;
    %store/vec4 v000002c5a16ad830_0, 0, 1;
    %jmp T_5.1;
T_5.0 ;
    %load/vec4 v000002c5a16ada10_0;
    %pad/u 32;
    %cmpi/e 1, 0, 32;
    %jmp/0xz  T_5.2, 4;
    %pushi/vec4 0, 0, 1;
    %store/vec4 v000002c5a16ad830_0, 0, 1;
    %jmp T_5.3;
T_5.2 ;
    %load/vec4 v000002c5a16adb50_0;
    %pad/u 32;
    %cmpi/e 1, 0, 32;
    %jmp/0xz  T_5.4, 4;
    %pushi/vec4 1, 0, 1;
    %store/vec4 v000002c5a16ad830_0, 0, 1;
    %jmp T_5.5;
T_5.4 ;
    %load/vec4 v000002c5a16ad830_0;
    %store/vec4 v000002c5a16ad830_0, 0, 1;
T_5.5 ;
T_5.3 ;
T_5.1 ;
    %jmp T_5;
    .thread T_5;
    .scope S_000002c5a16b0da0;
T_6 ;
    %pushi/vec4 0, 0, 1;
    %store/vec4 v000002c5a16adbf0_0, 0, 1;
    %end;
    .thread T_6;
    .scope S_000002c5a16b0da0;
T_7 ;
    %wait E_000002c5a164a440;
    %load/vec4 v000002c5a16af3b0_0;
    %flag_set/vec4 8;
    %jmp/0xz  T_7.0, 8;
    %load/vec4 v000002c5a16ae410_0;
    %store/vec4 v000002c5a16adbf0_0, 0, 1;
    %jmp T_7.1;
T_7.0 ;
    %load/vec4 v000002c5a16adf10_0;
    %pad/u 32;
    %cmpi/e 1, 0, 32;
    %jmp/0xz  T_7.2, 4;
    %pushi/vec4 0, 0, 1;
    %store/vec4 v000002c5a16adbf0_0, 0, 1;
    %jmp T_7.3;
T_7.2 ;
    %load/vec4 v000002c5a16ae230_0;
    %pad/u 32;
    %cmpi/e 1, 0, 32;
    %jmp/0xz  T_7.4, 4;
    %pushi/vec4 1, 0, 1;
    %store/vec4 v000002c5a16adbf0_0, 0, 1;
    %jmp T_7.5;
T_7.4 ;
    %load/vec4 v000002c5a16adbf0_0;
    %store/vec4 v000002c5a16adbf0_0, 0, 1;
T_7.5 ;
T_7.3 ;
T_7.1 ;
    %jmp T_7;
    .thread T_7;
    .scope S_000002c5a16ebd70;
T_8 ;
    %pushi/vec4 0, 0, 1;
    %store/vec4 v000002c5a1647c60_0, 0, 1;
    %end;
    .thread T_8;
    .scope S_000002c5a16ebd70;
T_9 ;
    %wait E_000002c5a164a380;
    %load/vec4 v000002c5a16476c0_0;
    %flag_set/vec4 8;
    %jmp/0xz  T_9.0, 8;
    %load/vec4 v000002c5a16471c0_0;
    %store/vec4 v000002c5a1647c60_0, 0, 1;
    %jmp T_9.1;
T_9.0 ;
    %load/vec4 v000002c5a1647da0_0;
    %pad/u 32;
    %cmpi/e 1, 0, 32;
    %jmp/0xz  T_9.2, 4;
    %pushi/vec4 0, 0, 1;
    %store/vec4 v000002c5a1647c60_0, 0, 1;
    %jmp T_9.3;
T_9.2 ;
    %load/vec4 v000002c5a1647260_0;
    %pad/u 32;
    %cmpi/e 1, 0, 32;
    %jmp/0xz  T_9.4, 4;
    %pushi/vec4 1, 0, 1;
    %store/vec4 v000002c5a1647c60_0, 0, 1;
    %jmp T_9.5;
T_9.4 ;
    %load/vec4 v000002c5a1647c60_0;
    %store/vec4 v000002c5a1647c60_0, 0, 1;
T_9.5 ;
T_9.3 ;
T_9.1 ;
    %jmp T_9;
    .thread T_9;
    .scope S_000002c5a16ebf00;
T_10 ;
    %pushi/vec4 0, 0, 1;
    %store/vec4 v000002c5a1647ee0_0, 0, 1;
    %end;
    .thread T_10;
    .scope S_000002c5a16ebf00;
T_11 ;
    %wait E_000002c5a164ad00;
    %load/vec4 v000002c5a1647940_0;
    %flag_set/vec4 8;
    %jmp/0xz  T_11.0, 8;
    %load/vec4 v000002c5a1648660_0;
    %store/vec4 v000002c5a1647ee0_0, 0, 1;
    %jmp T_11.1;
T_11.0 ;
    %load/vec4 v000002c5a16479e0_0;
    %pad/u 32;
    %cmpi/e 1, 0, 32;
    %jmp/0xz  T_11.2, 4;
    %pushi/vec4 0, 0, 1;
    %store/vec4 v000002c5a1647ee0_0, 0, 1;
    %jmp T_11.3;
T_11.2 ;
    %load/vec4 v000002c5a1647b20_0;
    %pad/u 32;
    %cmpi/e 1, 0, 32;
    %jmp/0xz  T_11.4, 4;
    %pushi/vec4 1, 0, 1;
    %store/vec4 v000002c5a1647ee0_0, 0, 1;
    %jmp T_11.5;
T_11.4 ;
    %load/vec4 v000002c5a1647ee0_0;
    %store/vec4 v000002c5a1647ee0_0, 0, 1;
T_11.5 ;
T_11.3 ;
T_11.1 ;
    %jmp T_11;
    .thread T_11;
    .scope S_000002c5a16ab200;
T_12 ;
    %pushi/vec4 0, 0, 1;
    %store/vec4 v000002c5a1638bd0_0, 0, 1;
    %end;
    .thread T_12;
    .scope S_000002c5a16ab200;
T_13 ;
    %wait E_000002c5a164ad40;
    %load/vec4 v000002c5a16473a0_0;
    %flag_set/vec4 8;
    %jmp/0xz  T_13.0, 8;
    %load/vec4 v000002c5a1648020_0;
    %store/vec4 v000002c5a1638bd0_0, 0, 1;
    %jmp T_13.1;
T_13.0 ;
    %load/vec4 v000002c5a1647440_0;
    %pad/u 32;
    %cmpi/e 1, 0, 32;
    %jmp/0xz  T_13.2, 4;
    %pushi/vec4 0, 0, 1;
    %store/vec4 v000002c5a1638bd0_0, 0, 1;
    %jmp T_13.3;
T_13.2 ;
    %load/vec4 v000002c5a16480c0_0;
    %pad/u 32;
    %cmpi/e 1, 0, 32;
    %jmp/0xz  T_13.4, 4;
    %pushi/vec4 1, 0, 1;
    %store/vec4 v000002c5a1638bd0_0, 0, 1;
    %jmp T_13.5;
T_13.4 ;
    %load/vec4 v000002c5a1638bd0_0;
    %store/vec4 v000002c5a1638bd0_0, 0, 1;
T_13.5 ;
T_13.3 ;
T_13.1 ;
    %jmp T_13;
    .thread T_13;
    .scope S_000002c5a16ab390;
T_14 ;
    %pushi/vec4 0, 0, 1;
    %store/vec4 v000002c5a16acfb0_0, 0, 1;
    %end;
    .thread T_14;
    .scope S_000002c5a16ab390;
T_15 ;
    %wait E_000002c5a164a7c0;
    %load/vec4 v000002c5a1639030_0;
    %flag_set/vec4 8;
    %jmp/0xz  T_15.0, 8;
    %load/vec4 v000002c5a16ac970_0;
    %store/vec4 v000002c5a16acfb0_0, 0, 1;
    %jmp T_15.1;
T_15.0 ;
    %load/vec4 v000002c5a16acc90_0;
    %pad/u 32;
    %cmpi/e 1, 0, 32;
    %jmp/0xz  T_15.2, 4;
    %pushi/vec4 0, 0, 1;
    %store/vec4 v000002c5a16acfb0_0, 0, 1;
    %jmp T_15.3;
T_15.2 ;
    %load/vec4 v000002c5a16acd30_0;
    %pad/u 32;
    %cmpi/e 1, 0, 32;
    %jmp/0xz  T_15.4, 4;
    %pushi/vec4 1, 0, 1;
    %store/vec4 v000002c5a16acfb0_0, 0, 1;
    %jmp T_15.5;
T_15.4 ;
    %load/vec4 v000002c5a16acfb0_0;
    %store/vec4 v000002c5a16acfb0_0, 0, 1;
T_15.5 ;
T_15.3 ;
T_15.1 ;
    %jmp T_15;
    .thread T_15;
# The file index is used to find the file name in the following table.
:file_names 5;
    "N/A";
    "<interactive>";
    "S_shift_register_8bit.v";
    "./S_shift_register_4bit.v";
    "./d_ff.v";
