#! /c/Source/iverilog-install/bin/vvp
:ivl_version "12.0 (devel)" "(s20150603-1539-g2693dd32b)";
:ivl_delay_selection "TYPICAL";
:vpi_time_precision - 10;
:vpi_module "C:\iverilog\lib\ivl\system.vpi";
:vpi_module "C:\iverilog\lib\ivl\vhdl_sys.vpi";
:vpi_module "C:\iverilog\lib\ivl\vhdl_textio.vpi";
:vpi_module "C:\iverilog\lib\ivl\v2005_math.vpi";
:vpi_module "C:\iverilog\lib\ivl\va_math.vpi";
S_0000022509145890 .scope module, "receiver" "receiver" 2 95;
 .timescale -10 -10;
    .port_info 0 /INPUT 1 "CLR";
    .port_info 1 /INPUT 1 "READ";
    .port_info 2 /INPUT 1 "RE";
    .port_info 3 /INPUT 1 "MISO";
    .port_info 4 /INPUT 1 "CLK";
    .port_info 5 /OUTPUT 8 "DATA";
    .port_info 6 /OUTPUT 1 "FULL_STATE";
    .port_info 7 /OUTPUT 1 "EMPTY_STATE";
o00000225092621b8 .functor BUFZ 1, C4<z>; HiZ drive
v00000225091e59f0_0 .net "CLK", 0 0, o00000225092621b8;  0 drivers
o0000022509260778 .functor BUFZ 1, C4<z>; HiZ drive
v00000225091e5b30_0 .net "CLR", 0 0, o0000022509260778;  0 drivers
v00000225091e5d10_0 .var "COUNT_RECEIVED", 3 0;
v00000225091e8040_0 .net "DATA", 7 0, L_0000022509299380;  1 drivers
v00000225091e70a0_0 .net "EMPTY_STATE", 0 0, L_0000022509298e80;  1 drivers
v00000225091e73c0_0 .net "FULL_STATE", 0 0, L_0000022509298f20;  1 drivers
L_000002250929d060 .functor BUFT 1, C4<1>, C4<0>, C4<0>, C4<0>;
v00000225091e7500_0 .net "HIGH", 0 0, L_000002250929d060;  1 drivers
L_000002250929d018 .functor BUFT 1, C4<0>, C4<0>, C4<0>, C4<0>;
v00000225091e7b40_0 .net "LOW", 0 0, L_000002250929d018;  1 drivers
o00000225092600e8 .functor BUFZ 1, C4<z>; HiZ drive
v00000225091e7280_0 .net "MISO", 0 0, o00000225092600e8;  0 drivers
v00000225091e80e0_0 .net "P_DATA_OUT", 7 0, L_0000022509298b60;  1 drivers
o00000225092622d8 .functor BUFZ 1, C4<z>; HiZ drive
v00000225091e8680_0 .net "RE", 0 0, o00000225092622d8;  0 drivers
o0000022509262308 .functor BUFZ 1, C4<z>; HiZ drive
v00000225091e7aa0_0 .net "READ", 0 0, o0000022509262308;  0 drivers
v00000225091e7f00_0 .var "SHIFT_CLK", 0 0;
L_000002250929d0f0 .functor BUFT 1, C4<1000>, C4<0>, C4<0>, C4<0>;
v00000225091e8a40_0 .net/2u *"_ivl_12", 3 0, L_000002250929d0f0;  1 drivers
v00000225091e7be0_0 .net *"_ivl_14", 0 0, L_00000225092994c0;  1 drivers
v00000225091e75a0_0 .net *"_ivl_18", 31 0, L_0000022509299060;  1 drivers
L_000002250929d138 .functor BUFT 1, C4<0000000000000000000000000000000>, C4<0>, C4<0>, C4<0>;
v00000225091e85e0_0 .net *"_ivl_21", 30 0, L_000002250929d138;  1 drivers
L_000002250929d180 .functor BUFT 1, C4<00000000000000000000000000000001>, C4<0>, C4<0>, C4<0>;
v00000225091e89a0_0 .net/2u *"_ivl_22", 31 0, L_000002250929d180;  1 drivers
v00000225091e7640_0 .net *"_ivl_24", 0 0, L_0000022509299240;  1 drivers
o0000022509262458 .functor BUFZ 8, C4<zzzzzzzz>; HiZ drive
; Elide local net with no drivers, v00000225091e7fa0_0 name=_ivl_26
v00000225091e8cc0_0 .var *"_ivl_35", 0 0; Local signal
L_000002250929d0a8 .functor BUFT 1, C4<0000>, C4<0>, C4<0>, C4<0>;
v00000225091e7320_0 .net/2u *"_ivl_6", 3 0, L_000002250929d0a8;  1 drivers
v00000225091e7c80_0 .net *"_ivl_8", 0 0, L_0000022509298c00;  1 drivers
E_00000225091abd40/0 .event negedge, v00000225091e59f0_0;
E_00000225091abd40/1 .event posedge, v00000225091e59f0_0;
E_00000225091abd40 .event/or E_00000225091abd40/0, E_00000225091abd40/1;
E_00000225091ab3c0 .event posedge, v00000225091e7aa0_0;
E_00000225091ab4c0/0 .event anyedge, v00000225091b3610_0;
E_00000225091ab4c0/1 .event posedge, v00000225091b40b0_0;
E_00000225091ab4c0 .event/or E_00000225091ab4c0/0, E_00000225091ab4c0/1;
L_0000022509298c00 .cmp/eq 4, v00000225091e5d10_0, L_000002250929d0a8;
L_0000022509298e80 .functor MUXZ 1, L_000002250929d018, L_000002250929d060, L_0000022509298c00, C4<>;
L_00000225092994c0 .cmp/eq 4, v00000225091e5d10_0, L_000002250929d0f0;
L_0000022509298f20 .functor MUXZ 1, L_000002250929d018, L_000002250929d060, L_00000225092994c0, C4<>;
L_0000022509299060 .concat [ 1 31 0 0], o0000022509262308, L_000002250929d138;
L_0000022509299240 .cmp/eq 32, L_0000022509299060, L_000002250929d180;
L_0000022509299380 .functor MUXZ 8, o0000022509262458, L_0000022509298b60, L_0000022509299240, C4<>;
S_000002250914b590 .scope module, "receiver_shift_register" "SHIFT_REGISTER_8BIT" 2 114, 3 17 0, S_0000022509145890;
 .timescale -10 -10;
    .port_info 0 /INPUT 1 "CLK";
    .port_info 1 /INPUT 1 "CLR";
    .port_info 2 /INPUT 8 "P_DATA_IN";
    .port_info 3 /INPUT 1 "S_DATA_IN";
    .port_info 4 /INPUT 1 "SH_LD";
    .port_info 5 /OUTPUT 8 "P_DATA_OUT";
v00000225091e54f0_0 .net "CLK", 0 0, v00000225091e7f00_0;  1 drivers
v00000225091e5630_0 .net "CLR", 0 0, o0000022509260778;  alias, 0 drivers
o0000022509262038 .functor BUFZ 8, C4<zzzzzzzz>; HiZ drive
v00000225091e5770_0 .net "P_DATA_IN", 7 0, o0000022509262038;  0 drivers
v00000225091e5810_0 .net "P_DATA_OUT", 7 0, L_0000022509298b60;  alias, 1 drivers
v00000225091e58b0_0 .net "SH_LD", 0 0, L_000002250929d060;  alias, 1 drivers
v00000225091e5950_0 .net "S_DATA_IN", 0 0, o00000225092600e8;  alias, 0 drivers
L_00000225092987a0 .part o0000022509262038, 4, 4;
L_0000022509298a20 .part o0000022509262038, 0, 4;
L_0000022509298ac0 .part L_0000022509298b60, 4, 1;
L_0000022509298b60 .concat8 [ 4 4 0 0], L_0000022509299600, L_00000225092976c0;
S_000002250914b720 .scope module, "shift_register_0" "SHIFT_REGISTER_4BIT" 3 26, 4 17 0, S_000002250914b590;
 .timescale -10 -10;
    .port_info 0 /INPUT 1 "CLK";
    .port_info 1 /INPUT 1 "CLR";
    .port_info 2 /INPUT 4 "P_DATA_IN";
    .port_info 3 /INPUT 1 "S_DATA_IN";
    .port_info 4 /INPUT 1 "SH_LD";
    .port_info 5 /OUTPUT 4 "P_DATA_OUT";
L_00000225091b5bf0 .functor NOT 1, L_000002250929d060, C4<0>, C4<0>, C4<0>;
L_00000225091b6050 .functor NOT 1, o0000022509260778, C4<0>, C4<0>, C4<0>;
L_00000225091b54f0 .functor AND 1, L_00000225091b5bf0, L_0000022509296c20, C4<1>, C4<1>;
L_00000225091b6280 .functor NOR 1, L_000002250929d060, L_0000022509296ae0, C4<0>, C4<0>;
L_00000225091b5790 .functor AND 1, L_00000225091b5bf0, L_00000225092960e0, C4<1>, C4<1>;
L_00000225091b53a0 .functor NOR 1, L_000002250929d060, L_0000022509297da0, C4<0>, C4<0>;
L_00000225091b5cd0 .functor AND 1, L_00000225091b5bf0, L_0000022509297e40, C4<1>, C4<1>;
L_00000225091b6210 .functor NOR 1, L_000002250929d060, L_0000022509296cc0, C4<0>, C4<0>;
L_00000225091b5fe0 .functor AND 1, L_00000225091b5bf0, L_0000022509296e00, C4<1>, C4<1>;
L_00000225091b5560 .functor NOR 1, L_000002250929d060, L_0000022509298200, C4<0>, C4<0>;
L_00000225091b5db0 .functor AND 1, L_0000022509296f40, L_00000225091b6050, C4<1>, C4<1>;
L_00000225091b55d0 .functor OR 1, L_00000225092962c0, o0000022509260778, C4<0>, C4<0>;
L_00000225091b5a30 .functor AND 1, L_0000022509298340, L_00000225091b6050, C4<1>, C4<1>;
L_00000225091b5640 .functor OR 1, L_00000225092985c0, o0000022509260778, C4<0>, C4<0>;
L_00000225091b5b80 .functor AND 1, L_0000022509296fe0, L_00000225091b6050, C4<1>, C4<1>;
L_00000225091b56b0 .functor OR 1, L_00000225092965e0, o0000022509260778, C4<0>, C4<0>;
L_00000225091b5720 .functor AND 1, L_0000022509298660, L_00000225091b6050, C4<1>, C4<1>;
L_00000225091b59c0 .functor OR 1, L_0000022509297080, o0000022509260778, C4<0>, C4<0>;
L_00000225091b5b10 .functor BUFZ 4, L_00000225092987a0, C4<0000>, C4<0000>, C4<0000>;
v00000225091b3750_0 .net "CLK", 0 0, v00000225091e7f00_0;  alias, 1 drivers
v00000225091b3610_0 .net "CLR", 0 0, o0000022509260778;  alias, 0 drivers
v00000225091a1a50_0 .net "D_CLR", 3 0, L_0000022509298700;  1 drivers
v00000225091a1eb0_0 .net "D_DATA", 3 0, L_00000225091b5b10;  1 drivers
v00000225091a1ff0_0 .net "D_PRE", 3 0, L_0000022509296360;  1 drivers
v00000225091a2130_0 .net "P_DATA_IN", 3 0, L_00000225092987a0;  1 drivers
v00000225091a2630_0 .net "P_DATA_OUT", 3 0, L_00000225092976c0;  1 drivers
v00000225091a2770_0 .net "SH_LD", 0 0, L_000002250929d060;  alias, 1 drivers
v00000225091a2810_0 .net "S_CLR", 3 0, L_0000022509296540;  1 drivers
v00000225091688d0_0 .net "S_DATA_IN", 0 0, o00000225092600e8;  alias, 0 drivers
v0000022509168dd0_0 .net "S_PRE", 3 0, L_0000022509296180;  1 drivers
v0000022509166fd0_0 .net *"_ivl_101", 0 0, L_00000225091b56b0;  1 drivers
v0000022509167250_0 .net *"_ivl_104", 0 0, L_00000225092965e0;  1 drivers
v000002250918f930_0 .net *"_ivl_106", 0 0, L_00000225091b5720;  1 drivers
v000002250918fa70_0 .net *"_ivl_110", 0 0, L_0000022509298660;  1 drivers
v00000225091903d0_0 .net *"_ivl_112", 0 0, L_00000225091b59c0;  1 drivers
v0000022509181040_0 .net *"_ivl_116", 0 0, L_0000022509297080;  1 drivers
v00000225091810e0_0 .net *"_ivl_34", 0 0, L_00000225091b54f0;  1 drivers
v0000022509165420_0 .net *"_ivl_37", 0 0, L_0000022509296c20;  1 drivers
v00000225091e3620_0 .net *"_ivl_39", 0 0, L_00000225091b6280;  1 drivers
v00000225091e40c0_0 .net *"_ivl_42", 0 0, L_0000022509296ae0;  1 drivers
v00000225091e3f80_0 .net *"_ivl_44", 0 0, L_00000225091b5790;  1 drivers
v00000225091e47a0_0 .net *"_ivl_47", 0 0, L_00000225092960e0;  1 drivers
v00000225091e4de0_0 .net *"_ivl_49", 0 0, L_00000225091b53a0;  1 drivers
v00000225091e4840_0 .net *"_ivl_52", 0 0, L_0000022509297da0;  1 drivers
v00000225091e4020_0 .net *"_ivl_54", 0 0, L_00000225091b5cd0;  1 drivers
v00000225091e3080_0 .net *"_ivl_57", 0 0, L_0000022509297e40;  1 drivers
v00000225091e48e0_0 .net *"_ivl_59", 0 0, L_00000225091b6210;  1 drivers
v00000225091e38a0_0 .net *"_ivl_62", 0 0, L_0000022509296cc0;  1 drivers
v00000225091e3760_0 .net *"_ivl_64", 0 0, L_00000225091b5fe0;  1 drivers
v00000225091e3580_0 .net *"_ivl_68", 0 0, L_0000022509296e00;  1 drivers
v00000225091e3260_0 .net *"_ivl_70", 0 0, L_00000225091b5560;  1 drivers
v00000225091e33a0_0 .net *"_ivl_74", 0 0, L_0000022509298200;  1 drivers
v00000225091e39e0_0 .net *"_ivl_76", 0 0, L_00000225091b5db0;  1 drivers
v00000225091e45c0_0 .net *"_ivl_79", 0 0, L_0000022509296f40;  1 drivers
v00000225091e3300_0 .net *"_ivl_81", 0 0, L_00000225091b55d0;  1 drivers
v00000225091e3800_0 .net *"_ivl_84", 0 0, L_00000225092962c0;  1 drivers
v00000225091e3120_0 .net *"_ivl_86", 0 0, L_00000225091b5a30;  1 drivers
v00000225091e31c0_0 .net *"_ivl_89", 0 0, L_0000022509298340;  1 drivers
v00000225091e3bc0_0 .net *"_ivl_91", 0 0, L_00000225091b5640;  1 drivers
v00000225091e4980_0 .net *"_ivl_94", 0 0, L_00000225092985c0;  1 drivers
v00000225091e4660_0 .net *"_ivl_96", 0 0, L_00000225091b5b80;  1 drivers
v00000225091e43e0_0 .net *"_ivl_99", 0 0, L_0000022509296fe0;  1 drivers
v00000225091e4a20_0 .net "notCLR", 0 0, L_00000225091b6050;  1 drivers
v00000225091e3da0_0 .net "notSH_LD", 0 0, L_00000225091b5bf0;  1 drivers
L_0000022509296b80 .part L_0000022509298700, 0, 1;
L_0000022509297760 .part L_0000022509296360, 0, 1;
L_0000022509296860 .part L_00000225092976c0, 3, 1;
L_0000022509297a80 .part L_0000022509298700, 1, 1;
L_0000022509297580 .part L_0000022509296360, 1, 1;
L_0000022509297f80 .part L_00000225092976c0, 2, 1;
L_0000022509296900 .part L_0000022509298700, 2, 1;
L_0000022509297620 .part L_0000022509296360, 2, 1;
L_00000225092976c0 .concat8 [ 1 1 1 1], v00000225091b3570_0, v00000225091b3430_0, v00000225091b5230_0, v00000225091b46f0_0;
L_00000225092979e0 .part L_00000225092976c0, 1, 1;
L_0000022509298160 .part L_0000022509298700, 3, 1;
L_0000022509297b20 .part L_0000022509296360, 3, 1;
L_0000022509296c20 .part L_00000225091b5b10, 3, 1;
L_0000022509296ae0 .part L_00000225091b5b10, 3, 1;
L_00000225092960e0 .part L_00000225091b5b10, 2, 1;
L_0000022509297da0 .part L_00000225091b5b10, 2, 1;
L_0000022509297e40 .part L_00000225091b5b10, 1, 1;
L_0000022509296cc0 .part L_00000225091b5b10, 1, 1;
L_0000022509296180 .concat8 [ 1 1 1 1], L_00000225091b54f0, L_00000225091b5790, L_00000225091b5cd0, L_00000225091b5fe0;
L_0000022509296e00 .part L_00000225091b5b10, 0, 1;
L_0000022509296540 .concat8 [ 1 1 1 1], L_00000225091b6280, L_00000225091b53a0, L_00000225091b6210, L_00000225091b5560;
L_0000022509298200 .part L_00000225091b5b10, 0, 1;
L_0000022509296f40 .part L_0000022509296180, 0, 1;
L_00000225092962c0 .part L_0000022509296540, 0, 1;
L_0000022509298340 .part L_0000022509296180, 1, 1;
L_00000225092985c0 .part L_0000022509296540, 1, 1;
L_0000022509296fe0 .part L_0000022509296180, 2, 1;
L_00000225092965e0 .part L_0000022509296540, 2, 1;
L_0000022509296360 .concat8 [ 1 1 1 1], L_00000225091b5db0, L_00000225091b5a30, L_00000225091b5b80, L_00000225091b5720;
L_0000022509298660 .part L_0000022509296180, 3, 1;
L_0000022509298700 .concat8 [ 1 1 1 1], L_00000225091b55d0, L_00000225091b5640, L_00000225091b56b0, L_00000225091b59c0;
L_0000022509297080 .part L_0000022509296540, 3, 1;
S_0000022509143150 .scope module, "dff0" "d_ff" 4 34, 5 8 0, S_000002250914b720;
 .timescale -10 -10;
    .port_info 0 /OUTPUT 1 "Q";
    .port_info 1 /INPUT 1 "DATA";
    .port_info 2 /INPUT 1 "CLK";
    .port_info 3 /INPUT 1 "CLR";
    .port_info 4 /INPUT 1 "PRE";
v00000225091b40b0_0 .net "CLK", 0 0, v00000225091e7f00_0;  alias, 1 drivers
v00000225091b4f10_0 .net "CLR", 0 0, L_0000022509296b80;  1 drivers
v00000225091b39d0_0 .net "DATA", 0 0, o00000225092600e8;  alias, 0 drivers
v00000225091b3b10_0 .net "PRE", 0 0, L_0000022509297760;  1 drivers
v00000225091b46f0_0 .var "Q", 0 0;
E_00000225091aba00 .event posedge, v00000225091b40b0_0;
E_00000225091aba80 .event anyedge, v00000225091b3b10_0, v00000225091b4f10_0;
S_00000225091432e0 .scope module, "dff1" "d_ff" 4 35, 5 8 0, S_000002250914b720;
 .timescale -10 -10;
    .port_info 0 /OUTPUT 1 "Q";
    .port_info 1 /INPUT 1 "DATA";
    .port_info 2 /INPUT 1 "CLK";
    .port_info 3 /INPUT 1 "CLR";
    .port_info 4 /INPUT 1 "PRE";
v00000225091b50f0_0 .net "CLK", 0 0, v00000225091e7f00_0;  alias, 1 drivers
v00000225091b5050_0 .net "CLR", 0 0, L_0000022509297a80;  1 drivers
v00000225091b4470_0 .net "DATA", 0 0, L_0000022509296860;  1 drivers
v00000225091b3cf0_0 .net "PRE", 0 0, L_0000022509297580;  1 drivers
v00000225091b5230_0 .var "Q", 0 0;
E_00000225091abac0 .event anyedge, v00000225091b3cf0_0, v00000225091b5050_0;
S_0000022509102dc0 .scope module, "dff2" "d_ff" 4 36, 5 8 0, S_000002250914b720;
 .timescale -10 -10;
    .port_info 0 /OUTPUT 1 "Q";
    .port_info 1 /INPUT 1 "DATA";
    .port_info 2 /INPUT 1 "CLK";
    .port_info 3 /INPUT 1 "CLR";
    .port_info 4 /INPUT 1 "PRE";
v00000225091b45b0_0 .net "CLK", 0 0, v00000225091e7f00_0;  alias, 1 drivers
v00000225091b3ed0_0 .net "CLR", 0 0, L_0000022509296900;  1 drivers
v00000225091b4650_0 .net "DATA", 0 0, L_0000022509297f80;  1 drivers
v00000225091b5190_0 .net "PRE", 0 0, L_0000022509297620;  1 drivers
v00000225091b3430_0 .var "Q", 0 0;
E_00000225091abcc0 .event anyedge, v00000225091b5190_0, v00000225091b3ed0_0;
S_0000022509102f50 .scope module, "dff3" "d_ff" 4 37, 5 8 0, S_000002250914b720;
 .timescale -10 -10;
    .port_info 0 /OUTPUT 1 "Q";
    .port_info 1 /INPUT 1 "DATA";
    .port_info 2 /INPUT 1 "CLK";
    .port_info 3 /INPUT 1 "CLR";
    .port_info 4 /INPUT 1 "PRE";
v00000225091b4830_0 .net "CLK", 0 0, v00000225091e7f00_0;  alias, 1 drivers
v00000225091b34d0_0 .net "CLR", 0 0, L_0000022509298160;  1 drivers
v00000225091b4150_0 .net "DATA", 0 0, L_00000225092979e0;  1 drivers
v00000225091b4c90_0 .net "PRE", 0 0, L_0000022509297b20;  1 drivers
v00000225091b3570_0 .var "Q", 0 0;
E_00000225091ac0c0 .event anyedge, v00000225091b4c90_0, v00000225091b34d0_0;
S_00000225092912c0 .scope module, "shift_register_1" "SHIFT_REGISTER_4BIT" 3 34, 4 17 0, S_000002250914b590;
 .timescale -10 -10;
    .port_info 0 /INPUT 1 "CLK";
    .port_info 1 /INPUT 1 "CLR";
    .port_info 2 /INPUT 4 "P_DATA_IN";
    .port_info 3 /INPUT 1 "S_DATA_IN";
    .port_info 4 /INPUT 1 "SH_LD";
    .port_info 5 /OUTPUT 4 "P_DATA_OUT";
L_000002250914fd40 .functor NOT 1, L_000002250929d060, C4<0>, C4<0>, C4<0>;
L_0000022509150670 .functor NOT 1, o0000022509260778, C4<0>, C4<0>, C4<0>;
L_000002250914f790 .functor AND 1, L_000002250914fd40, L_0000022509298840, C4<1>, C4<1>;
L_000002250914fb80 .functor NOR 1, L_000002250929d060, L_00000225092997e0, C4<0>, C4<0>;
L_000002250914ff70 .functor AND 1, L_000002250914fd40, L_0000022509299b00, C4<1>, C4<1>;
L_000002250914fb10 .functor NOR 1, L_000002250929d060, L_0000022509299740, C4<0>, C4<0>;
L_000002250914fc60 .functor AND 1, L_000002250914fd40, L_00000225092996a0, C4<1>, C4<1>;
L_00000225091a0c90 .functor NOR 1, L_000002250929d060, L_0000022509299920, C4<0>, C4<0>;
L_00000225091a02f0 .functor AND 1, L_000002250914fd40, L_0000022509298fc0, C4<1>, C4<1>;
L_00000225091a0050 .functor NOR 1, L_000002250929d060, L_0000022509299d80, C4<0>, C4<0>;
L_00000225091a01a0 .functor AND 1, L_0000022509299880, L_0000022509150670, C4<1>, C4<1>;
L_000002250917e5d0 .functor OR 1, L_0000022509299560, o0000022509260778, C4<0>, C4<0>;
L_000002250917eb10 .functor AND 1, L_0000022509299ba0, L_0000022509150670, C4<1>, C4<1>;
L_000002250917e800 .functor OR 1, L_0000022509299ec0, o0000022509260778, C4<0>, C4<0>;
L_00000225091b5c60 .functor AND 1, L_0000022509298980, L_0000022509150670, C4<1>, C4<1>;
L_000002250929c360 .functor OR 1, L_00000225092999c0, o0000022509260778, C4<0>, C4<0>;
L_000002250929c520 .functor AND 1, L_0000022509299a60, L_0000022509150670, C4<1>, C4<1>;
L_000002250929cde0 .functor OR 1, L_0000022509299ce0, o0000022509260778, C4<0>, C4<0>;
L_000002250929cec0 .functor BUFZ 4, L_0000022509298a20, C4<0000>, C4<0000>, C4<0000>;
v00000225091e4480_0 .net "CLK", 0 0, v00000225091e7f00_0;  alias, 1 drivers
v00000225091e4e80_0 .net "CLR", 0 0, o0000022509260778;  alias, 0 drivers
v00000225091e4520_0 .net "D_CLR", 3 0, L_0000022509298d40;  1 drivers
v00000225091e4f20_0 .net "D_DATA", 3 0, L_000002250929cec0;  1 drivers
v00000225091e6d50_0 .net "D_PRE", 3 0, L_00000225092992e0;  1 drivers
v00000225091e5bd0_0 .net "P_DATA_IN", 3 0, L_0000022509298a20;  1 drivers
v00000225091e6850_0 .net "P_DATA_OUT", 3 0, L_0000022509299600;  1 drivers
v00000225091e5c70_0 .net "SH_LD", 0 0, L_000002250929d060;  alias, 1 drivers
v00000225091e6990_0 .net "S_CLR", 3 0, L_0000022509299c40;  1 drivers
v00000225091e6e90_0 .net "S_DATA_IN", 0 0, L_0000022509298ac0;  1 drivers
v00000225091e6a30_0 .net "S_PRE", 3 0, L_00000225092988e0;  1 drivers
v00000225091e5270_0 .net *"_ivl_101", 0 0, L_000002250929c360;  1 drivers
v00000225091e5310_0 .net *"_ivl_104", 0 0, L_00000225092999c0;  1 drivers
v00000225091e6670_0 .net *"_ivl_106", 0 0, L_000002250929c520;  1 drivers
v00000225091e6c10_0 .net *"_ivl_110", 0 0, L_0000022509299a60;  1 drivers
v00000225091e53b0_0 .net *"_ivl_112", 0 0, L_000002250929cde0;  1 drivers
v00000225091e5590_0 .net *"_ivl_116", 0 0, L_0000022509299ce0;  1 drivers
v00000225091e6f30_0 .net *"_ivl_34", 0 0, L_000002250914f790;  1 drivers
v00000225091e6df0_0 .net *"_ivl_37", 0 0, L_0000022509298840;  1 drivers
v00000225091e60d0_0 .net *"_ivl_39", 0 0, L_000002250914fb80;  1 drivers
v00000225091e65d0_0 .net *"_ivl_42", 0 0, L_00000225092997e0;  1 drivers
v00000225091e5ef0_0 .net *"_ivl_44", 0 0, L_000002250914ff70;  1 drivers
v00000225091e6710_0 .net *"_ivl_47", 0 0, L_0000022509299b00;  1 drivers
v00000225091e51d0_0 .net *"_ivl_49", 0 0, L_000002250914fb10;  1 drivers
v00000225091e62b0_0 .net *"_ivl_52", 0 0, L_0000022509299740;  1 drivers
v00000225091e5db0_0 .net *"_ivl_54", 0 0, L_000002250914fc60;  1 drivers
v00000225091e5a90_0 .net *"_ivl_57", 0 0, L_00000225092996a0;  1 drivers
v00000225091e6ad0_0 .net *"_ivl_59", 0 0, L_00000225091a0c90;  1 drivers
v00000225091e6cb0_0 .net *"_ivl_62", 0 0, L_0000022509299920;  1 drivers
v00000225091e6b70_0 .net *"_ivl_64", 0 0, L_00000225091a02f0;  1 drivers
v00000225091e5f90_0 .net *"_ivl_68", 0 0, L_0000022509298fc0;  1 drivers
v00000225091e5090_0 .net *"_ivl_70", 0 0, L_00000225091a0050;  1 drivers
v00000225091e6170_0 .net *"_ivl_74", 0 0, L_0000022509299d80;  1 drivers
v00000225091e6030_0 .net *"_ivl_76", 0 0, L_00000225091a01a0;  1 drivers
v00000225091e56d0_0 .net *"_ivl_79", 0 0, L_0000022509299880;  1 drivers
v00000225091e6210_0 .net *"_ivl_81", 0 0, L_000002250917e5d0;  1 drivers
v00000225091e5e50_0 .net *"_ivl_84", 0 0, L_0000022509299560;  1 drivers
v00000225091e6350_0 .net *"_ivl_86", 0 0, L_000002250917eb10;  1 drivers
v00000225091e68f0_0 .net *"_ivl_89", 0 0, L_0000022509299ba0;  1 drivers
v00000225091e6530_0 .net *"_ivl_91", 0 0, L_000002250917e800;  1 drivers
v00000225091e63f0_0 .net *"_ivl_94", 0 0, L_0000022509299ec0;  1 drivers
v00000225091e5130_0 .net *"_ivl_96", 0 0, L_00000225091b5c60;  1 drivers
v00000225091e6490_0 .net *"_ivl_99", 0 0, L_0000022509298980;  1 drivers
v00000225091e5450_0 .net "notCLR", 0 0, L_0000022509150670;  1 drivers
v00000225091e67b0_0 .net "notSH_LD", 0 0, L_000002250914fd40;  1 drivers
L_0000022509296040 .part L_0000022509298d40, 0, 1;
L_00000225092964a0 .part L_00000225092992e0, 0, 1;
L_0000022509296680 .part L_0000022509299600, 3, 1;
L_0000022509297120 .part L_0000022509298d40, 1, 1;
L_00000225092971c0 .part L_00000225092992e0, 1, 1;
L_0000022509297260 .part L_0000022509299600, 2, 1;
L_0000022509298ca0 .part L_0000022509298d40, 2, 1;
L_00000225092991a0 .part L_00000225092992e0, 2, 1;
L_0000022509299600 .concat8 [ 1 1 1 1], v00000225091e4d40_0, v00000225091e3e40_0, v00000225091e4c00_0, v00000225091e3c60_0;
L_0000022509299100 .part L_0000022509299600, 1, 1;
L_0000022509299e20 .part L_0000022509298d40, 3, 1;
L_0000022509298de0 .part L_00000225092992e0, 3, 1;
L_0000022509298840 .part L_000002250929cec0, 3, 1;
L_00000225092997e0 .part L_000002250929cec0, 3, 1;
L_0000022509299b00 .part L_000002250929cec0, 2, 1;
L_0000022509299740 .part L_000002250929cec0, 2, 1;
L_00000225092996a0 .part L_000002250929cec0, 1, 1;
L_0000022509299920 .part L_000002250929cec0, 1, 1;
L_00000225092988e0 .concat8 [ 1 1 1 1], L_000002250914f790, L_000002250914ff70, L_000002250914fc60, L_00000225091a02f0;
L_0000022509298fc0 .part L_000002250929cec0, 0, 1;
L_0000022509299c40 .concat8 [ 1 1 1 1], L_000002250914fb80, L_000002250914fb10, L_00000225091a0c90, L_00000225091a0050;
L_0000022509299d80 .part L_000002250929cec0, 0, 1;
L_0000022509299880 .part L_00000225092988e0, 0, 1;
L_0000022509299560 .part L_0000022509299c40, 0, 1;
L_0000022509299ba0 .part L_00000225092988e0, 1, 1;
L_0000022509299ec0 .part L_0000022509299c40, 1, 1;
L_0000022509298980 .part L_00000225092988e0, 2, 1;
L_00000225092999c0 .part L_0000022509299c40, 2, 1;
L_00000225092992e0 .concat8 [ 1 1 1 1], L_00000225091a01a0, L_000002250917eb10, L_00000225091b5c60, L_000002250929c520;
L_0000022509299a60 .part L_00000225092988e0, 3, 1;
L_0000022509298d40 .concat8 [ 1 1 1 1], L_000002250917e5d0, L_000002250917e800, L_000002250929c360, L_000002250929cde0;
L_0000022509299ce0 .part L_0000022509299c40, 3, 1;
S_0000022509291450 .scope module, "dff0" "d_ff" 4 34, 5 8 0, S_00000225092912c0;
 .timescale -10 -10;
    .port_info 0 /OUTPUT 1 "Q";
    .port_info 1 /INPUT 1 "DATA";
    .port_info 2 /INPUT 1 "CLK";
    .port_info 3 /INPUT 1 "CLR";
    .port_info 4 /INPUT 1 "PRE";
v00000225091e3940_0 .net "CLK", 0 0, v00000225091e7f00_0;  alias, 1 drivers
v00000225091e3a80_0 .net "CLR", 0 0, L_0000022509296040;  1 drivers
v00000225091e4700_0 .net "DATA", 0 0, L_0000022509298ac0;  alias, 1 drivers
v00000225091e3440_0 .net "PRE", 0 0, L_00000225092964a0;  1 drivers
v00000225091e3c60_0 .var "Q", 0 0;
E_00000225091ace40 .event anyedge, v00000225091e3440_0, v00000225091e3a80_0;
S_00000225092915e0 .scope module, "dff1" "d_ff" 4 35, 5 8 0, S_00000225092912c0;
 .timescale -10 -10;
    .port_info 0 /OUTPUT 1 "Q";
    .port_info 1 /INPUT 1 "DATA";
    .port_info 2 /INPUT 1 "CLK";
    .port_info 3 /INPUT 1 "CLR";
    .port_info 4 /INPUT 1 "PRE";
v00000225091e3b20_0 .net "CLK", 0 0, v00000225091e7f00_0;  alias, 1 drivers
v00000225091e4ac0_0 .net "CLR", 0 0, L_0000022509297120;  1 drivers
v00000225091e34e0_0 .net "DATA", 0 0, L_0000022509296680;  1 drivers
v00000225091e42a0_0 .net "PRE", 0 0, L_00000225092971c0;  1 drivers
v00000225091e4c00_0 .var "Q", 0 0;
E_00000225091acf40 .event anyedge, v00000225091e42a0_0, v00000225091e4ac0_0;
S_0000022509291770 .scope module, "dff2" "d_ff" 4 36, 5 8 0, S_00000225092912c0;
 .timescale -10 -10;
    .port_info 0 /OUTPUT 1 "Q";
    .port_info 1 /INPUT 1 "DATA";
    .port_info 2 /INPUT 1 "CLK";
    .port_info 3 /INPUT 1 "CLR";
    .port_info 4 /INPUT 1 "PRE";
v00000225091e4b60_0 .net "CLK", 0 0, v00000225091e7f00_0;  alias, 1 drivers
v00000225091e36c0_0 .net "CLR", 0 0, L_0000022509298ca0;  1 drivers
v00000225091e4340_0 .net "DATA", 0 0, L_0000022509297260;  1 drivers
v00000225091e3d00_0 .net "PRE", 0 0, L_00000225092991a0;  1 drivers
v00000225091e3e40_0 .var "Q", 0 0;
E_00000225091ac580 .event anyedge, v00000225091e3d00_0, v00000225091e36c0_0;
S_0000022509291900 .scope module, "dff3" "d_ff" 4 37, 5 8 0, S_00000225092912c0;
 .timescale -10 -10;
    .port_info 0 /OUTPUT 1 "Q";
    .port_info 1 /INPUT 1 "DATA";
    .port_info 2 /INPUT 1 "CLK";
    .port_info 3 /INPUT 1 "CLR";
    .port_info 4 /INPUT 1 "PRE";
v00000225091e3ee0_0 .net "CLK", 0 0, v00000225091e7f00_0;  alias, 1 drivers
v00000225091e4ca0_0 .net "CLR", 0 0, L_0000022509299e20;  1 drivers
v00000225091e4160_0 .net "DATA", 0 0, L_0000022509299100;  1 drivers
v00000225091e4200_0 .net "PRE", 0 0, L_0000022509298de0;  1 drivers
v00000225091e4d40_0 .var "Q", 0 0;
E_00000225091ac940 .event anyedge, v00000225091e4200_0, v00000225091e4ca0_0;
S_0000022509145a20 .scope module, "sender" "sender" 2 25;
 .timescale -10 -10;
    .port_info 0 /INPUT 8 "DATA";
    .port_info 1 /INPUT 1 "CLR";
    .port_info 2 /INPUT 1 "WRITE";
    .port_info 3 /INPUT 1 "TE";
    .port_info 4 /INPUT 1 "CLK";
    .port_info 5 /OUTPUT 1 "MOSI";
    .port_info 6 /OUTPUT 1 "FULL_STATE";
    .port_info 7 /OUTPUT 1 "EMPTY_STATE";
o0000022509264918 .functor BUFZ 1, C4<z>; HiZ drive
L_00000225092f9810 .functor NOT 1, o0000022509264918, C4<0>, C4<0>, C4<0>;
o00000225092648e8 .functor BUFZ 1, C4<z>; HiZ drive
L_000002250929d210 .functor BUFT 1, C4<1>, C4<0>, C4<0>, C4<0>;
L_00000225092f9650 .functor XNOR 1, o00000225092648e8, L_000002250929d210, C4<0>, C4<0>;
o00000225092647c8 .functor BUFZ 1, C4<z>; HiZ drive
v0000022509296400_0 .net "CLK", 0 0, o00000225092647c8;  0 drivers
o0000022509262d88 .functor BUFZ 1, C4<z>; HiZ drive
v0000022509297d00_0 .net "CLR", 0 0, o0000022509262d88;  0 drivers
v0000022509298520_0 .var "COUNT_SENT", 3 0;
o0000022509264648 .functor BUFZ 8, C4<zzzzzzzz>; HiZ drive
v0000022509297300_0 .net "DATA", 7 0, o0000022509264648;  0 drivers
v00000225092969a0_0 .net "EMPTY_STATE", 0 0, L_00000225092f68e0;  1 drivers
v0000022509296ea0_0 .net "FULL_STATE", 0 0, L_00000225092f5620;  1 drivers
v0000022509297c60_0 .net "HIGH", 0 0, L_000002250929d210;  1 drivers
L_000002250929d1c8 .functor BUFT 1, C4<0>, C4<0>, C4<0>, C4<0>;
v00000225092982a0_0 .net "LOW", 0 0, L_000002250929d1c8;  1 drivers
v00000225092974e0_0 .net "MOSI", 0 0, L_00000225092f6700;  1 drivers
v0000022509297940_0 .net "P_DATA_OUT", 7 0, L_00000225092f6c00;  1 drivers
v0000022509296720_0 .var "SHIFT_CLK", 0 0;
v00000225092983e0_0 .net "TE", 0 0, o00000225092648e8;  0 drivers
v00000225092973a0_0 .net "WRITE", 0 0, o0000022509264918;  0 drivers
L_000002250929d258 .functor BUFT 1, C4<1000>, C4<0>, C4<0>, C4<0>;
v0000022509297bc0_0 .net/2u *"_ivl_12", 3 0, L_000002250929d258;  1 drivers
v0000022509296220_0 .net *"_ivl_14", 0 0, L_00000225092f6020;  1 drivers
L_000002250929d2a0 .functor BUFT 1, C4<0000>, C4<0>, C4<0>, C4<0>;
v0000022509297ee0_0 .net/2u *"_ivl_18", 3 0, L_000002250929d2a0;  1 drivers
v00000225092967c0_0 .net *"_ivl_20", 0 0, L_00000225092f5c60;  1 drivers
v0000022509296d60_0 .var *"_ivl_29", 0 0; Local signal
v00000225092980c0_0 .net *"_ivl_6", 0 0, L_00000225092f9650;  1 drivers
v0000022509297440_0 .net *"_ivl_9", 0 0, L_00000225092f5a80;  1 drivers
E_00000225091ab6c0 .event anyedge, v0000022509296400_0;
E_00000225091ac700 .event posedge, v00000225092973a0_0;
E_00000225091aca00/0 .event anyedge, v00000225091e7960_0;
E_00000225091aca00/1 .event posedge, v00000225091e8ae0_0;
E_00000225091aca00 .event/or E_00000225091aca00/0, E_00000225091aca00/1;
L_00000225092f5a80 .part L_00000225092f6c00, 0, 1;
L_00000225092f6700 .functor MUXZ 1, L_000002250929d1c8, L_00000225092f5a80, L_00000225092f9650, C4<>;
L_00000225092f6020 .cmp/eq 4, v0000022509298520_0, L_000002250929d258;
L_00000225092f68e0 .functor MUXZ 1, L_000002250929d1c8, L_000002250929d210, L_00000225092f6020, C4<>;
L_00000225092f5c60 .cmp/eq 4, v0000022509298520_0, L_000002250929d2a0;
L_00000225092f5620 .functor MUXZ 1, L_000002250929d1c8, L_000002250929d210, L_00000225092f5c60, C4<>;
S_0000022509291ca0 .scope module, "sender_shift_register" "SHIFT_REGISTER_8BIT" 2 44, 3 17 0, S_0000022509145a20;
 .timescale -10 -10;
    .port_info 0 /INPUT 1 "CLK";
    .port_info 1 /INPUT 1 "CLR";
    .port_info 2 /INPUT 8 "P_DATA_IN";
    .port_info 3 /INPUT 1 "S_DATA_IN";
    .port_info 4 /INPUT 1 "SH_LD";
    .port_info 5 /OUTPUT 8 "P_DATA_OUT";
v0000022509294c90_0 .net "CLK", 0 0, v0000022509296720_0;  1 drivers
v0000022509296a40_0 .net "CLR", 0 0, o0000022509262d88;  alias, 0 drivers
v0000022509298480_0 .net "P_DATA_IN", 7 0, o0000022509264648;  alias, 0 drivers
v00000225092978a0_0 .net "P_DATA_OUT", 7 0, L_00000225092f6c00;  alias, 1 drivers
v0000022509298020_0 .net "SH_LD", 0 0, L_00000225092f9810;  1 drivers
v0000022509297800_0 .net "S_DATA_IN", 0 0, L_000002250929d1c8;  alias, 1 drivers
L_000002250929ac20 .part o0000022509264648, 4, 4;
L_00000225092f5260 .part o0000022509264648, 0, 4;
L_00000225092f62a0 .part L_00000225092f6c00, 4, 1;
L_00000225092f6c00 .concat8 [ 4 4 0 0], L_000002250929aea0, L_000002250929b440;
S_0000022509291e30 .scope module, "shift_register_0" "SHIFT_REGISTER_4BIT" 3 26, 4 17 0, S_0000022509291ca0;
 .timescale -10 -10;
    .port_info 0 /INPUT 1 "CLK";
    .port_info 1 /INPUT 1 "CLR";
    .port_info 2 /INPUT 4 "P_DATA_IN";
    .port_info 3 /INPUT 1 "S_DATA_IN";
    .port_info 4 /INPUT 1 "SH_LD";
    .port_info 5 /OUTPUT 4 "P_DATA_OUT";
L_000002250929c210 .functor NOT 1, L_00000225092f9810, C4<0>, C4<0>, C4<0>;
L_000002250929c590 .functor NOT 1, o0000022509262d88, C4<0>, C4<0>, C4<0>;
L_000002250929c2f0 .functor AND 1, L_000002250929c210, L_000002250929b940, C4<1>, C4<1>;
L_000002250929c600 .functor NOR 1, L_00000225092f9810, L_000002250929b580, C4<0>, C4<0>;
L_000002250929c1a0 .functor AND 1, L_000002250929c210, L_000002250929aae0, C4<1>, C4<1>;
L_000002250929c440 .functor NOR 1, L_00000225092f9810, L_000002250929a040, C4<0>, C4<0>;
L_000002250929c280 .functor AND 1, L_000002250929c210, L_000002250929a9a0, C4<1>, C4<1>;
L_000002250929c670 .functor NOR 1, L_00000225092f9810, L_000002250929b4e0, C4<0>, C4<0>;
L_000002250929c0c0 .functor AND 1, L_000002250929c210, L_000002250929b6c0, C4<1>, C4<1>;
L_000002250929c3d0 .functor NOR 1, L_00000225092f9810, L_000002250929bc60, C4<0>, C4<0>;
L_000002250929c130 .functor AND 1, L_000002250929ba80, L_000002250929c590, C4<1>, C4<1>;
L_000002250929c8a0 .functor OR 1, L_000002250929b120, o0000022509262d88, C4<0>, C4<0>;
L_000002250929c6e0 .functor AND 1, L_000002250929ab80, L_000002250929c590, C4<1>, C4<1>;
L_000002250929cf30 .functor OR 1, L_000002250929b1c0, o0000022509262d88, C4<0>, C4<0>;
L_000002250929c910 .functor AND 1, L_000002250929b760, L_000002250929c590, C4<1>, C4<1>;
L_000002250929c050 .functor OR 1, L_000002250929b300, o0000022509262d88, C4<0>, C4<0>;
L_000002250929c4b0 .functor AND 1, L_000002250929bd00, L_000002250929c590, C4<1>, C4<1>;
L_000002250929c750 .functor OR 1, L_000002250929bda0, o0000022509262d88, C4<0>, C4<0>;
L_000002250929c7c0 .functor BUFZ 4, L_000002250929ac20, C4<0000>, C4<0000>, C4<0000>;
v00000225091e8c20_0 .net "CLK", 0 0, v0000022509296720_0;  alias, 1 drivers
v00000225091e7960_0 .net "CLR", 0 0, o0000022509262d88;  alias, 0 drivers
v00000225091e8180_0 .net "D_CLR", 3 0, L_000002250929be40;  1 drivers
v00000225091e8ea0_0 .net "D_DATA", 3 0, L_000002250929c7c0;  1 drivers
v00000225091e7a00_0 .net "D_PRE", 3 0, L_000002250929acc0;  1 drivers
v00000225091e8220_0 .net "P_DATA_IN", 3 0, L_000002250929ac20;  1 drivers
v00000225091e8540_0 .net "P_DATA_OUT", 3 0, L_000002250929b440;  1 drivers
v00000225091e8860_0 .net "SH_LD", 0 0, L_00000225092f9810;  alias, 1 drivers
v00000225091e8e00_0 .net "S_CLR", 3 0, L_000002250929b620;  1 drivers
v00000225091e8f40_0 .net "S_DATA_IN", 0 0, L_000002250929d1c8;  alias, 1 drivers
v00000225092936b0_0 .net "S_PRE", 3 0, L_000002250929b9e0;  1 drivers
v0000022509292710_0 .net *"_ivl_101", 0 0, L_000002250929c050;  1 drivers
v0000022509294650_0 .net *"_ivl_104", 0 0, L_000002250929b300;  1 drivers
v00000225092928f0_0 .net *"_ivl_106", 0 0, L_000002250929c4b0;  1 drivers
v0000022509292fd0_0 .net *"_ivl_110", 0 0, L_000002250929bd00;  1 drivers
v0000022509293bb0_0 .net *"_ivl_112", 0 0, L_000002250929c750;  1 drivers
v0000022509293c50_0 .net *"_ivl_116", 0 0, L_000002250929bda0;  1 drivers
v0000022509292210_0 .net *"_ivl_34", 0 0, L_000002250929c2f0;  1 drivers
v0000022509292990_0 .net *"_ivl_37", 0 0, L_000002250929b940;  1 drivers
v0000022509292b70_0 .net *"_ivl_39", 0 0, L_000002250929c600;  1 drivers
v0000022509292df0_0 .net *"_ivl_42", 0 0, L_000002250929b580;  1 drivers
v00000225092932f0_0 .net *"_ivl_44", 0 0, L_000002250929c1a0;  1 drivers
v0000022509293cf0_0 .net *"_ivl_47", 0 0, L_000002250929aae0;  1 drivers
v0000022509293750_0 .net *"_ivl_49", 0 0, L_000002250929c440;  1 drivers
v0000022509293430_0 .net *"_ivl_52", 0 0, L_000002250929a040;  1 drivers
v0000022509293d90_0 .net *"_ivl_54", 0 0, L_000002250929c280;  1 drivers
v0000022509293930_0 .net *"_ivl_57", 0 0, L_000002250929a9a0;  1 drivers
v00000225092927b0_0 .net *"_ivl_59", 0 0, L_000002250929c670;  1 drivers
v0000022509292ad0_0 .net *"_ivl_62", 0 0, L_000002250929b4e0;  1 drivers
v0000022509292170_0 .net *"_ivl_64", 0 0, L_000002250929c0c0;  1 drivers
v00000225092931b0_0 .net *"_ivl_68", 0 0, L_000002250929b6c0;  1 drivers
v00000225092937f0_0 .net *"_ivl_70", 0 0, L_000002250929c3d0;  1 drivers
v0000022509292a30_0 .net *"_ivl_74", 0 0, L_000002250929bc60;  1 drivers
v00000225092939d0_0 .net *"_ivl_76", 0 0, L_000002250929c130;  1 drivers
v0000022509292530_0 .net *"_ivl_79", 0 0, L_000002250929ba80;  1 drivers
v0000022509293b10_0 .net *"_ivl_81", 0 0, L_000002250929c8a0;  1 drivers
v0000022509292490_0 .net *"_ivl_84", 0 0, L_000002250929b120;  1 drivers
v0000022509293890_0 .net *"_ivl_86", 0 0, L_000002250929c6e0;  1 drivers
v0000022509293250_0 .net *"_ivl_89", 0 0, L_000002250929ab80;  1 drivers
v00000225092943d0_0 .net *"_ivl_91", 0 0, L_000002250929cf30;  1 drivers
v00000225092922b0_0 .net *"_ivl_94", 0 0, L_000002250929b1c0;  1 drivers
v0000022509292cb0_0 .net *"_ivl_96", 0 0, L_000002250929c910;  1 drivers
v0000022509292030_0 .net *"_ivl_99", 0 0, L_000002250929b760;  1 drivers
v00000225092934d0_0 .net "notCLR", 0 0, L_000002250929c590;  1 drivers
v0000022509293e30_0 .net "notSH_LD", 0 0, L_000002250929c210;  1 drivers
L_0000022509299420 .part L_000002250929be40, 0, 1;
L_000002250929b260 .part L_000002250929acc0, 0, 1;
L_000002250929a680 .part L_000002250929b440, 3, 1;
L_000002250929af40 .part L_000002250929be40, 1, 1;
L_000002250929b3a0 .part L_000002250929acc0, 1, 1;
L_000002250929b800 .part L_000002250929b440, 2, 1;
L_000002250929b080 .part L_000002250929be40, 2, 1;
L_000002250929b8a0 .part L_000002250929acc0, 2, 1;
L_000002250929b440 .concat8 [ 1 1 1 1], v00000225091e87c0_0, v00000225091e7dc0_0, v00000225091e7780_0, v00000225091e8400_0;
L_000002250929afe0 .part L_000002250929b440, 1, 1;
L_000002250929bb20 .part L_000002250929be40, 3, 1;
L_000002250929aa40 .part L_000002250929acc0, 3, 1;
L_000002250929b940 .part L_000002250929c7c0, 3, 1;
L_000002250929b580 .part L_000002250929c7c0, 3, 1;
L_000002250929aae0 .part L_000002250929c7c0, 2, 1;
L_000002250929a040 .part L_000002250929c7c0, 2, 1;
L_000002250929a9a0 .part L_000002250929c7c0, 1, 1;
L_000002250929b4e0 .part L_000002250929c7c0, 1, 1;
L_000002250929b9e0 .concat8 [ 1 1 1 1], L_000002250929c2f0, L_000002250929c1a0, L_000002250929c280, L_000002250929c0c0;
L_000002250929b6c0 .part L_000002250929c7c0, 0, 1;
L_000002250929b620 .concat8 [ 1 1 1 1], L_000002250929c600, L_000002250929c440, L_000002250929c670, L_000002250929c3d0;
L_000002250929bc60 .part L_000002250929c7c0, 0, 1;
L_000002250929ba80 .part L_000002250929b9e0, 0, 1;
L_000002250929b120 .part L_000002250929b620, 0, 1;
L_000002250929ab80 .part L_000002250929b9e0, 1, 1;
L_000002250929b1c0 .part L_000002250929b620, 1, 1;
L_000002250929b760 .part L_000002250929b9e0, 2, 1;
L_000002250929b300 .part L_000002250929b620, 2, 1;
L_000002250929acc0 .concat8 [ 1 1 1 1], L_000002250929c130, L_000002250929c6e0, L_000002250929c910, L_000002250929c4b0;
L_000002250929bd00 .part L_000002250929b9e0, 3, 1;
L_000002250929be40 .concat8 [ 1 1 1 1], L_000002250929c8a0, L_000002250929cf30, L_000002250929c050, L_000002250929c750;
L_000002250929bda0 .part L_000002250929b620, 3, 1;
S_00000225091e9060 .scope module, "dff0" "d_ff" 4 34, 5 8 0, S_0000022509291e30;
 .timescale -10 -10;
    .port_info 0 /OUTPUT 1 "Q";
    .port_info 1 /INPUT 1 "DATA";
    .port_info 2 /INPUT 1 "CLK";
    .port_info 3 /INPUT 1 "CLR";
    .port_info 4 /INPUT 1 "PRE";
v00000225091e8ae0_0 .net "CLK", 0 0, v0000022509296720_0;  alias, 1 drivers
v00000225091e7460_0 .net "CLR", 0 0, L_0000022509299420;  1 drivers
v00000225091e7d20_0 .net "DATA", 0 0, L_000002250929d1c8;  alias, 1 drivers
v00000225091e8900_0 .net "PRE", 0 0, L_000002250929b260;  1 drivers
v00000225091e8400_0 .var "Q", 0 0;
E_00000225091acc40 .event posedge, v00000225091e8ae0_0;
E_00000225091ad340 .event anyedge, v00000225091e8900_0, v00000225091e7460_0;
S_00000225091e91f0 .scope module, "dff1" "d_ff" 4 35, 5 8 0, S_0000022509291e30;
 .timescale -10 -10;
    .port_info 0 /OUTPUT 1 "Q";
    .port_info 1 /INPUT 1 "DATA";
    .port_info 2 /INPUT 1 "CLK";
    .port_info 3 /INPUT 1 "CLR";
    .port_info 4 /INPUT 1 "PRE";
v00000225091e76e0_0 .net "CLK", 0 0, v0000022509296720_0;  alias, 1 drivers
v00000225091e84a0_0 .net "CLR", 0 0, L_000002250929af40;  1 drivers
v00000225091e8b80_0 .net "DATA", 0 0, L_000002250929a680;  1 drivers
v00000225091e71e0_0 .net "PRE", 0 0, L_000002250929b3a0;  1 drivers
v00000225091e7780_0 .var "Q", 0 0;
E_00000225091ad280 .event anyedge, v00000225091e71e0_0, v00000225091e84a0_0;
S_00000225091edd40 .scope module, "dff2" "d_ff" 4 36, 5 8 0, S_0000022509291e30;
 .timescale -10 -10;
    .port_info 0 /OUTPUT 1 "Q";
    .port_info 1 /INPUT 1 "DATA";
    .port_info 2 /INPUT 1 "CLK";
    .port_info 3 /INPUT 1 "CLR";
    .port_info 4 /INPUT 1 "PRE";
v00000225091e8720_0 .net "CLK", 0 0, v0000022509296720_0;  alias, 1 drivers
v00000225091e7820_0 .net "CLR", 0 0, L_000002250929b080;  1 drivers
v00000225091e8360_0 .net "DATA", 0 0, L_000002250929b800;  1 drivers
v00000225091e7e60_0 .net "PRE", 0 0, L_000002250929b8a0;  1 drivers
v00000225091e7dc0_0 .var "Q", 0 0;
E_00000225091acb40 .event anyedge, v00000225091e7e60_0, v00000225091e7820_0;
S_00000225091eda20 .scope module, "dff3" "d_ff" 4 37, 5 8 0, S_0000022509291e30;
 .timescale -10 -10;
    .port_info 0 /OUTPUT 1 "Q";
    .port_info 1 /INPUT 1 "DATA";
    .port_info 2 /INPUT 1 "CLK";
    .port_info 3 /INPUT 1 "CLR";
    .port_info 4 /INPUT 1 "PRE";
v00000225091e8d60_0 .net "CLK", 0 0, v0000022509296720_0;  alias, 1 drivers
v00000225091e78c0_0 .net "CLR", 0 0, L_000002250929bb20;  1 drivers
v00000225091e82c0_0 .net "DATA", 0 0, L_000002250929afe0;  1 drivers
v00000225091e7140_0 .net "PRE", 0 0, L_000002250929aa40;  1 drivers
v00000225091e87c0_0 .var "Q", 0 0;
E_00000225091acb80 .event anyedge, v00000225091e7140_0, v00000225091e78c0_0;
S_00000225091edbb0 .scope module, "shift_register_1" "SHIFT_REGISTER_4BIT" 3 34, 4 17 0, S_0000022509291ca0;
 .timescale -10 -10;
    .port_info 0 /INPUT 1 "CLK";
    .port_info 1 /INPUT 1 "CLR";
    .port_info 2 /INPUT 4 "P_DATA_IN";
    .port_info 3 /INPUT 1 "S_DATA_IN";
    .port_info 4 /INPUT 1 "SH_LD";
    .port_info 5 /OUTPUT 4 "P_DATA_OUT";
L_000002250929cb40 .functor NOT 1, L_00000225092f9810, C4<0>, C4<0>, C4<0>;
L_000002250929cbb0 .functor NOT 1, o0000022509262d88, C4<0>, C4<0>, C4<0>;
L_000002250929cd00 .functor AND 1, L_000002250929cb40, L_000002250929a180, C4<1>, C4<1>;
L_000002250929cc20 .functor NOR 1, L_00000225092f9810, L_000002250929a220, C4<0>, C4<0>;
L_000002250929cc90 .functor AND 1, L_000002250929cb40, L_000002250929a2c0, C4<1>, C4<1>;
L_000002250929c830 .functor NOR 1, L_00000225092f9810, L_000002250929a540, C4<0>, C4<0>;
L_000002250929ce50 .functor AND 1, L_000002250929cb40, L_000002250929a5e0, C4<1>, C4<1>;
L_000002250929cd70 .functor NOR 1, L_00000225092f9810, L_000002250929a900, C4<0>, C4<0>;
L_000002250929c980 .functor AND 1, L_000002250929cb40, L_00000225092f5580, C4<1>, C4<1>;
L_000002250929c9f0 .functor NOR 1, L_00000225092f9810, L_00000225092f6980, C4<0>, C4<0>;
L_000002250929ca60 .functor AND 1, L_00000225092f67a0, L_000002250929cbb0, C4<1>, C4<1>;
L_000002250929cad0 .functor OR 1, L_00000225092f5120, o0000022509262d88, C4<0>, C4<0>;
L_00000225092f98f0 .functor AND 1, L_00000225092f5bc0, L_000002250929cbb0, C4<1>, C4<1>;
L_00000225092f9b20 .functor OR 1, L_00000225092f5940, o0000022509262d88, C4<0>, C4<0>;
L_00000225092f99d0 .functor AND 1, L_00000225092f5ee0, L_000002250929cbb0, C4<1>, C4<1>;
L_00000225092f9b90 .functor OR 1, L_00000225092f5080, o0000022509262d88, C4<0>, C4<0>;
L_00000225092f9490 .functor AND 1, L_00000225092f6e80, L_000002250929cbb0, C4<1>, C4<1>;
L_00000225092f90a0 .functor OR 1, L_00000225092f63e0, o0000022509262d88, C4<0>, C4<0>;
L_00000225092f9ea0 .functor BUFZ 4, L_00000225092f5260, C4<0000>, C4<0000>, C4<0000>;
v0000022509292350_0 .net "CLK", 0 0, v0000022509296720_0;  alias, 1 drivers
v0000022509294330_0 .net "CLR", 0 0, o0000022509262d88;  alias, 0 drivers
v0000022509294510_0 .net "D_CLR", 3 0, L_00000225092f6a20;  1 drivers
v00000225092923f0_0 .net "D_DATA", 3 0, L_00000225092f9ea0;  1 drivers
v0000022509292f30_0 .net "D_PRE", 3 0, L_00000225092f6840;  1 drivers
v0000022509292670_0 .net "P_DATA_IN", 3 0, L_00000225092f5260;  1 drivers
v0000022509292e90_0 .net "P_DATA_OUT", 3 0, L_000002250929aea0;  1 drivers
v0000022509293070_0 .net "SH_LD", 0 0, L_00000225092f9810;  alias, 1 drivers
v0000022509293110_0 .net "S_CLR", 3 0, L_00000225092f5b20;  1 drivers
v0000022509295d70_0 .net "S_DATA_IN", 0 0, L_00000225092f62a0;  1 drivers
v0000022509295410_0 .net "S_PRE", 3 0, L_00000225092f6b60;  1 drivers
v0000022509295cd0_0 .net *"_ivl_101", 0 0, L_00000225092f9b90;  1 drivers
v0000022509295050_0 .net *"_ivl_104", 0 0, L_00000225092f5080;  1 drivers
v0000022509295690_0 .net *"_ivl_106", 0 0, L_00000225092f9490;  1 drivers
v0000022509295370_0 .net *"_ivl_110", 0 0, L_00000225092f6e80;  1 drivers
v0000022509294d30_0 .net *"_ivl_112", 0 0, L_00000225092f90a0;  1 drivers
v0000022509295af0_0 .net *"_ivl_116", 0 0, L_00000225092f63e0;  1 drivers
v0000022509294dd0_0 .net *"_ivl_34", 0 0, L_000002250929cd00;  1 drivers
v00000225092950f0_0 .net *"_ivl_37", 0 0, L_000002250929a180;  1 drivers
v00000225092957d0_0 .net *"_ivl_39", 0 0, L_000002250929cc20;  1 drivers
v0000022509295870_0 .net *"_ivl_42", 0 0, L_000002250929a220;  1 drivers
v0000022509294a10_0 .net *"_ivl_44", 0 0, L_000002250929cc90;  1 drivers
v0000022509295910_0 .net *"_ivl_47", 0 0, L_000002250929a2c0;  1 drivers
v00000225092948d0_0 .net *"_ivl_49", 0 0, L_000002250929c830;  1 drivers
v00000225092954b0_0 .net *"_ivl_52", 0 0, L_000002250929a540;  1 drivers
v0000022509294830_0 .net *"_ivl_54", 0 0, L_000002250929ce50;  1 drivers
v0000022509294b50_0 .net *"_ivl_57", 0 0, L_000002250929a5e0;  1 drivers
v0000022509295190_0 .net *"_ivl_59", 0 0, L_000002250929cd70;  1 drivers
v0000022509294fb0_0 .net *"_ivl_62", 0 0, L_000002250929a900;  1 drivers
v0000022509295a50_0 .net *"_ivl_64", 0 0, L_000002250929c980;  1 drivers
v0000022509295230_0 .net *"_ivl_68", 0 0, L_00000225092f5580;  1 drivers
v0000022509294970_0 .net *"_ivl_70", 0 0, L_000002250929c9f0;  1 drivers
v00000225092952d0_0 .net *"_ivl_74", 0 0, L_00000225092f6980;  1 drivers
v0000022509294e70_0 .net *"_ivl_76", 0 0, L_000002250929ca60;  1 drivers
v00000225092959b0_0 .net *"_ivl_79", 0 0, L_00000225092f67a0;  1 drivers
v0000022509295550_0 .net *"_ivl_81", 0 0, L_000002250929cad0;  1 drivers
v0000022509295b90_0 .net *"_ivl_84", 0 0, L_00000225092f5120;  1 drivers
v00000225092955f0_0 .net *"_ivl_86", 0 0, L_00000225092f98f0;  1 drivers
v0000022509295c30_0 .net *"_ivl_89", 0 0, L_00000225092f5bc0;  1 drivers
v0000022509294ab0_0 .net *"_ivl_91", 0 0, L_00000225092f9b20;  1 drivers
v0000022509295730_0 .net *"_ivl_94", 0 0, L_00000225092f5940;  1 drivers
v0000022509294f10_0 .net *"_ivl_96", 0 0, L_00000225092f99d0;  1 drivers
v0000022509294bf0_0 .net *"_ivl_99", 0 0, L_00000225092f5ee0;  1 drivers
v0000022509295e10_0 .net "notCLR", 0 0, L_000002250929cbb0;  1 drivers
v0000022509295eb0_0 .net "notSH_LD", 0 0, L_000002250929cb40;  1 drivers
L_000002250929a720 .part L_00000225092f6a20, 0, 1;
L_000002250929bbc0 .part L_00000225092f6840, 0, 1;
L_000002250929a7c0 .part L_000002250929aea0, 3, 1;
L_000002250929a360 .part L_00000225092f6a20, 1, 1;
L_000002250929ad60 .part L_00000225092f6840, 1, 1;
L_000002250929a400 .part L_000002250929aea0, 2, 1;
L_000002250929a860 .part L_00000225092f6a20, 2, 1;
L_000002250929ae00 .part L_00000225092f6840, 2, 1;
L_000002250929aea0 .concat8 [ 1 1 1 1], v00000225092920d0_0, v00000225092940b0_0, v0000022509293ed0_0, v00000225092945b0_0;
L_000002250929a4a0 .part L_000002250929aea0, 1, 1;
L_000002250929bee0 .part L_00000225092f6a20, 3, 1;
L_000002250929a0e0 .part L_00000225092f6840, 3, 1;
L_000002250929a180 .part L_00000225092f9ea0, 3, 1;
L_000002250929a220 .part L_00000225092f9ea0, 3, 1;
L_000002250929a2c0 .part L_00000225092f9ea0, 2, 1;
L_000002250929a540 .part L_00000225092f9ea0, 2, 1;
L_000002250929a5e0 .part L_00000225092f9ea0, 1, 1;
L_000002250929a900 .part L_00000225092f9ea0, 1, 1;
L_00000225092f6b60 .concat8 [ 1 1 1 1], L_000002250929cd00, L_000002250929cc90, L_000002250929ce50, L_000002250929c980;
L_00000225092f5580 .part L_00000225092f9ea0, 0, 1;
L_00000225092f5b20 .concat8 [ 1 1 1 1], L_000002250929cc20, L_000002250929c830, L_000002250929cd70, L_000002250929c9f0;
L_00000225092f6980 .part L_00000225092f9ea0, 0, 1;
L_00000225092f67a0 .part L_00000225092f6b60, 0, 1;
L_00000225092f5120 .part L_00000225092f5b20, 0, 1;
L_00000225092f5bc0 .part L_00000225092f6b60, 1, 1;
L_00000225092f5940 .part L_00000225092f5b20, 1, 1;
L_00000225092f5ee0 .part L_00000225092f6b60, 2, 1;
L_00000225092f5080 .part L_00000225092f5b20, 2, 1;
L_00000225092f6840 .concat8 [ 1 1 1 1], L_000002250929ca60, L_00000225092f98f0, L_00000225092f99d0, L_00000225092f9490;
L_00000225092f6e80 .part L_00000225092f6b60, 3, 1;
L_00000225092f6a20 .concat8 [ 1 1 1 1], L_000002250929cad0, L_00000225092f9b20, L_00000225092f9b90, L_00000225092f90a0;
L_00000225092f63e0 .part L_00000225092f5b20, 3, 1;
S_00000225091ed570 .scope module, "dff0" "d_ff" 4 34, 5 8 0, S_00000225091edbb0;
 .timescale -10 -10;
    .port_info 0 /OUTPUT 1 "Q";
    .port_info 1 /INPUT 1 "DATA";
    .port_info 2 /INPUT 1 "CLK";
    .port_info 3 /INPUT 1 "CLR";
    .port_info 4 /INPUT 1 "PRE";
v0000022509292c10_0 .net "CLK", 0 0, v0000022509296720_0;  alias, 1 drivers
v0000022509293610_0 .net "CLR", 0 0, L_000002250929a720;  1 drivers
v0000022509294790_0 .net "DATA", 0 0, L_00000225092f62a0;  alias, 1 drivers
v0000022509294010_0 .net "PRE", 0 0, L_000002250929bbc0;  1 drivers
v00000225092945b0_0 .var "Q", 0 0;
E_00000225091ac980 .event anyedge, v0000022509294010_0, v0000022509293610_0;
S_00000225091eded0 .scope module, "dff1" "d_ff" 4 35, 5 8 0, S_00000225091edbb0;
 .timescale -10 -10;
    .port_info 0 /OUTPUT 1 "Q";
    .port_info 1 /INPUT 1 "DATA";
    .port_info 2 /INPUT 1 "CLK";
    .port_info 3 /INPUT 1 "CLR";
    .port_info 4 /INPUT 1 "PRE";
v00000225092941f0_0 .net "CLK", 0 0, v0000022509296720_0;  alias, 1 drivers
v0000022509292d50_0 .net "CLR", 0 0, L_000002250929a360;  1 drivers
v00000225092946f0_0 .net "DATA", 0 0, L_000002250929a7c0;  1 drivers
v0000022509292850_0 .net "PRE", 0 0, L_000002250929ad60;  1 drivers
v0000022509293ed0_0 .var "Q", 0 0;
E_00000225091ac380 .event anyedge, v0000022509292850_0, v0000022509292d50_0;
S_00000225091ed700 .scope module, "dff2" "d_ff" 4 36, 5 8 0, S_00000225091edbb0;
 .timescale -10 -10;
    .port_info 0 /OUTPUT 1 "Q";
    .port_info 1 /INPUT 1 "DATA";
    .port_info 2 /INPUT 1 "CLK";
    .port_info 3 /INPUT 1 "CLR";
    .port_info 4 /INPUT 1 "PRE";
v0000022509293570_0 .net "CLK", 0 0, v0000022509296720_0;  alias, 1 drivers
v00000225092925d0_0 .net "CLR", 0 0, L_000002250929a860;  1 drivers
v0000022509293f70_0 .net "DATA", 0 0, L_000002250929a400;  1 drivers
v0000022509293390_0 .net "PRE", 0 0, L_000002250929ae00;  1 drivers
v00000225092940b0_0 .var "Q", 0 0;
E_00000225091ad040 .event anyedge, v0000022509293390_0, v00000225092925d0_0;
S_00000225091ed890 .scope module, "dff3" "d_ff" 4 37, 5 8 0, S_00000225091edbb0;
 .timescale -10 -10;
    .port_info 0 /OUTPUT 1 "Q";
    .port_info 1 /INPUT 1 "DATA";
    .port_info 2 /INPUT 1 "CLK";
    .port_info 3 /INPUT 1 "CLR";
    .port_info 4 /INPUT 1 "PRE";
v0000022509294150_0 .net "CLK", 0 0, v0000022509296720_0;  alias, 1 drivers
v0000022509294470_0 .net "CLR", 0 0, L_000002250929bee0;  1 drivers
v0000022509294290_0 .net "DATA", 0 0, L_000002250929a4a0;  1 drivers
v0000022509293a70_0 .net "PRE", 0 0, L_000002250929a0e0;  1 drivers
v00000225092920d0_0 .var "Q", 0 0;
E_00000225091ac900 .event anyedge, v0000022509293a70_0, v0000022509294470_0;
    .scope S_0000022509143150;
T_0 ;
    %pushi/vec4 0, 0, 1;
    %store/vec4 v00000225091b46f0_0, 0, 1;
    %end;
    .thread T_0;
    .scope S_0000022509143150;
T_1 ;
    %wait E_00000225091aba80;
    %load/vec4 v00000225091b4f10_0;
    %cmpi/e 0, 0, 1;
    %flag_get/vec4 4;
    %jmp/0 T_1.2, 4;
    %load/vec4 v00000225091b3b10_0;
    %pushi/vec4 0, 0, 1;
    %cmp/e;
    %flag_get/vec4 4;
    %and;
T_1.2;
    %flag_set/vec4 8;
    %jmp/0xz  T_1.0, 8;
    %load/vec4 v00000225091b46f0_0;
    %store/vec4 v00000225091b46f0_0, 0, 1;
    %jmp T_1.1;
T_1.0 ;
    %load/vec4 v00000225091b4f10_0;
    %cmpi/e 1, 0, 1;
    %flag_get/vec4 4;
    %jmp/0 T_1.5, 4;
    %load/vec4 v00000225091b3b10_0;
    %pushi/vec4 0, 0, 1;
    %cmp/e;
    %flag_get/vec4 4;
    %and;
T_1.5;
    %flag_set/vec4 8;
    %jmp/0xz  T_1.3, 8;
    %pushi/vec4 0, 0, 1;
    %store/vec4 v00000225091b46f0_0, 0, 1;
    %jmp T_1.4;
T_1.3 ;
    %load/vec4 v00000225091b4f10_0;
    %cmpi/e 0, 0, 1;
    %flag_get/vec4 4;
    %jmp/0 T_1.8, 4;
    %load/vec4 v00000225091b3b10_0;
    %pushi/vec4 1, 0, 1;
    %cmp/e;
    %flag_get/vec4 4;
    %and;
T_1.8;
    %flag_set/vec4 8;
    %jmp/0xz  T_1.6, 8;
    %pushi/vec4 1, 0, 1;
    %store/vec4 v00000225091b46f0_0, 0, 1;
    %jmp T_1.7;
T_1.6 ;
    %load/vec4 v00000225091b46f0_0;
    %store/vec4 v00000225091b46f0_0, 0, 1;
T_1.7 ;
T_1.4 ;
T_1.1 ;
    %jmp T_1;
    .thread T_1, $push;
    .scope S_0000022509143150;
T_2 ;
    %wait E_00000225091aba00;
    %load/vec4 v00000225091b4f10_0;
    %cmpi/e 0, 0, 1;
    %flag_get/vec4 4;
    %jmp/0 T_2.2, 4;
    %load/vec4 v00000225091b3b10_0;
    %pushi/vec4 0, 0, 1;
    %cmp/e;
    %flag_get/vec4 4;
    %and;
T_2.2;
    %flag_set/vec4 8;
    %jmp/0xz  T_2.0, 8;
    %load/vec4 v00000225091b39d0_0;
    %store/vec4 v00000225091b46f0_0, 0, 1;
    %jmp T_2.1;
T_2.0 ;
    %load/vec4 v00000225091b4f10_0;
    %cmpi/e 1, 0, 1;
    %flag_get/vec4 4;
    %jmp/0 T_2.5, 4;
    %load/vec4 v00000225091b3b10_0;
    %pushi/vec4 0, 0, 1;
    %cmp/e;
    %flag_get/vec4 4;
    %and;
T_2.5;
    %flag_set/vec4 8;
    %jmp/0xz  T_2.3, 8;
    %pushi/vec4 0, 0, 1;
    %store/vec4 v00000225091b46f0_0, 0, 1;
    %jmp T_2.4;
T_2.3 ;
    %load/vec4 v00000225091b4f10_0;
    %cmpi/e 0, 0, 1;
    %flag_get/vec4 4;
    %jmp/0 T_2.8, 4;
    %load/vec4 v00000225091b3b10_0;
    %pushi/vec4 1, 0, 1;
    %cmp/e;
    %flag_get/vec4 4;
    %and;
T_2.8;
    %flag_set/vec4 8;
    %jmp/0xz  T_2.6, 8;
    %pushi/vec4 1, 0, 1;
    %store/vec4 v00000225091b46f0_0, 0, 1;
    %jmp T_2.7;
T_2.6 ;
    %load/vec4 v00000225091b46f0_0;
    %store/vec4 v00000225091b46f0_0, 0, 1;
T_2.7 ;
T_2.4 ;
T_2.1 ;
    %jmp T_2;
    .thread T_2;
    .scope S_00000225091432e0;
T_3 ;
    %pushi/vec4 0, 0, 1;
    %store/vec4 v00000225091b5230_0, 0, 1;
    %end;
    .thread T_3;
    .scope S_00000225091432e0;
T_4 ;
    %wait E_00000225091abac0;
    %load/vec4 v00000225091b5050_0;
    %cmpi/e 0, 0, 1;
    %flag_get/vec4 4;
    %jmp/0 T_4.2, 4;
    %load/vec4 v00000225091b3cf0_0;
    %pushi/vec4 0, 0, 1;
    %cmp/e;
    %flag_get/vec4 4;
    %and;
T_4.2;
    %flag_set/vec4 8;
    %jmp/0xz  T_4.0, 8;
    %load/vec4 v00000225091b5230_0;
    %store/vec4 v00000225091b5230_0, 0, 1;
    %jmp T_4.1;
T_4.0 ;
    %load/vec4 v00000225091b5050_0;
    %cmpi/e 1, 0, 1;
    %flag_get/vec4 4;
    %jmp/0 T_4.5, 4;
    %load/vec4 v00000225091b3cf0_0;
    %pushi/vec4 0, 0, 1;
    %cmp/e;
    %flag_get/vec4 4;
    %and;
T_4.5;
    %flag_set/vec4 8;
    %jmp/0xz  T_4.3, 8;
    %pushi/vec4 0, 0, 1;
    %store/vec4 v00000225091b5230_0, 0, 1;
    %jmp T_4.4;
T_4.3 ;
    %load/vec4 v00000225091b5050_0;
    %cmpi/e 0, 0, 1;
    %flag_get/vec4 4;
    %jmp/0 T_4.8, 4;
    %load/vec4 v00000225091b3cf0_0;
    %pushi/vec4 1, 0, 1;
    %cmp/e;
    %flag_get/vec4 4;
    %and;
T_4.8;
    %flag_set/vec4 8;
    %jmp/0xz  T_4.6, 8;
    %pushi/vec4 1, 0, 1;
    %store/vec4 v00000225091b5230_0, 0, 1;
    %jmp T_4.7;
T_4.6 ;
    %load/vec4 v00000225091b5230_0;
    %store/vec4 v00000225091b5230_0, 0, 1;
T_4.7 ;
T_4.4 ;
T_4.1 ;
    %jmp T_4;
    .thread T_4, $push;
    .scope S_00000225091432e0;
T_5 ;
    %wait E_00000225091aba00;
    %load/vec4 v00000225091b5050_0;
    %cmpi/e 0, 0, 1;
    %flag_get/vec4 4;
    %jmp/0 T_5.2, 4;
    %load/vec4 v00000225091b3cf0_0;
    %pushi/vec4 0, 0, 1;
    %cmp/e;
    %flag_get/vec4 4;
    %and;
T_5.2;
    %flag_set/vec4 8;
    %jmp/0xz  T_5.0, 8;
    %load/vec4 v00000225091b4470_0;
    %store/vec4 v00000225091b5230_0, 0, 1;
    %jmp T_5.1;
T_5.0 ;
    %load/vec4 v00000225091b5050_0;
    %cmpi/e 1, 0, 1;
    %flag_get/vec4 4;
    %jmp/0 T_5.5, 4;
    %load/vec4 v00000225091b3cf0_0;
    %pushi/vec4 0, 0, 1;
    %cmp/e;
    %flag_get/vec4 4;
    %and;
T_5.5;
    %flag_set/vec4 8;
    %jmp/0xz  T_5.3, 8;
    %pushi/vec4 0, 0, 1;
    %store/vec4 v00000225091b5230_0, 0, 1;
    %jmp T_5.4;
T_5.3 ;
    %load/vec4 v00000225091b5050_0;
    %cmpi/e 0, 0, 1;
    %flag_get/vec4 4;
    %jmp/0 T_5.8, 4;
    %load/vec4 v00000225091b3cf0_0;
    %pushi/vec4 1, 0, 1;
    %cmp/e;
    %flag_get/vec4 4;
    %and;
T_5.8;
    %flag_set/vec4 8;
    %jmp/0xz  T_5.6, 8;
    %pushi/vec4 1, 0, 1;
    %store/vec4 v00000225091b5230_0, 0, 1;
    %jmp T_5.7;
T_5.6 ;
    %load/vec4 v00000225091b5230_0;
    %store/vec4 v00000225091b5230_0, 0, 1;
T_5.7 ;
T_5.4 ;
T_5.1 ;
    %jmp T_5;
    .thread T_5;
    .scope S_0000022509102dc0;
T_6 ;
    %pushi/vec4 0, 0, 1;
    %store/vec4 v00000225091b3430_0, 0, 1;
    %end;
    .thread T_6;
    .scope S_0000022509102dc0;
T_7 ;
    %wait E_00000225091abcc0;
    %load/vec4 v00000225091b3ed0_0;
    %cmpi/e 0, 0, 1;
    %flag_get/vec4 4;
    %jmp/0 T_7.2, 4;
    %load/vec4 v00000225091b5190_0;
    %pushi/vec4 0, 0, 1;
    %cmp/e;
    %flag_get/vec4 4;
    %and;
T_7.2;
    %flag_set/vec4 8;
    %jmp/0xz  T_7.0, 8;
    %load/vec4 v00000225091b3430_0;
    %store/vec4 v00000225091b3430_0, 0, 1;
    %jmp T_7.1;
T_7.0 ;
    %load/vec4 v00000225091b3ed0_0;
    %cmpi/e 1, 0, 1;
    %flag_get/vec4 4;
    %jmp/0 T_7.5, 4;
    %load/vec4 v00000225091b5190_0;
    %pushi/vec4 0, 0, 1;
    %cmp/e;
    %flag_get/vec4 4;
    %and;
T_7.5;
    %flag_set/vec4 8;
    %jmp/0xz  T_7.3, 8;
    %pushi/vec4 0, 0, 1;
    %store/vec4 v00000225091b3430_0, 0, 1;
    %jmp T_7.4;
T_7.3 ;
    %load/vec4 v00000225091b3ed0_0;
    %cmpi/e 0, 0, 1;
    %flag_get/vec4 4;
    %jmp/0 T_7.8, 4;
    %load/vec4 v00000225091b5190_0;
    %pushi/vec4 1, 0, 1;
    %cmp/e;
    %flag_get/vec4 4;
    %and;
T_7.8;
    %flag_set/vec4 8;
    %jmp/0xz  T_7.6, 8;
    %pushi/vec4 1, 0, 1;
    %store/vec4 v00000225091b3430_0, 0, 1;
    %jmp T_7.7;
T_7.6 ;
    %load/vec4 v00000225091b3430_0;
    %store/vec4 v00000225091b3430_0, 0, 1;
T_7.7 ;
T_7.4 ;
T_7.1 ;
    %jmp T_7;
    .thread T_7, $push;
    .scope S_0000022509102dc0;
T_8 ;
    %wait E_00000225091aba00;
    %load/vec4 v00000225091b3ed0_0;
    %cmpi/e 0, 0, 1;
    %flag_get/vec4 4;
    %jmp/0 T_8.2, 4;
    %load/vec4 v00000225091b5190_0;
    %pushi/vec4 0, 0, 1;
    %cmp/e;
    %flag_get/vec4 4;
    %and;
T_8.2;
    %flag_set/vec4 8;
    %jmp/0xz  T_8.0, 8;
    %load/vec4 v00000225091b4650_0;
    %store/vec4 v00000225091b3430_0, 0, 1;
    %jmp T_8.1;
T_8.0 ;
    %load/vec4 v00000225091b3ed0_0;
    %cmpi/e 1, 0, 1;
    %flag_get/vec4 4;
    %jmp/0 T_8.5, 4;
    %load/vec4 v00000225091b5190_0;
    %pushi/vec4 0, 0, 1;
    %cmp/e;
    %flag_get/vec4 4;
    %and;
T_8.5;
    %flag_set/vec4 8;
    %jmp/0xz  T_8.3, 8;
    %pushi/vec4 0, 0, 1;
    %store/vec4 v00000225091b3430_0, 0, 1;
    %jmp T_8.4;
T_8.3 ;
    %load/vec4 v00000225091b3ed0_0;
    %cmpi/e 0, 0, 1;
    %flag_get/vec4 4;
    %jmp/0 T_8.8, 4;
    %load/vec4 v00000225091b5190_0;
    %pushi/vec4 1, 0, 1;
    %cmp/e;
    %flag_get/vec4 4;
    %and;
T_8.8;
    %flag_set/vec4 8;
    %jmp/0xz  T_8.6, 8;
    %pushi/vec4 1, 0, 1;
    %store/vec4 v00000225091b3430_0, 0, 1;
    %jmp T_8.7;
T_8.6 ;
    %load/vec4 v00000225091b3430_0;
    %store/vec4 v00000225091b3430_0, 0, 1;
T_8.7 ;
T_8.4 ;
T_8.1 ;
    %jmp T_8;
    .thread T_8;
    .scope S_0000022509102f50;
T_9 ;
    %pushi/vec4 0, 0, 1;
    %store/vec4 v00000225091b3570_0, 0, 1;
    %end;
    .thread T_9;
    .scope S_0000022509102f50;
T_10 ;
    %wait E_00000225091ac0c0;
    %load/vec4 v00000225091b34d0_0;
    %cmpi/e 0, 0, 1;
    %flag_get/vec4 4;
    %jmp/0 T_10.2, 4;
    %load/vec4 v00000225091b4c90_0;
    %pushi/vec4 0, 0, 1;
    %cmp/e;
    %flag_get/vec4 4;
    %and;
T_10.2;
    %flag_set/vec4 8;
    %jmp/0xz  T_10.0, 8;
    %load/vec4 v00000225091b3570_0;
    %store/vec4 v00000225091b3570_0, 0, 1;
    %jmp T_10.1;
T_10.0 ;
    %load/vec4 v00000225091b34d0_0;
    %cmpi/e 1, 0, 1;
    %flag_get/vec4 4;
    %jmp/0 T_10.5, 4;
    %load/vec4 v00000225091b4c90_0;
    %pushi/vec4 0, 0, 1;
    %cmp/e;
    %flag_get/vec4 4;
    %and;
T_10.5;
    %flag_set/vec4 8;
    %jmp/0xz  T_10.3, 8;
    %pushi/vec4 0, 0, 1;
    %store/vec4 v00000225091b3570_0, 0, 1;
    %jmp T_10.4;
T_10.3 ;
    %load/vec4 v00000225091b34d0_0;
    %cmpi/e 0, 0, 1;
    %flag_get/vec4 4;
    %jmp/0 T_10.8, 4;
    %load/vec4 v00000225091b4c90_0;
    %pushi/vec4 1, 0, 1;
    %cmp/e;
    %flag_get/vec4 4;
    %and;
T_10.8;
    %flag_set/vec4 8;
    %jmp/0xz  T_10.6, 8;
    %pushi/vec4 1, 0, 1;
    %store/vec4 v00000225091b3570_0, 0, 1;
    %jmp T_10.7;
T_10.6 ;
    %load/vec4 v00000225091b3570_0;
    %store/vec4 v00000225091b3570_0, 0, 1;
T_10.7 ;
T_10.4 ;
T_10.1 ;
    %jmp T_10;
    .thread T_10, $push;
    .scope S_0000022509102f50;
T_11 ;
    %wait E_00000225091aba00;
    %load/vec4 v00000225091b34d0_0;
    %cmpi/e 0, 0, 1;
    %flag_get/vec4 4;
    %jmp/0 T_11.2, 4;
    %load/vec4 v00000225091b4c90_0;
    %pushi/vec4 0, 0, 1;
    %cmp/e;
    %flag_get/vec4 4;
    %and;
T_11.2;
    %flag_set/vec4 8;
    %jmp/0xz  T_11.0, 8;
    %load/vec4 v00000225091b4150_0;
    %store/vec4 v00000225091b3570_0, 0, 1;
    %jmp T_11.1;
T_11.0 ;
    %load/vec4 v00000225091b34d0_0;
    %cmpi/e 1, 0, 1;
    %flag_get/vec4 4;
    %jmp/0 T_11.5, 4;
    %load/vec4 v00000225091b4c90_0;
    %pushi/vec4 0, 0, 1;
    %cmp/e;
    %flag_get/vec4 4;
    %and;
T_11.5;
    %flag_set/vec4 8;
    %jmp/0xz  T_11.3, 8;
    %pushi/vec4 0, 0, 1;
    %store/vec4 v00000225091b3570_0, 0, 1;
    %jmp T_11.4;
T_11.3 ;
    %load/vec4 v00000225091b34d0_0;
    %cmpi/e 0, 0, 1;
    %flag_get/vec4 4;
    %jmp/0 T_11.8, 4;
    %load/vec4 v00000225091b4c90_0;
    %pushi/vec4 1, 0, 1;
    %cmp/e;
    %flag_get/vec4 4;
    %and;
T_11.8;
    %flag_set/vec4 8;
    %jmp/0xz  T_11.6, 8;
    %pushi/vec4 1, 0, 1;
    %store/vec4 v00000225091b3570_0, 0, 1;
    %jmp T_11.7;
T_11.6 ;
    %load/vec4 v00000225091b3570_0;
    %store/vec4 v00000225091b3570_0, 0, 1;
T_11.7 ;
T_11.4 ;
T_11.1 ;
    %jmp T_11;
    .thread T_11;
    .scope S_0000022509291450;
T_12 ;
    %pushi/vec4 0, 0, 1;
    %store/vec4 v00000225091e3c60_0, 0, 1;
    %end;
    .thread T_12;
    .scope S_0000022509291450;
T_13 ;
    %wait E_00000225091ace40;
    %load/vec4 v00000225091e3a80_0;
    %cmpi/e 0, 0, 1;
    %flag_get/vec4 4;
    %jmp/0 T_13.2, 4;
    %load/vec4 v00000225091e3440_0;
    %pushi/vec4 0, 0, 1;
    %cmp/e;
    %flag_get/vec4 4;
    %and;
T_13.2;
    %flag_set/vec4 8;
    %jmp/0xz  T_13.0, 8;
    %load/vec4 v00000225091e3c60_0;
    %store/vec4 v00000225091e3c60_0, 0, 1;
    %jmp T_13.1;
T_13.0 ;
    %load/vec4 v00000225091e3a80_0;
    %cmpi/e 1, 0, 1;
    %flag_get/vec4 4;
    %jmp/0 T_13.5, 4;
    %load/vec4 v00000225091e3440_0;
    %pushi/vec4 0, 0, 1;
    %cmp/e;
    %flag_get/vec4 4;
    %and;
T_13.5;
    %flag_set/vec4 8;
    %jmp/0xz  T_13.3, 8;
    %pushi/vec4 0, 0, 1;
    %store/vec4 v00000225091e3c60_0, 0, 1;
    %jmp T_13.4;
T_13.3 ;
    %load/vec4 v00000225091e3a80_0;
    %cmpi/e 0, 0, 1;
    %flag_get/vec4 4;
    %jmp/0 T_13.8, 4;
    %load/vec4 v00000225091e3440_0;
    %pushi/vec4 1, 0, 1;
    %cmp/e;
    %flag_get/vec4 4;
    %and;
T_13.8;
    %flag_set/vec4 8;
    %jmp/0xz  T_13.6, 8;
    %pushi/vec4 1, 0, 1;
    %store/vec4 v00000225091e3c60_0, 0, 1;
    %jmp T_13.7;
T_13.6 ;
    %load/vec4 v00000225091e3c60_0;
    %store/vec4 v00000225091e3c60_0, 0, 1;
T_13.7 ;
T_13.4 ;
T_13.1 ;
    %jmp T_13;
    .thread T_13, $push;
    .scope S_0000022509291450;
T_14 ;
    %wait E_00000225091aba00;
    %load/vec4 v00000225091e3a80_0;
    %cmpi/e 0, 0, 1;
    %flag_get/vec4 4;
    %jmp/0 T_14.2, 4;
    %load/vec4 v00000225091e3440_0;
    %pushi/vec4 0, 0, 1;
    %cmp/e;
    %flag_get/vec4 4;
    %and;
T_14.2;
    %flag_set/vec4 8;
    %jmp/0xz  T_14.0, 8;
    %load/vec4 v00000225091e4700_0;
    %store/vec4 v00000225091e3c60_0, 0, 1;
    %jmp T_14.1;
T_14.0 ;
    %load/vec4 v00000225091e3a80_0;
    %cmpi/e 1, 0, 1;
    %flag_get/vec4 4;
    %jmp/0 T_14.5, 4;
    %load/vec4 v00000225091e3440_0;
    %pushi/vec4 0, 0, 1;
    %cmp/e;
    %flag_get/vec4 4;
    %and;
T_14.5;
    %flag_set/vec4 8;
    %jmp/0xz  T_14.3, 8;
    %pushi/vec4 0, 0, 1;
    %store/vec4 v00000225091e3c60_0, 0, 1;
    %jmp T_14.4;
T_14.3 ;
    %load/vec4 v00000225091e3a80_0;
    %cmpi/e 0, 0, 1;
    %flag_get/vec4 4;
    %jmp/0 T_14.8, 4;
    %load/vec4 v00000225091e3440_0;
    %pushi/vec4 1, 0, 1;
    %cmp/e;
    %flag_get/vec4 4;
    %and;
T_14.8;
    %flag_set/vec4 8;
    %jmp/0xz  T_14.6, 8;
    %pushi/vec4 1, 0, 1;
    %store/vec4 v00000225091e3c60_0, 0, 1;
    %jmp T_14.7;
T_14.6 ;
    %load/vec4 v00000225091e3c60_0;
    %store/vec4 v00000225091e3c60_0, 0, 1;
T_14.7 ;
T_14.4 ;
T_14.1 ;
    %jmp T_14;
    .thread T_14;
    .scope S_00000225092915e0;
T_15 ;
    %pushi/vec4 0, 0, 1;
    %store/vec4 v00000225091e4c00_0, 0, 1;
    %end;
    .thread T_15;
    .scope S_00000225092915e0;
T_16 ;
    %wait E_00000225091acf40;
    %load/vec4 v00000225091e4ac0_0;
    %cmpi/e 0, 0, 1;
    %flag_get/vec4 4;
    %jmp/0 T_16.2, 4;
    %load/vec4 v00000225091e42a0_0;
    %pushi/vec4 0, 0, 1;
    %cmp/e;
    %flag_get/vec4 4;
    %and;
T_16.2;
    %flag_set/vec4 8;
    %jmp/0xz  T_16.0, 8;
    %load/vec4 v00000225091e4c00_0;
    %store/vec4 v00000225091e4c00_0, 0, 1;
    %jmp T_16.1;
T_16.0 ;
    %load/vec4 v00000225091e4ac0_0;
    %cmpi/e 1, 0, 1;
    %flag_get/vec4 4;
    %jmp/0 T_16.5, 4;
    %load/vec4 v00000225091e42a0_0;
    %pushi/vec4 0, 0, 1;
    %cmp/e;
    %flag_get/vec4 4;
    %and;
T_16.5;
    %flag_set/vec4 8;
    %jmp/0xz  T_16.3, 8;
    %pushi/vec4 0, 0, 1;
    %store/vec4 v00000225091e4c00_0, 0, 1;
    %jmp T_16.4;
T_16.3 ;
    %load/vec4 v00000225091e4ac0_0;
    %cmpi/e 0, 0, 1;
    %flag_get/vec4 4;
    %jmp/0 T_16.8, 4;
    %load/vec4 v00000225091e42a0_0;
    %pushi/vec4 1, 0, 1;
    %cmp/e;
    %flag_get/vec4 4;
    %and;
T_16.8;
    %flag_set/vec4 8;
    %jmp/0xz  T_16.6, 8;
    %pushi/vec4 1, 0, 1;
    %store/vec4 v00000225091e4c00_0, 0, 1;
    %jmp T_16.7;
T_16.6 ;
    %load/vec4 v00000225091e4c00_0;
    %store/vec4 v00000225091e4c00_0, 0, 1;
T_16.7 ;
T_16.4 ;
T_16.1 ;
    %jmp T_16;
    .thread T_16, $push;
    .scope S_00000225092915e0;
T_17 ;
    %wait E_00000225091aba00;
    %load/vec4 v00000225091e4ac0_0;
    %cmpi/e 0, 0, 1;
    %flag_get/vec4 4;
    %jmp/0 T_17.2, 4;
    %load/vec4 v00000225091e42a0_0;
    %pushi/vec4 0, 0, 1;
    %cmp/e;
    %flag_get/vec4 4;
    %and;
T_17.2;
    %flag_set/vec4 8;
    %jmp/0xz  T_17.0, 8;
    %load/vec4 v00000225091e34e0_0;
    %store/vec4 v00000225091e4c00_0, 0, 1;
    %jmp T_17.1;
T_17.0 ;
    %load/vec4 v00000225091e4ac0_0;
    %cmpi/e 1, 0, 1;
    %flag_get/vec4 4;
    %jmp/0 T_17.5, 4;
    %load/vec4 v00000225091e42a0_0;
    %pushi/vec4 0, 0, 1;
    %cmp/e;
    %flag_get/vec4 4;
    %and;
T_17.5;
    %flag_set/vec4 8;
    %jmp/0xz  T_17.3, 8;
    %pushi/vec4 0, 0, 1;
    %store/vec4 v00000225091e4c00_0, 0, 1;
    %jmp T_17.4;
T_17.3 ;
    %load/vec4 v00000225091e4ac0_0;
    %cmpi/e 0, 0, 1;
    %flag_get/vec4 4;
    %jmp/0 T_17.8, 4;
    %load/vec4 v00000225091e42a0_0;
    %pushi/vec4 1, 0, 1;
    %cmp/e;
    %flag_get/vec4 4;
    %and;
T_17.8;
    %flag_set/vec4 8;
    %jmp/0xz  T_17.6, 8;
    %pushi/vec4 1, 0, 1;
    %store/vec4 v00000225091e4c00_0, 0, 1;
    %jmp T_17.7;
T_17.6 ;
    %load/vec4 v00000225091e4c00_0;
    %store/vec4 v00000225091e4c00_0, 0, 1;
T_17.7 ;
T_17.4 ;
T_17.1 ;
    %jmp T_17;
    .thread T_17;
    .scope S_0000022509291770;
T_18 ;
    %pushi/vec4 0, 0, 1;
    %store/vec4 v00000225091e3e40_0, 0, 1;
    %end;
    .thread T_18;
    .scope S_0000022509291770;
T_19 ;
    %wait E_00000225091ac580;
    %load/vec4 v00000225091e36c0_0;
    %cmpi/e 0, 0, 1;
    %flag_get/vec4 4;
    %jmp/0 T_19.2, 4;
    %load/vec4 v00000225091e3d00_0;
    %pushi/vec4 0, 0, 1;
    %cmp/e;
    %flag_get/vec4 4;
    %and;
T_19.2;
    %flag_set/vec4 8;
    %jmp/0xz  T_19.0, 8;
    %load/vec4 v00000225091e3e40_0;
    %store/vec4 v00000225091e3e40_0, 0, 1;
    %jmp T_19.1;
T_19.0 ;
    %load/vec4 v00000225091e36c0_0;
    %cmpi/e 1, 0, 1;
    %flag_get/vec4 4;
    %jmp/0 T_19.5, 4;
    %load/vec4 v00000225091e3d00_0;
    %pushi/vec4 0, 0, 1;
    %cmp/e;
    %flag_get/vec4 4;
    %and;
T_19.5;
    %flag_set/vec4 8;
    %jmp/0xz  T_19.3, 8;
    %pushi/vec4 0, 0, 1;
    %store/vec4 v00000225091e3e40_0, 0, 1;
    %jmp T_19.4;
T_19.3 ;
    %load/vec4 v00000225091e36c0_0;
    %cmpi/e 0, 0, 1;
    %flag_get/vec4 4;
    %jmp/0 T_19.8, 4;
    %load/vec4 v00000225091e3d00_0;
    %pushi/vec4 1, 0, 1;
    %cmp/e;
    %flag_get/vec4 4;
    %and;
T_19.8;
    %flag_set/vec4 8;
    %jmp/0xz  T_19.6, 8;
    %pushi/vec4 1, 0, 1;
    %store/vec4 v00000225091e3e40_0, 0, 1;
    %jmp T_19.7;
T_19.6 ;
    %load/vec4 v00000225091e3e40_0;
    %store/vec4 v00000225091e3e40_0, 0, 1;
T_19.7 ;
T_19.4 ;
T_19.1 ;
    %jmp T_19;
    .thread T_19, $push;
    .scope S_0000022509291770;
T_20 ;
    %wait E_00000225091aba00;
    %load/vec4 v00000225091e36c0_0;
    %cmpi/e 0, 0, 1;
    %flag_get/vec4 4;
    %jmp/0 T_20.2, 4;
    %load/vec4 v00000225091e3d00_0;
    %pushi/vec4 0, 0, 1;
    %cmp/e;
    %flag_get/vec4 4;
    %and;
T_20.2;
    %flag_set/vec4 8;
    %jmp/0xz  T_20.0, 8;
    %load/vec4 v00000225091e4340_0;
    %store/vec4 v00000225091e3e40_0, 0, 1;
    %jmp T_20.1;
T_20.0 ;
    %load/vec4 v00000225091e36c0_0;
    %cmpi/e 1, 0, 1;
    %flag_get/vec4 4;
    %jmp/0 T_20.5, 4;
    %load/vec4 v00000225091e3d00_0;
    %pushi/vec4 0, 0, 1;
    %cmp/e;
    %flag_get/vec4 4;
    %and;
T_20.5;
    %flag_set/vec4 8;
    %jmp/0xz  T_20.3, 8;
    %pushi/vec4 0, 0, 1;
    %store/vec4 v00000225091e3e40_0, 0, 1;
    %jmp T_20.4;
T_20.3 ;
    %load/vec4 v00000225091e36c0_0;
    %cmpi/e 0, 0, 1;
    %flag_get/vec4 4;
    %jmp/0 T_20.8, 4;
    %load/vec4 v00000225091e3d00_0;
    %pushi/vec4 1, 0, 1;
    %cmp/e;
    %flag_get/vec4 4;
    %and;
T_20.8;
    %flag_set/vec4 8;
    %jmp/0xz  T_20.6, 8;
    %pushi/vec4 1, 0, 1;
    %store/vec4 v00000225091e3e40_0, 0, 1;
    %jmp T_20.7;
T_20.6 ;
    %load/vec4 v00000225091e3e40_0;
    %store/vec4 v00000225091e3e40_0, 0, 1;
T_20.7 ;
T_20.4 ;
T_20.1 ;
    %jmp T_20;
    .thread T_20;
    .scope S_0000022509291900;
T_21 ;
    %pushi/vec4 0, 0, 1;
    %store/vec4 v00000225091e4d40_0, 0, 1;
    %end;
    .thread T_21;
    .scope S_0000022509291900;
T_22 ;
    %wait E_00000225091ac940;
    %load/vec4 v00000225091e4ca0_0;
    %cmpi/e 0, 0, 1;
    %flag_get/vec4 4;
    %jmp/0 T_22.2, 4;
    %load/vec4 v00000225091e4200_0;
    %pushi/vec4 0, 0, 1;
    %cmp/e;
    %flag_get/vec4 4;
    %and;
T_22.2;
    %flag_set/vec4 8;
    %jmp/0xz  T_22.0, 8;
    %load/vec4 v00000225091e4d40_0;
    %store/vec4 v00000225091e4d40_0, 0, 1;
    %jmp T_22.1;
T_22.0 ;
    %load/vec4 v00000225091e4ca0_0;
    %cmpi/e 1, 0, 1;
    %flag_get/vec4 4;
    %jmp/0 T_22.5, 4;
    %load/vec4 v00000225091e4200_0;
    %pushi/vec4 0, 0, 1;
    %cmp/e;
    %flag_get/vec4 4;
    %and;
T_22.5;
    %flag_set/vec4 8;
    %jmp/0xz  T_22.3, 8;
    %pushi/vec4 0, 0, 1;
    %store/vec4 v00000225091e4d40_0, 0, 1;
    %jmp T_22.4;
T_22.3 ;
    %load/vec4 v00000225091e4ca0_0;
    %cmpi/e 0, 0, 1;
    %flag_get/vec4 4;
    %jmp/0 T_22.8, 4;
    %load/vec4 v00000225091e4200_0;
    %pushi/vec4 1, 0, 1;
    %cmp/e;
    %flag_get/vec4 4;
    %and;
T_22.8;
    %flag_set/vec4 8;
    %jmp/0xz  T_22.6, 8;
    %pushi/vec4 1, 0, 1;
    %store/vec4 v00000225091e4d40_0, 0, 1;
    %jmp T_22.7;
T_22.6 ;
    %load/vec4 v00000225091e4d40_0;
    %store/vec4 v00000225091e4d40_0, 0, 1;
T_22.7 ;
T_22.4 ;
T_22.1 ;
    %jmp T_22;
    .thread T_22, $push;
    .scope S_0000022509291900;
T_23 ;
    %wait E_00000225091aba00;
    %load/vec4 v00000225091e4ca0_0;
    %cmpi/e 0, 0, 1;
    %flag_get/vec4 4;
    %jmp/0 T_23.2, 4;
    %load/vec4 v00000225091e4200_0;
    %pushi/vec4 0, 0, 1;
    %cmp/e;
    %flag_get/vec4 4;
    %and;
T_23.2;
    %flag_set/vec4 8;
    %jmp/0xz  T_23.0, 8;
    %load/vec4 v00000225091e4160_0;
    %store/vec4 v00000225091e4d40_0, 0, 1;
    %jmp T_23.1;
T_23.0 ;
    %load/vec4 v00000225091e4ca0_0;
    %cmpi/e 1, 0, 1;
    %flag_get/vec4 4;
    %jmp/0 T_23.5, 4;
    %load/vec4 v00000225091e4200_0;
    %pushi/vec4 0, 0, 1;
    %cmp/e;
    %flag_get/vec4 4;
    %and;
T_23.5;
    %flag_set/vec4 8;
    %jmp/0xz  T_23.3, 8;
    %pushi/vec4 0, 0, 1;
    %store/vec4 v00000225091e4d40_0, 0, 1;
    %jmp T_23.4;
T_23.3 ;
    %load/vec4 v00000225091e4ca0_0;
    %cmpi/e 0, 0, 1;
    %flag_get/vec4 4;
    %jmp/0 T_23.8, 4;
    %load/vec4 v00000225091e4200_0;
    %pushi/vec4 1, 0, 1;
    %cmp/e;
    %flag_get/vec4 4;
    %and;
T_23.8;
    %flag_set/vec4 8;
    %jmp/0xz  T_23.6, 8;
    %pushi/vec4 1, 0, 1;
    %store/vec4 v00000225091e4d40_0, 0, 1;
    %jmp T_23.7;
T_23.6 ;
    %load/vec4 v00000225091e4d40_0;
    %store/vec4 v00000225091e4d40_0, 0, 1;
T_23.7 ;
T_23.4 ;
T_23.1 ;
    %jmp T_23;
    .thread T_23;
    .scope S_0000022509145890;
T_24 ;
    %pushi/vec4 0, 0, 4;
    %store/vec4 v00000225091e5d10_0, 0, 4;
    %end;
    .thread T_24;
    .scope S_0000022509145890;
T_25 ;
    %wait E_00000225091ab4c0;
    %load/vec4 v00000225091e5b30_0;
    %pad/u 32;
    %cmpi/e 1, 0, 32;
    %jmp/0xz  T_25.0, 4;
    %pushi/vec4 0, 0, 4;
    %store/vec4 v00000225091e5d10_0, 0, 4;
    %jmp T_25.1;
T_25.0 ;
    %load/vec4 v00000225091e8680_0;
    %load/vec4 v00000225091e73c0_0;
    %inv;
    %and;
    %load/vec4 v00000225091e7aa0_0;
    %inv;
    %load/vec4 v00000225091e7500_0;
    %cmp/e;
    %flag_get/vec4 4;
    %and;
    %flag_set/vec4 8;
    %jmp/0xz  T_25.2, 8;
    %load/vec4 v00000225091e5d10_0;
    %addi 1, 0, 4;
    %store/vec4 v00000225091e5d10_0, 0, 4;
T_25.2 ;
T_25.1 ;
    %jmp T_25;
    .thread T_25;
    .scope S_0000022509145890;
T_26 ;
    %wait E_00000225091ab3c0;
    %pushi/vec4 0, 0, 4;
    %store/vec4 v00000225091e5d10_0, 0, 4;
    %jmp T_26;
    .thread T_26;
    .scope S_0000022509145890;
T_27 ;
    %wait E_00000225091abd40;
    %load/vec4 v00000225091e59f0_0;
    %load/vec4 v00000225091e8680_0;
    %and;
    %load/vec4 v00000225091e73c0_0;
    %inv;
    %and;
    %load/vec4 v00000225091e7aa0_0;
    %inv;
    %and;
    %store/vec4 v00000225091e8cc0_0, 0, 1;
    %pushi/vec4 10, 0, 64;
    %ix/vec4 4;
    %delayx 4;
    %load/vec4 v00000225091e8cc0_0;
    %store/vec4 v00000225091e7f00_0, 0, 1;
    %jmp T_27;
    .thread T_27;
    .scope S_00000225091e9060;
T_28 ;
    %pushi/vec4 0, 0, 1;
    %store/vec4 v00000225091e8400_0, 0, 1;
    %end;
    .thread T_28;
    .scope S_00000225091e9060;
T_29 ;
    %wait E_00000225091ad340;
    %load/vec4 v00000225091e7460_0;
    %cmpi/e 0, 0, 1;
    %flag_get/vec4 4;
    %jmp/0 T_29.2, 4;
    %load/vec4 v00000225091e8900_0;
    %pushi/vec4 0, 0, 1;
    %cmp/e;
    %flag_get/vec4 4;
    %and;
T_29.2;
    %flag_set/vec4 8;
    %jmp/0xz  T_29.0, 8;
    %load/vec4 v00000225091e8400_0;
    %store/vec4 v00000225091e8400_0, 0, 1;
    %jmp T_29.1;
T_29.0 ;
    %load/vec4 v00000225091e7460_0;
    %cmpi/e 1, 0, 1;
    %flag_get/vec4 4;
    %jmp/0 T_29.5, 4;
    %load/vec4 v00000225091e8900_0;
    %pushi/vec4 0, 0, 1;
    %cmp/e;
    %flag_get/vec4 4;
    %and;
T_29.5;
    %flag_set/vec4 8;
    %jmp/0xz  T_29.3, 8;
    %pushi/vec4 0, 0, 1;
    %store/vec4 v00000225091e8400_0, 0, 1;
    %jmp T_29.4;
T_29.3 ;
    %load/vec4 v00000225091e7460_0;
    %cmpi/e 0, 0, 1;
    %flag_get/vec4 4;
    %jmp/0 T_29.8, 4;
    %load/vec4 v00000225091e8900_0;
    %pushi/vec4 1, 0, 1;
    %cmp/e;
    %flag_get/vec4 4;
    %and;
T_29.8;
    %flag_set/vec4 8;
    %jmp/0xz  T_29.6, 8;
    %pushi/vec4 1, 0, 1;
    %store/vec4 v00000225091e8400_0, 0, 1;
    %jmp T_29.7;
T_29.6 ;
    %load/vec4 v00000225091e8400_0;
    %store/vec4 v00000225091e8400_0, 0, 1;
T_29.7 ;
T_29.4 ;
T_29.1 ;
    %jmp T_29;
    .thread T_29, $push;
    .scope S_00000225091e9060;
T_30 ;
    %wait E_00000225091acc40;
    %load/vec4 v00000225091e7460_0;
    %cmpi/e 0, 0, 1;
    %flag_get/vec4 4;
    %jmp/0 T_30.2, 4;
    %load/vec4 v00000225091e8900_0;
    %pushi/vec4 0, 0, 1;
    %cmp/e;
    %flag_get/vec4 4;
    %and;
T_30.2;
    %flag_set/vec4 8;
    %jmp/0xz  T_30.0, 8;
    %load/vec4 v00000225091e7d20_0;
    %store/vec4 v00000225091e8400_0, 0, 1;
    %jmp T_30.1;
T_30.0 ;
    %load/vec4 v00000225091e7460_0;
    %cmpi/e 1, 0, 1;
    %flag_get/vec4 4;
    %jmp/0 T_30.5, 4;
    %load/vec4 v00000225091e8900_0;
    %pushi/vec4 0, 0, 1;
    %cmp/e;
    %flag_get/vec4 4;
    %and;
T_30.5;
    %flag_set/vec4 8;
    %jmp/0xz  T_30.3, 8;
    %pushi/vec4 0, 0, 1;
    %store/vec4 v00000225091e8400_0, 0, 1;
    %jmp T_30.4;
T_30.3 ;
    %load/vec4 v00000225091e7460_0;
    %cmpi/e 0, 0, 1;
    %flag_get/vec4 4;
    %jmp/0 T_30.8, 4;
    %load/vec4 v00000225091e8900_0;
    %pushi/vec4 1, 0, 1;
    %cmp/e;
    %flag_get/vec4 4;
    %and;
T_30.8;
    %flag_set/vec4 8;
    %jmp/0xz  T_30.6, 8;
    %pushi/vec4 1, 0, 1;
    %store/vec4 v00000225091e8400_0, 0, 1;
    %jmp T_30.7;
T_30.6 ;
    %load/vec4 v00000225091e8400_0;
    %store/vec4 v00000225091e8400_0, 0, 1;
T_30.7 ;
T_30.4 ;
T_30.1 ;
    %jmp T_30;
    .thread T_30;
    .scope S_00000225091e91f0;
T_31 ;
    %pushi/vec4 0, 0, 1;
    %store/vec4 v00000225091e7780_0, 0, 1;
    %end;
    .thread T_31;
    .scope S_00000225091e91f0;
T_32 ;
    %wait E_00000225091ad280;
    %load/vec4 v00000225091e84a0_0;
    %cmpi/e 0, 0, 1;
    %flag_get/vec4 4;
    %jmp/0 T_32.2, 4;
    %load/vec4 v00000225091e71e0_0;
    %pushi/vec4 0, 0, 1;
    %cmp/e;
    %flag_get/vec4 4;
    %and;
T_32.2;
    %flag_set/vec4 8;
    %jmp/0xz  T_32.0, 8;
    %load/vec4 v00000225091e7780_0;
    %store/vec4 v00000225091e7780_0, 0, 1;
    %jmp T_32.1;
T_32.0 ;
    %load/vec4 v00000225091e84a0_0;
    %cmpi/e 1, 0, 1;
    %flag_get/vec4 4;
    %jmp/0 T_32.5, 4;
    %load/vec4 v00000225091e71e0_0;
    %pushi/vec4 0, 0, 1;
    %cmp/e;
    %flag_get/vec4 4;
    %and;
T_32.5;
    %flag_set/vec4 8;
    %jmp/0xz  T_32.3, 8;
    %pushi/vec4 0, 0, 1;
    %store/vec4 v00000225091e7780_0, 0, 1;
    %jmp T_32.4;
T_32.3 ;
    %load/vec4 v00000225091e84a0_0;
    %cmpi/e 0, 0, 1;
    %flag_get/vec4 4;
    %jmp/0 T_32.8, 4;
    %load/vec4 v00000225091e71e0_0;
    %pushi/vec4 1, 0, 1;
    %cmp/e;
    %flag_get/vec4 4;
    %and;
T_32.8;
    %flag_set/vec4 8;
    %jmp/0xz  T_32.6, 8;
    %pushi/vec4 1, 0, 1;
    %store/vec4 v00000225091e7780_0, 0, 1;
    %jmp T_32.7;
T_32.6 ;
    %load/vec4 v00000225091e7780_0;
    %store/vec4 v00000225091e7780_0, 0, 1;
T_32.7 ;
T_32.4 ;
T_32.1 ;
    %jmp T_32;
    .thread T_32, $push;
    .scope S_00000225091e91f0;
T_33 ;
    %wait E_00000225091acc40;
    %load/vec4 v00000225091e84a0_0;
    %cmpi/e 0, 0, 1;
    %flag_get/vec4 4;
    %jmp/0 T_33.2, 4;
    %load/vec4 v00000225091e71e0_0;
    %pushi/vec4 0, 0, 1;
    %cmp/e;
    %flag_get/vec4 4;
    %and;
T_33.2;
    %flag_set/vec4 8;
    %jmp/0xz  T_33.0, 8;
    %load/vec4 v00000225091e8b80_0;
    %store/vec4 v00000225091e7780_0, 0, 1;
    %jmp T_33.1;
T_33.0 ;
    %load/vec4 v00000225091e84a0_0;
    %cmpi/e 1, 0, 1;
    %flag_get/vec4 4;
    %jmp/0 T_33.5, 4;
    %load/vec4 v00000225091e71e0_0;
    %pushi/vec4 0, 0, 1;
    %cmp/e;
    %flag_get/vec4 4;
    %and;
T_33.5;
    %flag_set/vec4 8;
    %jmp/0xz  T_33.3, 8;
    %pushi/vec4 0, 0, 1;
    %store/vec4 v00000225091e7780_0, 0, 1;
    %jmp T_33.4;
T_33.3 ;
    %load/vec4 v00000225091e84a0_0;
    %cmpi/e 0, 0, 1;
    %flag_get/vec4 4;
    %jmp/0 T_33.8, 4;
    %load/vec4 v00000225091e71e0_0;
    %pushi/vec4 1, 0, 1;
    %cmp/e;
    %flag_get/vec4 4;
    %and;
T_33.8;
    %flag_set/vec4 8;
    %jmp/0xz  T_33.6, 8;
    %pushi/vec4 1, 0, 1;
    %store/vec4 v00000225091e7780_0, 0, 1;
    %jmp T_33.7;
T_33.6 ;
    %load/vec4 v00000225091e7780_0;
    %store/vec4 v00000225091e7780_0, 0, 1;
T_33.7 ;
T_33.4 ;
T_33.1 ;
    %jmp T_33;
    .thread T_33;
    .scope S_00000225091edd40;
T_34 ;
    %pushi/vec4 0, 0, 1;
    %store/vec4 v00000225091e7dc0_0, 0, 1;
    %end;
    .thread T_34;
    .scope S_00000225091edd40;
T_35 ;
    %wait E_00000225091acb40;
    %load/vec4 v00000225091e7820_0;
    %cmpi/e 0, 0, 1;
    %flag_get/vec4 4;
    %jmp/0 T_35.2, 4;
    %load/vec4 v00000225091e7e60_0;
    %pushi/vec4 0, 0, 1;
    %cmp/e;
    %flag_get/vec4 4;
    %and;
T_35.2;
    %flag_set/vec4 8;
    %jmp/0xz  T_35.0, 8;
    %load/vec4 v00000225091e7dc0_0;
    %store/vec4 v00000225091e7dc0_0, 0, 1;
    %jmp T_35.1;
T_35.0 ;
    %load/vec4 v00000225091e7820_0;
    %cmpi/e 1, 0, 1;
    %flag_get/vec4 4;
    %jmp/0 T_35.5, 4;
    %load/vec4 v00000225091e7e60_0;
    %pushi/vec4 0, 0, 1;
    %cmp/e;
    %flag_get/vec4 4;
    %and;
T_35.5;
    %flag_set/vec4 8;
    %jmp/0xz  T_35.3, 8;
    %pushi/vec4 0, 0, 1;
    %store/vec4 v00000225091e7dc0_0, 0, 1;
    %jmp T_35.4;
T_35.3 ;
    %load/vec4 v00000225091e7820_0;
    %cmpi/e 0, 0, 1;
    %flag_get/vec4 4;
    %jmp/0 T_35.8, 4;
    %load/vec4 v00000225091e7e60_0;
    %pushi/vec4 1, 0, 1;
    %cmp/e;
    %flag_get/vec4 4;
    %and;
T_35.8;
    %flag_set/vec4 8;
    %jmp/0xz  T_35.6, 8;
    %pushi/vec4 1, 0, 1;
    %store/vec4 v00000225091e7dc0_0, 0, 1;
    %jmp T_35.7;
T_35.6 ;
    %load/vec4 v00000225091e7dc0_0;
    %store/vec4 v00000225091e7dc0_0, 0, 1;
T_35.7 ;
T_35.4 ;
T_35.1 ;
    %jmp T_35;
    .thread T_35, $push;
    .scope S_00000225091edd40;
T_36 ;
    %wait E_00000225091acc40;
    %load/vec4 v00000225091e7820_0;
    %cmpi/e 0, 0, 1;
    %flag_get/vec4 4;
    %jmp/0 T_36.2, 4;
    %load/vec4 v00000225091e7e60_0;
    %pushi/vec4 0, 0, 1;
    %cmp/e;
    %flag_get/vec4 4;
    %and;
T_36.2;
    %flag_set/vec4 8;
    %jmp/0xz  T_36.0, 8;
    %load/vec4 v00000225091e8360_0;
    %store/vec4 v00000225091e7dc0_0, 0, 1;
    %jmp T_36.1;
T_36.0 ;
    %load/vec4 v00000225091e7820_0;
    %cmpi/e 1, 0, 1;
    %flag_get/vec4 4;
    %jmp/0 T_36.5, 4;
    %load/vec4 v00000225091e7e60_0;
    %pushi/vec4 0, 0, 1;
    %cmp/e;
    %flag_get/vec4 4;
    %and;
T_36.5;
    %flag_set/vec4 8;
    %jmp/0xz  T_36.3, 8;
    %pushi/vec4 0, 0, 1;
    %store/vec4 v00000225091e7dc0_0, 0, 1;
    %jmp T_36.4;
T_36.3 ;
    %load/vec4 v00000225091e7820_0;
    %cmpi/e 0, 0, 1;
    %flag_get/vec4 4;
    %jmp/0 T_36.8, 4;
    %load/vec4 v00000225091e7e60_0;
    %pushi/vec4 1, 0, 1;
    %cmp/e;
    %flag_get/vec4 4;
    %and;
T_36.8;
    %flag_set/vec4 8;
    %jmp/0xz  T_36.6, 8;
    %pushi/vec4 1, 0, 1;
    %store/vec4 v00000225091e7dc0_0, 0, 1;
    %jmp T_36.7;
T_36.6 ;
    %load/vec4 v00000225091e7dc0_0;
    %store/vec4 v00000225091e7dc0_0, 0, 1;
T_36.7 ;
T_36.4 ;
T_36.1 ;
    %jmp T_36;
    .thread T_36;
    .scope S_00000225091eda20;
T_37 ;
    %pushi/vec4 0, 0, 1;
    %store/vec4 v00000225091e87c0_0, 0, 1;
    %end;
    .thread T_37;
    .scope S_00000225091eda20;
T_38 ;
    %wait E_00000225091acb80;
    %load/vec4 v00000225091e78c0_0;
    %cmpi/e 0, 0, 1;
    %flag_get/vec4 4;
    %jmp/0 T_38.2, 4;
    %load/vec4 v00000225091e7140_0;
    %pushi/vec4 0, 0, 1;
    %cmp/e;
    %flag_get/vec4 4;
    %and;
T_38.2;
    %flag_set/vec4 8;
    %jmp/0xz  T_38.0, 8;
    %load/vec4 v00000225091e87c0_0;
    %store/vec4 v00000225091e87c0_0, 0, 1;
    %jmp T_38.1;
T_38.0 ;
    %load/vec4 v00000225091e78c0_0;
    %cmpi/e 1, 0, 1;
    %flag_get/vec4 4;
    %jmp/0 T_38.5, 4;
    %load/vec4 v00000225091e7140_0;
    %pushi/vec4 0, 0, 1;
    %cmp/e;
    %flag_get/vec4 4;
    %and;
T_38.5;
    %flag_set/vec4 8;
    %jmp/0xz  T_38.3, 8;
    %pushi/vec4 0, 0, 1;
    %store/vec4 v00000225091e87c0_0, 0, 1;
    %jmp T_38.4;
T_38.3 ;
    %load/vec4 v00000225091e78c0_0;
    %cmpi/e 0, 0, 1;
    %flag_get/vec4 4;
    %jmp/0 T_38.8, 4;
    %load/vec4 v00000225091e7140_0;
    %pushi/vec4 1, 0, 1;
    %cmp/e;
    %flag_get/vec4 4;
    %and;
T_38.8;
    %flag_set/vec4 8;
    %jmp/0xz  T_38.6, 8;
    %pushi/vec4 1, 0, 1;
    %store/vec4 v00000225091e87c0_0, 0, 1;
    %jmp T_38.7;
T_38.6 ;
    %load/vec4 v00000225091e87c0_0;
    %store/vec4 v00000225091e87c0_0, 0, 1;
T_38.7 ;
T_38.4 ;
T_38.1 ;
    %jmp T_38;
    .thread T_38, $push;
    .scope S_00000225091eda20;
T_39 ;
    %wait E_00000225091acc40;
    %load/vec4 v00000225091e78c0_0;
    %cmpi/e 0, 0, 1;
    %flag_get/vec4 4;
    %jmp/0 T_39.2, 4;
    %load/vec4 v00000225091e7140_0;
    %pushi/vec4 0, 0, 1;
    %cmp/e;
    %flag_get/vec4 4;
    %and;
T_39.2;
    %flag_set/vec4 8;
    %jmp/0xz  T_39.0, 8;
    %load/vec4 v00000225091e82c0_0;
    %store/vec4 v00000225091e87c0_0, 0, 1;
    %jmp T_39.1;
T_39.0 ;
    %load/vec4 v00000225091e78c0_0;
    %cmpi/e 1, 0, 1;
    %flag_get/vec4 4;
    %jmp/0 T_39.5, 4;
    %load/vec4 v00000225091e7140_0;
    %pushi/vec4 0, 0, 1;
    %cmp/e;
    %flag_get/vec4 4;
    %and;
T_39.5;
    %flag_set/vec4 8;
    %jmp/0xz  T_39.3, 8;
    %pushi/vec4 0, 0, 1;
    %store/vec4 v00000225091e87c0_0, 0, 1;
    %jmp T_39.4;
T_39.3 ;
    %load/vec4 v00000225091e78c0_0;
    %cmpi/e 0, 0, 1;
    %flag_get/vec4 4;
    %jmp/0 T_39.8, 4;
    %load/vec4 v00000225091e7140_0;
    %pushi/vec4 1, 0, 1;
    %cmp/e;
    %flag_get/vec4 4;
    %and;
T_39.8;
    %flag_set/vec4 8;
    %jmp/0xz  T_39.6, 8;
    %pushi/vec4 1, 0, 1;
    %store/vec4 v00000225091e87c0_0, 0, 1;
    %jmp T_39.7;
T_39.6 ;
    %load/vec4 v00000225091e87c0_0;
    %store/vec4 v00000225091e87c0_0, 0, 1;
T_39.7 ;
T_39.4 ;
T_39.1 ;
    %jmp T_39;
    .thread T_39;
    .scope S_00000225091ed570;
T_40 ;
    %pushi/vec4 0, 0, 1;
    %store/vec4 v00000225092945b0_0, 0, 1;
    %end;
    .thread T_40;
    .scope S_00000225091ed570;
T_41 ;
    %wait E_00000225091ac980;
    %load/vec4 v0000022509293610_0;
    %cmpi/e 0, 0, 1;
    %flag_get/vec4 4;
    %jmp/0 T_41.2, 4;
    %load/vec4 v0000022509294010_0;
    %pushi/vec4 0, 0, 1;
    %cmp/e;
    %flag_get/vec4 4;
    %and;
T_41.2;
    %flag_set/vec4 8;
    %jmp/0xz  T_41.0, 8;
    %load/vec4 v00000225092945b0_0;
    %store/vec4 v00000225092945b0_0, 0, 1;
    %jmp T_41.1;
T_41.0 ;
    %load/vec4 v0000022509293610_0;
    %cmpi/e 1, 0, 1;
    %flag_get/vec4 4;
    %jmp/0 T_41.5, 4;
    %load/vec4 v0000022509294010_0;
    %pushi/vec4 0, 0, 1;
    %cmp/e;
    %flag_get/vec4 4;
    %and;
T_41.5;
    %flag_set/vec4 8;
    %jmp/0xz  T_41.3, 8;
    %pushi/vec4 0, 0, 1;
    %store/vec4 v00000225092945b0_0, 0, 1;
    %jmp T_41.4;
T_41.3 ;
    %load/vec4 v0000022509293610_0;
    %cmpi/e 0, 0, 1;
    %flag_get/vec4 4;
    %jmp/0 T_41.8, 4;
    %load/vec4 v0000022509294010_0;
    %pushi/vec4 1, 0, 1;
    %cmp/e;
    %flag_get/vec4 4;
    %and;
T_41.8;
    %flag_set/vec4 8;
    %jmp/0xz  T_41.6, 8;
    %pushi/vec4 1, 0, 1;
    %store/vec4 v00000225092945b0_0, 0, 1;
    %jmp T_41.7;
T_41.6 ;
    %load/vec4 v00000225092945b0_0;
    %store/vec4 v00000225092945b0_0, 0, 1;
T_41.7 ;
T_41.4 ;
T_41.1 ;
    %jmp T_41;
    .thread T_41, $push;
    .scope S_00000225091ed570;
T_42 ;
    %wait E_00000225091acc40;
    %load/vec4 v0000022509293610_0;
    %cmpi/e 0, 0, 1;
    %flag_get/vec4 4;
    %jmp/0 T_42.2, 4;
    %load/vec4 v0000022509294010_0;
    %pushi/vec4 0, 0, 1;
    %cmp/e;
    %flag_get/vec4 4;
    %and;
T_42.2;
    %flag_set/vec4 8;
    %jmp/0xz  T_42.0, 8;
    %load/vec4 v0000022509294790_0;
    %store/vec4 v00000225092945b0_0, 0, 1;
    %jmp T_42.1;
T_42.0 ;
    %load/vec4 v0000022509293610_0;
    %cmpi/e 1, 0, 1;
    %flag_get/vec4 4;
    %jmp/0 T_42.5, 4;
    %load/vec4 v0000022509294010_0;
    %pushi/vec4 0, 0, 1;
    %cmp/e;
    %flag_get/vec4 4;
    %and;
T_42.5;
    %flag_set/vec4 8;
    %jmp/0xz  T_42.3, 8;
    %pushi/vec4 0, 0, 1;
    %store/vec4 v00000225092945b0_0, 0, 1;
    %jmp T_42.4;
T_42.3 ;
    %load/vec4 v0000022509293610_0;
    %cmpi/e 0, 0, 1;
    %flag_get/vec4 4;
    %jmp/0 T_42.8, 4;
    %load/vec4 v0000022509294010_0;
    %pushi/vec4 1, 0, 1;
    %cmp/e;
    %flag_get/vec4 4;
    %and;
T_42.8;
    %flag_set/vec4 8;
    %jmp/0xz  T_42.6, 8;
    %pushi/vec4 1, 0, 1;
    %store/vec4 v00000225092945b0_0, 0, 1;
    %jmp T_42.7;
T_42.6 ;
    %load/vec4 v00000225092945b0_0;
    %store/vec4 v00000225092945b0_0, 0, 1;
T_42.7 ;
T_42.4 ;
T_42.1 ;
    %jmp T_42;
    .thread T_42;
    .scope S_00000225091eded0;
T_43 ;
    %pushi/vec4 0, 0, 1;
    %store/vec4 v0000022509293ed0_0, 0, 1;
    %end;
    .thread T_43;
    .scope S_00000225091eded0;
T_44 ;
    %wait E_00000225091ac380;
    %load/vec4 v0000022509292d50_0;
    %cmpi/e 0, 0, 1;
    %flag_get/vec4 4;
    %jmp/0 T_44.2, 4;
    %load/vec4 v0000022509292850_0;
    %pushi/vec4 0, 0, 1;
    %cmp/e;
    %flag_get/vec4 4;
    %and;
T_44.2;
    %flag_set/vec4 8;
    %jmp/0xz  T_44.0, 8;
    %load/vec4 v0000022509293ed0_0;
    %store/vec4 v0000022509293ed0_0, 0, 1;
    %jmp T_44.1;
T_44.0 ;
    %load/vec4 v0000022509292d50_0;
    %cmpi/e 1, 0, 1;
    %flag_get/vec4 4;
    %jmp/0 T_44.5, 4;
    %load/vec4 v0000022509292850_0;
    %pushi/vec4 0, 0, 1;
    %cmp/e;
    %flag_get/vec4 4;
    %and;
T_44.5;
    %flag_set/vec4 8;
    %jmp/0xz  T_44.3, 8;
    %pushi/vec4 0, 0, 1;
    %store/vec4 v0000022509293ed0_0, 0, 1;
    %jmp T_44.4;
T_44.3 ;
    %load/vec4 v0000022509292d50_0;
    %cmpi/e 0, 0, 1;
    %flag_get/vec4 4;
    %jmp/0 T_44.8, 4;
    %load/vec4 v0000022509292850_0;
    %pushi/vec4 1, 0, 1;
    %cmp/e;
    %flag_get/vec4 4;
    %and;
T_44.8;
    %flag_set/vec4 8;
    %jmp/0xz  T_44.6, 8;
    %pushi/vec4 1, 0, 1;
    %store/vec4 v0000022509293ed0_0, 0, 1;
    %jmp T_44.7;
T_44.6 ;
    %load/vec4 v0000022509293ed0_0;
    %store/vec4 v0000022509293ed0_0, 0, 1;
T_44.7 ;
T_44.4 ;
T_44.1 ;
    %jmp T_44;
    .thread T_44, $push;
    .scope S_00000225091eded0;
T_45 ;
    %wait E_00000225091acc40;
    %load/vec4 v0000022509292d50_0;
    %cmpi/e 0, 0, 1;
    %flag_get/vec4 4;
    %jmp/0 T_45.2, 4;
    %load/vec4 v0000022509292850_0;
    %pushi/vec4 0, 0, 1;
    %cmp/e;
    %flag_get/vec4 4;
    %and;
T_45.2;
    %flag_set/vec4 8;
    %jmp/0xz  T_45.0, 8;
    %load/vec4 v00000225092946f0_0;
    %store/vec4 v0000022509293ed0_0, 0, 1;
    %jmp T_45.1;
T_45.0 ;
    %load/vec4 v0000022509292d50_0;
    %cmpi/e 1, 0, 1;
    %flag_get/vec4 4;
    %jmp/0 T_45.5, 4;
    %load/vec4 v0000022509292850_0;
    %pushi/vec4 0, 0, 1;
    %cmp/e;
    %flag_get/vec4 4;
    %and;
T_45.5;
    %flag_set/vec4 8;
    %jmp/0xz  T_45.3, 8;
    %pushi/vec4 0, 0, 1;
    %store/vec4 v0000022509293ed0_0, 0, 1;
    %jmp T_45.4;
T_45.3 ;
    %load/vec4 v0000022509292d50_0;
    %cmpi/e 0, 0, 1;
    %flag_get/vec4 4;
    %jmp/0 T_45.8, 4;
    %load/vec4 v0000022509292850_0;
    %pushi/vec4 1, 0, 1;
    %cmp/e;
    %flag_get/vec4 4;
    %and;
T_45.8;
    %flag_set/vec4 8;
    %jmp/0xz  T_45.6, 8;
    %pushi/vec4 1, 0, 1;
    %store/vec4 v0000022509293ed0_0, 0, 1;
    %jmp T_45.7;
T_45.6 ;
    %load/vec4 v0000022509293ed0_0;
    %store/vec4 v0000022509293ed0_0, 0, 1;
T_45.7 ;
T_45.4 ;
T_45.1 ;
    %jmp T_45;
    .thread T_45;
    .scope S_00000225091ed700;
T_46 ;
    %pushi/vec4 0, 0, 1;
    %store/vec4 v00000225092940b0_0, 0, 1;
    %end;
    .thread T_46;
    .scope S_00000225091ed700;
T_47 ;
    %wait E_00000225091ad040;
    %load/vec4 v00000225092925d0_0;
    %cmpi/e 0, 0, 1;
    %flag_get/vec4 4;
    %jmp/0 T_47.2, 4;
    %load/vec4 v0000022509293390_0;
    %pushi/vec4 0, 0, 1;
    %cmp/e;
    %flag_get/vec4 4;
    %and;
T_47.2;
    %flag_set/vec4 8;
    %jmp/0xz  T_47.0, 8;
    %load/vec4 v00000225092940b0_0;
    %store/vec4 v00000225092940b0_0, 0, 1;
    %jmp T_47.1;
T_47.0 ;
    %load/vec4 v00000225092925d0_0;
    %cmpi/e 1, 0, 1;
    %flag_get/vec4 4;
    %jmp/0 T_47.5, 4;
    %load/vec4 v0000022509293390_0;
    %pushi/vec4 0, 0, 1;
    %cmp/e;
    %flag_get/vec4 4;
    %and;
T_47.5;
    %flag_set/vec4 8;
    %jmp/0xz  T_47.3, 8;
    %pushi/vec4 0, 0, 1;
    %store/vec4 v00000225092940b0_0, 0, 1;
    %jmp T_47.4;
T_47.3 ;
    %load/vec4 v00000225092925d0_0;
    %cmpi/e 0, 0, 1;
    %flag_get/vec4 4;
    %jmp/0 T_47.8, 4;
    %load/vec4 v0000022509293390_0;
    %pushi/vec4 1, 0, 1;
    %cmp/e;
    %flag_get/vec4 4;
    %and;
T_47.8;
    %flag_set/vec4 8;
    %jmp/0xz  T_47.6, 8;
    %pushi/vec4 1, 0, 1;
    %store/vec4 v00000225092940b0_0, 0, 1;
    %jmp T_47.7;
T_47.6 ;
    %load/vec4 v00000225092940b0_0;
    %store/vec4 v00000225092940b0_0, 0, 1;
T_47.7 ;
T_47.4 ;
T_47.1 ;
    %jmp T_47;
    .thread T_47, $push;
    .scope S_00000225091ed700;
T_48 ;
    %wait E_00000225091acc40;
    %load/vec4 v00000225092925d0_0;
    %cmpi/e 0, 0, 1;
    %flag_get/vec4 4;
    %jmp/0 T_48.2, 4;
    %load/vec4 v0000022509293390_0;
    %pushi/vec4 0, 0, 1;
    %cmp/e;
    %flag_get/vec4 4;
    %and;
T_48.2;
    %flag_set/vec4 8;
    %jmp/0xz  T_48.0, 8;
    %load/vec4 v0000022509293f70_0;
    %store/vec4 v00000225092940b0_0, 0, 1;
    %jmp T_48.1;
T_48.0 ;
    %load/vec4 v00000225092925d0_0;
    %cmpi/e 1, 0, 1;
    %flag_get/vec4 4;
    %jmp/0 T_48.5, 4;
    %load/vec4 v0000022509293390_0;
    %pushi/vec4 0, 0, 1;
    %cmp/e;
    %flag_get/vec4 4;
    %and;
T_48.5;
    %flag_set/vec4 8;
    %jmp/0xz  T_48.3, 8;
    %pushi/vec4 0, 0, 1;
    %store/vec4 v00000225092940b0_0, 0, 1;
    %jmp T_48.4;
T_48.3 ;
    %load/vec4 v00000225092925d0_0;
    %cmpi/e 0, 0, 1;
    %flag_get/vec4 4;
    %jmp/0 T_48.8, 4;
    %load/vec4 v0000022509293390_0;
    %pushi/vec4 1, 0, 1;
    %cmp/e;
    %flag_get/vec4 4;
    %and;
T_48.8;
    %flag_set/vec4 8;
    %jmp/0xz  T_48.6, 8;
    %pushi/vec4 1, 0, 1;
    %store/vec4 v00000225092940b0_0, 0, 1;
    %jmp T_48.7;
T_48.6 ;
    %load/vec4 v00000225092940b0_0;
    %store/vec4 v00000225092940b0_0, 0, 1;
T_48.7 ;
T_48.4 ;
T_48.1 ;
    %jmp T_48;
    .thread T_48;
    .scope S_00000225091ed890;
T_49 ;
    %pushi/vec4 0, 0, 1;
    %store/vec4 v00000225092920d0_0, 0, 1;
    %end;
    .thread T_49;
    .scope S_00000225091ed890;
T_50 ;
    %wait E_00000225091ac900;
    %load/vec4 v0000022509294470_0;
    %cmpi/e 0, 0, 1;
    %flag_get/vec4 4;
    %jmp/0 T_50.2, 4;
    %load/vec4 v0000022509293a70_0;
    %pushi/vec4 0, 0, 1;
    %cmp/e;
    %flag_get/vec4 4;
    %and;
T_50.2;
    %flag_set/vec4 8;
    %jmp/0xz  T_50.0, 8;
    %load/vec4 v00000225092920d0_0;
    %store/vec4 v00000225092920d0_0, 0, 1;
    %jmp T_50.1;
T_50.0 ;
    %load/vec4 v0000022509294470_0;
    %cmpi/e 1, 0, 1;
    %flag_get/vec4 4;
    %jmp/0 T_50.5, 4;
    %load/vec4 v0000022509293a70_0;
    %pushi/vec4 0, 0, 1;
    %cmp/e;
    %flag_get/vec4 4;
    %and;
T_50.5;
    %flag_set/vec4 8;
    %jmp/0xz  T_50.3, 8;
    %pushi/vec4 0, 0, 1;
    %store/vec4 v00000225092920d0_0, 0, 1;
    %jmp T_50.4;
T_50.3 ;
    %load/vec4 v0000022509294470_0;
    %cmpi/e 0, 0, 1;
    %flag_get/vec4 4;
    %jmp/0 T_50.8, 4;
    %load/vec4 v0000022509293a70_0;
    %pushi/vec4 1, 0, 1;
    %cmp/e;
    %flag_get/vec4 4;
    %and;
T_50.8;
    %flag_set/vec4 8;
    %jmp/0xz  T_50.6, 8;
    %pushi/vec4 1, 0, 1;
    %store/vec4 v00000225092920d0_0, 0, 1;
    %jmp T_50.7;
T_50.6 ;
    %load/vec4 v00000225092920d0_0;
    %store/vec4 v00000225092920d0_0, 0, 1;
T_50.7 ;
T_50.4 ;
T_50.1 ;
    %jmp T_50;
    .thread T_50, $push;
    .scope S_00000225091ed890;
T_51 ;
    %wait E_00000225091acc40;
    %load/vec4 v0000022509294470_0;
    %cmpi/e 0, 0, 1;
    %flag_get/vec4 4;
    %jmp/0 T_51.2, 4;
    %load/vec4 v0000022509293a70_0;
    %pushi/vec4 0, 0, 1;
    %cmp/e;
    %flag_get/vec4 4;
    %and;
T_51.2;
    %flag_set/vec4 8;
    %jmp/0xz  T_51.0, 8;
    %load/vec4 v0000022509294290_0;
    %store/vec4 v00000225092920d0_0, 0, 1;
    %jmp T_51.1;
T_51.0 ;
    %load/vec4 v0000022509294470_0;
    %cmpi/e 1, 0, 1;
    %flag_get/vec4 4;
    %jmp/0 T_51.5, 4;
    %load/vec4 v0000022509293a70_0;
    %pushi/vec4 0, 0, 1;
    %cmp/e;
    %flag_get/vec4 4;
    %and;
T_51.5;
    %flag_set/vec4 8;
    %jmp/0xz  T_51.3, 8;
    %pushi/vec4 0, 0, 1;
    %store/vec4 v00000225092920d0_0, 0, 1;
    %jmp T_51.4;
T_51.3 ;
    %load/vec4 v0000022509294470_0;
    %cmpi/e 0, 0, 1;
    %flag_get/vec4 4;
    %jmp/0 T_51.8, 4;
    %load/vec4 v0000022509293a70_0;
    %pushi/vec4 1, 0, 1;
    %cmp/e;
    %flag_get/vec4 4;
    %and;
T_51.8;
    %flag_set/vec4 8;
    %jmp/0xz  T_51.6, 8;
    %pushi/vec4 1, 0, 1;
    %store/vec4 v00000225092920d0_0, 0, 1;
    %jmp T_51.7;
T_51.6 ;
    %load/vec4 v00000225092920d0_0;
    %store/vec4 v00000225092920d0_0, 0, 1;
T_51.7 ;
T_51.4 ;
T_51.1 ;
    %jmp T_51;
    .thread T_51;
    .scope S_0000022509145a20;
T_52 ;
    %pushi/vec4 8, 0, 4;
    %store/vec4 v0000022509298520_0, 0, 4;
    %end;
    .thread T_52;
    .scope S_0000022509145a20;
T_53 ;
    %wait E_00000225091aca00;
    %load/vec4 v0000022509297d00_0;
    %pad/u 32;
    %cmpi/e 1, 0, 32;
    %jmp/0xz  T_53.0, 4;
    %pushi/vec4 8, 0, 4;
    %store/vec4 v0000022509298520_0, 0, 4;
    %jmp T_53.1;
T_53.0 ;
    %load/vec4 v00000225092983e0_0;
    %load/vec4 v0000022509297c60_0;
    %cmp/e;
    %flag_get/vec4 4;
    %jmp/0 T_53.4, 4;
    %load/vec4 v00000225092969a0_0;
    %load/vec4 v00000225092982a0_0;
    %cmp/e;
    %flag_get/vec4 4;
    %and;
T_53.4;
    %flag_set/vec4 8;
    %jmp/0xz  T_53.2, 8;
    %load/vec4 v0000022509298520_0;
    %addi 1, 0, 4;
    %store/vec4 v0000022509298520_0, 0, 4;
T_53.2 ;
T_53.1 ;
    %jmp T_53;
    .thread T_53;
    .scope S_0000022509145a20;
T_54 ;
    %wait E_00000225091ac700;
    %pushi/vec4 0, 0, 4;
    %store/vec4 v0000022509298520_0, 0, 4;
    %jmp T_54;
    .thread T_54;
    .scope S_0000022509145a20;
T_55 ;
    %wait E_00000225091ab6c0;
    %load/vec4 v0000022509296400_0;
    %load/vec4 v00000225092983e0_0;
    %and;
    %store/vec4 v0000022509296d60_0, 0, 1;
    %pushi/vec4 10, 0, 64;
    %ix/vec4 4;
    %delayx 4;
    %load/vec4 v0000022509296d60_0;
    %store/vec4 v0000022509296720_0, 0, 1;
    %jmp T_55;
    .thread T_55, $push;
# The file index is used to find the file name in the following table.
:file_names 6;
    "N/A";
    "<interactive>";
    "sender_receiver.v";
    "./shift_register_8bit.v";
    "./shift_register_4bit.v";
    "./d_ff.v";
