#! /c/Source/iverilog-install/bin/vvp
:ivl_version "12.0 (devel)" "(s20150603-1539-g2693dd32b)";
:ivl_delay_selection "TYPICAL";
:vpi_time_precision + 0;
:vpi_module "C:\iverilog\lib\ivl\system.vpi";
:vpi_module "C:\iverilog\lib\ivl\vhdl_sys.vpi";
:vpi_module "C:\iverilog\lib\ivl\vhdl_textio.vpi";
:vpi_module "C:\iverilog\lib\ivl\v2005_math.vpi";
:vpi_module "C:\iverilog\lib\ivl\va_math.vpi";
S_000001ed2e333380 .scope module, "sender" "sender" 2 23;
 .timescale 0 0;
    .port_info 0 /INPUT 8 "DATA";
    .port_info 1 /INPUT 1 "CLR";
    .port_info 2 /INPUT 1 "WRITE";
    .port_info 3 /INPUT 1 "TE";
    .port_info 4 /INPUT 1 "CLK";
    .port_info 5 /OUTPUT 1 "MOSI";
    .port_info 6 /OUTPUT 1 "FULL_STATE";
    .port_info 7 /OUTPUT 1 "EMPTY_STATE";
o000001ed2e362e98 .functor BUFZ 1, C4<z>; HiZ drive
L_000001ed2e518d70 .functor NOT 1, o000001ed2e362e98, C4<0>, C4<0>, C4<0>;
o000001ed2e362d78 .functor BUFZ 1, C4<z>; HiZ drive
o000001ed2e362e68 .functor BUFZ 1, C4<z>; HiZ drive
L_000001ed2e518de0 .functor AND 1, o000001ed2e362d78, o000001ed2e362e68, C4<1>, C4<1>;
L_000001ed2e518590 .functor NOT 1, L_000001ed2e3bca40, C4<0>, C4<0>, C4<0>;
L_000001ed2e518e50 .functor AND 1, L_000001ed2e518de0, L_000001ed2e518590, C4<1>, C4<1>;
v000001ed2e3b79a0_0 .net "CLK", 0 0, o000001ed2e362d78;  0 drivers
o000001ed2e361158 .functor BUFZ 1, C4<z>; HiZ drive
v000001ed2e3b7b80_0 .net "CLR", 0 0, o000001ed2e361158;  0 drivers
v000001ed2e3b7cc0_0 .var "COUNT_SENT", 2 0;
o000001ed2e362c28 .functor BUFZ 8, C4<zzzzzzzz>; HiZ drive
v000001ed2e3b9050_0 .net "DATA", 7 0, o000001ed2e362c28;  0 drivers
v000001ed2e3b9a50_0 .net "EMPTY_STATE", 0 0, L_000001ed2e3bca40;  1 drivers
v000001ed2e3ba6d0_0 .net "FULL_STATE", 0 0, L_000001ed2e3bcea0;  1 drivers
v000001ed2e3b8f10_0 .net "MOSI", 0 0, L_000001ed2e3bc9a0;  1 drivers
v000001ed2e3b8fb0_0 .net "P_DATA_OUT", 7 0, L_000001ed2e3bc900;  1 drivers
v000001ed2e3b90f0_0 .net "SHIFT_REGISTER_CLK", 0 0, L_000001ed2e518e50;  1 drivers
v000001ed2e3b8c90_0 .net "TE", 0 0, o000001ed2e362e68;  0 drivers
v000001ed2e3b8ab0_0 .net "WRITE", 0 0, o000001ed2e362e98;  0 drivers
L_000001ed2e4d01f0 .functor BUFT 1, C4<000>, C4<0>, C4<0>, C4<0>;
v000001ed2e3ba770_0 .net/2u *"_ivl_12", 2 0, L_000001ed2e4d01f0;  1 drivers
v000001ed2e3b8bf0_0 .net *"_ivl_14", 0 0, L_000001ed2e3bce00;  1 drivers
L_000001ed2e4d0238 .functor BUFT 1, C4<1>, C4<0>, C4<0>, C4<0>;
v000001ed2e3b9ff0_0 .net/2u *"_ivl_16", 0 0, L_000001ed2e4d0238;  1 drivers
L_000001ed2e4d0280 .functor BUFT 1, C4<0>, C4<0>, C4<0>, C4<0>;
v000001ed2e3b9d70_0 .net/2u *"_ivl_18", 0 0, L_000001ed2e4d0280;  1 drivers
L_000001ed2e4d02c8 .functor BUFT 1, C4<111>, C4<0>, C4<0>, C4<0>;
v000001ed2e3b9c30_0 .net/2u *"_ivl_22", 2 0, L_000001ed2e4d02c8;  1 drivers
v000001ed2e3ba4f0_0 .net *"_ivl_24", 0 0, L_000001ed2e3bcb80;  1 drivers
L_000001ed2e4d0310 .functor BUFT 1, C4<1>, C4<0>, C4<0>, C4<0>;
v000001ed2e3b95f0_0 .net/2u *"_ivl_26", 0 0, L_000001ed2e4d0310;  1 drivers
L_000001ed2e4d0358 .functor BUFT 1, C4<0>, C4<0>, C4<0>, C4<0>;
v000001ed2e3b9190_0 .net/2u *"_ivl_28", 0 0, L_000001ed2e4d0358;  1 drivers
v000001ed2e3b9730_0 .net *"_ivl_4", 0 0, L_000001ed2e518de0;  1 drivers
v000001ed2e3ba090_0 .net *"_ivl_6", 0 0, L_000001ed2e518590;  1 drivers
E_000001ed2e358a90/0 .event anyedge, v000001ed2e35e6d0_0, v000001ed2e3b8ab0_0;
E_000001ed2e358a90/1 .event posedge, v000001ed2e35deb0_0;
E_000001ed2e358a90 .event/or E_000001ed2e358a90/0, E_000001ed2e358a90/1;
L_000001ed2e3bc9a0 .part L_000001ed2e3bc900, 7, 1;
L_000001ed2e3bce00 .cmp/eq 3, v000001ed2e3b7cc0_0, L_000001ed2e4d01f0;
L_000001ed2e3bca40 .functor MUXZ 1, L_000001ed2e4d0280, L_000001ed2e4d0238, L_000001ed2e3bce00, C4<>;
L_000001ed2e3bcb80 .cmp/eq 3, v000001ed2e3b7cc0_0, L_000001ed2e4d02c8;
L_000001ed2e3bcea0 .functor MUXZ 1, L_000001ed2e4d0358, L_000001ed2e4d0310, L_000001ed2e3bcb80, C4<>;
S_000001ed2e333510 .scope module, "shift_register_sender" "SHIFT_REGISTER_8BIT" 2 41, 3 17 0, S_000001ed2e333380;
 .timescale 0 0;
    .port_info 0 /INPUT 1 "CLK";
    .port_info 1 /INPUT 1 "CLR";
    .port_info 2 /INPUT 8 "P_DATA_IN";
    .port_info 3 /INPUT 1 "S_DATA_IN";
    .port_info 4 /INPUT 1 "SH_LD";
    .port_info 5 /OUTPUT 8 "DATA_OUT";
v000001ed2e3b6b40_0 .net "CLK", 0 0, L_000001ed2e518e50;  alias, 1 drivers
v000001ed2e3b6be0_0 .net "CLR", 0 0, o000001ed2e361158;  alias, 0 drivers
v000001ed2e3b6c80_0 .net "DATA_OUT", 7 0, L_000001ed2e3bc900;  alias, 1 drivers
v000001ed2e3b6d20_0 .net "P_DATA_IN", 7 0, o000001ed2e362c28;  alias, 0 drivers
v000001ed2e3b6dc0_0 .net "SH_LD", 0 0, L_000001ed2e518d70;  1 drivers
L_000001ed2e4d01a8 .functor BUFT 1, C4<0>, C4<0>, C4<0>, C4<0>;
v000001ed2e3b75e0_0 .net "S_DATA_IN", 0 0, L_000001ed2e4d01a8;  1 drivers
L_000001ed2e3bd8a0 .part o000001ed2e362c28, 4, 4;
L_000001ed2e3bd4e0 .part L_000001ed2e3bc900, 3, 1;
L_000001ed2e3be700 .part o000001ed2e362c28, 0, 4;
L_000001ed2e3bc900 .concat8 [ 4 4 0 0], L_000001ed2e3bcc20, L_000001ed2e3ba3b0;
S_000001ed2e2f2da0 .scope module, "shift_register_0" "SHIFT_REGISTER_4BIT" 3 33, 4 17 0, S_000001ed2e333510;
 .timescale 0 0;
    .port_info 0 /INPUT 1 "CLK";
    .port_info 1 /INPUT 1 "CLR";
    .port_info 2 /INPUT 4 "P_DATA_IN";
    .port_info 3 /INPUT 1 "S_DATA_IN";
    .port_info 4 /INPUT 1 "SH_LD";
    .port_info 5 /OUTPUT 4 "DATA_OUT";
L_000001ed2e35a0d0 .functor NOT 1, L_000001ed2e518d70, C4<0>, C4<0>, C4<0>;
L_000001ed2e35a530 .functor NOT 1, o000001ed2e361158, C4<0>, C4<0>, C4<0>;
L_000001ed2e35a140 .functor AND 1, L_000001ed2e35a0d0, L_000001ed2e3be3e0, C4<1>, C4<1>;
L_000001ed2e35a450 .functor NOR 1, L_000001ed2e518d70, L_000001ed2e3bd940, C4<0>, C4<0>;
L_000001ed2e35a6f0 .functor AND 1, L_000001ed2e35a0d0, L_000001ed2e3bcfe0, C4<1>, C4<1>;
L_000001ed2e35a8b0 .functor NOR 1, L_000001ed2e518d70, L_000001ed2e3bdd00, C4<0>, C4<0>;
L_000001ed2e35aae0 .functor AND 1, L_000001ed2e35a0d0, L_000001ed2e3bd080, C4<1>, C4<1>;
L_000001ed2e35ab50 .functor NOR 1, L_000001ed2e518d70, L_000001ed2e3be7a0, C4<0>, C4<0>;
L_000001ed2e35ac30 .functor AND 1, L_000001ed2e35a0d0, L_000001ed2e3bd6c0, C4<1>, C4<1>;
L_000001ed2e359f80 .functor NOR 1, L_000001ed2e518d70, L_000001ed2e3bd760, C4<0>, C4<0>;
L_000001ed2e518520 .functor AND 1, L_000001ed2e3bd800, L_000001ed2e35a530, C4<1>, C4<1>;
L_000001ed2e518fa0 .functor OR 1, L_000001ed2e3bd9e0, o000001ed2e361158, C4<0>, C4<0>;
L_000001ed2e518280 .functor AND 1, L_000001ed2e3bda80, L_000001ed2e35a530, C4<1>, C4<1>;
L_000001ed2e518980 .functor OR 1, L_000001ed2e3bdbc0, o000001ed2e361158, C4<0>, C4<0>;
L_000001ed2e518360 .functor AND 1, L_000001ed2e3bdc60, L_000001ed2e35a530, C4<1>, C4<1>;
L_000001ed2e518ad0 .functor OR 1, L_000001ed2e3bdda0, o000001ed2e361158, C4<0>, C4<0>;
L_000001ed2e518d00 .functor AND 1, L_000001ed2e3be020, L_000001ed2e35a530, C4<1>, C4<1>;
L_000001ed2e518b40 .functor OR 1, L_000001ed2e3be480, o000001ed2e361158, C4<0>, C4<0>;
v000001ed2e35e090_0 .net "CLK", 0 0, L_000001ed2e518e50;  alias, 1 drivers
v000001ed2e35e6d0_0 .net "CLR", 0 0, o000001ed2e361158;  alias, 0 drivers
v000001ed2e35e270_0 .net "DATA_OUT", 3 0, L_000001ed2e3bcc20;  1 drivers
v000001ed2e35ee50_0 .net "D_CLR", 3 0, L_000001ed2e3be2a0;  1 drivers
v000001ed2e35e9f0_0 .net "D_DATA", 3 0, L_000001ed2e3be660;  1 drivers
v000001ed2e35db90_0 .net "D_PRE", 3 0, L_000001ed2e3bde40;  1 drivers
v000001ed2e35e3b0_0 .net "P_DATA_IN", 3 0, L_000001ed2e3be700;  1 drivers
v000001ed2e35e310_0 .net "SH_LD", 0 0, L_000001ed2e518d70;  alias, 1 drivers
v000001ed2e35e450_0 .net "S_CLR", 3 0, L_000001ed2e3bd260;  1 drivers
v000001ed2e35f0d0_0 .net "S_DATA_IN", 0 0, L_000001ed2e4d01a8;  alias, 1 drivers
v000001ed2e35f2b0_0 .net "S_PRE", 3 0, L_000001ed2e3bdb20;  1 drivers
v000001ed2e35dc30_0 .net *"_ivl_101", 0 0, L_000001ed2e518ad0;  1 drivers
v000001ed2e35e4f0_0 .net *"_ivl_104", 0 0, L_000001ed2e3bdda0;  1 drivers
v000001ed2e35f3f0_0 .net *"_ivl_106", 0 0, L_000001ed2e518d00;  1 drivers
v000001ed2e35e770_0 .net *"_ivl_110", 0 0, L_000001ed2e3be020;  1 drivers
v000001ed2e35d690_0 .net *"_ivl_112", 0 0, L_000001ed2e518b40;  1 drivers
v000001ed2e35e810_0 .net *"_ivl_116", 0 0, L_000001ed2e3be480;  1 drivers
v000001ed2e35e590_0 .net *"_ivl_117", 31 0, L_000001ed2e3be520;  1 drivers
L_000001ed2e4d0118 .functor BUFT 1, C4<0000000000000000000000000000000>, C4<0>, C4<0>, C4<0>;
v000001ed2e35dd70_0 .net *"_ivl_120", 30 0, L_000001ed2e4d0118;  1 drivers
L_000001ed2e4d0160 .functor BUFT 1, C4<00000000000000000000000000000000>, C4<0>, C4<0>, C4<0>;
v000001ed2e35d730_0 .net/2u *"_ivl_121", 31 0, L_000001ed2e4d0160;  1 drivers
v000001ed2e35d7d0_0 .net *"_ivl_123", 0 0, L_000001ed2e3be5c0;  1 drivers
o000001ed2e3614e8 .functor BUFZ 4, C4<zzzz>; HiZ drive
; Elide local net with no drivers, v000001ed2e35d870_0 name=_ivl_125
v000001ed2e35e950_0 .net *"_ivl_34", 0 0, L_000001ed2e35a140;  1 drivers
v000001ed2e35d910_0 .net *"_ivl_37", 0 0, L_000001ed2e3be3e0;  1 drivers
v000001ed2e35d9b0_0 .net *"_ivl_39", 0 0, L_000001ed2e35a450;  1 drivers
v000001ed2e35da50_0 .net *"_ivl_42", 0 0, L_000001ed2e3bd940;  1 drivers
v000001ed2e35daf0_0 .net *"_ivl_44", 0 0, L_000001ed2e35a6f0;  1 drivers
v000001ed2e33f4f0_0 .net *"_ivl_47", 0 0, L_000001ed2e3bcfe0;  1 drivers
v000001ed2e34ed00_0 .net *"_ivl_49", 0 0, L_000001ed2e35a8b0;  1 drivers
v000001ed2e3b4180_0 .net *"_ivl_52", 0 0, L_000001ed2e3bdd00;  1 drivers
v000001ed2e3b3820_0 .net *"_ivl_54", 0 0, L_000001ed2e35aae0;  1 drivers
v000001ed2e3b40e0_0 .net *"_ivl_57", 0 0, L_000001ed2e3bd080;  1 drivers
v000001ed2e3b4220_0 .net *"_ivl_59", 0 0, L_000001ed2e35ab50;  1 drivers
v000001ed2e3b33c0_0 .net *"_ivl_62", 0 0, L_000001ed2e3be7a0;  1 drivers
v000001ed2e3b3b40_0 .net *"_ivl_64", 0 0, L_000001ed2e35ac30;  1 drivers
v000001ed2e3b35a0_0 .net *"_ivl_68", 0 0, L_000001ed2e3bd6c0;  1 drivers
v000001ed2e3b3460_0 .net *"_ivl_70", 0 0, L_000001ed2e359f80;  1 drivers
v000001ed2e3b45e0_0 .net *"_ivl_74", 0 0, L_000001ed2e3bd760;  1 drivers
v000001ed2e3b3320_0 .net *"_ivl_76", 0 0, L_000001ed2e518520;  1 drivers
v000001ed2e3b2c40_0 .net *"_ivl_79", 0 0, L_000001ed2e3bd800;  1 drivers
v000001ed2e3b38c0_0 .net *"_ivl_81", 0 0, L_000001ed2e518fa0;  1 drivers
v000001ed2e3b3780_0 .net *"_ivl_84", 0 0, L_000001ed2e3bd9e0;  1 drivers
v000001ed2e3b3640_0 .net *"_ivl_86", 0 0, L_000001ed2e518280;  1 drivers
v000001ed2e3b2ec0_0 .net *"_ivl_89", 0 0, L_000001ed2e3bda80;  1 drivers
v000001ed2e3b2e20_0 .net *"_ivl_91", 0 0, L_000001ed2e518980;  1 drivers
v000001ed2e3b2ba0_0 .net *"_ivl_94", 0 0, L_000001ed2e3bdbc0;  1 drivers
v000001ed2e3b31e0_0 .net *"_ivl_96", 0 0, L_000001ed2e518360;  1 drivers
v000001ed2e3b4540_0 .net *"_ivl_99", 0 0, L_000001ed2e3bdc60;  1 drivers
v000001ed2e3b4680_0 .net "notCLR", 0 0, L_000001ed2e35a530;  1 drivers
v000001ed2e3b2ce0_0 .net "notSH_LD", 0 0, L_000001ed2e35a0d0;  1 drivers
L_000001ed2e3bd120 .part L_000001ed2e3be2a0, 0, 1;
L_000001ed2e3be160 .part L_000001ed2e3bde40, 0, 1;
L_000001ed2e3bd300 .part L_000001ed2e3bcc20, 0, 1;
L_000001ed2e3be340 .part L_000001ed2e3be2a0, 1, 1;
L_000001ed2e3bdee0 .part L_000001ed2e3bde40, 1, 1;
L_000001ed2e3bdf80 .part L_000001ed2e3bcc20, 1, 1;
L_000001ed2e3bd620 .part L_000001ed2e3be2a0, 2, 1;
L_000001ed2e3bd3a0 .part L_000001ed2e3bde40, 2, 1;
L_000001ed2e3bcc20 .concat8 [ 1 1 1 1], v000001ed2e35ebd0_0, v000001ed2e35df50_0, v000001ed2e35ed10_0, v000001ed2e35dcd0_0;
L_000001ed2e3bd440 .part L_000001ed2e3bcc20, 2, 1;
L_000001ed2e3bcf40 .part L_000001ed2e3be2a0, 3, 1;
L_000001ed2e3be200 .part L_000001ed2e3bde40, 3, 1;
L_000001ed2e3be3e0 .part L_000001ed2e3be660, 3, 1;
L_000001ed2e3bd940 .part L_000001ed2e3be660, 3, 1;
L_000001ed2e3bcfe0 .part L_000001ed2e3be660, 2, 1;
L_000001ed2e3bdd00 .part L_000001ed2e3be660, 2, 1;
L_000001ed2e3bd080 .part L_000001ed2e3be660, 1, 1;
L_000001ed2e3be7a0 .part L_000001ed2e3be660, 1, 1;
L_000001ed2e3bdb20 .concat8 [ 1 1 1 1], L_000001ed2e35a140, L_000001ed2e35a6f0, L_000001ed2e35aae0, L_000001ed2e35ac30;
L_000001ed2e3bd6c0 .part L_000001ed2e3be660, 0, 1;
L_000001ed2e3bd260 .concat8 [ 1 1 1 1], L_000001ed2e35a450, L_000001ed2e35a8b0, L_000001ed2e35ab50, L_000001ed2e359f80;
L_000001ed2e3bd760 .part L_000001ed2e3be660, 0, 1;
L_000001ed2e3bd800 .part L_000001ed2e3bdb20, 0, 1;
L_000001ed2e3bd9e0 .part L_000001ed2e3bd260, 0, 1;
L_000001ed2e3bda80 .part L_000001ed2e3bdb20, 1, 1;
L_000001ed2e3bdbc0 .part L_000001ed2e3bd260, 1, 1;
L_000001ed2e3bdc60 .part L_000001ed2e3bdb20, 2, 1;
L_000001ed2e3bdda0 .part L_000001ed2e3bd260, 2, 1;
L_000001ed2e3bde40 .concat8 [ 1 1 1 1], L_000001ed2e518520, L_000001ed2e518280, L_000001ed2e518360, L_000001ed2e518d00;
L_000001ed2e3be020 .part L_000001ed2e3bdb20, 3, 1;
L_000001ed2e3be2a0 .concat8 [ 1 1 1 1], L_000001ed2e518fa0, L_000001ed2e518980, L_000001ed2e518ad0, L_000001ed2e518b40;
L_000001ed2e3be480 .part L_000001ed2e3bd260, 3, 1;
L_000001ed2e3be520 .concat [ 1 31 0 0], L_000001ed2e518d70, L_000001ed2e4d0118;
L_000001ed2e3be5c0 .cmp/eq 32, L_000001ed2e3be520, L_000001ed2e4d0160;
L_000001ed2e3be660 .functor MUXZ 4, o000001ed2e3614e8, L_000001ed2e3be700, L_000001ed2e3be5c0, C4<>;
S_000001ed2e2f2f30 .scope module, "dff0" "d_ff" 4 34, 5 7 0, S_000001ed2e2f2da0;
 .timescale 0 0;
    .port_info 0 /OUTPUT 1 "Q";
    .port_info 1 /INPUT 1 "DATA";
    .port_info 2 /INPUT 1 "CLK";
    .port_info 3 /INPUT 1 "CLR";
    .port_info 4 /INPUT 1 "PRE";
v000001ed2e35deb0_0 .net "CLK", 0 0, L_000001ed2e518e50;  alias, 1 drivers
v000001ed2e35eef0_0 .net "CLR", 0 0, L_000001ed2e3bd120;  1 drivers
v000001ed2e35ef90_0 .net "DATA", 0 0, L_000001ed2e4d01a8;  alias, 1 drivers
v000001ed2e35dff0_0 .net "PRE", 0 0, L_000001ed2e3be160;  1 drivers
v000001ed2e35ebd0_0 .var "Q", 0 0;
E_000001ed2e358a10/0 .event anyedge, v000001ed2e35dff0_0, v000001ed2e35eef0_0;
E_000001ed2e358a10/1 .event posedge, v000001ed2e35deb0_0;
E_000001ed2e358a10 .event/or E_000001ed2e358a10/0, E_000001ed2e358a10/1;
S_000001ed2e4cbcf0 .scope module, "dff1" "d_ff" 4 35, 5 7 0, S_000001ed2e2f2da0;
 .timescale 0 0;
    .port_info 0 /OUTPUT 1 "Q";
    .port_info 1 /INPUT 1 "DATA";
    .port_info 2 /INPUT 1 "CLK";
    .port_info 3 /INPUT 1 "CLR";
    .port_info 4 /INPUT 1 "PRE";
v000001ed2e35de10_0 .net "CLK", 0 0, L_000001ed2e518e50;  alias, 1 drivers
v000001ed2e35eb30_0 .net "CLR", 0 0, L_000001ed2e3be340;  1 drivers
v000001ed2e35f170_0 .net "DATA", 0 0, L_000001ed2e3bd300;  1 drivers
v000001ed2e35e1d0_0 .net "PRE", 0 0, L_000001ed2e3bdee0;  1 drivers
v000001ed2e35df50_0 .var "Q", 0 0;
E_000001ed2e3582d0/0 .event anyedge, v000001ed2e35e1d0_0, v000001ed2e35eb30_0;
E_000001ed2e3582d0/1 .event posedge, v000001ed2e35deb0_0;
E_000001ed2e3582d0 .event/or E_000001ed2e3582d0/0, E_000001ed2e3582d0/1;
S_000001ed2e4cbe80 .scope module, "dff2" "d_ff" 4 36, 5 7 0, S_000001ed2e2f2da0;
 .timescale 0 0;
    .port_info 0 /OUTPUT 1 "Q";
    .port_info 1 /INPUT 1 "DATA";
    .port_info 2 /INPUT 1 "CLK";
    .port_info 3 /INPUT 1 "CLR";
    .port_info 4 /INPUT 1 "PRE";
v000001ed2e35ea90_0 .net "CLK", 0 0, L_000001ed2e518e50;  alias, 1 drivers
v000001ed2e35f350_0 .net "CLR", 0 0, L_000001ed2e3bd620;  1 drivers
v000001ed2e35f210_0 .net "DATA", 0 0, L_000001ed2e3bdf80;  1 drivers
v000001ed2e35e130_0 .net "PRE", 0 0, L_000001ed2e3bd3a0;  1 drivers
v000001ed2e35ed10_0 .var "Q", 0 0;
E_000001ed2e357fd0/0 .event anyedge, v000001ed2e35e130_0, v000001ed2e35f350_0;
E_000001ed2e357fd0/1 .event posedge, v000001ed2e35deb0_0;
E_000001ed2e357fd0 .event/or E_000001ed2e357fd0/0, E_000001ed2e357fd0/1;
S_000001ed2e4cc010 .scope module, "dff3" "d_ff" 4 37, 5 7 0, S_000001ed2e2f2da0;
 .timescale 0 0;
    .port_info 0 /OUTPUT 1 "Q";
    .port_info 1 /INPUT 1 "DATA";
    .port_info 2 /INPUT 1 "CLK";
    .port_info 3 /INPUT 1 "CLR";
    .port_info 4 /INPUT 1 "PRE";
v000001ed2e35e8b0_0 .net "CLK", 0 0, L_000001ed2e518e50;  alias, 1 drivers
v000001ed2e35edb0_0 .net "CLR", 0 0, L_000001ed2e3bcf40;  1 drivers
v000001ed2e35e630_0 .net "DATA", 0 0, L_000001ed2e3bd440;  1 drivers
v000001ed2e35f530_0 .net "PRE", 0 0, L_000001ed2e3be200;  1 drivers
v000001ed2e35dcd0_0 .var "Q", 0 0;
E_000001ed2e3585d0/0 .event anyedge, v000001ed2e35f530_0, v000001ed2e35edb0_0;
E_000001ed2e3585d0/1 .event posedge, v000001ed2e35deb0_0;
E_000001ed2e3585d0 .event/or E_000001ed2e3585d0/0, E_000001ed2e3585d0/1;
S_000001ed2e3b4d70 .scope module, "shift_register_1" "SHIFT_REGISTER_4BIT" 3 25, 4 17 0, S_000001ed2e333510;
 .timescale 0 0;
    .port_info 0 /INPUT 1 "CLK";
    .port_info 1 /INPUT 1 "CLR";
    .port_info 2 /INPUT 4 "P_DATA_IN";
    .port_info 3 /INPUT 1 "S_DATA_IN";
    .port_info 4 /INPUT 1 "SH_LD";
    .port_info 5 /OUTPUT 4 "DATA_OUT";
L_000001ed2e35a840 .functor NOT 1, L_000001ed2e518d70, C4<0>, C4<0>, C4<0>;
L_000001ed2e359ea0 .functor NOT 1, o000001ed2e361158, C4<0>, C4<0>, C4<0>;
L_000001ed2e359e30 .functor AND 1, L_000001ed2e35a840, L_000001ed2e3b9e10, C4<1>, C4<1>;
L_000001ed2e35a220 .functor NOR 1, L_000001ed2e518d70, L_000001ed2e3b9eb0, C4<0>, C4<0>;
L_000001ed2e35a4c0 .functor AND 1, L_000001ed2e35a840, L_000001ed2e3b9410, C4<1>, C4<1>;
L_000001ed2e35aa00 .functor NOR 1, L_000001ed2e518d70, L_000001ed2e3ba310, C4<0>, C4<0>;
L_000001ed2e35a7d0 .functor AND 1, L_000001ed2e35a840, L_000001ed2e3b9f50, C4<1>, C4<1>;
L_000001ed2e35abc0 .functor NOR 1, L_000001ed2e518d70, L_000001ed2e3b8a10, C4<0>, C4<0>;
L_000001ed2e35a290 .functor AND 1, L_000001ed2e35a840, L_000001ed2e3b8b50, C4<1>, C4<1>;
L_000001ed2e35a920 .functor NOR 1, L_000001ed2e518d70, L_000001ed2e3b9230, C4<0>, C4<0>;
L_000001ed2e35a610 .functor AND 1, L_000001ed2e3b8d30, L_000001ed2e359ea0, C4<1>, C4<1>;
L_000001ed2e35a1b0 .functor OR 1, L_000001ed2e3ba450, o000001ed2e361158, C4<0>, C4<0>;
L_000001ed2e35a370 .functor AND 1, L_000001ed2e3ba590, L_000001ed2e359ea0, C4<1>, C4<1>;
L_000001ed2e35a990 .functor OR 1, L_000001ed2e3ba630, o000001ed2e361158, C4<0>, C4<0>;
L_000001ed2e35aa70 .functor AND 1, L_000001ed2e3b8dd0, L_000001ed2e359ea0, C4<1>, C4<1>;
L_000001ed2e35a3e0 .functor OR 1, L_000001ed2e3b92d0, o000001ed2e361158, C4<0>, C4<0>;
L_000001ed2e35a680 .functor AND 1, L_000001ed2e3b99b0, L_000001ed2e359ea0, C4<1>, C4<1>;
L_000001ed2e359f10 .functor OR 1, L_000001ed2e3b9b90, o000001ed2e361158, C4<0>, C4<0>;
v000001ed2e3b3f00_0 .net "CLK", 0 0, L_000001ed2e518e50;  alias, 1 drivers
v000001ed2e3b4a40_0 .net "CLR", 0 0, o000001ed2e361158;  alias, 0 drivers
v000001ed2e3b30a0_0 .net "DATA_OUT", 3 0, L_000001ed2e3ba3b0;  1 drivers
v000001ed2e3b3be0_0 .net "D_CLR", 3 0, L_000001ed2e3b9af0;  1 drivers
v000001ed2e3b3140_0 .net "D_DATA", 3 0, L_000001ed2e3bd1c0;  1 drivers
v000001ed2e3b3280_0 .net "D_PRE", 3 0, L_000001ed2e3b9550;  1 drivers
v000001ed2e3b3c80_0 .net "P_DATA_IN", 3 0, L_000001ed2e3bd8a0;  1 drivers
v000001ed2e3b3500_0 .net "SH_LD", 0 0, L_000001ed2e518d70;  alias, 1 drivers
v000001ed2e3b3dc0_0 .net "S_CLR", 3 0, L_000001ed2e3ba130;  1 drivers
v000001ed2e3b65a0_0 .net "S_DATA_IN", 0 0, L_000001ed2e3bd4e0;  1 drivers
v000001ed2e3b8120_0 .net "S_PRE", 3 0, L_000001ed2e3b88d0;  1 drivers
v000001ed2e3b6e60_0 .net *"_ivl_101", 0 0, L_000001ed2e35a3e0;  1 drivers
v000001ed2e3b7a40_0 .net *"_ivl_104", 0 0, L_000001ed2e3b92d0;  1 drivers
v000001ed2e3b7ae0_0 .net *"_ivl_106", 0 0, L_000001ed2e35a680;  1 drivers
v000001ed2e3b70e0_0 .net *"_ivl_110", 0 0, L_000001ed2e3b99b0;  1 drivers
v000001ed2e3b6820_0 .net *"_ivl_112", 0 0, L_000001ed2e359f10;  1 drivers
v000001ed2e3b7fe0_0 .net *"_ivl_116", 0 0, L_000001ed2e3b9b90;  1 drivers
v000001ed2e3b81c0_0 .net *"_ivl_117", 31 0, L_000001ed2e3bd580;  1 drivers
L_000001ed2e4d0088 .functor BUFT 1, C4<0000000000000000000000000000000>, C4<0>, C4<0>, C4<0>;
v000001ed2e3b6f00_0 .net *"_ivl_120", 30 0, L_000001ed2e4d0088;  1 drivers
L_000001ed2e4d00d0 .functor BUFT 1, C4<00000000000000000000000000000000>, C4<0>, C4<0>, C4<0>;
v000001ed2e3b68c0_0 .net/2u *"_ivl_121", 31 0, L_000001ed2e4d00d0;  1 drivers
v000001ed2e3b7180_0 .net *"_ivl_123", 0 0, L_000001ed2e3be0c0;  1 drivers
o000001ed2e362568 .functor BUFZ 4, C4<zzzz>; HiZ drive
; Elide local net with no drivers, v000001ed2e3b8080_0 name=_ivl_125
v000001ed2e3b7680_0 .net *"_ivl_34", 0 0, L_000001ed2e359e30;  1 drivers
v000001ed2e3b7860_0 .net *"_ivl_37", 0 0, L_000001ed2e3b9e10;  1 drivers
v000001ed2e3b7e00_0 .net *"_ivl_39", 0 0, L_000001ed2e35a220;  1 drivers
v000001ed2e3b74a0_0 .net *"_ivl_42", 0 0, L_000001ed2e3b9eb0;  1 drivers
v000001ed2e3b66e0_0 .net *"_ivl_44", 0 0, L_000001ed2e35a4c0;  1 drivers
v000001ed2e3b77c0_0 .net *"_ivl_47", 0 0, L_000001ed2e3b9410;  1 drivers
v000001ed2e3b7c20_0 .net *"_ivl_49", 0 0, L_000001ed2e35aa00;  1 drivers
v000001ed2e3b72c0_0 .net *"_ivl_52", 0 0, L_000001ed2e3ba310;  1 drivers
v000001ed2e3b8260_0 .net *"_ivl_54", 0 0, L_000001ed2e35a7d0;  1 drivers
v000001ed2e3b6fa0_0 .net *"_ivl_57", 0 0, L_000001ed2e3b9f50;  1 drivers
v000001ed2e3b6780_0 .net *"_ivl_59", 0 0, L_000001ed2e35abc0;  1 drivers
v000001ed2e3b7d60_0 .net *"_ivl_62", 0 0, L_000001ed2e3b8a10;  1 drivers
v000001ed2e3b8300_0 .net *"_ivl_64", 0 0, L_000001ed2e35a290;  1 drivers
v000001ed2e3b7220_0 .net *"_ivl_68", 0 0, L_000001ed2e3b8b50;  1 drivers
v000001ed2e3b7040_0 .net *"_ivl_70", 0 0, L_000001ed2e35a920;  1 drivers
v000001ed2e3b7f40_0 .net *"_ivl_74", 0 0, L_000001ed2e3b9230;  1 drivers
v000001ed2e3b7ea0_0 .net *"_ivl_76", 0 0, L_000001ed2e35a610;  1 drivers
v000001ed2e3b6960_0 .net *"_ivl_79", 0 0, L_000001ed2e3b8d30;  1 drivers
v000001ed2e3b83a0_0 .net *"_ivl_81", 0 0, L_000001ed2e35a1b0;  1 drivers
v000001ed2e3b7360_0 .net *"_ivl_84", 0 0, L_000001ed2e3ba450;  1 drivers
v000001ed2e3b7900_0 .net *"_ivl_86", 0 0, L_000001ed2e35a370;  1 drivers
v000001ed2e3b7400_0 .net *"_ivl_89", 0 0, L_000001ed2e3ba590;  1 drivers
v000001ed2e3b7540_0 .net *"_ivl_91", 0 0, L_000001ed2e35a990;  1 drivers
v000001ed2e3b6a00_0 .net *"_ivl_94", 0 0, L_000001ed2e3ba630;  1 drivers
v000001ed2e3b7720_0 .net *"_ivl_96", 0 0, L_000001ed2e35aa70;  1 drivers
v000001ed2e3b6aa0_0 .net *"_ivl_99", 0 0, L_000001ed2e3b8dd0;  1 drivers
v000001ed2e3b8440_0 .net "notCLR", 0 0, L_000001ed2e359ea0;  1 drivers
v000001ed2e3b6640_0 .net "notSH_LD", 0 0, L_000001ed2e35a840;  1 drivers
L_000001ed2e3b9690 .part L_000001ed2e3b9af0, 0, 1;
L_000001ed2e3b8e70 .part L_000001ed2e3b9550, 0, 1;
L_000001ed2e3b9cd0 .part L_000001ed2e3ba3b0, 0, 1;
L_000001ed2e3ba270 .part L_000001ed2e3b9af0, 1, 1;
L_000001ed2e3b97d0 .part L_000001ed2e3b9550, 1, 1;
L_000001ed2e3b9910 .part L_000001ed2e3ba3b0, 1, 1;
L_000001ed2e3b94b0 .part L_000001ed2e3b9af0, 2, 1;
L_000001ed2e3b8970 .part L_000001ed2e3b9550, 2, 1;
L_000001ed2e3ba3b0 .concat8 [ 1 1 1 1], v000001ed2e3b36e0_0, v000001ed2e3b47c0_0, v000001ed2e3b3a00_0, v000001ed2e3b3aa0_0;
L_000001ed2e3b9870 .part L_000001ed2e3ba3b0, 2, 1;
L_000001ed2e3b9370 .part L_000001ed2e3b9af0, 3, 1;
L_000001ed2e3ba1d0 .part L_000001ed2e3b9550, 3, 1;
L_000001ed2e3b9e10 .part L_000001ed2e3bd1c0, 3, 1;
L_000001ed2e3b9eb0 .part L_000001ed2e3bd1c0, 3, 1;
L_000001ed2e3b9410 .part L_000001ed2e3bd1c0, 2, 1;
L_000001ed2e3ba310 .part L_000001ed2e3bd1c0, 2, 1;
L_000001ed2e3b9f50 .part L_000001ed2e3bd1c0, 1, 1;
L_000001ed2e3b8a10 .part L_000001ed2e3bd1c0, 1, 1;
L_000001ed2e3b88d0 .concat8 [ 1 1 1 1], L_000001ed2e359e30, L_000001ed2e35a4c0, L_000001ed2e35a7d0, L_000001ed2e35a290;
L_000001ed2e3b8b50 .part L_000001ed2e3bd1c0, 0, 1;
L_000001ed2e3ba130 .concat8 [ 1 1 1 1], L_000001ed2e35a220, L_000001ed2e35aa00, L_000001ed2e35abc0, L_000001ed2e35a920;
L_000001ed2e3b9230 .part L_000001ed2e3bd1c0, 0, 1;
L_000001ed2e3b8d30 .part L_000001ed2e3b88d0, 0, 1;
L_000001ed2e3ba450 .part L_000001ed2e3ba130, 0, 1;
L_000001ed2e3ba590 .part L_000001ed2e3b88d0, 1, 1;
L_000001ed2e3ba630 .part L_000001ed2e3ba130, 1, 1;
L_000001ed2e3b8dd0 .part L_000001ed2e3b88d0, 2, 1;
L_000001ed2e3b92d0 .part L_000001ed2e3ba130, 2, 1;
L_000001ed2e3b9550 .concat8 [ 1 1 1 1], L_000001ed2e35a610, L_000001ed2e35a370, L_000001ed2e35aa70, L_000001ed2e35a680;
L_000001ed2e3b99b0 .part L_000001ed2e3b88d0, 3, 1;
L_000001ed2e3b9af0 .concat8 [ 1 1 1 1], L_000001ed2e35a1b0, L_000001ed2e35a990, L_000001ed2e35a3e0, L_000001ed2e359f10;
L_000001ed2e3b9b90 .part L_000001ed2e3ba130, 3, 1;
L_000001ed2e3bd580 .concat [ 1 31 0 0], L_000001ed2e518d70, L_000001ed2e4d0088;
L_000001ed2e3be0c0 .cmp/eq 32, L_000001ed2e3bd580, L_000001ed2e4d00d0;
L_000001ed2e3bd1c0 .functor MUXZ 4, o000001ed2e362568, L_000001ed2e3bd8a0, L_000001ed2e3be0c0, C4<>;
S_000001ed2e3b4f00 .scope module, "dff0" "d_ff" 4 34, 5 7 0, S_000001ed2e3b4d70;
 .timescale 0 0;
    .port_info 0 /OUTPUT 1 "Q";
    .port_info 1 /INPUT 1 "DATA";
    .port_info 2 /INPUT 1 "CLK";
    .port_info 3 /INPUT 1 "CLR";
    .port_info 4 /INPUT 1 "PRE";
v000001ed2e3b2f60_0 .net "CLK", 0 0, L_000001ed2e518e50;  alias, 1 drivers
v000001ed2e3b42c0_0 .net "CLR", 0 0, L_000001ed2e3b9690;  1 drivers
v000001ed2e3b4860_0 .net "DATA", 0 0, L_000001ed2e3bd4e0;  alias, 1 drivers
v000001ed2e3b3960_0 .net "PRE", 0 0, L_000001ed2e3b8e70;  1 drivers
v000001ed2e3b36e0_0 .var "Q", 0 0;
E_000001ed2e358310/0 .event anyedge, v000001ed2e3b3960_0, v000001ed2e3b42c0_0;
E_000001ed2e358310/1 .event posedge, v000001ed2e35deb0_0;
E_000001ed2e358310 .event/or E_000001ed2e358310/0, E_000001ed2e358310/1;
S_000001ed2e3b5090 .scope module, "dff1" "d_ff" 4 35, 5 7 0, S_000001ed2e3b4d70;
 .timescale 0 0;
    .port_info 0 /OUTPUT 1 "Q";
    .port_info 1 /INPUT 1 "DATA";
    .port_info 2 /INPUT 1 "CLK";
    .port_info 3 /INPUT 1 "CLR";
    .port_info 4 /INPUT 1 "PRE";
v000001ed2e3b4360_0 .net "CLK", 0 0, L_000001ed2e518e50;  alias, 1 drivers
v000001ed2e3b4900_0 .net "CLR", 0 0, L_000001ed2e3ba270;  1 drivers
v000001ed2e3b3e60_0 .net "DATA", 0 0, L_000001ed2e3b9cd0;  1 drivers
v000001ed2e3b4400_0 .net "PRE", 0 0, L_000001ed2e3b97d0;  1 drivers
v000001ed2e3b47c0_0 .var "Q", 0 0;
E_000001ed2e358010/0 .event anyedge, v000001ed2e3b4400_0, v000001ed2e3b4900_0;
E_000001ed2e358010/1 .event posedge, v000001ed2e35deb0_0;
E_000001ed2e358010 .event/or E_000001ed2e358010/0, E_000001ed2e358010/1;
S_000001ed2e3b5220 .scope module, "dff2" "d_ff" 4 36, 5 7 0, S_000001ed2e3b4d70;
 .timescale 0 0;
    .port_info 0 /OUTPUT 1 "Q";
    .port_info 1 /INPUT 1 "DATA";
    .port_info 2 /INPUT 1 "CLK";
    .port_info 3 /INPUT 1 "CLR";
    .port_info 4 /INPUT 1 "PRE";
v000001ed2e3b3fa0_0 .net "CLK", 0 0, L_000001ed2e518e50;  alias, 1 drivers
v000001ed2e3b44a0_0 .net "CLR", 0 0, L_000001ed2e3b94b0;  1 drivers
v000001ed2e3b3d20_0 .net "DATA", 0 0, L_000001ed2e3b9910;  1 drivers
v000001ed2e3b2d80_0 .net "PRE", 0 0, L_000001ed2e3b8970;  1 drivers
v000001ed2e3b3a00_0 .var "Q", 0 0;
E_000001ed2e358610/0 .event anyedge, v000001ed2e3b2d80_0, v000001ed2e3b44a0_0;
E_000001ed2e358610/1 .event posedge, v000001ed2e35deb0_0;
E_000001ed2e358610 .event/or E_000001ed2e358610/0, E_000001ed2e358610/1;
S_000001ed2e3b53b0 .scope module, "dff3" "d_ff" 4 37, 5 7 0, S_000001ed2e3b4d70;
 .timescale 0 0;
    .port_info 0 /OUTPUT 1 "Q";
    .port_info 1 /INPUT 1 "DATA";
    .port_info 2 /INPUT 1 "CLK";
    .port_info 3 /INPUT 1 "CLR";
    .port_info 4 /INPUT 1 "PRE";
v000001ed2e3b4720_0 .net "CLK", 0 0, L_000001ed2e518e50;  alias, 1 drivers
v000001ed2e3b3000_0 .net "CLR", 0 0, L_000001ed2e3b9370;  1 drivers
v000001ed2e3b4040_0 .net "DATA", 0 0, L_000001ed2e3b9870;  1 drivers
v000001ed2e3b49a0_0 .net "PRE", 0 0, L_000001ed2e3ba1d0;  1 drivers
v000001ed2e3b3aa0_0 .var "Q", 0 0;
E_000001ed2e358650/0 .event anyedge, v000001ed2e3b49a0_0, v000001ed2e3b3000_0;
E_000001ed2e358650/1 .event posedge, v000001ed2e35deb0_0;
E_000001ed2e358650 .event/or E_000001ed2e358650/0, E_000001ed2e358650/1;
    .scope S_000001ed2e3b4f00;
T_0 ;
    %pushi/vec4 0, 0, 1;
    %store/vec4 v000001ed2e3b36e0_0, 0, 1;
    %end;
    .thread T_0;
    .scope S_000001ed2e3b4f00;
T_1 ;
    %wait E_000001ed2e358310;
    %load/vec4 v000001ed2e3b2f60_0;
    %flag_set/vec4 8;
    %jmp/0xz  T_1.0, 8;
    %load/vec4 v000001ed2e3b4860_0;
    %store/vec4 v000001ed2e3b36e0_0, 0, 1;
    %jmp T_1.1;
T_1.0 ;
    %load/vec4 v000001ed2e3b42c0_0;
    %pad/u 32;
    %cmpi/e 1, 0, 32;
    %jmp/0xz  T_1.2, 4;
    %pushi/vec4 0, 0, 1;
    %store/vec4 v000001ed2e3b36e0_0, 0, 1;
    %jmp T_1.3;
T_1.2 ;
    %load/vec4 v000001ed2e3b3960_0;
    %pad/u 32;
    %cmpi/e 1, 0, 32;
    %jmp/0xz  T_1.4, 4;
    %pushi/vec4 1, 0, 1;
    %store/vec4 v000001ed2e3b36e0_0, 0, 1;
    %jmp T_1.5;
T_1.4 ;
    %load/vec4 v000001ed2e3b36e0_0;
    %store/vec4 v000001ed2e3b36e0_0, 0, 1;
T_1.5 ;
T_1.3 ;
T_1.1 ;
    %jmp T_1;
    .thread T_1;
    .scope S_000001ed2e3b5090;
T_2 ;
    %pushi/vec4 0, 0, 1;
    %store/vec4 v000001ed2e3b47c0_0, 0, 1;
    %end;
    .thread T_2;
    .scope S_000001ed2e3b5090;
T_3 ;
    %wait E_000001ed2e358010;
    %load/vec4 v000001ed2e3b4360_0;
    %flag_set/vec4 8;
    %jmp/0xz  T_3.0, 8;
    %load/vec4 v000001ed2e3b3e60_0;
    %store/vec4 v000001ed2e3b47c0_0, 0, 1;
    %jmp T_3.1;
T_3.0 ;
    %load/vec4 v000001ed2e3b4900_0;
    %pad/u 32;
    %cmpi/e 1, 0, 32;
    %jmp/0xz  T_3.2, 4;
    %pushi/vec4 0, 0, 1;
    %store/vec4 v000001ed2e3b47c0_0, 0, 1;
    %jmp T_3.3;
T_3.2 ;
    %load/vec4 v000001ed2e3b4400_0;
    %pad/u 32;
    %cmpi/e 1, 0, 32;
    %jmp/0xz  T_3.4, 4;
    %pushi/vec4 1, 0, 1;
    %store/vec4 v000001ed2e3b47c0_0, 0, 1;
    %jmp T_3.5;
T_3.4 ;
    %load/vec4 v000001ed2e3b47c0_0;
    %store/vec4 v000001ed2e3b47c0_0, 0, 1;
T_3.5 ;
T_3.3 ;
T_3.1 ;
    %jmp T_3;
    .thread T_3;
    .scope S_000001ed2e3b5220;
T_4 ;
    %pushi/vec4 0, 0, 1;
    %store/vec4 v000001ed2e3b3a00_0, 0, 1;
    %end;
    .thread T_4;
    .scope S_000001ed2e3b5220;
T_5 ;
    %wait E_000001ed2e358610;
    %load/vec4 v000001ed2e3b3fa0_0;
    %flag_set/vec4 8;
    %jmp/0xz  T_5.0, 8;
    %load/vec4 v000001ed2e3b3d20_0;
    %store/vec4 v000001ed2e3b3a00_0, 0, 1;
    %jmp T_5.1;
T_5.0 ;
    %load/vec4 v000001ed2e3b44a0_0;
    %pad/u 32;
    %cmpi/e 1, 0, 32;
    %jmp/0xz  T_5.2, 4;
    %pushi/vec4 0, 0, 1;
    %store/vec4 v000001ed2e3b3a00_0, 0, 1;
    %jmp T_5.3;
T_5.2 ;
    %load/vec4 v000001ed2e3b2d80_0;
    %pad/u 32;
    %cmpi/e 1, 0, 32;
    %jmp/0xz  T_5.4, 4;
    %pushi/vec4 1, 0, 1;
    %store/vec4 v000001ed2e3b3a00_0, 0, 1;
    %jmp T_5.5;
T_5.4 ;
    %load/vec4 v000001ed2e3b3a00_0;
    %store/vec4 v000001ed2e3b3a00_0, 0, 1;
T_5.5 ;
T_5.3 ;
T_5.1 ;
    %jmp T_5;
    .thread T_5;
    .scope S_000001ed2e3b53b0;
T_6 ;
    %pushi/vec4 0, 0, 1;
    %store/vec4 v000001ed2e3b3aa0_0, 0, 1;
    %end;
    .thread T_6;
    .scope S_000001ed2e3b53b0;
T_7 ;
    %wait E_000001ed2e358650;
    %load/vec4 v000001ed2e3b4720_0;
    %flag_set/vec4 8;
    %jmp/0xz  T_7.0, 8;
    %load/vec4 v000001ed2e3b4040_0;
    %store/vec4 v000001ed2e3b3aa0_0, 0, 1;
    %jmp T_7.1;
T_7.0 ;
    %load/vec4 v000001ed2e3b3000_0;
    %pad/u 32;
    %cmpi/e 1, 0, 32;
    %jmp/0xz  T_7.2, 4;
    %pushi/vec4 0, 0, 1;
    %store/vec4 v000001ed2e3b3aa0_0, 0, 1;
    %jmp T_7.3;
T_7.2 ;
    %load/vec4 v000001ed2e3b49a0_0;
    %pad/u 32;
    %cmpi/e 1, 0, 32;
    %jmp/0xz  T_7.4, 4;
    %pushi/vec4 1, 0, 1;
    %store/vec4 v000001ed2e3b3aa0_0, 0, 1;
    %jmp T_7.5;
T_7.4 ;
    %load/vec4 v000001ed2e3b3aa0_0;
    %store/vec4 v000001ed2e3b3aa0_0, 0, 1;
T_7.5 ;
T_7.3 ;
T_7.1 ;
    %jmp T_7;
    .thread T_7;
    .scope S_000001ed2e2f2f30;
T_8 ;
    %pushi/vec4 0, 0, 1;
    %store/vec4 v000001ed2e35ebd0_0, 0, 1;
    %end;
    .thread T_8;
    .scope S_000001ed2e2f2f30;
T_9 ;
    %wait E_000001ed2e358a10;
    %load/vec4 v000001ed2e35deb0_0;
    %flag_set/vec4 8;
    %jmp/0xz  T_9.0, 8;
    %load/vec4 v000001ed2e35ef90_0;
    %store/vec4 v000001ed2e35ebd0_0, 0, 1;
    %jmp T_9.1;
T_9.0 ;
    %load/vec4 v000001ed2e35eef0_0;
    %pad/u 32;
    %cmpi/e 1, 0, 32;
    %jmp/0xz  T_9.2, 4;
    %pushi/vec4 0, 0, 1;
    %store/vec4 v000001ed2e35ebd0_0, 0, 1;
    %jmp T_9.3;
T_9.2 ;
    %load/vec4 v000001ed2e35dff0_0;
    %pad/u 32;
    %cmpi/e 1, 0, 32;
    %jmp/0xz  T_9.4, 4;
    %pushi/vec4 1, 0, 1;
    %store/vec4 v000001ed2e35ebd0_0, 0, 1;
    %jmp T_9.5;
T_9.4 ;
    %load/vec4 v000001ed2e35ebd0_0;
    %store/vec4 v000001ed2e35ebd0_0, 0, 1;
T_9.5 ;
T_9.3 ;
T_9.1 ;
    %jmp T_9;
    .thread T_9;
    .scope S_000001ed2e4cbcf0;
T_10 ;
    %pushi/vec4 0, 0, 1;
    %store/vec4 v000001ed2e35df50_0, 0, 1;
    %end;
    .thread T_10;
    .scope S_000001ed2e4cbcf0;
T_11 ;
    %wait E_000001ed2e3582d0;
    %load/vec4 v000001ed2e35de10_0;
    %flag_set/vec4 8;
    %jmp/0xz  T_11.0, 8;
    %load/vec4 v000001ed2e35f170_0;
    %store/vec4 v000001ed2e35df50_0, 0, 1;
    %jmp T_11.1;
T_11.0 ;
    %load/vec4 v000001ed2e35eb30_0;
    %pad/u 32;
    %cmpi/e 1, 0, 32;
    %jmp/0xz  T_11.2, 4;
    %pushi/vec4 0, 0, 1;
    %store/vec4 v000001ed2e35df50_0, 0, 1;
    %jmp T_11.3;
T_11.2 ;
    %load/vec4 v000001ed2e35e1d0_0;
    %pad/u 32;
    %cmpi/e 1, 0, 32;
    %jmp/0xz  T_11.4, 4;
    %pushi/vec4 1, 0, 1;
    %store/vec4 v000001ed2e35df50_0, 0, 1;
    %jmp T_11.5;
T_11.4 ;
    %load/vec4 v000001ed2e35df50_0;
    %store/vec4 v000001ed2e35df50_0, 0, 1;
T_11.5 ;
T_11.3 ;
T_11.1 ;
    %jmp T_11;
    .thread T_11;
    .scope S_000001ed2e4cbe80;
T_12 ;
    %pushi/vec4 0, 0, 1;
    %store/vec4 v000001ed2e35ed10_0, 0, 1;
    %end;
    .thread T_12;
    .scope S_000001ed2e4cbe80;
T_13 ;
    %wait E_000001ed2e357fd0;
    %load/vec4 v000001ed2e35ea90_0;
    %flag_set/vec4 8;
    %jmp/0xz  T_13.0, 8;
    %load/vec4 v000001ed2e35f210_0;
    %store/vec4 v000001ed2e35ed10_0, 0, 1;
    %jmp T_13.1;
T_13.0 ;
    %load/vec4 v000001ed2e35f350_0;
    %pad/u 32;
    %cmpi/e 1, 0, 32;
    %jmp/0xz  T_13.2, 4;
    %pushi/vec4 0, 0, 1;
    %store/vec4 v000001ed2e35ed10_0, 0, 1;
    %jmp T_13.3;
T_13.2 ;
    %load/vec4 v000001ed2e35e130_0;
    %pad/u 32;
    %cmpi/e 1, 0, 32;
    %jmp/0xz  T_13.4, 4;
    %pushi/vec4 1, 0, 1;
    %store/vec4 v000001ed2e35ed10_0, 0, 1;
    %jmp T_13.5;
T_13.4 ;
    %load/vec4 v000001ed2e35ed10_0;
    %store/vec4 v000001ed2e35ed10_0, 0, 1;
T_13.5 ;
T_13.3 ;
T_13.1 ;
    %jmp T_13;
    .thread T_13;
    .scope S_000001ed2e4cc010;
T_14 ;
    %pushi/vec4 0, 0, 1;
    %store/vec4 v000001ed2e35dcd0_0, 0, 1;
    %end;
    .thread T_14;
    .scope S_000001ed2e4cc010;
T_15 ;
    %wait E_000001ed2e3585d0;
    %load/vec4 v000001ed2e35e8b0_0;
    %flag_set/vec4 8;
    %jmp/0xz  T_15.0, 8;
    %load/vec4 v000001ed2e35e630_0;
    %store/vec4 v000001ed2e35dcd0_0, 0, 1;
    %jmp T_15.1;
T_15.0 ;
    %load/vec4 v000001ed2e35edb0_0;
    %pad/u 32;
    %cmpi/e 1, 0, 32;
    %jmp/0xz  T_15.2, 4;
    %pushi/vec4 0, 0, 1;
    %store/vec4 v000001ed2e35dcd0_0, 0, 1;
    %jmp T_15.3;
T_15.2 ;
    %load/vec4 v000001ed2e35f530_0;
    %pad/u 32;
    %cmpi/e 1, 0, 32;
    %jmp/0xz  T_15.4, 4;
    %pushi/vec4 1, 0, 1;
    %store/vec4 v000001ed2e35dcd0_0, 0, 1;
    %jmp T_15.5;
T_15.4 ;
    %load/vec4 v000001ed2e35dcd0_0;
    %store/vec4 v000001ed2e35dcd0_0, 0, 1;
T_15.5 ;
T_15.3 ;
T_15.1 ;
    %jmp T_15;
    .thread T_15;
    .scope S_000001ed2e333380;
T_16 ;
    %pushi/vec4 0, 0, 3;
    %store/vec4 v000001ed2e3b7cc0_0, 0, 3;
    %end;
    .thread T_16;
    .scope S_000001ed2e333380;
T_17 ;
    %wait E_000001ed2e358a90;
    %load/vec4 v000001ed2e3b7b80_0;
    %pad/u 32;
    %cmpi/e 1, 0, 32;
    %jmp/0xz  T_17.0, 4;
    %pushi/vec4 0, 0, 3;
    %store/vec4 v000001ed2e3b7cc0_0, 0, 3;
    %jmp T_17.1;
T_17.0 ;
    %load/vec4 v000001ed2e3b8ab0_0;
    %pad/u 32;
    %cmpi/e 1, 0, 32;
    %jmp/0xz  T_17.2, 4;
    %pushi/vec4 7, 0, 3;
    %store/vec4 v000001ed2e3b7cc0_0, 0, 3;
    %jmp T_17.3;
T_17.2 ;
    %load/vec4 v000001ed2e3b7cc0_0;
    %load/vec4 v000001ed2e3b90f0_0;
    %pad/u 3;
    %sub;
    %store/vec4 v000001ed2e3b7cc0_0, 0, 3;
T_17.3 ;
T_17.1 ;
    %jmp T_17;
    .thread T_17;
# The file index is used to find the file name in the following table.
:file_names 6;
    "N/A";
    "<interactive>";
    "sender.v";
    "./S_shift_register_8bit.v";
    "./S_shift_register_4bit.v";
    "./d_ff.v";
