#! /c/Source/iverilog-install/bin/vvp
:ivl_version "12.0 (devel)" "(s20150603-1539-g2693dd32b)";
:ivl_delay_selection "TYPICAL";
:vpi_time_precision + 0;
:vpi_module "C:\iverilog\lib\ivl\system.vpi";
:vpi_module "C:\iverilog\lib\ivl\vhdl_sys.vpi";
:vpi_module "C:\iverilog\lib\ivl\vhdl_textio.vpi";
:vpi_module "C:\iverilog\lib\ivl\v2005_math.vpi";
:vpi_module "C:\iverilog\lib\ivl\va_math.vpi";
S_0000018bd0d0cff0 .scope module, "SHIFT_REGISTER" "SHIFT_REGISTER" 2 15;
 .timescale 0 0;
    .port_info 0 /INPUT 1 "CLK";
    .port_info 1 /INPUT 1 "CLR";
    .port_info 2 /INPUT 8 "P_DATA_IN";
    .port_info 3 /INPUT 1 "S_DATA_IN";
    .port_info 4 /INPUT 1 "SH_LD";
    .port_info 5 /OUTPUT 8 "DATA_OUT";
o0000018bd0c14088 .functor BUFZ 1, C4<z>; HiZ drive
L_0000018bd0c120f0 .functor NOT 1, o0000018bd0c14088, C4<0>, C4<0>, C4<0>;
L_0000018bd0c11fa0 .functor AND 1, L_0000018bd0c120f0, L_0000018bd0c6cec0, C4<1>, C4<1>;
L_0000018bd0c11b40 .functor NOR 1, L_0000018bd0c120f0, L_0000018bd0c6e220, C4<0>, C4<0>;
L_0000018bd0c118a0 .functor AND 1, L_0000018bd0c120f0, L_0000018bd0c6d000, C4<1>, C4<1>;
L_0000018bd0c11590 .functor NOR 1, L_0000018bd0c120f0, L_0000018bd0c6df00, C4<0>, C4<0>;
L_0000018bd0c11210 .functor AND 1, L_0000018bd0c120f0, L_0000018bd0c6f730, C4<1>, C4<1>;
L_0000018bd0c11d70 .functor NOR 1, L_0000018bd0c120f0, L_0000018bd0c6f5f0, C4<0>, C4<0>;
L_0000018bd0c12080 .functor AND 1, L_0000018bd0c120f0, L_0000018bd0c70590, C4<1>, C4<1>;
L_0000018bd0c11280 .functor NOR 1, L_0000018bd0c120f0, L_0000018bd0c6fa50, C4<0>, C4<0>;
L_0000018bd0c11520 .functor AND 1, L_0000018bd0c120f0, L_0000018bd0c70630, C4<1>, C4<1>;
L_0000018bd0c11600 .functor NOR 1, L_0000018bd0c120f0, L_0000018bd0c6efb0, C4<0>, C4<0>;
L_0000018bd0c116e0 .functor AND 1, L_0000018bd0c120f0, L_0000018bd0c6edd0, C4<1>, C4<1>;
L_0000018bd0c11c20 .functor NOR 1, L_0000018bd0c120f0, L_0000018bd0c6f690, C4<0>, C4<0>;
L_0000018bd0c11ec0 .functor AND 1, L_0000018bd0c120f0, L_0000018bd0c6fc30, C4<1>, C4<1>;
L_0000018bd0c11bb0 .functor NOR 1, L_0000018bd0c120f0, L_0000018bd0c706d0, C4<0>, C4<0>;
L_0000018bd0c11c90 .functor AND 1, L_0000018bd0c120f0, L_0000018bd0c6f050, C4<1>, C4<1>;
L_0000018bd0c11d00 .functor NOR 1, L_0000018bd0c120f0, L_0000018bd0c70450, C4<0>, C4<0>;
o0000018bd0c131e8 .functor BUFZ 1, C4<z>; HiZ drive
v0000018bd0c103e0_0 .net "CLK", 0 0, o0000018bd0c131e8;  0 drivers
o0000018bd0c13f98 .functor BUFZ 1, C4<z>; HiZ drive
v0000018bd0c10520_0 .net "CLR", 0 0, o0000018bd0c13f98;  0 drivers
v0000018bd0c108e0_0 .net "DATA_OUT", 7 0, L_0000018bd0c6ce20;  1 drivers
v0000018bd0c10980_0 .net "D_CLR", 7 0, L_0000018bd0c701d0;  1 drivers
v0000018bd0c0ee00_0 .net "D_PRE", 7 0, L_0000018bd0c703b0;  1 drivers
o0000018bd0c14058 .functor BUFZ 8, C4<zzzzzzzz>; HiZ drive
v0000018bd0c09200_0 .net "P_DATA_IN", 7 0, o0000018bd0c14058;  0 drivers
v0000018bd0c09340_0 .net "SH_LD", 0 0, o0000018bd0c14088;  0 drivers
o0000018bd0c13248 .functor BUFZ 1, C4<z>; HiZ drive
v0000018bd0c07ea0_0 .net "S_DATA_IN", 0 0, o0000018bd0c13248;  0 drivers
v0000018bd0c08ee0_0 .net *"_ivl_100", 0 0, L_0000018bd0c11280;  1 drivers
v0000018bd0c09480_0 .net *"_ivl_103", 0 0, L_0000018bd0c6fa50;  1 drivers
v0000018bd0c089e0_0 .net *"_ivl_105", 0 0, L_0000018bd0c11520;  1 drivers
v0000018bd0c08620_0 .net *"_ivl_108", 0 0, L_0000018bd0c70630;  1 drivers
v0000018bd0c09520_0 .net *"_ivl_110", 0 0, L_0000018bd0c11600;  1 drivers
v0000018bd0c08800_0 .net *"_ivl_113", 0 0, L_0000018bd0c6efb0;  1 drivers
v0000018bd0c08a80_0 .net *"_ivl_115", 0 0, L_0000018bd0c116e0;  1 drivers
v0000018bd0c09660_0 .net *"_ivl_118", 0 0, L_0000018bd0c6edd0;  1 drivers
v0000018bd0c09700_0 .net *"_ivl_120", 0 0, L_0000018bd0c11c20;  1 drivers
v0000018bd0c07900_0 .net *"_ivl_123", 0 0, L_0000018bd0c6f690;  1 drivers
v0000018bd0becb20_0 .net *"_ivl_125", 0 0, L_0000018bd0c11ec0;  1 drivers
v0000018bd0c6d5a0_0 .net *"_ivl_128", 0 0, L_0000018bd0c6fc30;  1 drivers
v0000018bd0c6e5e0_0 .net *"_ivl_130", 0 0, L_0000018bd0c11bb0;  1 drivers
v0000018bd0c6d140_0 .net *"_ivl_133", 0 0, L_0000018bd0c706d0;  1 drivers
v0000018bd0c6d6e0_0 .net *"_ivl_135", 0 0, L_0000018bd0c11c90;  1 drivers
v0000018bd0c6c9c0_0 .net *"_ivl_139", 0 0, L_0000018bd0c6f050;  1 drivers
v0000018bd0c6e4a0_0 .net *"_ivl_141", 0 0, L_0000018bd0c11d00;  1 drivers
v0000018bd0c6e180_0 .net *"_ivl_145", 0 0, L_0000018bd0c70450;  1 drivers
v0000018bd0c6e540_0 .net *"_ivl_65", 0 0, L_0000018bd0c11fa0;  1 drivers
v0000018bd0c6cba0_0 .net *"_ivl_68", 0 0, L_0000018bd0c6cec0;  1 drivers
v0000018bd0c6c920_0 .net *"_ivl_70", 0 0, L_0000018bd0c11b40;  1 drivers
v0000018bd0c6c740_0 .net *"_ivl_73", 0 0, L_0000018bd0c6e220;  1 drivers
v0000018bd0c6d0a0_0 .net *"_ivl_75", 0 0, L_0000018bd0c118a0;  1 drivers
v0000018bd0c6d820_0 .net *"_ivl_78", 0 0, L_0000018bd0c6d000;  1 drivers
v0000018bd0c6c7e0_0 .net *"_ivl_80", 0 0, L_0000018bd0c11590;  1 drivers
v0000018bd0c6d320_0 .net *"_ivl_83", 0 0, L_0000018bd0c6df00;  1 drivers
v0000018bd0c6dbe0_0 .net *"_ivl_85", 0 0, L_0000018bd0c11210;  1 drivers
v0000018bd0c6c880_0 .net *"_ivl_88", 0 0, L_0000018bd0c6f730;  1 drivers
v0000018bd0c6e360_0 .net *"_ivl_90", 0 0, L_0000018bd0c11d70;  1 drivers
v0000018bd0c6da00_0 .net *"_ivl_93", 0 0, L_0000018bd0c6f5f0;  1 drivers
v0000018bd0c6d1e0_0 .net *"_ivl_95", 0 0, L_0000018bd0c12080;  1 drivers
v0000018bd0c6dc80_0 .net *"_ivl_98", 0 0, L_0000018bd0c70590;  1 drivers
v0000018bd0c6ca60_0 .net "notSH_LD", 0 0, L_0000018bd0c120f0;  1 drivers
L_0000018bd0c6d3c0 .part L_0000018bd0c701d0, 0, 1;
L_0000018bd0c6dd20 .part L_0000018bd0c703b0, 0, 1;
L_0000018bd0c6e0e0 .part L_0000018bd0c6ce20, 0, 1;
L_0000018bd0c6e2c0 .part L_0000018bd0c701d0, 1, 1;
L_0000018bd0c6d960 .part L_0000018bd0c703b0, 1, 1;
L_0000018bd0c6d460 .part L_0000018bd0c6ce20, 1, 1;
L_0000018bd0c6d280 .part L_0000018bd0c701d0, 2, 1;
L_0000018bd0c6dfa0 .part L_0000018bd0c703b0, 2, 1;
L_0000018bd0c6cce0 .part L_0000018bd0c6ce20, 2, 1;
L_0000018bd0c6ddc0 .part L_0000018bd0c701d0, 3, 1;
L_0000018bd0c6d500 .part L_0000018bd0c703b0, 3, 1;
L_0000018bd0c6cb00 .part L_0000018bd0c6ce20, 3, 1;
L_0000018bd0c6d640 .part L_0000018bd0c701d0, 4, 1;
L_0000018bd0c6cc40 .part L_0000018bd0c703b0, 4, 1;
L_0000018bd0c6e040 .part L_0000018bd0c6ce20, 4, 1;
L_0000018bd0c6d780 .part L_0000018bd0c701d0, 5, 1;
L_0000018bd0c6d8c0 .part L_0000018bd0c703b0, 5, 1;
L_0000018bd0c6de60 .part L_0000018bd0c6ce20, 5, 1;
L_0000018bd0c6cd80 .part L_0000018bd0c701d0, 6, 1;
L_0000018bd0c6e400 .part L_0000018bd0c703b0, 6, 1;
LS_0000018bd0c6ce20_0_0 .concat8 [ 1 1 1 1], v0000018bd0c0f8a0_0, v0000018bd0c10b60_0, v0000018bd0c10ac0_0, v0000018bd0c10340_0;
LS_0000018bd0c6ce20_0_4 .concat8 [ 1 1 1 1], v0000018bd0c0fbc0_0, v0000018bd0c0fda0_0, v0000018bd0c0ed60_0, v0000018bd0c10200_0;
L_0000018bd0c6ce20 .concat8 [ 4 4 0 0], LS_0000018bd0c6ce20_0_0, LS_0000018bd0c6ce20_0_4;
L_0000018bd0c6daa0 .part L_0000018bd0c6ce20, 6, 1;
L_0000018bd0c6cf60 .part L_0000018bd0c701d0, 7, 1;
L_0000018bd0c6db40 .part L_0000018bd0c703b0, 7, 1;
L_0000018bd0c6cec0 .part o0000018bd0c14058, 0, 1;
L_0000018bd0c6e220 .part o0000018bd0c14058, 0, 1;
L_0000018bd0c6d000 .part o0000018bd0c14058, 1, 1;
L_0000018bd0c6df00 .part o0000018bd0c14058, 1, 1;
L_0000018bd0c6f730 .part o0000018bd0c14058, 2, 1;
L_0000018bd0c6f5f0 .part o0000018bd0c14058, 2, 1;
L_0000018bd0c70590 .part o0000018bd0c14058, 3, 1;
L_0000018bd0c6fa50 .part o0000018bd0c14058, 3, 1;
L_0000018bd0c70630 .part o0000018bd0c14058, 4, 1;
L_0000018bd0c6efb0 .part o0000018bd0c14058, 4, 1;
L_0000018bd0c6edd0 .part o0000018bd0c14058, 5, 1;
L_0000018bd0c6f690 .part o0000018bd0c14058, 5, 1;
L_0000018bd0c6fc30 .part o0000018bd0c14058, 6, 1;
L_0000018bd0c706d0 .part o0000018bd0c14058, 6, 1;
LS_0000018bd0c703b0_0_0 .concat8 [ 1 1 1 1], L_0000018bd0c11fa0, L_0000018bd0c118a0, L_0000018bd0c11210, L_0000018bd0c12080;
LS_0000018bd0c703b0_0_4 .concat8 [ 1 1 1 1], L_0000018bd0c11520, L_0000018bd0c116e0, L_0000018bd0c11ec0, L_0000018bd0c11c90;
L_0000018bd0c703b0 .concat8 [ 4 4 0 0], LS_0000018bd0c703b0_0_0, LS_0000018bd0c703b0_0_4;
L_0000018bd0c6f050 .part o0000018bd0c14058, 7, 1;
LS_0000018bd0c701d0_0_0 .concat8 [ 1 1 1 1], L_0000018bd0c11b40, L_0000018bd0c11590, L_0000018bd0c11d70, L_0000018bd0c11280;
LS_0000018bd0c701d0_0_4 .concat8 [ 1 1 1 1], L_0000018bd0c11600, L_0000018bd0c11c20, L_0000018bd0c11bb0, L_0000018bd0c11d00;
L_0000018bd0c701d0 .concat8 [ 4 4 0 0], LS_0000018bd0c701d0_0_0, LS_0000018bd0c701d0_0_4;
L_0000018bd0c70450 .part o0000018bd0c14058, 7, 1;
S_0000018bd0d0d180 .scope module, "dff0" "d_ff" 2 29, 3 7 0, S_0000018bd0d0cff0;
 .timescale 0 0;
    .port_info 0 /OUTPUT 1 "Q";
    .port_info 1 /INPUT 1 "DATA";
    .port_info 2 /INPUT 1 "CLK";
    .port_info 3 /INPUT 1 "CLR";
    .port_info 4 /INPUT 1 "PRE";
v0000018bd0c0f3a0_0 .net "CLK", 0 0, o0000018bd0c131e8;  alias, 0 drivers
v0000018bd0c0f260_0 .net "CLR", 0 0, L_0000018bd0c6d3c0;  1 drivers
v0000018bd0c10160_0 .net "DATA", 0 0, o0000018bd0c13248;  alias, 0 drivers
v0000018bd0c0ef40_0 .net "PRE", 0 0, L_0000018bd0c6dd20;  1 drivers
v0000018bd0c0f8a0_0 .var "Q", 0 0;
E_0000018bd0c0e870/0 .event anyedge, v0000018bd0c0ef40_0, v0000018bd0c0f260_0;
E_0000018bd0c0e870/1 .event posedge, v0000018bd0c0f3a0_0;
E_0000018bd0c0e870 .event/or E_0000018bd0c0e870/0, E_0000018bd0c0e870/1;
S_0000018bd0c6aae0 .scope module, "dff1" "d_ff" 2 30, 3 7 0, S_0000018bd0d0cff0;
 .timescale 0 0;
    .port_info 0 /OUTPUT 1 "Q";
    .port_info 1 /INPUT 1 "DATA";
    .port_info 2 /INPUT 1 "CLK";
    .port_info 3 /INPUT 1 "CLR";
    .port_info 4 /INPUT 1 "PRE";
v0000018bd0c0fa80_0 .net "CLK", 0 0, o0000018bd0c131e8;  alias, 0 drivers
v0000018bd0c0f760_0 .net "CLR", 0 0, L_0000018bd0c6e2c0;  1 drivers
v0000018bd0c10700_0 .net "DATA", 0 0, L_0000018bd0c6e0e0;  1 drivers
v0000018bd0c0f800_0 .net "PRE", 0 0, L_0000018bd0c6d960;  1 drivers
v0000018bd0c10b60_0 .var "Q", 0 0;
E_0000018bd0c0e570/0 .event anyedge, v0000018bd0c0f800_0, v0000018bd0c0f760_0;
E_0000018bd0c0e570/1 .event posedge, v0000018bd0c0f3a0_0;
E_0000018bd0c0e570 .event/or E_0000018bd0c0e570/0, E_0000018bd0c0e570/1;
S_0000018bd0c6ac70 .scope module, "dff2" "d_ff" 2 31, 3 7 0, S_0000018bd0d0cff0;
 .timescale 0 0;
    .port_info 0 /OUTPUT 1 "Q";
    .port_info 1 /INPUT 1 "DATA";
    .port_info 2 /INPUT 1 "CLK";
    .port_info 3 /INPUT 1 "CLR";
    .port_info 4 /INPUT 1 "PRE";
v0000018bd0c0f300_0 .net "CLK", 0 0, o0000018bd0c131e8;  alias, 0 drivers
v0000018bd0c0f940_0 .net "CLR", 0 0, L_0000018bd0c6d280;  1 drivers
v0000018bd0c0ff80_0 .net "DATA", 0 0, L_0000018bd0c6d460;  1 drivers
v0000018bd0c105c0_0 .net "PRE", 0 0, L_0000018bd0c6dfa0;  1 drivers
v0000018bd0c10ac0_0 .var "Q", 0 0;
E_0000018bd0c0de30/0 .event anyedge, v0000018bd0c105c0_0, v0000018bd0c0f940_0;
E_0000018bd0c0de30/1 .event posedge, v0000018bd0c0f3a0_0;
E_0000018bd0c0de30 .event/or E_0000018bd0c0de30/0, E_0000018bd0c0de30/1;
S_0000018bd0c6ae00 .scope module, "dff3" "d_ff" 2 32, 3 7 0, S_0000018bd0d0cff0;
 .timescale 0 0;
    .port_info 0 /OUTPUT 1 "Q";
    .port_info 1 /INPUT 1 "DATA";
    .port_info 2 /INPUT 1 "CLK";
    .port_info 3 /INPUT 1 "CLR";
    .port_info 4 /INPUT 1 "PRE";
v0000018bd0c0f080_0 .net "CLK", 0 0, o0000018bd0c131e8;  alias, 0 drivers
v0000018bd0c0f1c0_0 .net "CLR", 0 0, L_0000018bd0c6ddc0;  1 drivers
v0000018bd0c10840_0 .net "DATA", 0 0, L_0000018bd0c6cce0;  1 drivers
v0000018bd0c0fb20_0 .net "PRE", 0 0, L_0000018bd0c6d500;  1 drivers
v0000018bd0c10340_0 .var "Q", 0 0;
E_0000018bd0c0ea30/0 .event anyedge, v0000018bd0c0fb20_0, v0000018bd0c0f1c0_0;
E_0000018bd0c0ea30/1 .event posedge, v0000018bd0c0f3a0_0;
E_0000018bd0c0ea30 .event/or E_0000018bd0c0ea30/0, E_0000018bd0c0ea30/1;
S_0000018bd0c6af90 .scope module, "dff4" "d_ff" 2 33, 3 7 0, S_0000018bd0d0cff0;
 .timescale 0 0;
    .port_info 0 /OUTPUT 1 "Q";
    .port_info 1 /INPUT 1 "DATA";
    .port_info 2 /INPUT 1 "CLK";
    .port_info 3 /INPUT 1 "CLR";
    .port_info 4 /INPUT 1 "PRE";
v0000018bd0c0f580_0 .net "CLK", 0 0, o0000018bd0c131e8;  alias, 0 drivers
v0000018bd0c10660_0 .net "CLR", 0 0, L_0000018bd0c6d640;  1 drivers
v0000018bd0c10a20_0 .net "DATA", 0 0, L_0000018bd0c6cb00;  1 drivers
v0000018bd0c10020_0 .net "PRE", 0 0, L_0000018bd0c6cc40;  1 drivers
v0000018bd0c0fbc0_0 .var "Q", 0 0;
E_0000018bd0c0e4f0/0 .event anyedge, v0000018bd0c10020_0, v0000018bd0c10660_0;
E_0000018bd0c0e4f0/1 .event posedge, v0000018bd0c0f3a0_0;
E_0000018bd0c0e4f0 .event/or E_0000018bd0c0e4f0/0, E_0000018bd0c0e4f0/1;
S_0000018bd0c6c130 .scope module, "dff5" "d_ff" 2 34, 3 7 0, S_0000018bd0d0cff0;
 .timescale 0 0;
    .port_info 0 /OUTPUT 1 "Q";
    .port_info 1 /INPUT 1 "DATA";
    .port_info 2 /INPUT 1 "CLK";
    .port_info 3 /INPUT 1 "CLR";
    .port_info 4 /INPUT 1 "PRE";
v0000018bd0c0f9e0_0 .net "CLK", 0 0, o0000018bd0c131e8;  alias, 0 drivers
v0000018bd0c0ecc0_0 .net "CLR", 0 0, L_0000018bd0c6d780;  1 drivers
v0000018bd0c0fd00_0 .net "DATA", 0 0, L_0000018bd0c6e040;  1 drivers
v0000018bd0c0fee0_0 .net "PRE", 0 0, L_0000018bd0c6d8c0;  1 drivers
v0000018bd0c0fda0_0 .var "Q", 0 0;
E_0000018bd0c0eab0/0 .event anyedge, v0000018bd0c0fee0_0, v0000018bd0c0ecc0_0;
E_0000018bd0c0eab0/1 .event posedge, v0000018bd0c0f3a0_0;
E_0000018bd0c0eab0 .event/or E_0000018bd0c0eab0/0, E_0000018bd0c0eab0/1;
S_0000018bd0c6c2c0 .scope module, "dff6" "d_ff" 2 35, 3 7 0, S_0000018bd0d0cff0;
 .timescale 0 0;
    .port_info 0 /OUTPUT 1 "Q";
    .port_info 1 /INPUT 1 "DATA";
    .port_info 2 /INPUT 1 "CLK";
    .port_info 3 /INPUT 1 "CLR";
    .port_info 4 /INPUT 1 "PRE";
v0000018bd0c0f4e0_0 .net "CLK", 0 0, o0000018bd0c131e8;  alias, 0 drivers
v0000018bd0c107a0_0 .net "CLR", 0 0, L_0000018bd0c6cd80;  1 drivers
v0000018bd0c0efe0_0 .net "DATA", 0 0, L_0000018bd0c6de60;  1 drivers
v0000018bd0c0f620_0 .net "PRE", 0 0, L_0000018bd0c6e400;  1 drivers
v0000018bd0c0ed60_0 .var "Q", 0 0;
E_0000018bd0c0eb70/0 .event anyedge, v0000018bd0c0f620_0, v0000018bd0c107a0_0;
E_0000018bd0c0eb70/1 .event posedge, v0000018bd0c0f3a0_0;
E_0000018bd0c0eb70 .event/or E_0000018bd0c0eb70/0, E_0000018bd0c0eb70/1;
S_0000018bd0c6c450 .scope module, "dff7" "d_ff" 2 36, 3 7 0, S_0000018bd0d0cff0;
 .timescale 0 0;
    .port_info 0 /OUTPUT 1 "Q";
    .port_info 1 /INPUT 1 "DATA";
    .port_info 2 /INPUT 1 "CLK";
    .port_info 3 /INPUT 1 "CLR";
    .port_info 4 /INPUT 1 "PRE";
v0000018bd0c0f6c0_0 .net "CLK", 0 0, o0000018bd0c131e8;  alias, 0 drivers
v0000018bd0c0fe40_0 .net "CLR", 0 0, L_0000018bd0c6cf60;  1 drivers
v0000018bd0c0f120_0 .net "DATA", 0 0, L_0000018bd0c6daa0;  1 drivers
v0000018bd0c100c0_0 .net "PRE", 0 0, L_0000018bd0c6db40;  1 drivers
v0000018bd0c10200_0 .var "Q", 0 0;
E_0000018bd0c0e630/0 .event anyedge, v0000018bd0c100c0_0, v0000018bd0c0fe40_0;
E_0000018bd0c0e630/1 .event posedge, v0000018bd0c0f3a0_0;
E_0000018bd0c0e630 .event/or E_0000018bd0c0e630/0, E_0000018bd0c0e630/1;
    .scope S_0000018bd0d0d180;
T_0 ;
    %pushi/vec4 0, 0, 1;
    %assign/vec4 v0000018bd0c0f8a0_0, 0;
    %end;
    .thread T_0;
    .scope S_0000018bd0d0d180;
T_1 ;
    %wait E_0000018bd0c0e870;
    %load/vec4 v0000018bd0c0f260_0;
    %pad/u 32;
    %cmpi/e 1, 0, 32;
    %flag_get/vec4 4;
    %jmp/0 T_1.2, 4;
    %load/vec4 v0000018bd0c0ef40_0;
    %pad/u 32;
    %pushi/vec4 1, 0, 32;
    %cmp/e;
    %flag_get/vec4 4;
    %and;
T_1.2;
    %flag_set/vec4 8;
    %jmp/0xz  T_1.0, 8;
    %load/vec4 v0000018bd0c0f8a0_0;
    %assign/vec4 v0000018bd0c0f8a0_0, 0;
    %jmp T_1.1;
T_1.0 ;
    %load/vec4 v0000018bd0c0f260_0;
    %pad/u 32;
    %cmpi/e 1, 0, 32;
    %jmp/0xz  T_1.3, 4;
    %pushi/vec4 0, 0, 1;
    %assign/vec4 v0000018bd0c0f8a0_0, 0;
    %jmp T_1.4;
T_1.3 ;
    %load/vec4 v0000018bd0c0ef40_0;
    %pad/u 32;
    %cmpi/e 1, 0, 32;
    %jmp/0xz  T_1.5, 4;
    %pushi/vec4 1, 0, 1;
    %assign/vec4 v0000018bd0c0f8a0_0, 0;
    %jmp T_1.6;
T_1.5 ;
    %load/vec4 v0000018bd0c10160_0;
    %assign/vec4 v0000018bd0c0f8a0_0, 0;
T_1.6 ;
T_1.4 ;
T_1.1 ;
    %jmp T_1;
    .thread T_1;
    .scope S_0000018bd0c6aae0;
T_2 ;
    %pushi/vec4 0, 0, 1;
    %assign/vec4 v0000018bd0c10b60_0, 0;
    %end;
    .thread T_2;
    .scope S_0000018bd0c6aae0;
T_3 ;
    %wait E_0000018bd0c0e570;
    %load/vec4 v0000018bd0c0f760_0;
    %pad/u 32;
    %cmpi/e 1, 0, 32;
    %flag_get/vec4 4;
    %jmp/0 T_3.2, 4;
    %load/vec4 v0000018bd0c0f800_0;
    %pad/u 32;
    %pushi/vec4 1, 0, 32;
    %cmp/e;
    %flag_get/vec4 4;
    %and;
T_3.2;
    %flag_set/vec4 8;
    %jmp/0xz  T_3.0, 8;
    %load/vec4 v0000018bd0c10b60_0;
    %assign/vec4 v0000018bd0c10b60_0, 0;
    %jmp T_3.1;
T_3.0 ;
    %load/vec4 v0000018bd0c0f760_0;
    %pad/u 32;
    %cmpi/e 1, 0, 32;
    %jmp/0xz  T_3.3, 4;
    %pushi/vec4 0, 0, 1;
    %assign/vec4 v0000018bd0c10b60_0, 0;
    %jmp T_3.4;
T_3.3 ;
    %load/vec4 v0000018bd0c0f800_0;
    %pad/u 32;
    %cmpi/e 1, 0, 32;
    %jmp/0xz  T_3.5, 4;
    %pushi/vec4 1, 0, 1;
    %assign/vec4 v0000018bd0c10b60_0, 0;
    %jmp T_3.6;
T_3.5 ;
    %load/vec4 v0000018bd0c10700_0;
    %assign/vec4 v0000018bd0c10b60_0, 0;
T_3.6 ;
T_3.4 ;
T_3.1 ;
    %jmp T_3;
    .thread T_3;
    .scope S_0000018bd0c6ac70;
T_4 ;
    %pushi/vec4 0, 0, 1;
    %assign/vec4 v0000018bd0c10ac0_0, 0;
    %end;
    .thread T_4;
    .scope S_0000018bd0c6ac70;
T_5 ;
    %wait E_0000018bd0c0de30;
    %load/vec4 v0000018bd0c0f940_0;
    %pad/u 32;
    %cmpi/e 1, 0, 32;
    %flag_get/vec4 4;
    %jmp/0 T_5.2, 4;
    %load/vec4 v0000018bd0c105c0_0;
    %pad/u 32;
    %pushi/vec4 1, 0, 32;
    %cmp/e;
    %flag_get/vec4 4;
    %and;
T_5.2;
    %flag_set/vec4 8;
    %jmp/0xz  T_5.0, 8;
    %load/vec4 v0000018bd0c10ac0_0;
    %assign/vec4 v0000018bd0c10ac0_0, 0;
    %jmp T_5.1;
T_5.0 ;
    %load/vec4 v0000018bd0c0f940_0;
    %pad/u 32;
    %cmpi/e 1, 0, 32;
    %jmp/0xz  T_5.3, 4;
    %pushi/vec4 0, 0, 1;
    %assign/vec4 v0000018bd0c10ac0_0, 0;
    %jmp T_5.4;
T_5.3 ;
    %load/vec4 v0000018bd0c105c0_0;
    %pad/u 32;
    %cmpi/e 1, 0, 32;
    %jmp/0xz  T_5.5, 4;
    %pushi/vec4 1, 0, 1;
    %assign/vec4 v0000018bd0c10ac0_0, 0;
    %jmp T_5.6;
T_5.5 ;
    %load/vec4 v0000018bd0c0ff80_0;
    %assign/vec4 v0000018bd0c10ac0_0, 0;
T_5.6 ;
T_5.4 ;
T_5.1 ;
    %jmp T_5;
    .thread T_5;
    .scope S_0000018bd0c6ae00;
T_6 ;
    %pushi/vec4 0, 0, 1;
    %assign/vec4 v0000018bd0c10340_0, 0;
    %end;
    .thread T_6;
    .scope S_0000018bd0c6ae00;
T_7 ;
    %wait E_0000018bd0c0ea30;
    %load/vec4 v0000018bd0c0f1c0_0;
    %pad/u 32;
    %cmpi/e 1, 0, 32;
    %flag_get/vec4 4;
    %jmp/0 T_7.2, 4;
    %load/vec4 v0000018bd0c0fb20_0;
    %pad/u 32;
    %pushi/vec4 1, 0, 32;
    %cmp/e;
    %flag_get/vec4 4;
    %and;
T_7.2;
    %flag_set/vec4 8;
    %jmp/0xz  T_7.0, 8;
    %load/vec4 v0000018bd0c10340_0;
    %assign/vec4 v0000018bd0c10340_0, 0;
    %jmp T_7.1;
T_7.0 ;
    %load/vec4 v0000018bd0c0f1c0_0;
    %pad/u 32;
    %cmpi/e 1, 0, 32;
    %jmp/0xz  T_7.3, 4;
    %pushi/vec4 0, 0, 1;
    %assign/vec4 v0000018bd0c10340_0, 0;
    %jmp T_7.4;
T_7.3 ;
    %load/vec4 v0000018bd0c0fb20_0;
    %pad/u 32;
    %cmpi/e 1, 0, 32;
    %jmp/0xz  T_7.5, 4;
    %pushi/vec4 1, 0, 1;
    %assign/vec4 v0000018bd0c10340_0, 0;
    %jmp T_7.6;
T_7.5 ;
    %load/vec4 v0000018bd0c10840_0;
    %assign/vec4 v0000018bd0c10340_0, 0;
T_7.6 ;
T_7.4 ;
T_7.1 ;
    %jmp T_7;
    .thread T_7;
    .scope S_0000018bd0c6af90;
T_8 ;
    %pushi/vec4 0, 0, 1;
    %assign/vec4 v0000018bd0c0fbc0_0, 0;
    %end;
    .thread T_8;
    .scope S_0000018bd0c6af90;
T_9 ;
    %wait E_0000018bd0c0e4f0;
    %load/vec4 v0000018bd0c10660_0;
    %pad/u 32;
    %cmpi/e 1, 0, 32;
    %flag_get/vec4 4;
    %jmp/0 T_9.2, 4;
    %load/vec4 v0000018bd0c10020_0;
    %pad/u 32;
    %pushi/vec4 1, 0, 32;
    %cmp/e;
    %flag_get/vec4 4;
    %and;
T_9.2;
    %flag_set/vec4 8;
    %jmp/0xz  T_9.0, 8;
    %load/vec4 v0000018bd0c0fbc0_0;
    %assign/vec4 v0000018bd0c0fbc0_0, 0;
    %jmp T_9.1;
T_9.0 ;
    %load/vec4 v0000018bd0c10660_0;
    %pad/u 32;
    %cmpi/e 1, 0, 32;
    %jmp/0xz  T_9.3, 4;
    %pushi/vec4 0, 0, 1;
    %assign/vec4 v0000018bd0c0fbc0_0, 0;
    %jmp T_9.4;
T_9.3 ;
    %load/vec4 v0000018bd0c10020_0;
    %pad/u 32;
    %cmpi/e 1, 0, 32;
    %jmp/0xz  T_9.5, 4;
    %pushi/vec4 1, 0, 1;
    %assign/vec4 v0000018bd0c0fbc0_0, 0;
    %jmp T_9.6;
T_9.5 ;
    %load/vec4 v0000018bd0c10a20_0;
    %assign/vec4 v0000018bd0c0fbc0_0, 0;
T_9.6 ;
T_9.4 ;
T_9.1 ;
    %jmp T_9;
    .thread T_9;
    .scope S_0000018bd0c6c130;
T_10 ;
    %pushi/vec4 0, 0, 1;
    %assign/vec4 v0000018bd0c0fda0_0, 0;
    %end;
    .thread T_10;
    .scope S_0000018bd0c6c130;
T_11 ;
    %wait E_0000018bd0c0eab0;
    %load/vec4 v0000018bd0c0ecc0_0;
    %pad/u 32;
    %cmpi/e 1, 0, 32;
    %flag_get/vec4 4;
    %jmp/0 T_11.2, 4;
    %load/vec4 v0000018bd0c0fee0_0;
    %pad/u 32;
    %pushi/vec4 1, 0, 32;
    %cmp/e;
    %flag_get/vec4 4;
    %and;
T_11.2;
    %flag_set/vec4 8;
    %jmp/0xz  T_11.0, 8;
    %load/vec4 v0000018bd0c0fda0_0;
    %assign/vec4 v0000018bd0c0fda0_0, 0;
    %jmp T_11.1;
T_11.0 ;
    %load/vec4 v0000018bd0c0ecc0_0;
    %pad/u 32;
    %cmpi/e 1, 0, 32;
    %jmp/0xz  T_11.3, 4;
    %pushi/vec4 0, 0, 1;
    %assign/vec4 v0000018bd0c0fda0_0, 0;
    %jmp T_11.4;
T_11.3 ;
    %load/vec4 v0000018bd0c0fee0_0;
    %pad/u 32;
    %cmpi/e 1, 0, 32;
    %jmp/0xz  T_11.5, 4;
    %pushi/vec4 1, 0, 1;
    %assign/vec4 v0000018bd0c0fda0_0, 0;
    %jmp T_11.6;
T_11.5 ;
    %load/vec4 v0000018bd0c0fd00_0;
    %assign/vec4 v0000018bd0c0fda0_0, 0;
T_11.6 ;
T_11.4 ;
T_11.1 ;
    %jmp T_11;
    .thread T_11;
    .scope S_0000018bd0c6c2c0;
T_12 ;
    %pushi/vec4 0, 0, 1;
    %assign/vec4 v0000018bd0c0ed60_0, 0;
    %end;
    .thread T_12;
    .scope S_0000018bd0c6c2c0;
T_13 ;
    %wait E_0000018bd0c0eb70;
    %load/vec4 v0000018bd0c107a0_0;
    %pad/u 32;
    %cmpi/e 1, 0, 32;
    %flag_get/vec4 4;
    %jmp/0 T_13.2, 4;
    %load/vec4 v0000018bd0c0f620_0;
    %pad/u 32;
    %pushi/vec4 1, 0, 32;
    %cmp/e;
    %flag_get/vec4 4;
    %and;
T_13.2;
    %flag_set/vec4 8;
    %jmp/0xz  T_13.0, 8;
    %load/vec4 v0000018bd0c0ed60_0;
    %assign/vec4 v0000018bd0c0ed60_0, 0;
    %jmp T_13.1;
T_13.0 ;
    %load/vec4 v0000018bd0c107a0_0;
    %pad/u 32;
    %cmpi/e 1, 0, 32;
    %jmp/0xz  T_13.3, 4;
    %pushi/vec4 0, 0, 1;
    %assign/vec4 v0000018bd0c0ed60_0, 0;
    %jmp T_13.4;
T_13.3 ;
    %load/vec4 v0000018bd0c0f620_0;
    %pad/u 32;
    %cmpi/e 1, 0, 32;
    %jmp/0xz  T_13.5, 4;
    %pushi/vec4 1, 0, 1;
    %assign/vec4 v0000018bd0c0ed60_0, 0;
    %jmp T_13.6;
T_13.5 ;
    %load/vec4 v0000018bd0c0efe0_0;
    %assign/vec4 v0000018bd0c0ed60_0, 0;
T_13.6 ;
T_13.4 ;
T_13.1 ;
    %jmp T_13;
    .thread T_13;
    .scope S_0000018bd0c6c450;
T_14 ;
    %pushi/vec4 0, 0, 1;
    %assign/vec4 v0000018bd0c10200_0, 0;
    %end;
    .thread T_14;
    .scope S_0000018bd0c6c450;
T_15 ;
    %wait E_0000018bd0c0e630;
    %load/vec4 v0000018bd0c0fe40_0;
    %pad/u 32;
    %cmpi/e 1, 0, 32;
    %flag_get/vec4 4;
    %jmp/0 T_15.2, 4;
    %load/vec4 v0000018bd0c100c0_0;
    %pad/u 32;
    %pushi/vec4 1, 0, 32;
    %cmp/e;
    %flag_get/vec4 4;
    %and;
T_15.2;
    %flag_set/vec4 8;
    %jmp/0xz  T_15.0, 8;
    %load/vec4 v0000018bd0c10200_0;
    %assign/vec4 v0000018bd0c10200_0, 0;
    %jmp T_15.1;
T_15.0 ;
    %load/vec4 v0000018bd0c0fe40_0;
    %pad/u 32;
    %cmpi/e 1, 0, 32;
    %jmp/0xz  T_15.3, 4;
    %pushi/vec4 0, 0, 1;
    %assign/vec4 v0000018bd0c10200_0, 0;
    %jmp T_15.4;
T_15.3 ;
    %load/vec4 v0000018bd0c100c0_0;
    %pad/u 32;
    %cmpi/e 1, 0, 32;
    %jmp/0xz  T_15.5, 4;
    %pushi/vec4 1, 0, 1;
    %assign/vec4 v0000018bd0c10200_0, 0;
    %jmp T_15.6;
T_15.5 ;
    %load/vec4 v0000018bd0c0f120_0;
    %assign/vec4 v0000018bd0c10200_0, 0;
T_15.6 ;
T_15.4 ;
T_15.1 ;
    %jmp T_15;
    .thread T_15;
# The file index is used to find the file name in the following table.
:file_names 4;
    "N/A";
    "<interactive>";
    "shift_register.v";
    "./d_ff.v";
