Command line:
   INFOR_isim_beh.exe
     -simmode  gui
     -simrunnum  0
     -socket  56325

Mon Oct  7 15:45:54 2024


 Elaboration Time: 0.02 sec

 Current Memory Usage: 195.662 Meg

 Total Signals          : 42
 Total Nets             : 230
 Total Signal Drivers   : 35
 Total Blocks           : 5
 Total Primitive Blocks : 3
 Total Processes        : 40
 Total Traceable Variables  : 31
 Total Scalar Nets and Variables : 574
Total Line Count : 119

 Total Simulation Time: 0.05 sec

 Current Memory Usage: 271.163 Meg

Mon Oct  7 15:46:06 2024

