#! /usr/bin/vvp
:ivl_version "12.0 (stable)";
:ivl_delay_selection "TYPICAL";
:vpi_time_precision + 0;
:vpi_module "/usr/lib/x86_64-linux-gnu/ivl/system.vpi";
:vpi_module "/usr/lib/x86_64-linux-gnu/ivl/vhdl_sys.vpi";
:vpi_module "/usr/lib/x86_64-linux-gnu/ivl/vhdl_textio.vpi";
:vpi_module "/usr/lib/x86_64-linux-gnu/ivl/v2005_math.vpi";
:vpi_module "/usr/lib/x86_64-linux-gnu/ivl/va_math.vpi";
S_0x5ee28129d1c0 .scope module, "UP_CNT8b" "UP_CNT8b" 2 3;
 .timescale 0 0;
    .port_info 0 /INPUT 1 "clk";
    .port_info 1 /INPUT 1 "rst";
    .port_info 2 /INPUT 1 "SS";
    .port_info 3 /OUTPUT 8 "OUT";
v0x5ee2812d6310_0 .var "OUT", 7 0;
o0x7fdb204e6048 .functor BUFZ 1, C4<z>; HiZ drive
v0x5ee2812e70d0_0 .net "SS", 0 0, o0x7fdb204e6048;  0 drivers
o0x7fdb204e6078 .functor BUFZ 1, C4<z>; HiZ drive
v0x5ee2812e7190_0 .net "clk", 0 0, o0x7fdb204e6078;  0 drivers
o0x7fdb204e60a8 .functor BUFZ 1, C4<z>; HiZ drive
v0x5ee2812e7260_0 .net "rst", 0 0, o0x7fdb204e60a8;  0 drivers
E_0x5ee2812d6e90 .event anyedge, v0x5ee2812e70d0_0, v0x5ee2812e7260_0, v0x5ee2812e7190_0;
S_0x5ee28129d3c0 .scope module, "d_ff" "d_ff" 3 1;
 .timescale 0 0;
    .port_info 0 /OUTPUT 1 "q";
    .port_info 1 /INPUT 1 "d";
    .port_info 2 /INPUT 1 "Clock";
o0x7fdb204e6198 .functor BUFZ 1, C4<z>; HiZ drive
v0x5ee2812e7410_0 .net "Clock", 0 0, o0x7fdb204e6198;  0 drivers
o0x7fdb204e61c8 .functor BUFZ 1, C4<z>; HiZ drive
v0x5ee2812e74f0_0 .net "d", 0 0, o0x7fdb204e61c8;  0 drivers
v0x5ee2812e75b0_0 .var "q", 0 0;
E_0x5ee2812d69b0 .event posedge, v0x5ee2812e7410_0;
    .scope S_0x5ee28129d1c0;
T_0 ;
    %wait E_0x5ee2812d6e90;
    %load/vec4 v0x5ee2812e7260_0;
    %pad/u 32;
    %cmpi/e 1, 0, 32;
    %jmp/0xz  T_0.0, 4;
    %pushi/vec4 0, 0, 8;
    %store/vec4 v0x5ee2812d6310_0, 0, 8;
    %jmp T_0.1;
T_0.0 ;
    %load/vec4 v0x5ee2812e70d0_0;
    %pad/u 32;
    %cmpi/e 1, 0, 32;
    %jmp/0xz  T_0.2, 4;
    %load/vec4 v0x5ee2812e7190_0;
    %flag_set/vec4 8;
    %jmp/0xz  T_0.4, 8;
    %load/vec4 v0x5ee2812d6310_0;
    %addi 1, 0, 8;
    %assign/vec4 v0x5ee2812d6310_0, 0;
T_0.4 ;
T_0.2 ;
T_0.1 ;
    %jmp T_0;
    .thread T_0, $push;
    .scope S_0x5ee28129d3c0;
T_1 ;
    %wait E_0x5ee2812d69b0;
    %load/vec4 v0x5ee2812e74f0_0;
    %store/vec4 v0x5ee2812e75b0_0, 0, 1;
    %jmp T_1;
    .thread T_1;
# The file index is used to find the file name in the following table.
:file_names 4;
    "N/A";
    "<interactive>";
    "_8bit_up_counter.v";
    "./d_ff.v";
