#! /c/Source/iverilog-install/bin/vvp
:ivl_version "12.0 (devel)" "(s20150603-1539-g2693dd32b)";
:ivl_delay_selection "TYPICAL";
:vpi_time_precision + 0;
:vpi_module "C:\Users\msnp\AppData\Local\Programs\OH-MY-~1\lib\ivl\system.vpi";
:vpi_module "C:\Users\msnp\AppData\Local\Programs\OH-MY-~1\lib\ivl\vhdl_sys.vpi";
:vpi_module "C:\Users\msnp\AppData\Local\Programs\OH-MY-~1\lib\ivl\vhdl_textio.vpi";
:vpi_module "C:\Users\msnp\AppData\Local\Programs\OH-MY-~1\lib\ivl\v2005_math.vpi";
:vpi_module "C:\Users\msnp\AppData\Local\Programs\OH-MY-~1\lib\ivl\va_math.vpi";
S_0000021afa2d73b0 .scope module, "LED_SANG_DICH_TSP" "LED_SANG_DICH_TSP" 2 1;
 .timescale 0 0;
    .port_info 0 /INPUT 1 "clk";
    .port_info 1 /INPUT 1 "reset";
    .port_info 2 /INPUT 1 "SS";
    .port_info 3 /OUTPUT 8 "LED8";
v0000021afa286e50_0 .var "LED8", 7 0;
o0000021afa2dc008 .functor BUFZ 1, C4<z>; HiZ drive
v0000021afa286a40_0 .net "SS", 0 0, o0000021afa2dc008;  0 drivers
o0000021afa2dc038 .functor BUFZ 1, C4<z>; HiZ drive
v0000021afa286ae0_0 .net "clk", 0 0, o0000021afa2dc038;  0 drivers
o0000021afa2dc068 .functor BUFZ 1, C4<z>; HiZ drive
v0000021afa286b80_0 .net "reset", 0 0, o0000021afa2dc068;  0 drivers
E_0000021afa289bf0/0 .event anyedge, v0000021afa286b80_0;
E_0000021afa289bf0/1 .event posedge, v0000021afa286ae0_0;
E_0000021afa289bf0 .event/or E_0000021afa289bf0/0, E_0000021afa289bf0/1;
S_0000021afa2d7540 .scope module, "LED_SANG_DICH_TSP_PST" "LED_SANG_DICH_TSP_PST" 2 30;
 .timescale 0 0;
    .port_info 0 /INPUT 1 "clk";
    .port_info 1 /INPUT 1 "rst";
    .port_info 2 /INPUT 1 "SS";
    .port_info 3 /INPUT 1 "MODE";
    .port_info 4 /OUTPUT 8 "LED8";
v0000021afa286c20_0 .var "LED8", 7 0;
o0000021afa2dc188 .functor BUFZ 1, C4<z>; HiZ drive
v0000021afa28c130_0 .net "MODE", 0 0, o0000021afa2dc188;  0 drivers
o0000021afa2dc1b8 .functor BUFZ 1, C4<z>; HiZ drive
v0000021afa28c1d0_0 .net "SS", 0 0, o0000021afa2dc1b8;  0 drivers
o0000021afa2dc1e8 .functor BUFZ 1, C4<z>; HiZ drive
v0000021afa28c270_0 .net "clk", 0 0, o0000021afa2dc1e8;  0 drivers
o0000021afa2dc218 .functor BUFZ 1, C4<z>; HiZ drive
v0000021afa28c310_0 .net "rst", 0 0, o0000021afa2dc218;  0 drivers
E_0000021afa28a2b0/0 .event anyedge, v0000021afa28c310_0;
E_0000021afa28a2b0/1 .event posedge, v0000021afa28c270_0;
E_0000021afa28a2b0 .event/or E_0000021afa28a2b0/0, E_0000021afa28a2b0/1;
S_0000021afa2868b0 .scope module, "LED_SANG_DICH_TTR_TNV" "LED_SANG_DICH_TTR_TNV" 2 52;
 .timescale 0 0;
    .port_info 0 /INPUT 1 "clk";
    .port_info 1 /INPUT 1 "rst";
    .port_info 2 /INPUT 1 "SS";
    .port_info 3 /INPUT 1 "MODE";
    .port_info 4 /OUTPUT 8 "LED8";
v0000021afa28c3b0_0 .var "LED8", 7 0;
o0000021afa2dc368 .functor BUFZ 1, C4<z>; HiZ drive
v0000021afa2d3710_0 .net "MODE", 0 0, o0000021afa2dc368;  0 drivers
o0000021afa2dc398 .functor BUFZ 1, C4<z>; HiZ drive
v0000021afa2d3d00_0 .net "SS", 0 0, o0000021afa2dc398;  0 drivers
o0000021afa2dc3c8 .functor BUFZ 1, C4<z>; HiZ drive
v0000021afa2d4160_0 .net "clk", 0 0, o0000021afa2dc3c8;  0 drivers
o0000021afa2dc3f8 .functor BUFZ 1, C4<z>; HiZ drive
v0000021afa2d3da0_0 .net "rst", 0 0, o0000021afa2dc3f8;  0 drivers
E_0000021afa28a2f0/0 .event anyedge, v0000021afa2d3da0_0;
E_0000021afa28a2f0/1 .event posedge, v0000021afa2d4160_0;
E_0000021afa28a2f0 .event/or E_0000021afa28a2f0/0, E_0000021afa28a2f0/1;
    .scope S_0000021afa2d73b0;
T_0 ;
    %wait E_0000021afa289bf0;
    %load/vec4 v0000021afa286b80_0;
    %pad/u 32;
    %cmpi/e 1, 0, 32;
    %jmp/0xz  T_0.0, 4;
    %pushi/vec4 128, 0, 8;
    %store/vec4 v0000021afa286e50_0, 0, 8;
    %jmp T_0.1;
T_0.0 ;
    %load/vec4 v0000021afa286a40_0;
    %pad/u 32;
    %cmpi/e 1, 0, 32;
    %jmp/0xz  T_0.2, 4;
    %load/vec4 v0000021afa286e50_0;
    %cmpi/e 255, 0, 8;
    %jmp/0xz  T_0.4, 4;
    %pushi/vec4 0, 0, 8;
    %store/vec4 v0000021afa286e50_0, 0, 8;
    %jmp T_0.5;
T_0.4 ;
    %load/vec4 v0000021afa286e50_0;
    %ix/load 4, 1, 0;
    %flag_set/imm 4, 0;
    %shiftr 4;
    %addi 128, 0, 8;
    %store/vec4 v0000021afa286e50_0, 0, 8;
T_0.5 ;
    %jmp T_0.3;
T_0.2 ;
    %load/vec4 v0000021afa286e50_0;
    %store/vec4 v0000021afa286e50_0, 0, 8;
T_0.3 ;
T_0.1 ;
    %jmp T_0;
    .thread T_0;
    .scope S_0000021afa2d7540;
T_1 ;
    %wait E_0000021afa28a2b0;
    %load/vec4 v0000021afa28c310_0;
    %pad/u 32;
    %cmpi/e 1, 0, 32;
    %jmp/0xz  T_1.0, 4;
    %load/vec4 v0000021afa28c130_0;
    %flag_set/vec4 8;
    %jmp/0 T_1.2, 8;
    %pushi/vec4 128, 0, 8;
    %jmp/1 T_1.3, 8;
T_1.2 ; End of true expr.
    %pushi/vec4 1, 0, 8;
    %jmp/0 T_1.3, 8;
 ; End of false expr.
    %blend;
T_1.3;
    %store/vec4 v0000021afa286c20_0, 0, 8;
    %jmp T_1.1;
T_1.0 ;
    %load/vec4 v0000021afa28c1d0_0;
    %pad/u 32;
    %cmpi/e 1, 0, 32;
    %jmp/0xz  T_1.4, 4;
    %load/vec4 v0000021afa286c20_0;
    %cmpi/e 0, 0, 8;
    %jmp/0xz  T_1.6, 4;
    %load/vec4 v0000021afa28c130_0;
    %pad/u 32;
    %cmpi/e 1, 0, 32;
    %flag_mov 8, 4;
    %jmp/0 T_1.8, 8;
    %pushi/vec4 128, 0, 8;
    %jmp/1 T_1.9, 8;
T_1.8 ; End of true expr.
    %pushi/vec4 1, 0, 8;
    %jmp/0 T_1.9, 8;
 ; End of false expr.
    %blend;
T_1.9;
    %store/vec4 v0000021afa286c20_0, 0, 8;
    %jmp T_1.7;
T_1.6 ;
    %load/vec4 v0000021afa28c130_0;
    %flag_set/vec4 8;
    %jmp/0 T_1.10, 8;
    %load/vec4 v0000021afa286c20_0;
    %ix/load 4, 1, 0;
    %flag_set/imm 4, 0;
    %shiftr 4;
    %jmp/1 T_1.11, 8;
T_1.10 ; End of true expr.
    %load/vec4 v0000021afa286c20_0;
    %ix/load 4, 1, 0;
    %flag_set/imm 4, 0;
    %shiftl 4;
    %jmp/0 T_1.11, 8;
 ; End of false expr.
    %blend;
T_1.11;
    %store/vec4 v0000021afa286c20_0, 0, 8;
T_1.7 ;
    %jmp T_1.5;
T_1.4 ;
    %load/vec4 v0000021afa286c20_0;
    %store/vec4 v0000021afa286c20_0, 0, 8;
T_1.5 ;
T_1.1 ;
    %jmp T_1;
    .thread T_1;
    .scope S_0000021afa2868b0;
T_2 ;
    %wait E_0000021afa28a2f0;
    %load/vec4 v0000021afa2d3da0_0;
    %pad/u 32;
    %cmpi/e 1, 0, 32;
    %jmp/0xz  T_2.0, 4;
    %pushi/vec4 0, 0, 8;
    %store/vec4 v0000021afa28c3b0_0, 0, 8;
    %jmp T_2.1;
T_2.0 ;
    %load/vec4 v0000021afa2d3d00_0;
    %pad/u 32;
    %cmpi/e 1, 0, 32;
    %jmp/0xz  T_2.2, 4;
    %load/vec4 v0000021afa28c3b0_0;
    %cmpi/e 0, 0, 8;
    %jmp/0xz  T_2.4, 4;
    %load/vec4 v0000021afa2d3710_0;
    %pad/u 32;
    %cmpi/e 1, 0, 32;
    %flag_mov 8, 4;
    %jmp/0 T_2.6, 8;
    %pushi/vec4 24, 0, 8;
    %jmp/1 T_2.7, 8;
T_2.6 ; End of true expr.
    %pushi/vec4 129, 0, 8;
    %jmp/0 T_2.7, 8;
 ; End of false expr.
    %blend;
T_2.7;
    %store/vec4 v0000021afa28c3b0_0, 0, 8;
    %jmp T_2.5;
T_2.4 ;
    %load/vec4 v0000021afa2d3710_0;
    %flag_set/vec4 8;
    %jmp/0 T_2.8, 8;
    %load/vec4 v0000021afa28c3b0_0;
    %parti/s 4, 4, 4;
    %ix/load 4, 1, 0;
    %flag_set/imm 4, 0;
    %shiftl 4;
    %load/vec4 v0000021afa28c3b0_0;
    %parti/s 4, 0, 2;
    %ix/load 4, 1, 0;
    %flag_set/imm 4, 0;
    %shiftr 4;
    %concat/vec4; draw_concat_vec4
    %jmp/1 T_2.9, 8;
T_2.8 ; End of true expr.
    %load/vec4 v0000021afa28c3b0_0;
    %parti/s 4, 4, 4;
    %ix/load 4, 1, 0;
    %flag_set/imm 4, 0;
    %shiftr 4;
    %load/vec4 v0000021afa28c3b0_0;
    %parti/s 4, 0, 2;
    %ix/load 4, 1, 0;
    %flag_set/imm 4, 0;
    %shiftl 4;
    %concat/vec4; draw_concat_vec4
    %jmp/0 T_2.9, 8;
 ; End of false expr.
    %blend;
T_2.9;
    %store/vec4 v0000021afa28c3b0_0, 0, 8;
T_2.5 ;
    %jmp T_2.3;
T_2.2 ;
    %load/vec4 v0000021afa28c3b0_0;
    %store/vec4 v0000021afa28c3b0_0, 0, 8;
T_2.3 ;
T_2.1 ;
    %jmp T_2;
    .thread T_2;
# The file index is used to find the file name in the following table.
:file_names 3;
    "N/A";
    "<interactive>";
    "SUA_BAI_TAP.v";
