Command line:
   show_wave_isim_beh.exe
     -simmode  gui
     -simrunnum  0
     -socket  35291

Thu Apr 11 14:22:58 2024


 Elaboration Time: 0.02 sec

 Current Memory Usage: 184.136 Meg

 Total Signals          : 172
 Total Nets             : 161
 Total Signal Drivers   : 120
 Total Blocks           : 27
 Total Primitive Blocks : 18
 Total Processes        : 161
 Total Traceable Variables  : 45
 Total Scalar Nets and Variables : 288
Total Line Count : 269

 Total Simulation Time: 0.02 sec

 Current Memory Usage: 259.637 Meg

Thu Apr 11 14:23:02 2024

