#! /c/Source/iverilog-install/bin/vvp
:ivl_version "12.0 (devel)" "(s20150603-1539-g2693dd32b)";
:ivl_delay_selection "TYPICAL";
:vpi_time_precision + 0;
:vpi_module "C:\iverilog\lib\ivl\system.vpi";
:vpi_module "C:\iverilog\lib\ivl\vhdl_sys.vpi";
:vpi_module "C:\iverilog\lib\ivl\vhdl_textio.vpi";
:vpi_module "C:\iverilog\lib\ivl\v2005_math.vpi";
:vpi_module "C:\iverilog\lib\ivl\va_math.vpi";
S_0000022ed11c6980 .scope module, "CLK" "CLK" 2 3;
 .timescale 0 0;
    .port_info 0 /OUTPUT 1 "out";
v0000022ed11c6b10_0 .var "clk", 0 0;
v0000022ed11c6bb0_0 .var "out", 0 0;
    .scope S_0000022ed11c6980;
T_0 ;
    %pushi/vec4 1, 0, 1;
    %store/vec4 v0000022ed11c6b10_0, 0, 1;
T_0.0 ;
    %delay 10, 0;
    %load/vec4 v0000022ed11c6b10_0;
    %inv;
    %store/vec4 v0000022ed11c6b10_0, 0, 1;
    %load/vec4 v0000022ed11c6b10_0;
    %store/vec4 v0000022ed11c6bb0_0, 0, 1;
    %jmp T_0.0;
    %end;
    .thread T_0;
# The file index is used to find the file name in the following table.
:file_names 3;
    "N/A";
    "<interactive>";
    "CLK.v";
