#! /c/Source/iverilog-install/bin/vvp
:ivl_version "12.0 (devel)" "(s20150603-1539-g2693dd32b)";
:ivl_delay_selection "TYPICAL";
:vpi_time_precision + 0;
:vpi_module "C:\iverilog\lib\ivl\system.vpi";
:vpi_module "C:\iverilog\lib\ivl\vhdl_sys.vpi";
:vpi_module "C:\iverilog\lib\ivl\vhdl_textio.vpi";
:vpi_module "C:\iverilog\lib\ivl\v2005_math.vpi";
:vpi_module "C:\iverilog\lib\ivl\va_math.vpi";
S_0000017afbac6c70 .scope module, "d_ff" "d_ff" 2 1;
 .timescale 0 0;
    .port_info 0 /OUTPUT 1 "Q";
    .port_info 1 /INPUT 1 "D";
    .port_info 2 /INPUT 1 "CLK";
o0000017afbac6e08 .functor BUFZ 1, C4<z>; HiZ drive
v0000017afba770f0_0 .net "CLK", 0 0, o0000017afbac6e08;  0 drivers
o0000017afbac6e38 .functor BUFZ 1, C4<z>; HiZ drive
v0000017afba7d040_0 .net "D", 0 0, o0000017afbac6e38;  0 drivers
v0000017afba7d0e0_0 .var "Q", 0 0;
E_0000017afbac47f0 .event posedge, v0000017afba770f0_0;
    .scope S_0000017afbac6c70;
T_0 ;
    %wait E_0000017afbac47f0;
    %delay 20, 0;
    %load/vec4 v0000017afba7d040_0;
    %store/vec4 v0000017afba7d0e0_0, 0, 1;
    %jmp T_0;
    .thread T_0;
# The file index is used to find the file name in the following table.
:file_names 3;
    "N/A";
    "<interactive>";
    "D_FF.v";
