#! /c/Source/iverilog-install/bin/vvp
:ivl_version "12.0 (devel)" "(s20150603-1539-g2693dd32b)";
:ivl_delay_selection "TYPICAL";
:vpi_time_precision + 0;
:vpi_module "C:\iverilog\lib\ivl\system.vpi";
:vpi_module "C:\iverilog\lib\ivl\vhdl_sys.vpi";
:vpi_module "C:\iverilog\lib\ivl\vhdl_textio.vpi";
:vpi_module "C:\iverilog\lib\ivl\v2005_math.vpi";
:vpi_module "C:\iverilog\lib\ivl\va_math.vpi";
S_000001fe2edc6d20 .scope module, "mux_4_to_1" "mux_4_to_1" 2 1;
 .timescale 0 0;
    .port_info 0 /INPUT 4 "in";
    .port_info 1 /INPUT 2 "sel";
    .port_info 2 /OUTPUT 1 "out";
    .port_info 3 /INPUT 1 "en";
o000001fe2ee16fb8 .functor BUFZ 1, C4<z>; HiZ drive
v000001fe2edcef10_0 .net "en", 0 0, o000001fe2ee16fb8;  0 drivers
o000001fe2ee16fe8 .functor BUFZ 4, C4<zzzz>; HiZ drive
v000001fe2edc6eb0_0 .net "in", 3 0, o000001fe2ee16fe8;  0 drivers
v000001fe2edc6f50_0 .var "out", 0 0;
o000001fe2ee17048 .functor BUFZ 2, C4<zz>; HiZ drive
v000001fe2edc6ff0_0 .net "sel", 1 0, o000001fe2ee17048;  0 drivers
E_000001fe2ee16560 .event anyedge, v000001fe2edc6ff0_0, v000001fe2edc6eb0_0, v000001fe2edcef10_0;
    .scope S_000001fe2edc6d20;
T_0 ;
    %wait E_000001fe2ee16560;
    %load/vec4 v000001fe2edcef10_0;
    %pad/u 32;
    %cmpi/e 0, 0, 32;
    %jmp/0xz  T_0.0, 4;
    %pushi/vec4 0, 0, 1;
    %store/vec4 v000001fe2edc6f50_0, 0, 1;
    %jmp T_0.1;
T_0.0 ;
    %load/vec4 v000001fe2edc6ff0_0;
    %dup/vec4;
    %pushi/vec4 0, 0, 2;
    %cmp/u;
    %jmp/1 T_0.2, 6;
    %dup/vec4;
    %pushi/vec4 1, 0, 2;
    %cmp/u;
    %jmp/1 T_0.3, 6;
    %dup/vec4;
    %pushi/vec4 2, 0, 2;
    %cmp/u;
    %jmp/1 T_0.4, 6;
    %load/vec4 v000001fe2edc6eb0_0;
    %parti/s 1, 3, 3;
    %store/vec4 v000001fe2edc6f50_0, 0, 1;
    %jmp T_0.6;
T_0.2 ;
    %load/vec4 v000001fe2edc6eb0_0;
    %parti/s 1, 0, 2;
    %store/vec4 v000001fe2edc6f50_0, 0, 1;
    %jmp T_0.6;
T_0.3 ;
    %load/vec4 v000001fe2edc6eb0_0;
    %parti/s 1, 1, 2;
    %store/vec4 v000001fe2edc6f50_0, 0, 1;
    %jmp T_0.6;
T_0.4 ;
    %load/vec4 v000001fe2edc6eb0_0;
    %parti/s 1, 2, 3;
    %store/vec4 v000001fe2edc6f50_0, 0, 1;
    %jmp T_0.6;
T_0.6 ;
    %pop/vec4 1;
T_0.1 ;
    %jmp T_0;
    .thread T_0, $push;
# The file index is used to find the file name in the following table.
:file_names 3;
    "N/A";
    "<interactive>";
    "mux_4_to_1.v";
