#! /c/Source/iverilog-install/bin/vvp
:ivl_version "12.0 (devel)" "(s20150603-1539-g2693dd32b)";
:ivl_delay_selection "TYPICAL";
:vpi_time_precision - 9;
:vpi_module "C:\iverilog\lib\ivl\system.vpi";
:vpi_module "C:\iverilog\lib\ivl\vhdl_sys.vpi";
:vpi_module "C:\iverilog\lib\ivl\vhdl_textio.vpi";
:vpi_module "C:\iverilog\lib\ivl\v2005_math.vpi";
:vpi_module "C:\iverilog\lib\ivl\va_math.vpi";
S_0000016665b2ade0 .scope module, "d_ff" "d_ff" 2 1;
 .timescale -9 -9;
    .port_info 0 /OUTPUT 1 "Q";
    .port_info 1 /INPUT 1 "D";
    .port_info 2 /INPUT 1 "CLK";
o0000016665b46fd8 .functor BUFZ 1, C4<z>; HiZ drive
v00000166659d7710_0 .net "CLK", 0 0, o0000016665b46fd8;  0 drivers
o0000016665b47008 .functor BUFZ 1, C4<z>; HiZ drive
v00000166659d74f0_0 .net "D", 0 0, o0000016665b47008;  0 drivers
v0000016665b3bc10_0 .var "Q", 0 0;
E_0000016665b2d270 .event posedge, v00000166659d7710_0;
S_0000016665b2f590 .scope module, "full_adder" "full_adder" 3 3;
 .timescale -9 -9;
    .port_info 0 /INPUT 1 "A";
    .port_info 1 /INPUT 1 "B";
    .port_info 2 /INPUT 1 "carry_in";
    .port_info 3 /OUTPUT 1 "sum";
    .port_info 4 /OUTPUT 1 "carry_out";
L_0000016665b2a600 .functor OR 1, v0000016665b35550_0, v0000016665b9b7c0_0, C4<0>, C4<0>;
o0000016665b470f8 .functor BUFZ 1, C4<z>; HiZ drive
v0000016665b9b040_0 .net "A", 0 0, o0000016665b470f8;  0 drivers
o0000016665b47128 .functor BUFZ 1, C4<z>; HiZ drive
v0000016665b9b540_0 .net "B", 0 0, o0000016665b47128;  0 drivers
v0000016665b9afa0_0 .net "I1", 0 0, v0000016665b355f0_0;  1 drivers
v0000016665b9ac80_0 .net "I2", 0 0, v0000016665b35550_0;  1 drivers
v0000016665b9b720_0 .net "I3", 0 0, v0000016665b9b7c0_0;  1 drivers
o0000016665b47278 .functor BUFZ 1, C4<z>; HiZ drive
v0000016665b9a960_0 .net "carry_in", 0 0, o0000016665b47278;  0 drivers
v0000016665b9aa00_0 .net "carry_out", 0 0, L_0000016665b2a600;  1 drivers
v0000016665b9abe0_0 .net "sum", 0 0, v0000016665b9aaa0_0;  1 drivers
S_0000016665b3bcb0 .scope module, "ha1" "half_adder" 3 7, 4 1 0, S_0000016665b2f590;
 .timescale -9 -9;
    .port_info 0 /INPUT 1 "A";
    .port_info 1 /INPUT 1 "B";
    .port_info 2 /OUTPUT 1 "S";
    .port_info 3 /OUTPUT 1 "C";
v0000016665b3be40_0 .net "A", 0 0, o0000016665b470f8;  alias, 0 drivers
v0000016665b354b0_0 .net "B", 0 0, o0000016665b47128;  alias, 0 drivers
v0000016665b35550_0 .var "C", 0 0;
v0000016665b355f0_0 .var "S", 0 0;
E_0000016665b2d3f0 .event anyedge, v0000016665b354b0_0, v0000016665b3be40_0;
S_0000016665b35690 .scope module, "ha2" "half_adder" 3 8, 4 1 0, S_0000016665b2f590;
 .timescale -9 -9;
    .port_info 0 /INPUT 1 "A";
    .port_info 1 /INPUT 1 "B";
    .port_info 2 /OUTPUT 1 "S";
    .port_info 3 /OUTPUT 1 "C";
v0000016665b35820_0 .net "A", 0 0, v0000016665b355f0_0;  alias, 1 drivers
v0000016665b9af00_0 .net "B", 0 0, o0000016665b47278;  alias, 0 drivers
v0000016665b9b7c0_0 .var "C", 0 0;
v0000016665b9aaa0_0 .var "S", 0 0;
E_0000016665b2db70 .event anyedge, v0000016665b9af00_0, v0000016665b355f0_0;
S_0000016665b3ba80 .scope module, "show_wave" "show_wave" 5 6;
 .timescale -9 -9;
v0000016665b9b220_0 .var "A", 0 0;
v0000016665b9ab40_0 .var "B", 0 0;
v0000016665b9b0e0_0 .var "C", 0 0;
v0000016665b9ad20_0 .var "D", 0 0;
v0000016665b9b180_0 .net "O", 0 0, v0000016665b9b4a0_0;  1 drivers
v0000016665b9b2c0_0 .var "en", 0 0;
v0000016665b9b360_0 .var "selll", 1 0;
L_0000016665b9b400 .concat [ 1 1 1 1], v0000016665b9ad20_0, v0000016665b9b0e0_0, v0000016665b9ab40_0, v0000016665b9b220_0;
S_0000016665b341e0 .scope module, "mux_4_to_1_f" "mux_4_to_1" 5 13, 6 1 0, S_0000016665b3ba80;
 .timescale -9 -9;
    .port_info 0 /INPUT 4 "in";
    .port_info 1 /INPUT 2 "sel";
    .port_info 2 /OUTPUT 1 "out";
    .port_info 3 /INPUT 1 "en";
v0000016665b9adc0_0 .net "en", 0 0, v0000016665b9b2c0_0;  1 drivers
v0000016665b9ae60_0 .net "in", 3 0, L_0000016665b9b400;  1 drivers
v0000016665b9b4a0_0 .var "out", 0 0;
v0000016665b9a8c0_0 .net "sel", 1 0, v0000016665b9b360_0;  1 drivers
E_0000016665b2d2f0 .event anyedge, v0000016665b9a8c0_0, v0000016665b9ae60_0, v0000016665b9adc0_0;
    .scope S_0000016665b2ade0;
T_0 ;
    %wait E_0000016665b2d270;
    %delay 2, 0;
    %load/vec4 v00000166659d74f0_0;
    %store/vec4 v0000016665b3bc10_0, 0, 1;
    %jmp T_0;
    .thread T_0;
    .scope S_0000016665b3bcb0;
T_1 ;
    %wait E_0000016665b2d3f0;
    %delay 5, 0;
    %load/vec4 v0000016665b3be40_0;
    %load/vec4 v0000016665b354b0_0;
    %xor;
    %store/vec4 v0000016665b355f0_0, 0, 1;
    %load/vec4 v0000016665b3be40_0;
    %load/vec4 v0000016665b354b0_0;
    %and;
    %store/vec4 v0000016665b35550_0, 0, 1;
    %jmp T_1;
    .thread T_1, $push;
    .scope S_0000016665b35690;
T_2 ;
    %wait E_0000016665b2db70;
    %delay 5, 0;
    %load/vec4 v0000016665b35820_0;
    %load/vec4 v0000016665b9af00_0;
    %xor;
    %store/vec4 v0000016665b9aaa0_0, 0, 1;
    %load/vec4 v0000016665b35820_0;
    %load/vec4 v0000016665b9af00_0;
    %and;
    %store/vec4 v0000016665b9b7c0_0, 0, 1;
    %jmp T_2;
    .thread T_2, $push;
    .scope S_0000016665b341e0;
T_3 ;
    %wait E_0000016665b2d2f0;
    %load/vec4 v0000016665b9adc0_0;
    %pad/u 32;
    %cmpi/e 0, 0, 32;
    %jmp/0xz  T_3.0, 4;
    %pushi/vec4 0, 0, 1;
    %store/vec4 v0000016665b9b4a0_0, 0, 1;
    %jmp T_3.1;
T_3.0 ;
    %load/vec4 v0000016665b9a8c0_0;
    %dup/vec4;
    %pushi/vec4 0, 0, 2;
    %cmp/u;
    %jmp/1 T_3.2, 6;
    %dup/vec4;
    %pushi/vec4 1, 0, 2;
    %cmp/u;
    %jmp/1 T_3.3, 6;
    %dup/vec4;
    %pushi/vec4 2, 0, 2;
    %cmp/u;
    %jmp/1 T_3.4, 6;
    %load/vec4 v0000016665b9ae60_0;
    %parti/s 1, 3, 3;
    %store/vec4 v0000016665b9b4a0_0, 0, 1;
    %jmp T_3.6;
T_3.2 ;
    %load/vec4 v0000016665b9ae60_0;
    %parti/s 1, 0, 2;
    %store/vec4 v0000016665b9b4a0_0, 0, 1;
    %jmp T_3.6;
T_3.3 ;
    %load/vec4 v0000016665b9ae60_0;
    %parti/s 1, 1, 2;
    %store/vec4 v0000016665b9b4a0_0, 0, 1;
    %jmp T_3.6;
T_3.4 ;
    %load/vec4 v0000016665b9ae60_0;
    %parti/s 1, 2, 3;
    %store/vec4 v0000016665b9b4a0_0, 0, 1;
    %jmp T_3.6;
T_3.6 ;
    %pop/vec4 1;
T_3.1 ;
    %jmp T_3;
    .thread T_3, $push;
    .scope S_0000016665b3ba80;
T_4 ;
    %vpi_call 5 15 "$dumpfile", "show_wave.vcd" {0 0 0};
    %vpi_call 5 16 "$dumpvars", 32'sb00000000000000000000000000000000, S_0000016665b3ba80 {0 0 0};
    %pushi/vec4 0, 0, 1;
    %store/vec4 v0000016665b9b220_0, 0, 1;
    %pushi/vec4 0, 0, 1;
    %store/vec4 v0000016665b9ab40_0, 0, 1;
    %pushi/vec4 0, 0, 1;
    %store/vec4 v0000016665b9b0e0_0, 0, 1;
    %pushi/vec4 0, 0, 1;
    %store/vec4 v0000016665b9ad20_0, 0, 1;
    %pushi/vec4 0, 0, 1;
    %store/vec4 v0000016665b9b2c0_0, 0, 1;
    %pushi/vec4 0, 0, 2;
    %store/vec4 v0000016665b9b360_0, 0, 2;
    %delay 20, 0;
    %pushi/vec4 1, 0, 1;
    %store/vec4 v0000016665b9b220_0, 0, 1;
    %pushi/vec4 1, 0, 1;
    %store/vec4 v0000016665b9ab40_0, 0, 1;
    %pushi/vec4 1, 0, 1;
    %store/vec4 v0000016665b9b0e0_0, 0, 1;
    %pushi/vec4 1, 0, 1;
    %store/vec4 v0000016665b9ad20_0, 0, 1;
    %pushi/vec4 0, 0, 1;
    %store/vec4 v0000016665b9b2c0_0, 0, 1;
    %pushi/vec4 1, 0, 2;
    %store/vec4 v0000016665b9b360_0, 0, 2;
    %delay 20, 0;
    %pushi/vec4 1, 0, 1;
    %store/vec4 v0000016665b9b220_0, 0, 1;
    %pushi/vec4 1, 0, 1;
    %store/vec4 v0000016665b9ab40_0, 0, 1;
    %pushi/vec4 1, 0, 1;
    %store/vec4 v0000016665b9b0e0_0, 0, 1;
    %pushi/vec4 1, 0, 1;
    %store/vec4 v0000016665b9ad20_0, 0, 1;
    %pushi/vec4 0, 0, 1;
    %store/vec4 v0000016665b9b2c0_0, 0, 1;
    %pushi/vec4 2, 0, 2;
    %store/vec4 v0000016665b9b360_0, 0, 2;
    %delay 20, 0;
    %pushi/vec4 1, 0, 1;
    %store/vec4 v0000016665b9b220_0, 0, 1;
    %pushi/vec4 1, 0, 1;
    %store/vec4 v0000016665b9ab40_0, 0, 1;
    %pushi/vec4 1, 0, 1;
    %store/vec4 v0000016665b9b0e0_0, 0, 1;
    %pushi/vec4 1, 0, 1;
    %store/vec4 v0000016665b9ad20_0, 0, 1;
    %pushi/vec4 0, 0, 1;
    %store/vec4 v0000016665b9b2c0_0, 0, 1;
    %pushi/vec4 3, 0, 2;
    %store/vec4 v0000016665b9b360_0, 0, 2;
    %delay 20, 0;
    %pushi/vec4 0, 0, 1;
    %store/vec4 v0000016665b9b220_0, 0, 1;
    %pushi/vec4 0, 0, 1;
    %store/vec4 v0000016665b9ab40_0, 0, 1;
    %pushi/vec4 1, 0, 1;
    %store/vec4 v0000016665b9b0e0_0, 0, 1;
    %pushi/vec4 0, 0, 1;
    %store/vec4 v0000016665b9ad20_0, 0, 1;
    %pushi/vec4 0, 0, 1;
    %store/vec4 v0000016665b9b2c0_0, 0, 1;
    %pushi/vec4 0, 0, 2;
    %store/vec4 v0000016665b9b360_0, 0, 2;
    %delay 20, 0;
    %pushi/vec4 0, 0, 1;
    %store/vec4 v0000016665b9b220_0, 0, 1;
    %pushi/vec4 1, 0, 1;
    %store/vec4 v0000016665b9ab40_0, 0, 1;
    %pushi/vec4 0, 0, 1;
    %store/vec4 v0000016665b9b0e0_0, 0, 1;
    %pushi/vec4 0, 0, 1;
    %store/vec4 v0000016665b9ad20_0, 0, 1;
    %pushi/vec4 1, 0, 1;
    %store/vec4 v0000016665b9b2c0_0, 0, 1;
    %pushi/vec4 1, 0, 2;
    %store/vec4 v0000016665b9b360_0, 0, 2;
    %delay 20, 0;
    %pushi/vec4 0, 0, 1;
    %store/vec4 v0000016665b9b220_0, 0, 1;
    %pushi/vec4 1, 0, 1;
    %store/vec4 v0000016665b9ab40_0, 0, 1;
    %pushi/vec4 1, 0, 1;
    %store/vec4 v0000016665b9b0e0_0, 0, 1;
    %pushi/vec4 0, 0, 1;
    %store/vec4 v0000016665b9ad20_0, 0, 1;
    %pushi/vec4 1, 0, 1;
    %store/vec4 v0000016665b9b2c0_0, 0, 1;
    %pushi/vec4 2, 0, 2;
    %store/vec4 v0000016665b9b360_0, 0, 2;
    %delay 20, 0;
    %pushi/vec4 1, 0, 1;
    %store/vec4 v0000016665b9b220_0, 0, 1;
    %pushi/vec4 0, 0, 1;
    %store/vec4 v0000016665b9ab40_0, 0, 1;
    %pushi/vec4 0, 0, 1;
    %store/vec4 v0000016665b9b0e0_0, 0, 1;
    %pushi/vec4 1, 0, 1;
    %store/vec4 v0000016665b9ad20_0, 0, 1;
    %pushi/vec4 1, 0, 1;
    %store/vec4 v0000016665b9b2c0_0, 0, 1;
    %pushi/vec4 3, 0, 2;
    %store/vec4 v0000016665b9b360_0, 0, 2;
    %delay 20, 0;
    %pushi/vec4 1, 0, 1;
    %store/vec4 v0000016665b9b220_0, 0, 1;
    %pushi/vec4 0, 0, 1;
    %store/vec4 v0000016665b9ab40_0, 0, 1;
    %pushi/vec4 1, 0, 1;
    %store/vec4 v0000016665b9b0e0_0, 0, 1;
    %pushi/vec4 1, 0, 1;
    %store/vec4 v0000016665b9ad20_0, 0, 1;
    %pushi/vec4 1, 0, 1;
    %store/vec4 v0000016665b9b2c0_0, 0, 1;
    %pushi/vec4 0, 0, 2;
    %store/vec4 v0000016665b9b360_0, 0, 2;
    %delay 20, 0;
    %pushi/vec4 1, 0, 1;
    %store/vec4 v0000016665b9b220_0, 0, 1;
    %pushi/vec4 1, 0, 1;
    %store/vec4 v0000016665b9ab40_0, 0, 1;
    %pushi/vec4 0, 0, 1;
    %store/vec4 v0000016665b9b0e0_0, 0, 1;
    %pushi/vec4 1, 0, 1;
    %store/vec4 v0000016665b9ad20_0, 0, 1;
    %pushi/vec4 1, 0, 1;
    %store/vec4 v0000016665b9b2c0_0, 0, 1;
    %pushi/vec4 1, 0, 2;
    %store/vec4 v0000016665b9b360_0, 0, 2;
    %delay 20, 0;
    %pushi/vec4 1, 0, 1;
    %store/vec4 v0000016665b9b220_0, 0, 1;
    %pushi/vec4 1, 0, 1;
    %store/vec4 v0000016665b9ab40_0, 0, 1;
    %pushi/vec4 1, 0, 1;
    %store/vec4 v0000016665b9b0e0_0, 0, 1;
    %pushi/vec4 0, 0, 1;
    %store/vec4 v0000016665b9ad20_0, 0, 1;
    %pushi/vec4 1, 0, 1;
    %store/vec4 v0000016665b9b2c0_0, 0, 1;
    %pushi/vec4 2, 0, 2;
    %store/vec4 v0000016665b9b360_0, 0, 2;
    %delay 40, 0;
    %vpi_call 5 39 "$display", "Test completed!" {0 0 0};
    %end;
    .thread T_4;
# The file index is used to find the file name in the following table.
:file_names 7;
    "N/A";
    "<interactive>";
    "./D_FF.v";
    "./full_adder.v";
    "./half_adder.v";
    "show_wave.v";
    "./mux_4_to_1.v";
