Release 14.7 - xst P.20131013 (lin64)
Copyright (c) 1995-2013 Xilinx, Inc.  All rights reserved.
--> 
Parameter TMPDIR set to xst/projnav.tmp


Total REAL time to Xst completion: 0.00 secs
Total CPU time to Xst completion: 0.03 secs
 
--> 
Parameter xsthdpdir set to xst


Total REAL time to Xst completion: 0.00 secs
Total CPU time to Xst completion: 0.03 secs
 
--> 
Reading design: UPDN_COUNTER_FPGA.prj

TABLE OF CONTENTS
  1) Synthesis Options Summary
  2) HDL Compilation
  3) Design Hierarchy Analysis
  4) HDL Analysis
  5) HDL Synthesis
     5.1) HDL Synthesis Report
  6) Advanced HDL Synthesis
     6.1) Advanced HDL Synthesis Report
  7) Low Level Synthesis
  8) Partition Report
  9) Final Report
	9.1) Device utilization summary
	9.2) Partition Resource Summary
	9.3) TIMING REPORT


=========================================================================
*                      Synthesis Options Summary                        *
=========================================================================
---- Source Parameters
Input File Name                    : "UPDN_COUNTER_FPGA.prj"
Input Format                       : mixed
Ignore Synthesis Constraint File   : NO

---- Target Parameters
Output File Name                   : "UPDN_COUNTER_FPGA"
Output Format                      : NGC
Target Device                      : xc3s500e-4-fg320

---- Source Options
Top Module Name                    : UPDN_COUNTER_FPGA
Automatic FSM Extraction           : YES
FSM Encoding Algorithm             : Auto
Safe Implementation                : No
FSM Style                          : LUT
RAM Extraction                     : Yes
RAM Style                          : Auto
ROM Extraction                     : Yes
Mux Style                          : Auto
Decoder Extraction                 : YES
Priority Encoder Extraction        : Yes
Shift Register Extraction          : YES
Logical Shifter Extraction         : YES
XOR Collapsing                     : YES
ROM Style                          : Auto
Mux Extraction                     : Yes
Resource Sharing                   : YES
Asynchronous To Synchronous        : NO
Multiplier Style                   : Auto
Automatic Register Balancing       : No

---- Target Options
Add IO Buffers                     : YES
Global Maximum Fanout              : 100000
Add Generic Clock Buffer(BUFG)     : 24
Register Duplication               : YES
Slice Packing                      : YES
Optimize Instantiated Primitives   : NO
Use Clock Enable                   : Yes
Use Synchronous Set                : Yes
Use Synchronous Reset              : Yes
Pack IO Registers into IOBs        : Auto
Equivalent register Removal        : YES

---- General Options
Optimization Goal                  : Speed
Optimization Effort                : 1
Keep Hierarchy                     : No
Netlist Hierarchy                  : As_Optimized
RTL Output                         : Yes
Global Optimization                : AllClockNets
Read Cores                         : YES
Write Timing Constraints           : NO
Cross Clock Analysis               : NO
Hierarchy Separator                : /
Bus Delimiter                      : <>
Case Specifier                     : Maintain
Slice Utilization Ratio            : 100
BRAM Utilization Ratio             : 100
Verilog 2001                       : YES
Auto BRAM Packing                  : NO
Slice Utilization Ratio Delta      : 5

=========================================================================


=========================================================================
*                          HDL Compilation                              *
=========================================================================
Compiling verilog file "UPDN_COUNTER_FPGA.v" in library work
Compiling verilog include file "UPDN_COUNTER.v"
Compiling verilog include file "PULSE_DIV.v"
Module <UPDN_COUNTER> compiled
Module <PULSE_DIV> compiled
Module <UPDN_COUNTER_FPGA> compiled
No errors in compilation
Analysis of file <"UPDN_COUNTER_FPGA.prj"> succeeded.
 

=========================================================================
*                     Design Hierarchy Analysis                         *
=========================================================================
Analyzing hierarchy for module <UPDN_COUNTER_FPGA> in library <work>.

Analyzing hierarchy for module <PULSE_DIV> in library <work>.

Analyzing hierarchy for module <UPDN_COUNTER> in library <work>.


=========================================================================
*                            HDL Analysis                               *
=========================================================================
Analyzing top module <UPDN_COUNTER_FPGA>.
Module <UPDN_COUNTER_FPGA> is correct for synthesis.
 
Analyzing module <PULSE_DIV> in library <work>.
Module <PULSE_DIV> is correct for synthesis.
 
Analyzing module <UPDN_COUNTER> in library <work>.
Module <UPDN_COUNTER> is correct for synthesis.
 

=========================================================================
*                           HDL Synthesis                               *
=========================================================================

Performing bidirectional port resolution...

Synthesizing Unit <PULSE_DIV>.
    Related source file is "PULSE_DIV.v".
    Found 1-bit register for signal <O_CLK>.
    Found 32-bit register for signal <COUNT>.
    Found 32-bit 4-to-1 multiplexer for signal <COUNT$mux0000>.
    Found 32-bit adder for signal <COUNT$share0000>.
    Found 32-bit comparator greater for signal <old_COUNT_1$cmp_gt0000> created at line 23.
    Summary:
	inferred  33 D-type flip-flop(s).
	inferred   1 Adder/Subtractor(s).
	inferred   1 Comparator(s).
	inferred  32 Multiplexer(s).
Unit <PULSE_DIV> synthesized.


Synthesizing Unit <UPDN_COUNTER>.
    Related source file is "UPDN_COUNTER.v".
    Found 4-bit updown counter for signal <OUT>.
    Summary:
	inferred   1 Counter(s).
Unit <UPDN_COUNTER> synthesized.


Synthesizing Unit <UPDN_COUNTER_FPGA>.
    Related source file is "UPDN_COUNTER_FPGA.v".
WARNING:Xst:653 - Signal <GND> is used but never assigned. This sourceless signal will be automatically connected to value 0.
Unit <UPDN_COUNTER_FPGA> synthesized.

INFO:Xst:1767 - HDL ADVISOR - Resource sharing has identified that some arithmetic operations in this design can share the same physical resources for reduced device utilization. For improved clock frequency you may try to disable resource sharing.

=========================================================================
HDL Synthesis Report

Macro Statistics
# Adders/Subtractors                                   : 1
 32-bit adder                                          : 1
# Counters                                             : 1
 4-bit updown counter                                  : 1
# Registers                                            : 2
 1-bit register                                        : 1
 32-bit register                                       : 1
# Comparators                                          : 1
 32-bit comparator greater                             : 1
# Multiplexers                                         : 1
 32-bit 4-to-1 multiplexer                             : 1

=========================================================================

=========================================================================
*                       Advanced HDL Synthesis                          *
=========================================================================


=========================================================================
Advanced HDL Synthesis Report

Macro Statistics
# Adders/Subtractors                                   : 1
 32-bit adder                                          : 1
# Counters                                             : 1
 4-bit updown counter                                  : 1
# Registers                                            : 33
 Flip-Flops                                            : 33
# Comparators                                          : 1
 32-bit comparator greater                             : 1
# Multiplexers                                         : 1
 32-bit 4-to-1 multiplexer                             : 1

=========================================================================

=========================================================================
*                         Low Level Synthesis                           *
=========================================================================

Optimizing unit <UPDN_COUNTER_FPGA> ...

Optimizing unit <PULSE_DIV> ...

Mapping all equations...
Building and optimizing final netlist ...
Found area constraint ratio of 100 (+ 5) on block UPDN_COUNTER_FPGA, actual ratio is 0.

Final Macro Processing ...

=========================================================================
Final Register Report

Macro Statistics
# Registers                                            : 37
 Flip-Flops                                            : 37

=========================================================================

=========================================================================
*                           Partition Report                            *
=========================================================================

Partition Implementation Status
-------------------------------

  No Partitions were found in this design.

-------------------------------

=========================================================================
*                            Final Report                               *
=========================================================================
Final Results
RTL Top Level Output File Name     : UPDN_COUNTER_FPGA.ngr
Top Level Output File Name         : UPDN_COUNTER_FPGA
Output Format                      : NGC
Optimization Goal                  : Speed
Keep Hierarchy                     : No

Design Statistics
# IOs                              : 7

Cell Usage :
# BELS                             : 154
#      GND                         : 1
#      INV                         : 7
#      LUT1                        : 4
#      LUT2                        : 32
#      LUT3                        : 4
#      LUT4                        : 17
#      LUT4_D                      : 2
#      MUXCY                       : 52
#      MUXF5                       : 2
#      VCC                         : 1
#      XORCY                       : 32
# FlipFlops/Latches                : 37
#      FDE                         : 1
#      FDR                         : 32
#      FDRS                        : 4
# Clock Buffers                    : 1
#      BUFGP                       : 1
# IO Buffers                       : 6
#      IBUF                        : 2
#      OBUF                        : 4
=========================================================================

Device utilization summary:
---------------------------

Selected Device : 3s500efg320-4 

 Number of Slices:                       35  out of   4656     0%  
 Number of Slice Flip Flops:             37  out of   9312     0%  
 Number of 4 input LUTs:                 66  out of   9312     0%  
 Number of IOs:                           7
 Number of bonded IOBs:                   7  out of    232     3%  
 Number of GCLKs:                         1  out of     24     4%  

---------------------------
Partition Resource Summary:
---------------------------

  No Partitions were found in this design.

---------------------------


=========================================================================
TIMING REPORT

NOTE: THESE TIMING NUMBERS ARE ONLY A SYNTHESIS ESTIMATE.
      FOR ACCURATE TIMING INFORMATION PLEASE REFER TO THE TRACE REPORT
      GENERATED AFTER PLACE-and-ROUTE.

Clock Information:
------------------
-----------------------------------+-------------------------+-------+
Clock Signal                       | Clock buffer(FF name)   | Load  |
-----------------------------------+-------------------------+-------+
pulse_div/O_CLK                    | NONE(updn_counter/OUT_0)| 4     |
CLK                                | BUFGP                   | 33    |
-----------------------------------+-------------------------+-------+
INFO:Xst:2169 - HDL ADVISOR - Some clock signals were not automatically buffered by XST with BUFG/BUFR resources. Please use the buffer_type constraint in order to insert these buffers to the clock signals to help prevent skew problems.

Asynchronous Control Signals Information:
----------------------------------------
No asynchronous control signals found in this design

Timing Summary:
---------------
Speed Grade: -4

   Minimum period: 9.024ns (Maximum Frequency: 110.821MHz)
   Minimum input arrival time before clock: 5.423ns
   Maximum output required time after clock: 4.620ns
   Maximum combinational path delay: No path found

Timing Detail:
--------------
All values displayed in nanoseconds (ns)

=========================================================================
Timing constraint: Default period analysis for Clock 'pulse_div/O_CLK'
  Clock period: 4.975ns (frequency: 201.005MHz)
  Total number of paths / destination ports: 45 / 12
-------------------------------------------------------------------------
Delay:               4.975ns (Levels of Logic = 2)
  Source:            updn_counter/OUT_1 (FF)
  Destination:       updn_counter/OUT_0 (FF)
  Source Clock:      pulse_div/O_CLK rising
  Destination Clock: pulse_div/O_CLK rising

  Data Path: updn_counter/OUT_1 to updn_counter/OUT_0
                                Gate     Net
    Cell:in->out      fanout   Delay   Delay  Logical Name (Net Name)
    ----------------------------------------  ------------
     FDRS:C->Q             7   0.591   0.883  updn_counter/OUT_1 (updn_counter/OUT_1)
     LUT3:I0->O            1   0.704   0.595  updn_counter/OUT_or0000_SW0 (N2)
     LUT4:I0->O            4   0.704   0.587  updn_counter/OUT_or0000 (updn_counter/OUT_or0000)
     FDRS:R                    0.911          updn_counter/OUT_0
    ----------------------------------------
    Total                      4.975ns (2.910ns logic, 2.065ns route)
                                       (58.5% logic, 41.5% route)

=========================================================================
Timing constraint: Default period analysis for Clock 'CLK'
  Clock period: 9.024ns (frequency: 110.821MHz)
  Total number of paths / destination ports: 19537 / 66
-------------------------------------------------------------------------
Delay:               9.024ns (Levels of Logic = 48)
  Source:            pulse_div/COUNT_0 (FF)
  Destination:       pulse_div/COUNT_31 (FF)
  Source Clock:      CLK rising
  Destination Clock: CLK rising

  Data Path: pulse_div/COUNT_0 to pulse_div/COUNT_31
                                Gate     Net
    Cell:in->out      fanout   Delay   Delay  Logical Name (Net Name)
    ----------------------------------------  ------------
     FDR:C->Q              3   0.591   0.706  pulse_div/COUNT_0 (pulse_div/COUNT_0)
     LUT4:I0->O            1   0.704   0.000  pulse_div/Mcompar_old_COUNT_1_cmp_gt0000_lut<0> (pulse_div/Mcompar_old_COUNT_1_cmp_gt0000_lut<0>)
     MUXCY:S->O            1   0.464   0.000  pulse_div/Mcompar_old_COUNT_1_cmp_gt0000_cy<0> (pulse_div/Mcompar_old_COUNT_1_cmp_gt0000_cy<0>)
     MUXCY:CI->O           1   0.059   0.000  pulse_div/Mcompar_old_COUNT_1_cmp_gt0000_cy<1> (pulse_div/Mcompar_old_COUNT_1_cmp_gt0000_cy<1>)
     MUXCY:CI->O           1   0.059   0.000  pulse_div/Mcompar_old_COUNT_1_cmp_gt0000_cy<2> (pulse_div/Mcompar_old_COUNT_1_cmp_gt0000_cy<2>)
     MUXCY:CI->O           1   0.059   0.000  pulse_div/Mcompar_old_COUNT_1_cmp_gt0000_cy<3> (pulse_div/Mcompar_old_COUNT_1_cmp_gt0000_cy<3>)
     MUXCY:CI->O           1   0.059   0.000  pulse_div/Mcompar_old_COUNT_1_cmp_gt0000_cy<4> (pulse_div/Mcompar_old_COUNT_1_cmp_gt0000_cy<4>)
     MUXCY:CI->O           1   0.059   0.000  pulse_div/Mcompar_old_COUNT_1_cmp_gt0000_cy<5> (pulse_div/Mcompar_old_COUNT_1_cmp_gt0000_cy<5>)
     MUXCY:CI->O           1   0.059   0.000  pulse_div/Mcompar_old_COUNT_1_cmp_gt0000_cy<6> (pulse_div/Mcompar_old_COUNT_1_cmp_gt0000_cy<6>)
     MUXCY:CI->O           1   0.059   0.000  pulse_div/Mcompar_old_COUNT_1_cmp_gt0000_cy<7> (pulse_div/Mcompar_old_COUNT_1_cmp_gt0000_cy<7>)
     MUXCY:CI->O           1   0.059   0.000  pulse_div/Mcompar_old_COUNT_1_cmp_gt0000_cy<8> (pulse_div/Mcompar_old_COUNT_1_cmp_gt0000_cy<8>)
     MUXCY:CI->O           1   0.059   0.000  pulse_div/Mcompar_old_COUNT_1_cmp_gt0000_cy<9> (pulse_div/Mcompar_old_COUNT_1_cmp_gt0000_cy<9>)
     MUXCY:CI->O           1   0.059   0.000  pulse_div/Mcompar_old_COUNT_1_cmp_gt0000_cy<10> (pulse_div/Mcompar_old_COUNT_1_cmp_gt0000_cy<10>)
     MUXCY:CI->O           1   0.059   0.000  pulse_div/Mcompar_old_COUNT_1_cmp_gt0000_cy<11> (pulse_div/Mcompar_old_COUNT_1_cmp_gt0000_cy<11>)
     MUXCY:CI->O           1   0.059   0.000  pulse_div/Mcompar_old_COUNT_1_cmp_gt0000_cy<12> (pulse_div/Mcompar_old_COUNT_1_cmp_gt0000_cy<12>)
     MUXCY:CI->O          33   0.459   1.342  pulse_div/Mcompar_old_COUNT_1_cmp_gt0000_cy<13> (pulse_div/Mcompar_old_COUNT_1_cmp_gt0000_cy<13>)
     LUT2:I1->O            1   0.704   0.000  pulse_div/Madd_COUNT_share0000_lut<0> (pulse_div/Madd_COUNT_share0000_lut<0>)
     MUXCY:S->O            1   0.464   0.000  pulse_div/Madd_COUNT_share0000_cy<0> (pulse_div/Madd_COUNT_share0000_cy<0>)
     MUXCY:CI->O           1   0.059   0.000  pulse_div/Madd_COUNT_share0000_cy<1> (pulse_div/Madd_COUNT_share0000_cy<1>)
     MUXCY:CI->O           1   0.059   0.000  pulse_div/Madd_COUNT_share0000_cy<2> (pulse_div/Madd_COUNT_share0000_cy<2>)
     MUXCY:CI->O           1   0.059   0.000  pulse_div/Madd_COUNT_share0000_cy<3> (pulse_div/Madd_COUNT_share0000_cy<3>)
     MUXCY:CI->O           1   0.059   0.000  pulse_div/Madd_COUNT_share0000_cy<4> (pulse_div/Madd_COUNT_share0000_cy<4>)
     MUXCY:CI->O           1   0.059   0.000  pulse_div/Madd_COUNT_share0000_cy<5> (pulse_div/Madd_COUNT_share0000_cy<5>)
     MUXCY:CI->O           1   0.059   0.000  pulse_div/Madd_COUNT_share0000_cy<6> (pulse_div/Madd_COUNT_share0000_cy<6>)
     MUXCY:CI->O           1   0.059   0.000  pulse_div/Madd_COUNT_share0000_cy<7> (pulse_div/Madd_COUNT_share0000_cy<7>)
     MUXCY:CI->O           1   0.059   0.000  pulse_div/Madd_COUNT_share0000_cy<8> (pulse_div/Madd_COUNT_share0000_cy<8>)
     MUXCY:CI->O           1   0.059   0.000  pulse_div/Madd_COUNT_share0000_cy<9> (pulse_div/Madd_COUNT_share0000_cy<9>)
     MUXCY:CI->O           1   0.059   0.000  pulse_div/Madd_COUNT_share0000_cy<10> (pulse_div/Madd_COUNT_share0000_cy<10>)
     MUXCY:CI->O           1   0.059   0.000  pulse_div/Madd_COUNT_share0000_cy<11> (pulse_div/Madd_COUNT_share0000_cy<11>)
     MUXCY:CI->O           1   0.059   0.000  pulse_div/Madd_COUNT_share0000_cy<12> (pulse_div/Madd_COUNT_share0000_cy<12>)
     MUXCY:CI->O           1   0.059   0.000  pulse_div/Madd_COUNT_share0000_cy<13> (pulse_div/Madd_COUNT_share0000_cy<13>)
     MUXCY:CI->O           1   0.059   0.000  pulse_div/Madd_COUNT_share0000_cy<14> (pulse_div/Madd_COUNT_share0000_cy<14>)
     MUXCY:CI->O           1   0.059   0.000  pulse_div/Madd_COUNT_share0000_cy<15> (pulse_div/Madd_COUNT_share0000_cy<15>)
     MUXCY:CI->O           1   0.059   0.000  pulse_div/Madd_COUNT_share0000_cy<16> (pulse_div/Madd_COUNT_share0000_cy<16>)
     MUXCY:CI->O           1   0.059   0.000  pulse_div/Madd_COUNT_share0000_cy<17> (pulse_div/Madd_COUNT_share0000_cy<17>)
     MUXCY:CI->O           1   0.059   0.000  pulse_div/Madd_COUNT_share0000_cy<18> (pulse_div/Madd_COUNT_share0000_cy<18>)
     MUXCY:CI->O           1   0.059   0.000  pulse_div/Madd_COUNT_share0000_cy<19> (pulse_div/Madd_COUNT_share0000_cy<19>)
     MUXCY:CI->O           1   0.059   0.000  pulse_div/Madd_COUNT_share0000_cy<20> (pulse_div/Madd_COUNT_share0000_cy<20>)
     MUXCY:CI->O           1   0.059   0.000  pulse_div/Madd_COUNT_share0000_cy<21> (pulse_div/Madd_COUNT_share0000_cy<21>)
     MUXCY:CI->O           1   0.059   0.000  pulse_div/Madd_COUNT_share0000_cy<22> (pulse_div/Madd_COUNT_share0000_cy<22>)
     MUXCY:CI->O           1   0.059   0.000  pulse_div/Madd_COUNT_share0000_cy<23> (pulse_div/Madd_COUNT_share0000_cy<23>)
     MUXCY:CI->O           1   0.059   0.000  pulse_div/Madd_COUNT_share0000_cy<24> (pulse_div/Madd_COUNT_share0000_cy<24>)
     MUXCY:CI->O           1   0.059   0.000  pulse_div/Madd_COUNT_share0000_cy<25> (pulse_div/Madd_COUNT_share0000_cy<25>)
     MUXCY:CI->O           1   0.059   0.000  pulse_div/Madd_COUNT_share0000_cy<26> (pulse_div/Madd_COUNT_share0000_cy<26>)
     MUXCY:CI->O           1   0.059   0.000  pulse_div/Madd_COUNT_share0000_cy<27> (pulse_div/Madd_COUNT_share0000_cy<27>)
     MUXCY:CI->O           1   0.059   0.000  pulse_div/Madd_COUNT_share0000_cy<28> (pulse_div/Madd_COUNT_share0000_cy<28>)
     MUXCY:CI->O           1   0.059   0.000  pulse_div/Madd_COUNT_share0000_cy<29> (pulse_div/Madd_COUNT_share0000_cy<29>)
     MUXCY:CI->O           0   0.059   0.000  pulse_div/Madd_COUNT_share0000_cy<30> (pulse_div/Madd_COUNT_share0000_cy<30>)
     XORCY:CI->O           1   0.804   0.000  pulse_div/Madd_COUNT_share0000_xor<31> (pulse_div/COUNT_share0000<31>)
     FDR:D                     0.308          pulse_div/COUNT_31
    ----------------------------------------
    Total                      9.024ns (6.976ns logic, 2.048ns route)
                                       (77.3% logic, 22.7% route)

=========================================================================
Timing constraint: Default OFFSET IN BEFORE for Clock 'pulse_div/O_CLK'
  Total number of paths / destination ports: 16 / 11
-------------------------------------------------------------------------
Offset:              5.423ns (Levels of Logic = 3)
  Source:            M (PAD)
  Destination:       updn_counter/OUT_0 (FF)
  Destination Clock: pulse_div/O_CLK rising

  Data Path: M to updn_counter/OUT_0
                                Gate     Net
    Cell:in->out      fanout   Delay   Delay  Logical Name (Net Name)
    ----------------------------------------  ------------
     IBUF:I->O             6   1.218   0.704  M_IBUF (M_IBUF)
     LUT3:I2->O            1   0.704   0.595  updn_counter/OUT_or0000_SW0 (N2)
     LUT4:I0->O            4   0.704   0.587  updn_counter/OUT_or0000 (updn_counter/OUT_or0000)
     FDRS:R                    0.911          updn_counter/OUT_0
    ----------------------------------------
    Total                      5.423ns (3.537ns logic, 1.886ns route)
                                       (65.2% logic, 34.8% route)

=========================================================================
Timing constraint: Default OFFSET OUT AFTER for Clock 'pulse_div/O_CLK'
  Total number of paths / destination ports: 4 / 4
-------------------------------------------------------------------------
Offset:              4.620ns (Levels of Logic = 1)
  Source:            updn_counter/OUT_0 (FF)
  Destination:       OUT<0> (PAD)
  Source Clock:      pulse_div/O_CLK rising

  Data Path: updn_counter/OUT_0 to OUT<0>
                                Gate     Net
    Cell:in->out      fanout   Delay   Delay  Logical Name (Net Name)
    ----------------------------------------  ------------
     FDRS:C->Q             8   0.591   0.757  updn_counter/OUT_0 (updn_counter/OUT_0)
     OBUF:I->O                 3.272          OUT_0_OBUF (OUT<0>)
    ----------------------------------------
    Total                      4.620ns (3.863ns logic, 0.757ns route)
                                       (83.6% logic, 16.4% route)

=========================================================================


Total REAL time to Xst completion: 4.00 secs
Total CPU time to Xst completion: 3.28 secs
 
--> 


Total memory usage is 514676 kilobytes

Number of errors   :    0 (   0 filtered)
Number of warnings :    1 (   0 filtered)
Number of infos    :    2 (   0 filtered)

