Running: /opt/Xilinx/14.7/ISE_DS/ISE/bin/lin64/unwrapped/fuse -intstyle ise -incremental -lib unisims_ver -lib unimacro_ver -lib xilinxcorelib_ver -o /mnt/sda2/DOC/NH_2024_2025_HK_01/ICSL316764/TT_FPGA/DOWNCOUNTER_4BIT/testbench_isim_beh.exe -prj /mnt/sda2/DOC/NH_2024_2025_HK_01/ICSL316764/TT_FPGA/DOWNCOUNTER_4BIT/testbench_beh.prj work.testbench work.glbl 
ISim P.20131013 (signature 0xfbc00daa)
Number of CPUs detected in this system: 8
Turning on mult-threading, number of parallel sub-compilation jobs: 16 
Determining compilation order of HDL files
Analyzing Verilog file "/mnt/sda2/DOC/NH_2024_2025_HK_01/ICSL316764/TT_FPGA/DOWNCOUNTER_4BIT/testbench.v" into library work
Analyzing Verilog file "/opt/Xilinx/14.7/ISE_DS/ISE//verilog/src/glbl.v" into library work
Starting static elaboration
Completed static elaboration
Fuse Memory Usage: 84896 KB
Fuse CPU Usage: 1060 ms
Compiling module DOWNCOUNTER_4BIT
Compiling module testbench
Compiling module glbl
Time Resolution for simulation is 1ps.
Waiting for 1 sub-compilation(s) to finish...
Compiled 3 Verilog Units
Built simulation executable /mnt/sda2/DOC/NH_2024_2025_HK_01/ICSL316764/TT_FPGA/DOWNCOUNTER_4BIT/testbench_isim_beh.exe
Fuse Memory Usage: 1169348 KB
Fuse CPU Usage: 1080 ms
GCC CPU Usage: 380 ms
