#! /usr/bin/vvp
:ivl_version "11.0 (stable)";
:ivl_delay_selection "TYPICAL";
:vpi_time_precision + 0;
:vpi_module "/usr/lib/x86_64-linux-gnu/ivl/system.vpi";
:vpi_module "/usr/lib/x86_64-linux-gnu/ivl/vhdl_sys.vpi";
:vpi_module "/usr/lib/x86_64-linux-gnu/ivl/vhdl_textio.vpi";
:vpi_module "/usr/lib/x86_64-linux-gnu/ivl/v2005_math.vpi";
:vpi_module "/usr/lib/x86_64-linux-gnu/ivl/va_math.vpi";
S_0x5e35a5a1b1b0 .scope module, "LED_DAN_DICH_NVT" "LED_DAN_DICH_NVT" 2 349;
 .timescale 0 0;
    .port_info 0 /INPUT 1 "clk";
    .port_info 1 /INPUT 1 "reset";
    .port_info 2 /INPUT 1 "SS";
    .port_info 3 /OUTPUT 8 "LED8";
v0x5e35a5a4f920_0 .var "LED8", 7 0;
o0x73897b08d048 .functor BUFZ 1, C4<z>; HiZ drive
v0x5e35a5a89f80_0 .net "SS", 0 0, o0x73897b08d048;  0 drivers
o0x73897b08d078 .functor BUFZ 1, C4<z>; HiZ drive
v0x5e35a5a8a040_0 .net "clk", 0 0, o0x73897b08d078;  0 drivers
o0x73897b08d0a8 .functor BUFZ 1, C4<z>; HiZ drive
v0x5e35a5a8a110_0 .net "reset", 0 0, o0x73897b08d0a8;  0 drivers
E_0x5e35a5a54900/0 .event edge, v0x5e35a5a8a110_0;
E_0x5e35a5a54900/1 .event posedge, v0x5e35a5a8a040_0;
E_0x5e35a5a54900 .event/or E_0x5e35a5a54900/0, E_0x5e35a5a54900/1;
S_0x5e35a5a567f0 .scope module, "LED_DAN_DICH_NVT_repeat" "LED_DAN_DICH_NVT_repeat" 2 369;
 .timescale 0 0;
    .port_info 0 /INPUT 1 "clk";
    .port_info 1 /INPUT 1 "reset";
    .port_info 2 /INPUT 1 "SS";
    .port_info 3 /OUTPUT 8 "LED8";
v0x5e35a5a8a2c0_0 .var "LED8", 7 0;
o0x73897b08d1c8 .functor BUFZ 1, C4<z>; HiZ drive
v0x5e35a5a8a3c0_0 .net "SS", 0 0, o0x73897b08d1c8;  0 drivers
o0x73897b08d1f8 .functor BUFZ 1, C4<z>; HiZ drive
v0x5e35a5a8a480_0 .net "clk", 0 0, o0x73897b08d1f8;  0 drivers
o0x73897b08d228 .functor BUFZ 1, C4<z>; HiZ drive
v0x5e35a5a8a520_0 .net "reset", 0 0, o0x73897b08d228;  0 drivers
E_0x5e35a5a54b60/0 .event edge, v0x5e35a5a8a520_0;
E_0x5e35a5a54b60/1 .event posedge, v0x5e35a5a8a480_0;
E_0x5e35a5a54b60 .event/or E_0x5e35a5a54b60/0, E_0x5e35a5a54b60/1;
S_0x5e35a5a569f0 .scope module, "LED_DAN_DICH_TRN" "LED_DAN_DICH_TRN" 2 267;
 .timescale 0 0;
    .port_info 0 /INPUT 1 "clk";
    .port_info 1 /INPUT 1 "reset";
    .port_info 2 /INPUT 1 "SS";
    .port_info 3 /OUTPUT 8 "LED8";
v0x5e35a5a8a6d0_0 .var "LED8", 7 0;
o0x73897b08d348 .functor BUFZ 1, C4<z>; HiZ drive
v0x5e35a5a8a7d0_0 .net "SS", 0 0, o0x73897b08d348;  0 drivers
o0x73897b08d378 .functor BUFZ 1, C4<z>; HiZ drive
v0x5e35a5a8a890_0 .net "clk", 0 0, o0x73897b08d378;  0 drivers
o0x73897b08d3a8 .functor BUFZ 1, C4<z>; HiZ drive
v0x5e35a5a8a930_0 .net "reset", 0 0, o0x73897b08d3a8;  0 drivers
E_0x5e35a5a1ae30/0 .event edge, v0x5e35a5a8a930_0;
E_0x5e35a5a1ae30/1 .event posedge, v0x5e35a5a8a890_0;
E_0x5e35a5a1ae30 .event/or E_0x5e35a5a1ae30/0, E_0x5e35a5a1ae30/1;
S_0x5e35a5a4a6f0 .scope module, "LED_DAN_DICH_TRN_repeat" "LED_DAN_DICH_TRN_repeat" 2 287;
 .timescale 0 0;
    .port_info 0 /INPUT 1 "clk";
    .port_info 1 /INPUT 1 "reset";
    .port_info 2 /INPUT 1 "SS";
    .port_info 3 /OUTPUT 8 "LED8";
v0x5e35a5a8aae0_0 .var "LED8", 7 0;
o0x73897b08d4c8 .functor BUFZ 1, C4<z>; HiZ drive
v0x5e35a5a8abe0_0 .net "SS", 0 0, o0x73897b08d4c8;  0 drivers
o0x73897b08d4f8 .functor BUFZ 1, C4<z>; HiZ drive
v0x5e35a5a8aca0_0 .net "clk", 0 0, o0x73897b08d4f8;  0 drivers
o0x73897b08d528 .functor BUFZ 1, C4<z>; HiZ drive
v0x5e35a5a8ad40_0 .net "reset", 0 0, o0x73897b08d528;  0 drivers
E_0x5e35a5a6ee70/0 .event edge, v0x5e35a5a8ad40_0;
E_0x5e35a5a6ee70/1 .event posedge, v0x5e35a5a8aca0_0;
E_0x5e35a5a6ee70 .event/or E_0x5e35a5a6ee70/0, E_0x5e35a5a6ee70/1;
S_0x5e35a5a4a8f0 .scope module, "LED_SANG_DAN_MODE_repeat" "LED_SANG_DAN_MODE_repeat" 2 202;
 .timescale 0 0;
    .port_info 0 /INPUT 1 "MODE";
    .port_info 1 /INPUT 1 "clk";
    .port_info 2 /INPUT 1 "reset";
    .port_info 3 /INPUT 1 "SS";
    .port_info 4 /OUTPUT 8 "LED8";
v0x5e35a5a8aef0_0 .var "LED8", 7 0;
o0x73897b08d648 .functor BUFZ 1, C4<z>; HiZ drive
v0x5e35a5a8aff0_0 .net "MODE", 0 0, o0x73897b08d648;  0 drivers
o0x73897b08d678 .functor BUFZ 1, C4<z>; HiZ drive
v0x5e35a5a8b0b0_0 .net "SS", 0 0, o0x73897b08d678;  0 drivers
o0x73897b08d6a8 .functor BUFZ 1, C4<z>; HiZ drive
v0x5e35a5a8b150_0 .net "clk", 0 0, o0x73897b08d6a8;  0 drivers
o0x73897b08d6d8 .functor BUFZ 1, C4<z>; HiZ drive
v0x5e35a5a8b210_0 .net "reset", 0 0, o0x73897b08d6d8;  0 drivers
E_0x5e35a5a6f080/0 .event edge, v0x5e35a5a8b210_0;
E_0x5e35a5a6f080/1 .event posedge, v0x5e35a5a8b150_0;
E_0x5e35a5a6f080 .event/or E_0x5e35a5a6f080/0, E_0x5e35a5a6f080/1;
S_0x5e35a5a4cce0 .scope module, "LED_SANG_DAN_PST" "LED_SANG_DAN_PST" 2 158;
 .timescale 0 0;
    .port_info 0 /INPUT 1 "clk";
    .port_info 1 /INPUT 1 "reset";
    .port_info 2 /INPUT 1 "SS";
    .port_info 3 /OUTPUT 8 "LED8";
v0x5e35a5a8b3b0_0 .var "LED8", 7 0;
o0x73897b08d828 .functor BUFZ 1, C4<z>; HiZ drive
v0x5e35a5a8b4b0_0 .net "SS", 0 0, o0x73897b08d828;  0 drivers
o0x73897b08d858 .functor BUFZ 1, C4<z>; HiZ drive
v0x5e35a5a8b570_0 .net "clk", 0 0, o0x73897b08d858;  0 drivers
o0x73897b08d888 .functor BUFZ 1, C4<z>; HiZ drive
v0x5e35a5a8b610_0 .net "reset", 0 0, o0x73897b08d888;  0 drivers
E_0x5e35a5a6f0c0/0 .event edge, v0x5e35a5a8b610_0;
E_0x5e35a5a6f0c0/1 .event posedge, v0x5e35a5a8b570_0;
E_0x5e35a5a6f0c0 .event/or E_0x5e35a5a6f0c0/0, E_0x5e35a5a6f0c0/1;
S_0x5e35a5a4cee0 .scope module, "LED_SANG_DAN_PST_repeat" "LED_SANG_DAN_PST_repeat" 2 178;
 .timescale 0 0;
    .port_info 0 /INPUT 1 "clk";
    .port_info 1 /INPUT 1 "reset";
    .port_info 2 /INPUT 1 "SS";
    .port_info 3 /OUTPUT 8 "LED8";
v0x5e35a5a8b800_0 .var "LED8", 7 0;
o0x73897b08d9a8 .functor BUFZ 1, C4<z>; HiZ drive
v0x5e35a5a8b900_0 .net "SS", 0 0, o0x73897b08d9a8;  0 drivers
o0x73897b08d9d8 .functor BUFZ 1, C4<z>; HiZ drive
v0x5e35a5a8b9c0_0 .net "clk", 0 0, o0x73897b08d9d8;  0 drivers
o0x73897b08da08 .functor BUFZ 1, C4<z>; HiZ drive
v0x5e35a5a8ba60_0 .net "reset", 0 0, o0x73897b08da08;  0 drivers
E_0x5e35a5a8b780/0 .event edge, v0x5e35a5a8ba60_0;
E_0x5e35a5a8b780/1 .event posedge, v0x5e35a5a8b9c0_0;
E_0x5e35a5a8b780 .event/or E_0x5e35a5a8b780/0, E_0x5e35a5a8b780/1;
S_0x5e35a5a42c40 .scope module, "LED_SANG_DAN_TRN_NVT_repeat" "LED_SANG_DAN_TRN_NVT_repeat" 2 422;
 .timescale 0 0;
    .port_info 0 /INPUT 1 "MODE";
    .port_info 1 /INPUT 1 "clk";
    .port_info 2 /INPUT 1 "reset";
    .port_info 3 /INPUT 1 "SS";
    .port_info 4 /OUTPUT 8 "LED8";
v0x5e35a5a8bc50_0 .var "LED8", 7 0;
o0x73897b08db28 .functor BUFZ 1, C4<z>; HiZ drive
v0x5e35a5a8bd50_0 .net "MODE", 0 0, o0x73897b08db28;  0 drivers
o0x73897b08db58 .functor BUFZ 1, C4<z>; HiZ drive
v0x5e35a5a8be10_0 .net "SS", 0 0, o0x73897b08db58;  0 drivers
o0x73897b08db88 .functor BUFZ 1, C4<z>; HiZ drive
v0x5e35a5a8beb0_0 .net "clk", 0 0, o0x73897b08db88;  0 drivers
o0x73897b08dbb8 .functor BUFZ 1, C4<z>; HiZ drive
v0x5e35a5a8bf70_0 .net "reset", 0 0, o0x73897b08dbb8;  0 drivers
E_0x5e35a5a8bbd0/0 .event edge, v0x5e35a5a8bf70_0;
E_0x5e35a5a8bbd0/1 .event posedge, v0x5e35a5a8beb0_0;
E_0x5e35a5a8bbd0 .event/or E_0x5e35a5a8bbd0/0, E_0x5e35a5a8bbd0/1;
S_0x5e35a5a42e00 .scope module, "LED_SANG_DAN_TSP" "LED_SANG_DAN_TSP" 2 118;
 .timescale 0 0;
    .port_info 0 /INPUT 1 "clk";
    .port_info 1 /INPUT 1 "reset";
    .port_info 2 /INPUT 1 "SS";
    .port_info 3 /OUTPUT 8 "LED8";
v0x5e35a5a8c1a0_0 .var "LED8", 7 0;
o0x73897b08dd08 .functor BUFZ 1, C4<z>; HiZ drive
v0x5e35a5a8c2a0_0 .net "SS", 0 0, o0x73897b08dd08;  0 drivers
o0x73897b08dd38 .functor BUFZ 1, C4<z>; HiZ drive
v0x5e35a5a8c360_0 .net "clk", 0 0, o0x73897b08dd38;  0 drivers
o0x73897b08dd68 .functor BUFZ 1, C4<z>; HiZ drive
v0x5e35a5a8c400_0 .net "reset", 0 0, o0x73897b08dd68;  0 drivers
E_0x5e35a5a8c120/0 .event edge, v0x5e35a5a8c400_0;
E_0x5e35a5a8c120/1 .event posedge, v0x5e35a5a8c360_0;
E_0x5e35a5a8c120 .event/or E_0x5e35a5a8c120/0, E_0x5e35a5a8c120/1;
S_0x5e35a5a3e6d0 .scope module, "LED_SANG_DAN_TSP_repeat" "LED_SANG_DAN_TSP_repeat" 2 138;
 .timescale 0 0;
    .port_info 0 /INPUT 1 "clk";
    .port_info 1 /INPUT 1 "reset";
    .port_info 2 /INPUT 1 "SS";
    .port_info 3 /OUTPUT 8 "LED8";
v0x5e35a5a8c5f0_0 .var "LED8", 7 0;
o0x73897b08de88 .functor BUFZ 1, C4<z>; HiZ drive
v0x5e35a5a8c6f0_0 .net "SS", 0 0, o0x73897b08de88;  0 drivers
o0x73897b08deb8 .functor BUFZ 1, C4<z>; HiZ drive
v0x5e35a5a8c7b0_0 .net "clk", 0 0, o0x73897b08deb8;  0 drivers
o0x73897b08dee8 .functor BUFZ 1, C4<z>; HiZ drive
v0x5e35a5a8c850_0 .net "reset", 0 0, o0x73897b08dee8;  0 drivers
E_0x5e35a5a8c570/0 .event edge, v0x5e35a5a8c850_0;
E_0x5e35a5a8c570/1 .event posedge, v0x5e35a5a8c7b0_0;
E_0x5e35a5a8c570 .event/or E_0x5e35a5a8c570/0, E_0x5e35a5a8c570/1;
S_0x5e35a5a3e900 .scope module, "LED_SANG_DICH_NVT" "LED_SANG_DICH_NVT" 2 309;
 .timescale 0 0;
    .port_info 0 /INPUT 1 "clk";
    .port_info 1 /INPUT 1 "reset";
    .port_info 2 /INPUT 1 "SS";
    .port_info 3 /OUTPUT 8 "LED8";
v0x5e35a5a8ca40_0 .var "LED8", 7 0;
o0x73897b08e008 .functor BUFZ 1, C4<z>; HiZ drive
v0x5e35a5a8cb40_0 .net "SS", 0 0, o0x73897b08e008;  0 drivers
o0x73897b08e038 .functor BUFZ 1, C4<z>; HiZ drive
v0x5e35a5a8cc00_0 .net "clk", 0 0, o0x73897b08e038;  0 drivers
o0x73897b08e068 .functor BUFZ 1, C4<z>; HiZ drive
v0x5e35a5a8cca0_0 .net "reset", 0 0, o0x73897b08e068;  0 drivers
E_0x5e35a5a8c9c0/0 .event edge, v0x5e35a5a8cca0_0;
E_0x5e35a5a8c9c0/1 .event posedge, v0x5e35a5a8cc00_0;
E_0x5e35a5a8c9c0 .event/or E_0x5e35a5a8c9c0/0, E_0x5e35a5a8c9c0/1;
S_0x5e35a5a40860 .scope module, "LED_SANG_DICH_NVT_repeat" "LED_SANG_DICH_NVT_repeat" 2 329;
 .timescale 0 0;
    .port_info 0 /INPUT 1 "clk";
    .port_info 1 /INPUT 1 "reset";
    .port_info 2 /INPUT 1 "SS";
    .port_info 3 /OUTPUT 8 "LED8";
v0x5e35a5a8ce90_0 .var "LED8", 7 0;
o0x73897b08e188 .functor BUFZ 1, C4<z>; HiZ drive
v0x5e35a5a8cf90_0 .net "SS", 0 0, o0x73897b08e188;  0 drivers
o0x73897b08e1b8 .functor BUFZ 1, C4<z>; HiZ drive
v0x5e35a5a8d050_0 .net "clk", 0 0, o0x73897b08e1b8;  0 drivers
o0x73897b08e1e8 .functor BUFZ 1, C4<z>; HiZ drive
v0x5e35a5a8d0f0_0 .net "reset", 0 0, o0x73897b08e1e8;  0 drivers
E_0x5e35a5a8ce10/0 .event edge, v0x5e35a5a8d0f0_0;
E_0x5e35a5a8ce10/1 .event posedge, v0x5e35a5a8d050_0;
E_0x5e35a5a8ce10 .event/or E_0x5e35a5a8ce10/0, E_0x5e35a5a8ce10/1;
S_0x5e35a5a40a90 .scope module, "LED_SANG_DICH_PST" "LED_SANG_DICH_PST" 2 46;
 .timescale 0 0;
    .port_info 0 /INPUT 1 "clk";
    .port_info 1 /INPUT 1 "reset";
    .port_info 2 /INPUT 1 "SS";
    .port_info 3 /OUTPUT 8 "LED8";
v0x5e35a5a8d2e0_0 .var "LED8", 7 0;
o0x73897b08e308 .functor BUFZ 1, C4<z>; HiZ drive
v0x5e35a5a8d3e0_0 .net "SS", 0 0, o0x73897b08e308;  0 drivers
o0x73897b08e338 .functor BUFZ 1, C4<z>; HiZ drive
v0x5e35a5a8d4a0_0 .net "clk", 0 0, o0x73897b08e338;  0 drivers
o0x73897b08e368 .functor BUFZ 1, C4<z>; HiZ drive
v0x5e35a5a8d540_0 .net "reset", 0 0, o0x73897b08e368;  0 drivers
E_0x5e35a5a8d260/0 .event edge, v0x5e35a5a8d540_0;
E_0x5e35a5a8d260/1 .event posedge, v0x5e35a5a8d4a0_0;
E_0x5e35a5a8d260 .event/or E_0x5e35a5a8d260/0, E_0x5e35a5a8d260/1;
S_0x5e35a5a5c570 .scope module, "LED_SANG_DICH_PST_repeat" "LED_SANG_DICH_PST_repeat" 2 66;
 .timescale 0 0;
    .port_info 0 /INPUT 1 "clk";
    .port_info 1 /INPUT 1 "reset";
    .port_info 2 /INPUT 1 "SS";
    .port_info 3 /OUTPUT 8 "LED8";
v0x5e35a5a8d730_0 .var "LED8", 7 0;
o0x73897b08e488 .functor BUFZ 1, C4<z>; HiZ drive
v0x5e35a5a8d830_0 .net "SS", 0 0, o0x73897b08e488;  0 drivers
o0x73897b08e4b8 .functor BUFZ 1, C4<z>; HiZ drive
v0x5e35a5a8d8f0_0 .net "clk", 0 0, o0x73897b08e4b8;  0 drivers
o0x73897b08e4e8 .functor BUFZ 1, C4<z>; HiZ drive
v0x5e35a5a8d990_0 .net "reset", 0 0, o0x73897b08e4e8;  0 drivers
E_0x5e35a5a8d6b0/0 .event edge, v0x5e35a5a8d990_0;
E_0x5e35a5a8d6b0/1 .event posedge, v0x5e35a5a8d8f0_0;
E_0x5e35a5a8d6b0 .event/or E_0x5e35a5a8d6b0/0, E_0x5e35a5a8d6b0/1;
S_0x5e35a5a5c7a0 .scope module, "LED_SANG_DICH_TRN" "LED_SANG_DICH_TRN" 2 227;
 .timescale 0 0;
    .port_info 0 /INPUT 1 "clk";
    .port_info 1 /INPUT 1 "reset";
    .port_info 2 /INPUT 1 "SS";
    .port_info 3 /OUTPUT 8 "LED8";
v0x5e35a5a8db80_0 .var "LED8", 7 0;
o0x73897b08e608 .functor BUFZ 1, C4<z>; HiZ drive
v0x5e35a5a8dc80_0 .net "SS", 0 0, o0x73897b08e608;  0 drivers
o0x73897b08e638 .functor BUFZ 1, C4<z>; HiZ drive
v0x5e35a5a8dd40_0 .net "clk", 0 0, o0x73897b08e638;  0 drivers
o0x73897b08e668 .functor BUFZ 1, C4<z>; HiZ drive
v0x5e35a5a8dde0_0 .net "reset", 0 0, o0x73897b08e668;  0 drivers
E_0x5e35a5a8db00/0 .event edge, v0x5e35a5a8dde0_0;
E_0x5e35a5a8db00/1 .event posedge, v0x5e35a5a8dd40_0;
E_0x5e35a5a8db00 .event/or E_0x5e35a5a8db00/0, E_0x5e35a5a8db00/1;
S_0x5e35a5a3a160 .scope module, "LED_SANG_DICH_TRN_NVT_repeat" "LED_SANG_DICH_TRN_NVT_repeat" 2 394;
 .timescale 0 0;
    .port_info 0 /INPUT 1 "MODE";
    .port_info 1 /INPUT 1 "clk";
    .port_info 2 /INPUT 1 "reset";
    .port_info 3 /INPUT 1 "SS";
    .port_info 4 /OUTPUT 8 "LED8";
v0x5e35a5a8dfd0_0 .var "LED8", 7 0;
o0x73897b08e788 .functor BUFZ 1, C4<z>; HiZ drive
v0x5e35a5a8e0d0_0 .net "MODE", 0 0, o0x73897b08e788;  0 drivers
o0x73897b08e7b8 .functor BUFZ 1, C4<z>; HiZ drive
v0x5e35a5a8e190_0 .net "SS", 0 0, o0x73897b08e7b8;  0 drivers
o0x73897b08e7e8 .functor BUFZ 1, C4<z>; HiZ drive
v0x5e35a5a8e230_0 .net "clk", 0 0, o0x73897b08e7e8;  0 drivers
o0x73897b08e818 .functor BUFZ 1, C4<z>; HiZ drive
v0x5e35a5a8e2f0_0 .net "reset", 0 0, o0x73897b08e818;  0 drivers
E_0x5e35a5a8df50/0 .event edge, v0x5e35a5a8e2f0_0;
E_0x5e35a5a8df50/1 .event posedge, v0x5e35a5a8e230_0;
E_0x5e35a5a8df50 .event/or E_0x5e35a5a8df50/0, E_0x5e35a5a8df50/1;
S_0x5e35a5a3a320 .scope module, "LED_SANG_DICH_TRN_repeat" "LED_SANG_DICH_TRN_repeat" 2 247;
 .timescale 0 0;
    .port_info 0 /INPUT 1 "clk";
    .port_info 1 /INPUT 1 "reset";
    .port_info 2 /INPUT 1 "SS";
    .port_info 3 /OUTPUT 8 "LED8";
v0x5e35a5a8e520_0 .var "LED8", 7 0;
o0x73897b08e968 .functor BUFZ 1, C4<z>; HiZ drive
v0x5e35a5a8e620_0 .net "SS", 0 0, o0x73897b08e968;  0 drivers
o0x73897b08e998 .functor BUFZ 1, C4<z>; HiZ drive
v0x5e35a5a8e6e0_0 .net "clk", 0 0, o0x73897b08e998;  0 drivers
o0x73897b08e9c8 .functor BUFZ 1, C4<z>; HiZ drive
v0x5e35a5a8e780_0 .net "reset", 0 0, o0x73897b08e9c8;  0 drivers
E_0x5e35a5a8e4a0/0 .event edge, v0x5e35a5a8e780_0;
E_0x5e35a5a8e4a0/1 .event posedge, v0x5e35a5a8e6e0_0;
E_0x5e35a5a8e4a0 .event/or E_0x5e35a5a8e4a0/0, E_0x5e35a5a8e4a0/1;
S_0x5e35a5a3c400 .scope module, "LED_SANG_DICH_TSP" "LED_SANG_DICH_TSP" 2 3;
 .timescale 0 0;
    .port_info 0 /INPUT 1 "clk";
    .port_info 1 /INPUT 1 "reset";
    .port_info 2 /INPUT 1 "SS";
    .port_info 3 /OUTPUT 8 "LED8";
v0x5e35a5a8e970_0 .var "LED8", 7 0;
o0x73897b08eae8 .functor BUFZ 1, C4<z>; HiZ drive
v0x5e35a5a8ea70_0 .net "SS", 0 0, o0x73897b08eae8;  0 drivers
o0x73897b08eb18 .functor BUFZ 1, C4<z>; HiZ drive
v0x5e35a5a8eb30_0 .net "clk", 0 0, o0x73897b08eb18;  0 drivers
o0x73897b08eb48 .functor BUFZ 1, C4<z>; HiZ drive
v0x5e35a5a8ebd0_0 .net "reset", 0 0, o0x73897b08eb48;  0 drivers
E_0x5e35a5a8e8f0/0 .event edge, v0x5e35a5a8ebd0_0;
E_0x5e35a5a8e8f0/1 .event posedge, v0x5e35a5a8eb30_0;
E_0x5e35a5a8e8f0 .event/or E_0x5e35a5a8e8f0/0, E_0x5e35a5a8e8f0/1;
S_0x5e35a5a4f530 .scope module, "LED_SANG_DICH_TSP_repeat" "LED_SANG_DICH_TSP_repeat" 2 23;
 .timescale 0 0;
    .port_info 0 /INPUT 1 "clk";
    .port_info 1 /INPUT 1 "reset";
    .port_info 2 /INPUT 1 "SS";
    .port_info 3 /OUTPUT 8 "LED8";
v0x5e35a5a8edc0_0 .var "LED8", 7 0;
o0x73897b08ec68 .functor BUFZ 1, C4<z>; HiZ drive
v0x5e35a5a8eec0_0 .net "SS", 0 0, o0x73897b08ec68;  0 drivers
o0x73897b08ec98 .functor BUFZ 1, C4<z>; HiZ drive
v0x5e35a5a8ef80_0 .net "clk", 0 0, o0x73897b08ec98;  0 drivers
o0x73897b08ecc8 .functor BUFZ 1, C4<z>; HiZ drive
v0x5e35a5a8f020_0 .net "reset", 0 0, o0x73897b08ecc8;  0 drivers
E_0x5e35a5a8ed40/0 .event edge, v0x5e35a5a8f020_0;
E_0x5e35a5a8ed40/1 .event posedge, v0x5e35a5a8ef80_0;
E_0x5e35a5a8ed40 .event/or E_0x5e35a5a8ed40/0, E_0x5e35a5a8ed40/1;
S_0x5e35a5a4f760 .scope module, "LED_SANG_DICH_repeat" "LED_SANG_DICH_repeat" 2 92;
 .timescale 0 0;
    .port_info 0 /INPUT 1 "MODE";
    .port_info 1 /INPUT 1 "clk";
    .port_info 2 /INPUT 1 "reset";
    .port_info 3 /INPUT 1 "SS";
    .port_info 4 /OUTPUT 8 "LED8";
v0x5e35a5a8f210_0 .var "LED8", 7 0;
o0x73897b08ede8 .functor BUFZ 1, C4<z>; HiZ drive
v0x5e35a5a8f310_0 .net "MODE", 0 0, o0x73897b08ede8;  0 drivers
o0x73897b08ee18 .functor BUFZ 1, C4<z>; HiZ drive
v0x5e35a5a8f3d0_0 .net "SS", 0 0, o0x73897b08ee18;  0 drivers
o0x73897b08ee48 .functor BUFZ 1, C4<z>; HiZ drive
v0x5e35a5a8f470_0 .net "clk", 0 0, o0x73897b08ee48;  0 drivers
o0x73897b08ee78 .functor BUFZ 1, C4<z>; HiZ drive
v0x5e35a5a8f530_0 .net "reset", 0 0, o0x73897b08ee78;  0 drivers
E_0x5e35a5a8f190/0 .event edge, v0x5e35a5a8f530_0;
E_0x5e35a5a8f190/1 .event posedge, v0x5e35a5a8f470_0;
E_0x5e35a5a8f190 .event/or E_0x5e35a5a8f190/0, E_0x5e35a5a8f190/1;
    .scope S_0x5e35a5a1b1b0;
T_0 ;
    %wait E_0x5e35a5a54900;
    %load/vec4 v0x5e35a5a8a110_0;
    %pad/u 32;
    %cmpi/e 1, 0, 32;
    %jmp/0xz  T_0.0, 4;
    %pushi/vec4 0, 0, 8;
    %store/vec4 v0x5e35a5a4f920_0, 0, 8;
    %jmp T_0.1;
T_0.0 ;
    %load/vec4 v0x5e35a5a89f80_0;
    %pad/u 32;
    %cmpi/e 1, 0, 32;
    %jmp/0xz  T_0.2, 4;
    %load/vec4 v0x5e35a5a4f920_0;
    %parti/s 4, 4, 4;
    %ix/load 4, 1, 0;
    %flag_set/imm 4, 0;
    %shiftr 4;
    %load/vec4 v0x5e35a5a4f920_0;
    %parti/s 4, 0, 2;
    %ix/load 4, 1, 0;
    %flag_set/imm 4, 0;
    %shiftl 4;
    %concat/vec4; draw_concat_vec4
    %addi 129, 0, 8;
    %store/vec4 v0x5e35a5a4f920_0, 0, 8;
    %jmp T_0.3;
T_0.2 ;
    %load/vec4 v0x5e35a5a4f920_0;
    %store/vec4 v0x5e35a5a4f920_0, 0, 8;
T_0.3 ;
T_0.1 ;
    %jmp T_0;
    .thread T_0;
    .scope S_0x5e35a5a567f0;
T_1 ;
    %wait E_0x5e35a5a54b60;
    %load/vec4 v0x5e35a5a8a520_0;
    %pad/u 32;
    %cmpi/e 1, 0, 32;
    %jmp/0xz  T_1.0, 4;
    %pushi/vec4 0, 0, 8;
    %store/vec4 v0x5e35a5a8a2c0_0, 0, 8;
    %jmp T_1.1;
T_1.0 ;
    %load/vec4 v0x5e35a5a8a3c0_0;
    %pad/u 32;
    %cmpi/e 1, 0, 32;
    %jmp/0xz  T_1.2, 4;
    %load/vec4 v0x5e35a5a8a2c0_0;
    %cmpi/e 255, 0, 8;
    %flag_mov 8, 4;
    %jmp/0 T_1.4, 8;
    %pushi/vec4 0, 0, 8;
    %jmp/1 T_1.5, 8;
T_1.4 ; End of true expr.
    %load/vec4 v0x5e35a5a8a2c0_0;
    %parti/s 4, 4, 4;
    %ix/load 4, 1, 0;
    %flag_set/imm 4, 0;
    %shiftr 4;
    %load/vec4 v0x5e35a5a8a2c0_0;
    %parti/s 4, 0, 2;
    %ix/load 4, 1, 0;
    %flag_set/imm 4, 0;
    %shiftl 4;
    %concat/vec4; draw_concat_vec4
    %addi 129, 0, 8;
    %jmp/0 T_1.5, 8;
 ; End of false expr.
    %blend;
T_1.5;
    %store/vec4 v0x5e35a5a8a2c0_0, 0, 8;
    %jmp T_1.3;
T_1.2 ;
    %load/vec4 v0x5e35a5a8a2c0_0;
    %store/vec4 v0x5e35a5a8a2c0_0, 0, 8;
T_1.3 ;
T_1.1 ;
    %jmp T_1;
    .thread T_1;
    .scope S_0x5e35a5a569f0;
T_2 ;
    %wait E_0x5e35a5a1ae30;
    %load/vec4 v0x5e35a5a8a930_0;
    %pad/u 32;
    %cmpi/e 1, 0, 32;
    %jmp/0xz  T_2.0, 4;
    %pushi/vec4 0, 0, 8;
    %store/vec4 v0x5e35a5a8a6d0_0, 0, 8;
    %jmp T_2.1;
T_2.0 ;
    %load/vec4 v0x5e35a5a8a7d0_0;
    %pad/u 32;
    %cmpi/e 1, 0, 32;
    %jmp/0xz  T_2.2, 4;
    %load/vec4 v0x5e35a5a8a6d0_0;
    %parti/s 4, 4, 4;
    %ix/load 4, 1, 0;
    %flag_set/imm 4, 0;
    %shiftl 4;
    %load/vec4 v0x5e35a5a8a6d0_0;
    %parti/s 4, 0, 2;
    %ix/load 4, 1, 0;
    %flag_set/imm 4, 0;
    %shiftr 4;
    %concat/vec4; draw_concat_vec4
    %addi 24, 0, 8;
    %store/vec4 v0x5e35a5a8a6d0_0, 0, 8;
    %jmp T_2.3;
T_2.2 ;
    %load/vec4 v0x5e35a5a8a6d0_0;
    %store/vec4 v0x5e35a5a8a6d0_0, 0, 8;
T_2.3 ;
T_2.1 ;
    %jmp T_2;
    .thread T_2;
    .scope S_0x5e35a5a4a6f0;
T_3 ;
    %wait E_0x5e35a5a6ee70;
    %load/vec4 v0x5e35a5a8ad40_0;
    %pad/u 32;
    %cmpi/e 1, 0, 32;
    %jmp/0xz  T_3.0, 4;
    %pushi/vec4 0, 0, 8;
    %store/vec4 v0x5e35a5a8aae0_0, 0, 8;
    %jmp T_3.1;
T_3.0 ;
    %load/vec4 v0x5e35a5a8abe0_0;
    %pad/u 32;
    %cmpi/e 1, 0, 32;
    %jmp/0xz  T_3.2, 4;
    %load/vec4 v0x5e35a5a8aae0_0;
    %cmpi/e 255, 0, 8;
    %flag_mov 8, 4;
    %jmp/0 T_3.4, 8;
    %pushi/vec4 0, 0, 8;
    %jmp/1 T_3.5, 8;
T_3.4 ; End of true expr.
    %load/vec4 v0x5e35a5a8aae0_0;
    %parti/s 4, 4, 4;
    %ix/load 4, 1, 0;
    %flag_set/imm 4, 0;
    %shiftl 4;
    %load/vec4 v0x5e35a5a8aae0_0;
    %parti/s 4, 0, 2;
    %ix/load 4, 1, 0;
    %flag_set/imm 4, 0;
    %shiftr 4;
    %concat/vec4; draw_concat_vec4
    %addi 24, 0, 8;
    %jmp/0 T_3.5, 8;
 ; End of false expr.
    %blend;
T_3.5;
    %store/vec4 v0x5e35a5a8aae0_0, 0, 8;
    %jmp T_3.3;
T_3.2 ;
    %load/vec4 v0x5e35a5a8aae0_0;
    %store/vec4 v0x5e35a5a8aae0_0, 0, 8;
T_3.3 ;
T_3.1 ;
    %jmp T_3;
    .thread T_3;
    .scope S_0x5e35a5a4a8f0;
T_4 ;
    %wait E_0x5e35a5a6f080;
    %load/vec4 v0x5e35a5a8b210_0;
    %pad/u 32;
    %cmpi/e 1, 0, 32;
    %jmp/0xz  T_4.0, 4;
    %pushi/vec4 0, 0, 8;
    %store/vec4 v0x5e35a5a8aef0_0, 0, 8;
    %jmp T_4.1;
T_4.0 ;
    %load/vec4 v0x5e35a5a8b0b0_0;
    %pad/u 32;
    %cmpi/e 1, 0, 32;
    %jmp/0xz  T_4.2, 4;
    %load/vec4 v0x5e35a5a8aff0_0;
    %pad/u 32;
    %cmpi/e 1, 0, 32;
    %jmp/0xz  T_4.4, 4;
    %load/vec4 v0x5e35a5a8aef0_0;
    %cmpi/e 255, 0, 8;
    %flag_mov 8, 4;
    %jmp/0 T_4.6, 8;
    %pushi/vec4 128, 0, 8;
    %jmp/1 T_4.7, 8;
T_4.6 ; End of true expr.
    %load/vec4 v0x5e35a5a8aef0_0;
    %ix/load 4, 1, 0;
    %flag_set/imm 4, 0;
    %shiftr 4;
    %addi 128, 0, 8;
    %jmp/0 T_4.7, 8;
 ; End of false expr.
    %blend;
T_4.7;
    %store/vec4 v0x5e35a5a8aef0_0, 0, 8;
    %jmp T_4.5;
T_4.4 ;
    %load/vec4 v0x5e35a5a8aef0_0;
    %cmpi/e 255, 0, 8;
    %flag_mov 8, 4;
    %jmp/0 T_4.8, 8;
    %pushi/vec4 128, 0, 8;
    %jmp/1 T_4.9, 8;
T_4.8 ; End of true expr.
    %load/vec4 v0x5e35a5a8aef0_0;
    %ix/load 4, 1, 0;
    %flag_set/imm 4, 0;
    %shiftl 4;
    %addi 1, 0, 8;
    %jmp/0 T_4.9, 8;
 ; End of false expr.
    %blend;
T_4.9;
    %store/vec4 v0x5e35a5a8aef0_0, 0, 8;
T_4.5 ;
    %jmp T_4.3;
T_4.2 ;
    %load/vec4 v0x5e35a5a8aef0_0;
    %store/vec4 v0x5e35a5a8aef0_0, 0, 8;
T_4.3 ;
T_4.1 ;
    %jmp T_4;
    .thread T_4;
    .scope S_0x5e35a5a4cce0;
T_5 ;
    %wait E_0x5e35a5a6f0c0;
    %load/vec4 v0x5e35a5a8b610_0;
    %pad/u 32;
    %cmpi/e 1, 0, 32;
    %jmp/0xz  T_5.0, 4;
    %pushi/vec4 0, 0, 8;
    %store/vec4 v0x5e35a5a8b3b0_0, 0, 8;
    %jmp T_5.1;
T_5.0 ;
    %load/vec4 v0x5e35a5a8b4b0_0;
    %pad/u 32;
    %cmpi/e 1, 0, 32;
    %jmp/0xz  T_5.2, 4;
    %load/vec4 v0x5e35a5a8b3b0_0;
    %ix/load 4, 1, 0;
    %flag_set/imm 4, 0;
    %shiftl 4;
    %addi 1, 0, 8;
    %store/vec4 v0x5e35a5a8b3b0_0, 0, 8;
    %jmp T_5.3;
T_5.2 ;
    %load/vec4 v0x5e35a5a8b3b0_0;
    %store/vec4 v0x5e35a5a8b3b0_0, 0, 8;
T_5.3 ;
T_5.1 ;
    %jmp T_5;
    .thread T_5;
    .scope S_0x5e35a5a4cee0;
T_6 ;
    %wait E_0x5e35a5a8b780;
    %load/vec4 v0x5e35a5a8ba60_0;
    %pad/u 32;
    %cmpi/e 1, 0, 32;
    %jmp/0xz  T_6.0, 4;
    %pushi/vec4 0, 0, 8;
    %store/vec4 v0x5e35a5a8b800_0, 0, 8;
    %jmp T_6.1;
T_6.0 ;
    %load/vec4 v0x5e35a5a8b900_0;
    %pad/u 32;
    %cmpi/e 1, 0, 32;
    %jmp/0xz  T_6.2, 4;
    %load/vec4 v0x5e35a5a8b800_0;
    %cmpi/e 255, 0, 8;
    %flag_mov 8, 4;
    %jmp/0 T_6.4, 8;
    %pushi/vec4 0, 0, 8;
    %jmp/1 T_6.5, 8;
T_6.4 ; End of true expr.
    %load/vec4 v0x5e35a5a8b800_0;
    %ix/load 4, 1, 0;
    %flag_set/imm 4, 0;
    %shiftl 4;
    %addi 1, 0, 8;
    %jmp/0 T_6.5, 8;
 ; End of false expr.
    %blend;
T_6.5;
    %store/vec4 v0x5e35a5a8b800_0, 0, 8;
    %jmp T_6.3;
T_6.2 ;
    %load/vec4 v0x5e35a5a8b800_0;
    %store/vec4 v0x5e35a5a8b800_0, 0, 8;
T_6.3 ;
T_6.1 ;
    %jmp T_6;
    .thread T_6;
    .scope S_0x5e35a5a42c40;
T_7 ;
    %wait E_0x5e35a5a8bbd0;
    %load/vec4 v0x5e35a5a8bf70_0;
    %pad/u 32;
    %cmpi/e 1, 0, 32;
    %jmp/0xz  T_7.0, 4;
    %pushi/vec4 0, 0, 8;
    %store/vec4 v0x5e35a5a8bc50_0, 0, 8;
    %jmp T_7.1;
T_7.0 ;
    %load/vec4 v0x5e35a5a8be10_0;
    %pad/u 32;
    %cmpi/e 1, 0, 32;
    %jmp/0xz  T_7.2, 4;
    %load/vec4 v0x5e35a5a8bd50_0;
    %pad/u 32;
    %cmpi/e 1, 0, 32;
    %jmp/0xz  T_7.4, 4;
    %load/vec4 v0x5e35a5a8bc50_0;
    %cmpi/e 0, 0, 8;
    %flag_mov 8, 4;
    %jmp/0 T_7.6, 8;
    %pushi/vec4 24, 0, 8;
    %jmp/1 T_7.7, 8;
T_7.6 ; End of true expr.
    %load/vec4 v0x5e35a5a8bc50_0;
    %parti/s 4, 4, 4;
    %ix/load 4, 1, 0;
    %flag_set/imm 4, 0;
    %shiftl 4;
    %load/vec4 v0x5e35a5a8bc50_0;
    %parti/s 4, 0, 2;
    %ix/load 4, 1, 0;
    %flag_set/imm 4, 0;
    %shiftr 4;
    %concat/vec4; draw_concat_vec4
    %addi 24, 0, 8;
    %jmp/0 T_7.7, 8;
 ; End of false expr.
    %blend;
T_7.7;
    %store/vec4 v0x5e35a5a8bc50_0, 0, 8;
    %jmp T_7.5;
T_7.4 ;
    %load/vec4 v0x5e35a5a8bc50_0;
    %cmpi/e 0, 0, 8;
    %flag_mov 8, 4;
    %jmp/0 T_7.8, 8;
    %pushi/vec4 129, 0, 8;
    %jmp/1 T_7.9, 8;
T_7.8 ; End of true expr.
    %load/vec4 v0x5e35a5a8bc50_0;
    %parti/s 4, 4, 4;
    %ix/load 4, 1, 0;
    %flag_set/imm 4, 0;
    %shiftr 4;
    %load/vec4 v0x5e35a5a8bc50_0;
    %parti/s 4, 0, 2;
    %ix/load 4, 1, 0;
    %flag_set/imm 4, 0;
    %shiftl 4;
    %concat/vec4; draw_concat_vec4
    %addi 24, 0, 8;
    %jmp/0 T_7.9, 8;
 ; End of false expr.
    %blend;
T_7.9;
    %store/vec4 v0x5e35a5a8bc50_0, 0, 8;
T_7.5 ;
    %jmp T_7.3;
T_7.2 ;
    %load/vec4 v0x5e35a5a8bc50_0;
    %store/vec4 v0x5e35a5a8bc50_0, 0, 8;
T_7.3 ;
T_7.1 ;
    %jmp T_7;
    .thread T_7;
    .scope S_0x5e35a5a42e00;
T_8 ;
    %wait E_0x5e35a5a8c120;
    %load/vec4 v0x5e35a5a8c400_0;
    %pad/u 32;
    %cmpi/e 1, 0, 32;
    %jmp/0xz  T_8.0, 4;
    %pushi/vec4 0, 0, 8;
    %store/vec4 v0x5e35a5a8c1a0_0, 0, 8;
    %jmp T_8.1;
T_8.0 ;
    %load/vec4 v0x5e35a5a8c2a0_0;
    %pad/u 32;
    %cmpi/e 1, 0, 32;
    %jmp/0xz  T_8.2, 4;
    %load/vec4 v0x5e35a5a8c1a0_0;
    %ix/load 4, 1, 0;
    %flag_set/imm 4, 0;
    %shiftr 4;
    %addi 128, 0, 8;
    %store/vec4 v0x5e35a5a8c1a0_0, 0, 8;
    %jmp T_8.3;
T_8.2 ;
    %load/vec4 v0x5e35a5a8c1a0_0;
    %store/vec4 v0x5e35a5a8c1a0_0, 0, 8;
T_8.3 ;
T_8.1 ;
    %jmp T_8;
    .thread T_8;
    .scope S_0x5e35a5a3e6d0;
T_9 ;
    %wait E_0x5e35a5a8c570;
    %load/vec4 v0x5e35a5a8c850_0;
    %pad/u 32;
    %cmpi/e 1, 0, 32;
    %jmp/0xz  T_9.0, 4;
    %pushi/vec4 0, 0, 8;
    %store/vec4 v0x5e35a5a8c5f0_0, 0, 8;
    %jmp T_9.1;
T_9.0 ;
    %load/vec4 v0x5e35a5a8c6f0_0;
    %pad/u 32;
    %cmpi/e 1, 0, 32;
    %jmp/0xz  T_9.2, 4;
    %load/vec4 v0x5e35a5a8c5f0_0;
    %cmpi/e 255, 0, 8;
    %flag_mov 8, 4;
    %jmp/0 T_9.4, 8;
    %pushi/vec4 0, 0, 32;
    %jmp/1 T_9.5, 8;
T_9.4 ; End of true expr.
    %load/vec4 v0x5e35a5a8c5f0_0;
    %pad/u 32;
    %ix/load 4, 1, 0;
    %flag_set/imm 4, 0;
    %shiftr 4;
    %addi 128, 0, 32;
    %jmp/0 T_9.5, 8;
 ; End of false expr.
    %blend;
T_9.5;
    %pad/u 8;
    %store/vec4 v0x5e35a5a8c5f0_0, 0, 8;
    %jmp T_9.3;
T_9.2 ;
    %load/vec4 v0x5e35a5a8c5f0_0;
    %store/vec4 v0x5e35a5a8c5f0_0, 0, 8;
T_9.3 ;
T_9.1 ;
    %jmp T_9;
    .thread T_9;
    .scope S_0x5e35a5a3e900;
T_10 ;
    %wait E_0x5e35a5a8c9c0;
    %load/vec4 v0x5e35a5a8cca0_0;
    %pad/u 32;
    %cmpi/e 1, 0, 32;
    %jmp/0xz  T_10.0, 4;
    %pushi/vec4 129, 0, 8;
    %store/vec4 v0x5e35a5a8ca40_0, 0, 8;
    %jmp T_10.1;
T_10.0 ;
    %load/vec4 v0x5e35a5a8cb40_0;
    %pad/u 32;
    %cmpi/e 1, 0, 32;
    %jmp/0xz  T_10.2, 4;
    %load/vec4 v0x5e35a5a8ca40_0;
    %parti/s 4, 4, 4;
    %ix/load 4, 1, 0;
    %flag_set/imm 4, 0;
    %shiftr 4;
    %load/vec4 v0x5e35a5a8ca40_0;
    %parti/s 4, 0, 2;
    %ix/load 4, 1, 0;
    %flag_set/imm 4, 0;
    %shiftr 4;
    %concat/vec4; draw_concat_vec4
    %store/vec4 v0x5e35a5a8ca40_0, 0, 8;
    %jmp T_10.3;
T_10.2 ;
    %load/vec4 v0x5e35a5a8ca40_0;
    %store/vec4 v0x5e35a5a8ca40_0, 0, 8;
T_10.3 ;
T_10.1 ;
    %jmp T_10;
    .thread T_10;
    .scope S_0x5e35a5a40860;
T_11 ;
    %wait E_0x5e35a5a8ce10;
    %load/vec4 v0x5e35a5a8d0f0_0;
    %pad/u 32;
    %cmpi/e 1, 0, 32;
    %jmp/0xz  T_11.0, 4;
    %pushi/vec4 0, 0, 8;
    %store/vec4 v0x5e35a5a8ce90_0, 0, 8;
    %jmp T_11.1;
T_11.0 ;
    %load/vec4 v0x5e35a5a8cf90_0;
    %pad/u 32;
    %cmpi/e 1, 0, 32;
    %jmp/0xz  T_11.2, 4;
    %load/vec4 v0x5e35a5a8ce90_0;
    %cmpi/e 0, 0, 8;
    %flag_mov 8, 4;
    %jmp/0 T_11.4, 8;
    %pushi/vec4 129, 0, 8;
    %jmp/1 T_11.5, 8;
T_11.4 ; End of true expr.
    %load/vec4 v0x5e35a5a8ce90_0;
    %parti/s 4, 4, 4;
    %ix/load 4, 1, 0;
    %flag_set/imm 4, 0;
    %shiftr 4;
    %load/vec4 v0x5e35a5a8ce90_0;
    %parti/s 4, 0, 2;
    %ix/load 4, 1, 0;
    %flag_set/imm 4, 0;
    %shiftl 4;
    %concat/vec4; draw_concat_vec4
    %jmp/0 T_11.5, 8;
 ; End of false expr.
    %blend;
T_11.5;
    %store/vec4 v0x5e35a5a8ce90_0, 0, 8;
    %jmp T_11.3;
T_11.2 ;
    %load/vec4 v0x5e35a5a8ce90_0;
    %store/vec4 v0x5e35a5a8ce90_0, 0, 8;
T_11.3 ;
T_11.1 ;
    %jmp T_11;
    .thread T_11;
    .scope S_0x5e35a5a40a90;
T_12 ;
    %wait E_0x5e35a5a8d260;
    %load/vec4 v0x5e35a5a8d540_0;
    %pad/u 32;
    %cmpi/e 1, 0, 32;
    %jmp/0xz  T_12.0, 4;
    %pushi/vec4 1, 0, 8;
    %store/vec4 v0x5e35a5a8d2e0_0, 0, 8;
    %jmp T_12.1;
T_12.0 ;
    %load/vec4 v0x5e35a5a8d3e0_0;
    %pad/u 32;
    %cmpi/e 1, 0, 32;
    %jmp/0xz  T_12.2, 4;
    %load/vec4 v0x5e35a5a8d2e0_0;
    %ix/load 4, 1, 0;
    %flag_set/imm 4, 0;
    %shiftl 4;
    %store/vec4 v0x5e35a5a8d2e0_0, 0, 8;
    %jmp T_12.3;
T_12.2 ;
    %load/vec4 v0x5e35a5a8d2e0_0;
    %store/vec4 v0x5e35a5a8d2e0_0, 0, 8;
T_12.3 ;
T_12.1 ;
    %jmp T_12;
    .thread T_12;
    .scope S_0x5e35a5a5c570;
T_13 ;
    %wait E_0x5e35a5a8d6b0;
    %load/vec4 v0x5e35a5a8d990_0;
    %pad/u 32;
    %cmpi/e 1, 0, 32;
    %jmp/0xz  T_13.0, 4;
    %pushi/vec4 1, 0, 8;
    %store/vec4 v0x5e35a5a8d730_0, 0, 8;
    %jmp T_13.1;
T_13.0 ;
    %load/vec4 v0x5e35a5a8d830_0;
    %pad/u 32;
    %cmpi/e 1, 0, 32;
    %jmp/0xz  T_13.2, 4;
    %load/vec4 v0x5e35a5a8d730_0;
    %cmpi/e 0, 0, 8;
    %jmp/0xz  T_13.4, 4;
    %pushi/vec4 1, 0, 8;
    %store/vec4 v0x5e35a5a8d730_0, 0, 8;
    %jmp T_13.5;
T_13.4 ;
    %load/vec4 v0x5e35a5a8d730_0;
    %ix/load 4, 1, 0;
    %flag_set/imm 4, 0;
    %shiftl 4;
    %store/vec4 v0x5e35a5a8d730_0, 0, 8;
T_13.5 ;
    %jmp T_13.3;
T_13.2 ;
    %load/vec4 v0x5e35a5a8d730_0;
    %store/vec4 v0x5e35a5a8d730_0, 0, 8;
T_13.3 ;
T_13.1 ;
    %jmp T_13;
    .thread T_13;
    .scope S_0x5e35a5a5c7a0;
T_14 ;
    %wait E_0x5e35a5a8db00;
    %load/vec4 v0x5e35a5a8dde0_0;
    %pad/u 32;
    %cmpi/e 1, 0, 32;
    %jmp/0xz  T_14.0, 4;
    %pushi/vec4 24, 0, 8;
    %store/vec4 v0x5e35a5a8db80_0, 0, 8;
    %jmp T_14.1;
T_14.0 ;
    %load/vec4 v0x5e35a5a8dc80_0;
    %pad/u 32;
    %cmpi/e 1, 0, 32;
    %jmp/0xz  T_14.2, 4;
    %load/vec4 v0x5e35a5a8db80_0;
    %parti/s 4, 4, 4;
    %ix/load 4, 1, 0;
    %flag_set/imm 4, 0;
    %shiftl 4;
    %load/vec4 v0x5e35a5a8db80_0;
    %parti/s 4, 0, 2;
    %ix/load 4, 1, 0;
    %flag_set/imm 4, 0;
    %shiftr 4;
    %concat/vec4; draw_concat_vec4
    %store/vec4 v0x5e35a5a8db80_0, 0, 8;
    %jmp T_14.3;
T_14.2 ;
    %load/vec4 v0x5e35a5a8db80_0;
    %store/vec4 v0x5e35a5a8db80_0, 0, 8;
T_14.3 ;
T_14.1 ;
    %jmp T_14;
    .thread T_14;
    .scope S_0x5e35a5a3a160;
T_15 ;
    %wait E_0x5e35a5a8df50;
    %load/vec4 v0x5e35a5a8e2f0_0;
    %pad/u 32;
    %cmpi/e 1, 0, 32;
    %jmp/0xz  T_15.0, 4;
    %pushi/vec4 1, 0, 8;
    %store/vec4 v0x5e35a5a8dfd0_0, 0, 8;
    %jmp T_15.1;
T_15.0 ;
    %load/vec4 v0x5e35a5a8e190_0;
    %pad/u 32;
    %cmpi/e 1, 0, 32;
    %jmp/0xz  T_15.2, 4;
    %load/vec4 v0x5e35a5a8e0d0_0;
    %pad/u 32;
    %cmpi/e 1, 0, 32;
    %jmp/0xz  T_15.4, 4;
    %load/vec4 v0x5e35a5a8dfd0_0;
    %cmpi/e 0, 0, 8;
    %flag_mov 8, 4;
    %jmp/0 T_15.6, 8;
    %pushi/vec4 24, 0, 8;
    %jmp/1 T_15.7, 8;
T_15.6 ; End of true expr.
    %load/vec4 v0x5e35a5a8dfd0_0;
    %parti/s 4, 4, 4;
    %ix/load 4, 1, 0;
    %flag_set/imm 4, 0;
    %shiftl 4;
    %load/vec4 v0x5e35a5a8dfd0_0;
    %parti/s 4, 0, 2;
    %ix/load 4, 1, 0;
    %flag_set/imm 4, 0;
    %shiftr 4;
    %concat/vec4; draw_concat_vec4
    %jmp/0 T_15.7, 8;
 ; End of false expr.
    %blend;
T_15.7;
    %store/vec4 v0x5e35a5a8dfd0_0, 0, 8;
    %jmp T_15.5;
T_15.4 ;
    %load/vec4 v0x5e35a5a8dfd0_0;
    %cmpi/e 0, 0, 8;
    %flag_mov 8, 4;
    %jmp/0 T_15.8, 8;
    %pushi/vec4 129, 0, 8;
    %jmp/1 T_15.9, 8;
T_15.8 ; End of true expr.
    %load/vec4 v0x5e35a5a8dfd0_0;
    %parti/s 4, 4, 4;
    %ix/load 4, 1, 0;
    %flag_set/imm 4, 0;
    %shiftr 4;
    %load/vec4 v0x5e35a5a8dfd0_0;
    %parti/s 4, 0, 2;
    %ix/load 4, 1, 0;
    %flag_set/imm 4, 0;
    %shiftl 4;
    %concat/vec4; draw_concat_vec4
    %jmp/0 T_15.9, 8;
 ; End of false expr.
    %blend;
T_15.9;
    %store/vec4 v0x5e35a5a8dfd0_0, 0, 8;
T_15.5 ;
    %jmp T_15.3;
T_15.2 ;
    %load/vec4 v0x5e35a5a8dfd0_0;
    %store/vec4 v0x5e35a5a8dfd0_0, 0, 8;
T_15.3 ;
T_15.1 ;
    %jmp T_15;
    .thread T_15;
    .scope S_0x5e35a5a3a320;
T_16 ;
    %wait E_0x5e35a5a8e4a0;
    %load/vec4 v0x5e35a5a8e780_0;
    %pad/u 32;
    %cmpi/e 1, 0, 32;
    %jmp/0xz  T_16.0, 4;
    %pushi/vec4 0, 0, 8;
    %store/vec4 v0x5e35a5a8e520_0, 0, 8;
    %jmp T_16.1;
T_16.0 ;
    %load/vec4 v0x5e35a5a8e620_0;
    %pad/u 32;
    %cmpi/e 1, 0, 32;
    %jmp/0xz  T_16.2, 4;
    %load/vec4 v0x5e35a5a8e520_0;
    %cmpi/e 0, 0, 8;
    %flag_mov 8, 4;
    %jmp/0 T_16.4, 8;
    %pushi/vec4 24, 0, 8;
    %jmp/1 T_16.5, 8;
T_16.4 ; End of true expr.
    %load/vec4 v0x5e35a5a8e520_0;
    %parti/s 4, 4, 4;
    %ix/load 4, 1, 0;
    %flag_set/imm 4, 0;
    %shiftl 4;
    %load/vec4 v0x5e35a5a8e520_0;
    %parti/s 4, 0, 2;
    %ix/load 4, 1, 0;
    %flag_set/imm 4, 0;
    %shiftr 4;
    %concat/vec4; draw_concat_vec4
    %jmp/0 T_16.5, 8;
 ; End of false expr.
    %blend;
T_16.5;
    %store/vec4 v0x5e35a5a8e520_0, 0, 8;
    %jmp T_16.3;
T_16.2 ;
    %load/vec4 v0x5e35a5a8e520_0;
    %store/vec4 v0x5e35a5a8e520_0, 0, 8;
T_16.3 ;
T_16.1 ;
    %jmp T_16;
    .thread T_16;
    .scope S_0x5e35a5a3c400;
T_17 ;
    %wait E_0x5e35a5a8e8f0;
    %load/vec4 v0x5e35a5a8ebd0_0;
    %pad/u 32;
    %cmpi/e 1, 0, 32;
    %jmp/0xz  T_17.0, 4;
    %pushi/vec4 128, 0, 8;
    %store/vec4 v0x5e35a5a8e970_0, 0, 8;
    %jmp T_17.1;
T_17.0 ;
    %load/vec4 v0x5e35a5a8ea70_0;
    %pad/u 32;
    %cmpi/e 1, 0, 32;
    %jmp/0xz  T_17.2, 4;
    %load/vec4 v0x5e35a5a8e970_0;
    %ix/load 4, 1, 0;
    %flag_set/imm 4, 0;
    %shiftr 4;
    %store/vec4 v0x5e35a5a8e970_0, 0, 8;
    %jmp T_17.3;
T_17.2 ;
    %load/vec4 v0x5e35a5a8e970_0;
    %store/vec4 v0x5e35a5a8e970_0, 0, 8;
T_17.3 ;
T_17.1 ;
    %jmp T_17;
    .thread T_17;
    .scope S_0x5e35a5a4f530;
T_18 ;
    %wait E_0x5e35a5a8ed40;
    %load/vec4 v0x5e35a5a8f020_0;
    %pad/u 32;
    %cmpi/e 1, 0, 32;
    %jmp/0xz  T_18.0, 4;
    %pushi/vec4 128, 0, 8;
    %store/vec4 v0x5e35a5a8edc0_0, 0, 8;
    %jmp T_18.1;
T_18.0 ;
    %load/vec4 v0x5e35a5a8eec0_0;
    %pad/u 32;
    %cmpi/e 1, 0, 32;
    %jmp/0xz  T_18.2, 4;
    %load/vec4 v0x5e35a5a8edc0_0;
    %cmpi/e 0, 0, 8;
    %jmp/0xz  T_18.4, 4;
    %pushi/vec4 128, 0, 8;
    %store/vec4 v0x5e35a5a8edc0_0, 0, 8;
    %jmp T_18.5;
T_18.4 ;
    %load/vec4 v0x5e35a5a8edc0_0;
    %ix/load 4, 1, 0;
    %flag_set/imm 4, 0;
    %shiftr 4;
    %store/vec4 v0x5e35a5a8edc0_0, 0, 8;
T_18.5 ;
    %jmp T_18.3;
T_18.2 ;
    %load/vec4 v0x5e35a5a8edc0_0;
    %store/vec4 v0x5e35a5a8edc0_0, 0, 8;
T_18.3 ;
T_18.1 ;
    %jmp T_18;
    .thread T_18;
    .scope S_0x5e35a5a4f760;
T_19 ;
    %wait E_0x5e35a5a8f190;
    %load/vec4 v0x5e35a5a8f530_0;
    %pad/u 32;
    %cmpi/e 1, 0, 32;
    %jmp/0xz  T_19.0, 4;
    %pushi/vec4 1, 0, 8;
    %store/vec4 v0x5e35a5a8f210_0, 0, 8;
    %jmp T_19.1;
T_19.0 ;
    %load/vec4 v0x5e35a5a8f3d0_0;
    %pad/u 32;
    %cmpi/e 1, 0, 32;
    %jmp/0xz  T_19.2, 4;
    %load/vec4 v0x5e35a5a8f310_0;
    %pad/u 32;
    %cmpi/e 1, 0, 32;
    %jmp/0xz  T_19.4, 4;
    %load/vec4 v0x5e35a5a8f210_0;
    %cmpi/e 0, 0, 8;
    %flag_mov 8, 4;
    %jmp/0 T_19.6, 8;
    %pushi/vec4 128, 0, 8;
    %jmp/1 T_19.7, 8;
T_19.6 ; End of true expr.
    %load/vec4 v0x5e35a5a8f210_0;
    %ix/load 4, 1, 0;
    %flag_set/imm 4, 0;
    %shiftr 4;
    %jmp/0 T_19.7, 8;
 ; End of false expr.
    %blend;
T_19.7;
    %store/vec4 v0x5e35a5a8f210_0, 0, 8;
    %jmp T_19.5;
T_19.4 ;
    %load/vec4 v0x5e35a5a8f210_0;
    %cmpi/e 0, 0, 8;
    %flag_mov 8, 4;
    %jmp/0 T_19.8, 8;
    %pushi/vec4 1, 0, 8;
    %jmp/1 T_19.9, 8;
T_19.8 ; End of true expr.
    %load/vec4 v0x5e35a5a8f210_0;
    %ix/load 4, 1, 0;
    %flag_set/imm 4, 0;
    %shiftl 4;
    %jmp/0 T_19.9, 8;
 ; End of false expr.
    %blend;
T_19.9;
    %store/vec4 v0x5e35a5a8f210_0, 0, 8;
T_19.5 ;
    %jmp T_19.3;
T_19.2 ;
    %load/vec4 v0x5e35a5a8f210_0;
    %store/vec4 v0x5e35a5a8f210_0, 0, 8;
T_19.3 ;
T_19.1 ;
    %jmp T_19;
    .thread T_19;
# The file index is used to find the file name in the following table.
:file_names 3;
    "N/A";
    "<interactive>";
    "LED.v";
