#! /c/Source/iverilog-install/bin/vvp
:ivl_version "12.0 (devel)" "(s20150603-1539-g2693dd32b)";
:ivl_delay_selection "TYPICAL";
:vpi_time_precision + 0;
:vpi_module "C:\iverilog\lib\ivl\system.vpi";
:vpi_module "C:\iverilog\lib\ivl\vhdl_sys.vpi";
:vpi_module "C:\iverilog\lib\ivl\vhdl_textio.vpi";
:vpi_module "C:\iverilog\lib\ivl\v2005_math.vpi";
:vpi_module "C:\iverilog\lib\ivl\va_math.vpi";
S_000001dea5926a70 .scope module, "d_ff" "d_ff" 2 7;
 .timescale 0 0;
    .port_info 0 /OUTPUT 1 "q";
    .port_info 1 /INPUT 1 "d";
    .port_info 2 /INPUT 1 "clock";
    .port_info 3 /INPUT 1 "clear";
    .port_info 4 /INPUT 1 "preset";
o000001dea5976fd8 .functor BUFZ 1, C4<z>; HiZ drive
v000001dea5927010_0 .net "clear", 0 0, o000001dea5976fd8;  0 drivers
o000001dea5977008 .functor BUFZ 1, C4<z>; HiZ drive
v000001dea5926c00_0 .net "clock", 0 0, o000001dea5977008;  0 drivers
o000001dea5977038 .functor BUFZ 1, C4<z>; HiZ drive
v000001dea5926ca0_0 .net "d", 0 0, o000001dea5977038;  0 drivers
o000001dea5977068 .functor BUFZ 1, C4<z>; HiZ drive
v000001dea5926d40_0 .net "preset", 0 0, o000001dea5977068;  0 drivers
v000001dea592ebf0_0 .var "q", 0 0;
E_000001dea592cdf0/0 .event anyedge, v000001dea5926d40_0, v000001dea5927010_0;
E_000001dea592cdf0/1 .event posedge, v000001dea5926c00_0;
E_000001dea592cdf0 .event/or E_000001dea592cdf0/0, E_000001dea592cdf0/1;
    .scope S_000001dea5926a70;
T_0 ;
    %pushi/vec4 0, 0, 1;
    %assign/vec4 v000001dea592ebf0_0, 0;
    %end;
    .thread T_0;
    .scope S_000001dea5926a70;
T_1 ;
    %wait E_000001dea592cdf0;
    %load/vec4 v000001dea5927010_0;
    %pad/u 32;
    %cmpi/e 1, 0, 32;
    %flag_get/vec4 4;
    %jmp/0 T_1.2, 4;
    %load/vec4 v000001dea5926d40_0;
    %pad/u 32;
    %pushi/vec4 1, 0, 32;
    %cmp/e;
    %flag_get/vec4 4;
    %and;
T_1.2;
    %flag_set/vec4 8;
    %jmp/0xz  T_1.0, 8;
    %load/vec4 v000001dea592ebf0_0;
    %assign/vec4 v000001dea592ebf0_0, 0;
    %jmp T_1.1;
T_1.0 ;
    %load/vec4 v000001dea5927010_0;
    %pad/u 32;
    %cmpi/e 1, 0, 32;
    %jmp/0xz  T_1.3, 4;
    %pushi/vec4 0, 0, 1;
    %assign/vec4 v000001dea592ebf0_0, 0;
    %jmp T_1.4;
T_1.3 ;
    %load/vec4 v000001dea5926d40_0;
    %pad/u 32;
    %cmpi/e 1, 0, 32;
    %jmp/0xz  T_1.5, 4;
    %pushi/vec4 1, 0, 1;
    %assign/vec4 v000001dea592ebf0_0, 0;
    %jmp T_1.6;
T_1.5 ;
    %load/vec4 v000001dea5926ca0_0;
    %assign/vec4 v000001dea592ebf0_0, 0;
T_1.6 ;
T_1.4 ;
T_1.1 ;
    %jmp T_1;
    .thread T_1;
# The file index is used to find the file name in the following table.
:file_names 3;
    "N/A";
    "<interactive>";
    "d_ff.v";
