#! /c/Source/iverilog-install/bin/vvp
:ivl_version "12.0 (devel)" "(s20150603-1539-g2693dd32b)";
:ivl_delay_selection "TYPICAL";
:vpi_time_precision + 0;
:vpi_module "C:\iverilog\lib\ivl\system.vpi";
:vpi_module "C:\iverilog\lib\ivl\vhdl_sys.vpi";
:vpi_module "C:\iverilog\lib\ivl\vhdl_textio.vpi";
:vpi_module "C:\iverilog\lib\ivl\v2005_math.vpi";
:vpi_module "C:\iverilog\lib\ivl\va_math.vpi";
S_000001a475641860 .scope module, "sender" "sender" 2 23;
 .timescale 0 0;
    .port_info 0 /INPUT 8 "DATA";
    .port_info 1 /INPUT 1 "SER";
    .port_info 2 /INPUT 1 "CLEAR";
    .port_info 3 /INPUT 1 "SH_LD";
    .port_info 4 /INPUT 1 "CLK";
    .port_info 5 /OUTPUT 8 "MOSI";
    .port_info 6 /OUTPUT 1 "FULL_STATE";
    .port_info 7 /OUTPUT 1 "EMPTY_STATE";
o000001a47565b268 .functor BUFZ 1, C4<z>; HiZ drive
v000001a4756b1830_0 .net "CLEAR", 0 0, o000001a47565b268;  0 drivers
o000001a47565a4b8 .functor BUFZ 1, C4<z>; HiZ drive
v000001a4756b0cf0_0 .net "CLK", 0 0, o000001a47565a4b8;  0 drivers
o000001a47565b328 .functor BUFZ 8, C4<zzzzzzzz>; HiZ drive
v000001a4756b1c90_0 .net "DATA", 7 0, o000001a47565b328;  0 drivers
o000001a47565bad8 .functor BUFZ 1, C4<z>; HiZ drive
v000001a4756b1b50_0 .net "EMPTY_STATE", 0 0, o000001a47565bad8;  0 drivers
o000001a47565bb08 .functor BUFZ 1, C4<z>; HiZ drive
v000001a4756b18d0_0 .net "FULL_STATE", 0 0, o000001a47565bb08;  0 drivers
v000001a4756b1e70_0 .net "MOSI", 7 0, L_000001a4756b3410;  1 drivers
o000001a47565a518 .functor BUFZ 1, C4<z>; HiZ drive
v000001a4756b1fb0_0 .net "SER", 0 0, o000001a47565a518;  0 drivers
o000001a47565b358 .functor BUFZ 1, C4<z>; HiZ drive
v000001a4756b0750_0 .net "SH_LD", 0 0, o000001a47565b358;  0 drivers
S_000001a4756419f0 .scope module, "shift_register" "SHIFT_REGISTER" 2 33, 3 15 0, S_000001a475641860;
 .timescale 0 0;
    .port_info 0 /INPUT 1 "CLK";
    .port_info 1 /INPUT 1 "CLR";
    .port_info 2 /INPUT 8 "P_DATA_IN";
    .port_info 3 /INPUT 1 "S_DATA_IN";
    .port_info 4 /INPUT 1 "SH_LD";
    .port_info 5 /OUTPUT 8 "DATA_OUT";
L_000001a475655300 .functor NOT 1, o000001a47565b358, C4<0>, C4<0>, C4<0>;
L_000001a4756558b0 .functor AND 1, L_000001a475655300, L_000001a4756b4590, C4<1>, C4<1>;
L_000001a4756555a0 .functor NOR 1, L_000001a475655300, L_000001a4756b3730, C4<0>, C4<0>;
L_000001a475655220 .functor AND 1, L_000001a475655300, L_000001a4756b35f0, C4<1>, C4<1>;
L_000001a475655a70 .functor NOR 1, L_000001a475655300, L_000001a4756b4810, C4<0>, C4<0>;
L_000001a475655ca0 .functor AND 1, L_000001a475655300, L_000001a4756b30f0, C4<1>, C4<1>;
L_000001a475655fb0 .functor NOR 1, L_000001a475655300, L_000001a4756b3d70, C4<0>, C4<0>;
L_000001a475655920 .functor AND 1, L_000001a475655300, L_000001a4756b39b0, C4<1>, C4<1>;
L_000001a475655840 .functor NOR 1, L_000001a475655300, L_000001a4756b2a10, C4<0>, C4<0>;
L_000001a475655d10 .functor AND 1, L_000001a475655300, L_000001a4756b34b0, C4<1>, C4<1>;
L_000001a475655e60 .functor NOR 1, L_000001a475655300, L_000001a4756b2b50, C4<0>, C4<0>;
L_000001a4756550d0 .functor AND 1, L_000001a475655300, L_000001a4756b2f10, C4<1>, C4<1>;
L_000001a4756553e0 .functor NOR 1, L_000001a475655300, L_000001a4756b3f50, C4<0>, C4<0>;
L_000001a475655530 .functor AND 1, L_000001a475655300, L_000001a4756b3230, C4<1>, C4<1>;
L_000001a4756551b0 .functor NOR 1, L_000001a475655300, L_000001a4756b2bf0, C4<0>, C4<0>;
L_000001a475655d80 .functor AND 1, L_000001a475655300, L_000001a4756b3550, C4<1>, C4<1>;
L_000001a475655450 .functor NOR 1, L_000001a475655300, L_000001a4756b32d0, C4<0>, C4<0>;
v000001a475656e40_0 .net "CLK", 0 0, o000001a47565a4b8;  alias, 0 drivers
v000001a475657840_0 .net "CLR", 0 0, o000001a47565b268;  alias, 0 drivers
v000001a475657b60_0 .net "DATA_OUT", 7 0, L_000001a4756b3410;  alias, 1 drivers
v000001a475657de0_0 .net "D_CLR", 7 0, L_000001a4756b3c30;  1 drivers
v000001a475657e80_0 .net "D_PRE", 7 0, L_000001a4756b2c90;  1 drivers
v000001a47564a2d0_0 .net "P_DATA_IN", 7 0, o000001a47565b328;  alias, 0 drivers
v000001a475649d30_0 .net "SH_LD", 0 0, o000001a47565b358;  alias, 0 drivers
v000001a47564a050_0 .net "S_DATA_IN", 0 0, o000001a47565a518;  alias, 0 drivers
v000001a475649b50_0 .net *"_ivl_100", 0 0, L_000001a475655840;  1 drivers
v000001a475649bf0_0 .net *"_ivl_103", 0 0, L_000001a4756b2a10;  1 drivers
v000001a47564b310_0 .net *"_ivl_105", 0 0, L_000001a475655d10;  1 drivers
v000001a47564a370_0 .net *"_ivl_108", 0 0, L_000001a4756b34b0;  1 drivers
v000001a47564a410_0 .net *"_ivl_110", 0 0, L_000001a475655e60;  1 drivers
v000001a47564a870_0 .net *"_ivl_113", 0 0, L_000001a4756b2b50;  1 drivers
v000001a47564aaf0_0 .net *"_ivl_115", 0 0, L_000001a4756550d0;  1 drivers
v000001a47564ab90_0 .net *"_ivl_118", 0 0, L_000001a4756b2f10;  1 drivers
v000001a47564acd0_0 .net *"_ivl_120", 0 0, L_000001a4756553e0;  1 drivers
v000001a47564b3b0_0 .net *"_ivl_123", 0 0, L_000001a4756b3f50;  1 drivers
v000001a475632b90_0 .net *"_ivl_125", 0 0, L_000001a475655530;  1 drivers
v000001a4756b22d0_0 .net *"_ivl_128", 0 0, L_000001a4756b3230;  1 drivers
v000001a4756b0d90_0 .net *"_ivl_130", 0 0, L_000001a4756551b0;  1 drivers
v000001a4756b2370_0 .net *"_ivl_133", 0 0, L_000001a4756b2bf0;  1 drivers
v000001a4756b16f0_0 .net *"_ivl_135", 0 0, L_000001a475655d80;  1 drivers
v000001a4756b0bb0_0 .net *"_ivl_139", 0 0, L_000001a4756b3550;  1 drivers
v000001a4756b1470_0 .net *"_ivl_141", 0 0, L_000001a475655450;  1 drivers
v000001a4756b1dd0_0 .net *"_ivl_145", 0 0, L_000001a4756b32d0;  1 drivers
v000001a4756b0ed0_0 .net *"_ivl_65", 0 0, L_000001a4756558b0;  1 drivers
v000001a4756b1290_0 .net *"_ivl_68", 0 0, L_000001a4756b4590;  1 drivers
v000001a4756b07f0_0 .net *"_ivl_70", 0 0, L_000001a4756555a0;  1 drivers
v000001a4756b1010_0 .net *"_ivl_73", 0 0, L_000001a4756b3730;  1 drivers
v000001a4756b0890_0 .net *"_ivl_75", 0 0, L_000001a475655220;  1 drivers
v000001a4756b1f10_0 .net *"_ivl_78", 0 0, L_000001a4756b35f0;  1 drivers
v000001a4756b2050_0 .net *"_ivl_80", 0 0, L_000001a475655a70;  1 drivers
v000001a4756b20f0_0 .net *"_ivl_83", 0 0, L_000001a4756b4810;  1 drivers
v000001a4756b1790_0 .net *"_ivl_85", 0 0, L_000001a475655ca0;  1 drivers
v000001a4756b11f0_0 .net *"_ivl_88", 0 0, L_000001a4756b30f0;  1 drivers
v000001a4756b13d0_0 .net *"_ivl_90", 0 0, L_000001a475655fb0;  1 drivers
v000001a4756b0a70_0 .net *"_ivl_93", 0 0, L_000001a4756b3d70;  1 drivers
v000001a4756b1510_0 .net *"_ivl_95", 0 0, L_000001a475655920;  1 drivers
v000001a4756b0c50_0 .net *"_ivl_98", 0 0, L_000001a4756b39b0;  1 drivers
v000001a4756b1d30_0 .net "notSH_LD", 0 0, L_000001a475655300;  1 drivers
L_000001a4756b1970 .part L_000001a4756b3c30, 0, 1;
L_000001a4756b1150 .part L_000001a4756b2c90, 0, 1;
L_000001a4756b2410 .part L_000001a4756b3410, 0, 1;
L_000001a4756b1a10 .part L_000001a4756b3c30, 1, 1;
L_000001a4756b1330 .part L_000001a4756b2c90, 1, 1;
L_000001a4756b15b0 .part L_000001a4756b3410, 1, 1;
L_000001a4756b0e30 .part L_000001a4756b3c30, 2, 1;
L_000001a4756b2190 .part L_000001a4756b2c90, 2, 1;
L_000001a4756b1650 .part L_000001a4756b3410, 2, 1;
L_000001a4756b2230 .part L_000001a4756b3c30, 3, 1;
L_000001a4756b1ab0 .part L_000001a4756b2c90, 3, 1;
L_000001a4756b0930 .part L_000001a4756b3410, 3, 1;
L_000001a4756b1bf0 .part L_000001a4756b3c30, 4, 1;
L_000001a4756b24b0 .part L_000001a4756b2c90, 4, 1;
L_000001a4756b0f70 .part L_000001a4756b3410, 4, 1;
L_000001a4756b2550 .part L_000001a4756b3c30, 5, 1;
L_000001a4756b25f0 .part L_000001a4756b2c90, 5, 1;
L_000001a4756b09d0 .part L_000001a4756b3410, 5, 1;
L_000001a4756b0b10 .part L_000001a4756b3c30, 6, 1;
L_000001a4756b10b0 .part L_000001a4756b2c90, 6, 1;
LS_000001a4756b3410_0_0 .concat8 [ 1 1 1 1], v000001a475657020_0, v000001a475657160_0, v000001a475658240_0, v000001a4756577a0_0;
LS_000001a4756b3410_0_4 .concat8 [ 1 1 1 1], v000001a475656a80_0, v000001a475656c60_0, v000001a475656d00_0, v000001a475657520_0;
L_000001a4756b3410 .concat8 [ 4 4 0 0], LS_000001a4756b3410_0_0, LS_000001a4756b3410_0_4;
L_000001a4756b2970 .part L_000001a4756b3410, 6, 1;
L_000001a4756b4630 .part L_000001a4756b3c30, 7, 1;
L_000001a4756b3190 .part L_000001a4756b2c90, 7, 1;
L_000001a4756b4590 .part o000001a47565b328, 0, 1;
L_000001a4756b3730 .part o000001a47565b328, 0, 1;
L_000001a4756b35f0 .part o000001a47565b328, 1, 1;
L_000001a4756b4810 .part o000001a47565b328, 1, 1;
L_000001a4756b30f0 .part o000001a47565b328, 2, 1;
L_000001a4756b3d70 .part o000001a47565b328, 2, 1;
L_000001a4756b39b0 .part o000001a47565b328, 3, 1;
L_000001a4756b2a10 .part o000001a47565b328, 3, 1;
L_000001a4756b34b0 .part o000001a47565b328, 4, 1;
L_000001a4756b2b50 .part o000001a47565b328, 4, 1;
L_000001a4756b2f10 .part o000001a47565b328, 5, 1;
L_000001a4756b3f50 .part o000001a47565b328, 5, 1;
L_000001a4756b3230 .part o000001a47565b328, 6, 1;
L_000001a4756b2bf0 .part o000001a47565b328, 6, 1;
LS_000001a4756b2c90_0_0 .concat8 [ 1 1 1 1], L_000001a4756558b0, L_000001a475655220, L_000001a475655ca0, L_000001a475655920;
LS_000001a4756b2c90_0_4 .concat8 [ 1 1 1 1], L_000001a475655d10, L_000001a4756550d0, L_000001a475655530, L_000001a475655d80;
L_000001a4756b2c90 .concat8 [ 4 4 0 0], LS_000001a4756b2c90_0_0, LS_000001a4756b2c90_0_4;
L_000001a4756b3550 .part o000001a47565b328, 7, 1;
LS_000001a4756b3c30_0_0 .concat8 [ 1 1 1 1], L_000001a4756555a0, L_000001a475655a70, L_000001a475655fb0, L_000001a475655840;
LS_000001a4756b3c30_0_4 .concat8 [ 1 1 1 1], L_000001a475655e60, L_000001a4756553e0, L_000001a4756551b0, L_000001a475655450;
L_000001a4756b3c30 .concat8 [ 4 4 0 0], LS_000001a4756b3c30_0_0, LS_000001a4756b3c30_0_4;
L_000001a4756b32d0 .part o000001a47565b328, 7, 1;
S_000001a4755e69e0 .scope module, "dff0" "d_ff" 3 29, 4 7 0, S_000001a4756419f0;
 .timescale 0 0;
    .port_info 0 /OUTPUT 1 "Q";
    .port_info 1 /INPUT 1 "DATA";
    .port_info 2 /INPUT 1 "CLK";
    .port_info 3 /INPUT 1 "CLR";
    .port_info 4 /INPUT 1 "PRE";
v000001a475656940_0 .net "CLK", 0 0, o000001a47565a4b8;  alias, 0 drivers
v000001a475657340_0 .net "CLR", 0 0, L_000001a4756b1970;  1 drivers
v000001a475657c00_0 .net "DATA", 0 0, o000001a47565a518;  alias, 0 drivers
v000001a475657980_0 .net "PRE", 0 0, L_000001a4756b1150;  1 drivers
v000001a475657020_0 .var "Q", 0 0;
E_000001a47565a080/0 .event anyedge, v000001a475657980_0, v000001a475657340_0;
E_000001a47565a080/1 .event posedge, v000001a475656940_0;
E_000001a47565a080 .event/or E_000001a47565a080/0, E_000001a47565a080/1;
S_000001a4755e6b70 .scope module, "dff1" "d_ff" 3 30, 4 7 0, S_000001a4756419f0;
 .timescale 0 0;
    .port_info 0 /OUTPUT 1 "Q";
    .port_info 1 /INPUT 1 "DATA";
    .port_info 2 /INPUT 1 "CLK";
    .port_info 3 /INPUT 1 "CLR";
    .port_info 4 /INPUT 1 "PRE";
v000001a475657a20_0 .net "CLK", 0 0, o000001a47565a4b8;  alias, 0 drivers
v000001a475657ac0_0 .net "CLR", 0 0, L_000001a4756b1a10;  1 drivers
v000001a475656800_0 .net "DATA", 0 0, L_000001a4756b2410;  1 drivers
v000001a475657ca0_0 .net "PRE", 0 0, L_000001a4756b1330;  1 drivers
v000001a475657160_0 .var "Q", 0 0;
E_000001a475659cc0/0 .event anyedge, v000001a475657ca0_0, v000001a475657ac0_0;
E_000001a475659cc0/1 .event posedge, v000001a475656940_0;
E_000001a475659cc0 .event/or E_000001a475659cc0/0, E_000001a475659cc0/1;
S_000001a4756afda0 .scope module, "dff2" "d_ff" 3 31, 4 7 0, S_000001a4756419f0;
 .timescale 0 0;
    .port_info 0 /OUTPUT 1 "Q";
    .port_info 1 /INPUT 1 "DATA";
    .port_info 2 /INPUT 1 "CLK";
    .port_info 3 /INPUT 1 "CLR";
    .port_info 4 /INPUT 1 "PRE";
v000001a4756581a0_0 .net "CLK", 0 0, o000001a47565a4b8;  alias, 0 drivers
v000001a475656f80_0 .net "CLR", 0 0, L_000001a4756b0e30;  1 drivers
v000001a475656da0_0 .net "DATA", 0 0, L_000001a4756b15b0;  1 drivers
v000001a475657f20_0 .net "PRE", 0 0, L_000001a4756b2190;  1 drivers
v000001a475658240_0 .var "Q", 0 0;
E_000001a475659bc0/0 .event anyedge, v000001a475657f20_0, v000001a475656f80_0;
E_000001a475659bc0/1 .event posedge, v000001a475656940_0;
E_000001a475659bc0 .event/or E_000001a475659bc0/0, E_000001a475659bc0/1;
S_000001a4756aff30 .scope module, "dff3" "d_ff" 3 32, 4 7 0, S_000001a4756419f0;
 .timescale 0 0;
    .port_info 0 /OUTPUT 1 "Q";
    .port_info 1 /INPUT 1 "DATA";
    .port_info 2 /INPUT 1 "CLK";
    .port_info 3 /INPUT 1 "CLR";
    .port_info 4 /INPUT 1 "PRE";
v000001a475656620_0 .net "CLK", 0 0, o000001a47565a4b8;  alias, 0 drivers
v000001a475657fc0_0 .net "CLR", 0 0, L_000001a4756b2230;  1 drivers
v000001a475658380_0 .net "DATA", 0 0, L_000001a4756b1650;  1 drivers
v000001a475656ee0_0 .net "PRE", 0 0, L_000001a4756b1ab0;  1 drivers
v000001a4756577a0_0 .var "Q", 0 0;
E_000001a475659f00/0 .event anyedge, v000001a475656ee0_0, v000001a475657fc0_0;
E_000001a475659f00/1 .event posedge, v000001a475656940_0;
E_000001a475659f00 .event/or E_000001a475659f00/0, E_000001a475659f00/1;
S_000001a4756b00c0 .scope module, "dff4" "d_ff" 3 33, 4 7 0, S_000001a4756419f0;
 .timescale 0 0;
    .port_info 0 /OUTPUT 1 "Q";
    .port_info 1 /INPUT 1 "DATA";
    .port_info 2 /INPUT 1 "CLK";
    .port_info 3 /INPUT 1 "CLR";
    .port_info 4 /INPUT 1 "PRE";
v000001a4756564e0_0 .net "CLK", 0 0, o000001a47565a4b8;  alias, 0 drivers
v000001a475656580_0 .net "CLR", 0 0, L_000001a4756b1bf0;  1 drivers
v000001a4756569e0_0 .net "DATA", 0 0, L_000001a4756b0930;  1 drivers
v000001a475656bc0_0 .net "PRE", 0 0, L_000001a4756b24b0;  1 drivers
v000001a475656a80_0 .var "Q", 0 0;
E_000001a47565a240/0 .event anyedge, v000001a475656bc0_0, v000001a475656580_0;
E_000001a47565a240/1 .event posedge, v000001a475656940_0;
E_000001a47565a240 .event/or E_000001a47565a240/0, E_000001a47565a240/1;
S_000001a4756b0250 .scope module, "dff5" "d_ff" 3 34, 4 7 0, S_000001a4756419f0;
 .timescale 0 0;
    .port_info 0 /OUTPUT 1 "Q";
    .port_info 1 /INPUT 1 "DATA";
    .port_info 2 /INPUT 1 "CLK";
    .port_info 3 /INPUT 1 "CLR";
    .port_info 4 /INPUT 1 "PRE";
v000001a475657d40_0 .net "CLK", 0 0, o000001a47565a4b8;  alias, 0 drivers
v000001a4756566c0_0 .net "CLR", 0 0, L_000001a4756b2550;  1 drivers
v000001a475657200_0 .net "DATA", 0 0, L_000001a4756b0f70;  1 drivers
v000001a475656760_0 .net "PRE", 0 0, L_000001a4756b25f0;  1 drivers
v000001a475656c60_0 .var "Q", 0 0;
E_000001a475659780/0 .event anyedge, v000001a475656760_0, v000001a4756566c0_0;
E_000001a475659780/1 .event posedge, v000001a475656940_0;
E_000001a475659780 .event/or E_000001a475659780/0, E_000001a475659780/1;
S_000001a4756b03e0 .scope module, "dff6" "d_ff" 3 35, 4 7 0, S_000001a4756419f0;
 .timescale 0 0;
    .port_info 0 /OUTPUT 1 "Q";
    .port_info 1 /INPUT 1 "DATA";
    .port_info 2 /INPUT 1 "CLK";
    .port_info 3 /INPUT 1 "CLR";
    .port_info 4 /INPUT 1 "PRE";
v000001a4756572a0_0 .net "CLK", 0 0, o000001a47565a4b8;  alias, 0 drivers
v000001a4756578e0_0 .net "CLR", 0 0, L_000001a4756b0b10;  1 drivers
v000001a4756573e0_0 .net "DATA", 0 0, L_000001a4756b09d0;  1 drivers
v000001a475656b20_0 .net "PRE", 0 0, L_000001a4756b10b0;  1 drivers
v000001a475656d00_0 .var "Q", 0 0;
E_000001a47565a180/0 .event anyedge, v000001a475656b20_0, v000001a4756578e0_0;
E_000001a47565a180/1 .event posedge, v000001a475656940_0;
E_000001a47565a180 .event/or E_000001a47565a180/0, E_000001a47565a180/1;
S_000001a4756b0570 .scope module, "dff7" "d_ff" 3 36, 4 7 0, S_000001a4756419f0;
 .timescale 0 0;
    .port_info 0 /OUTPUT 1 "Q";
    .port_info 1 /INPUT 1 "DATA";
    .port_info 2 /INPUT 1 "CLK";
    .port_info 3 /INPUT 1 "CLR";
    .port_info 4 /INPUT 1 "PRE";
v000001a4756575c0_0 .net "CLK", 0 0, o000001a47565a4b8;  alias, 0 drivers
v000001a475657480_0 .net "CLR", 0 0, L_000001a4756b4630;  1 drivers
v000001a475657660_0 .net "DATA", 0 0, L_000001a4756b2970;  1 drivers
v000001a475657700_0 .net "PRE", 0 0, L_000001a4756b3190;  1 drivers
v000001a475657520_0 .var "Q", 0 0;
E_000001a4756598c0/0 .event anyedge, v000001a475657700_0, v000001a475657480_0;
E_000001a4756598c0/1 .event posedge, v000001a475656940_0;
E_000001a4756598c0 .event/or E_000001a4756598c0/0, E_000001a4756598c0/1;
    .scope S_000001a4755e69e0;
T_0 ;
    %pushi/vec4 0, 0, 1;
    %assign/vec4 v000001a475657020_0, 0;
    %end;
    .thread T_0;
    .scope S_000001a4755e69e0;
T_1 ;
    %wait E_000001a47565a080;
    %load/vec4 v000001a475657340_0;
    %pad/u 32;
    %cmpi/e 1, 0, 32;
    %flag_get/vec4 4;
    %jmp/0 T_1.2, 4;
    %load/vec4 v000001a475657980_0;
    %pad/u 32;
    %pushi/vec4 1, 0, 32;
    %cmp/e;
    %flag_get/vec4 4;
    %and;
T_1.2;
    %flag_set/vec4 8;
    %jmp/0xz  T_1.0, 8;
    %load/vec4 v000001a475657020_0;
    %assign/vec4 v000001a475657020_0, 0;
    %jmp T_1.1;
T_1.0 ;
    %load/vec4 v000001a475657340_0;
    %pad/u 32;
    %cmpi/e 1, 0, 32;
    %jmp/0xz  T_1.3, 4;
    %pushi/vec4 0, 0, 1;
    %assign/vec4 v000001a475657020_0, 0;
    %jmp T_1.4;
T_1.3 ;
    %load/vec4 v000001a475657980_0;
    %pad/u 32;
    %cmpi/e 1, 0, 32;
    %jmp/0xz  T_1.5, 4;
    %pushi/vec4 1, 0, 1;
    %assign/vec4 v000001a475657020_0, 0;
    %jmp T_1.6;
T_1.5 ;
    %load/vec4 v000001a475657c00_0;
    %assign/vec4 v000001a475657020_0, 0;
T_1.6 ;
T_1.4 ;
T_1.1 ;
    %jmp T_1;
    .thread T_1;
    .scope S_000001a4755e6b70;
T_2 ;
    %pushi/vec4 0, 0, 1;
    %assign/vec4 v000001a475657160_0, 0;
    %end;
    .thread T_2;
    .scope S_000001a4755e6b70;
T_3 ;
    %wait E_000001a475659cc0;
    %load/vec4 v000001a475657ac0_0;
    %pad/u 32;
    %cmpi/e 1, 0, 32;
    %flag_get/vec4 4;
    %jmp/0 T_3.2, 4;
    %load/vec4 v000001a475657ca0_0;
    %pad/u 32;
    %pushi/vec4 1, 0, 32;
    %cmp/e;
    %flag_get/vec4 4;
    %and;
T_3.2;
    %flag_set/vec4 8;
    %jmp/0xz  T_3.0, 8;
    %load/vec4 v000001a475657160_0;
    %assign/vec4 v000001a475657160_0, 0;
    %jmp T_3.1;
T_3.0 ;
    %load/vec4 v000001a475657ac0_0;
    %pad/u 32;
    %cmpi/e 1, 0, 32;
    %jmp/0xz  T_3.3, 4;
    %pushi/vec4 0, 0, 1;
    %assign/vec4 v000001a475657160_0, 0;
    %jmp T_3.4;
T_3.3 ;
    %load/vec4 v000001a475657ca0_0;
    %pad/u 32;
    %cmpi/e 1, 0, 32;
    %jmp/0xz  T_3.5, 4;
    %pushi/vec4 1, 0, 1;
    %assign/vec4 v000001a475657160_0, 0;
    %jmp T_3.6;
T_3.5 ;
    %load/vec4 v000001a475656800_0;
    %assign/vec4 v000001a475657160_0, 0;
T_3.6 ;
T_3.4 ;
T_3.1 ;
    %jmp T_3;
    .thread T_3;
    .scope S_000001a4756afda0;
T_4 ;
    %pushi/vec4 0, 0, 1;
    %assign/vec4 v000001a475658240_0, 0;
    %end;
    .thread T_4;
    .scope S_000001a4756afda0;
T_5 ;
    %wait E_000001a475659bc0;
    %load/vec4 v000001a475656f80_0;
    %pad/u 32;
    %cmpi/e 1, 0, 32;
    %flag_get/vec4 4;
    %jmp/0 T_5.2, 4;
    %load/vec4 v000001a475657f20_0;
    %pad/u 32;
    %pushi/vec4 1, 0, 32;
    %cmp/e;
    %flag_get/vec4 4;
    %and;
T_5.2;
    %flag_set/vec4 8;
    %jmp/0xz  T_5.0, 8;
    %load/vec4 v000001a475658240_0;
    %assign/vec4 v000001a475658240_0, 0;
    %jmp T_5.1;
T_5.0 ;
    %load/vec4 v000001a475656f80_0;
    %pad/u 32;
    %cmpi/e 1, 0, 32;
    %jmp/0xz  T_5.3, 4;
    %pushi/vec4 0, 0, 1;
    %assign/vec4 v000001a475658240_0, 0;
    %jmp T_5.4;
T_5.3 ;
    %load/vec4 v000001a475657f20_0;
    %pad/u 32;
    %cmpi/e 1, 0, 32;
    %jmp/0xz  T_5.5, 4;
    %pushi/vec4 1, 0, 1;
    %assign/vec4 v000001a475658240_0, 0;
    %jmp T_5.6;
T_5.5 ;
    %load/vec4 v000001a475656da0_0;
    %assign/vec4 v000001a475658240_0, 0;
T_5.6 ;
T_5.4 ;
T_5.1 ;
    %jmp T_5;
    .thread T_5;
    .scope S_000001a4756aff30;
T_6 ;
    %pushi/vec4 0, 0, 1;
    %assign/vec4 v000001a4756577a0_0, 0;
    %end;
    .thread T_6;
    .scope S_000001a4756aff30;
T_7 ;
    %wait E_000001a475659f00;
    %load/vec4 v000001a475657fc0_0;
    %pad/u 32;
    %cmpi/e 1, 0, 32;
    %flag_get/vec4 4;
    %jmp/0 T_7.2, 4;
    %load/vec4 v000001a475656ee0_0;
    %pad/u 32;
    %pushi/vec4 1, 0, 32;
    %cmp/e;
    %flag_get/vec4 4;
    %and;
T_7.2;
    %flag_set/vec4 8;
    %jmp/0xz  T_7.0, 8;
    %load/vec4 v000001a4756577a0_0;
    %assign/vec4 v000001a4756577a0_0, 0;
    %jmp T_7.1;
T_7.0 ;
    %load/vec4 v000001a475657fc0_0;
    %pad/u 32;
    %cmpi/e 1, 0, 32;
    %jmp/0xz  T_7.3, 4;
    %pushi/vec4 0, 0, 1;
    %assign/vec4 v000001a4756577a0_0, 0;
    %jmp T_7.4;
T_7.3 ;
    %load/vec4 v000001a475656ee0_0;
    %pad/u 32;
    %cmpi/e 1, 0, 32;
    %jmp/0xz  T_7.5, 4;
    %pushi/vec4 1, 0, 1;
    %assign/vec4 v000001a4756577a0_0, 0;
    %jmp T_7.6;
T_7.5 ;
    %load/vec4 v000001a475658380_0;
    %assign/vec4 v000001a4756577a0_0, 0;
T_7.6 ;
T_7.4 ;
T_7.1 ;
    %jmp T_7;
    .thread T_7;
    .scope S_000001a4756b00c0;
T_8 ;
    %pushi/vec4 0, 0, 1;
    %assign/vec4 v000001a475656a80_0, 0;
    %end;
    .thread T_8;
    .scope S_000001a4756b00c0;
T_9 ;
    %wait E_000001a47565a240;
    %load/vec4 v000001a475656580_0;
    %pad/u 32;
    %cmpi/e 1, 0, 32;
    %flag_get/vec4 4;
    %jmp/0 T_9.2, 4;
    %load/vec4 v000001a475656bc0_0;
    %pad/u 32;
    %pushi/vec4 1, 0, 32;
    %cmp/e;
    %flag_get/vec4 4;
    %and;
T_9.2;
    %flag_set/vec4 8;
    %jmp/0xz  T_9.0, 8;
    %load/vec4 v000001a475656a80_0;
    %assign/vec4 v000001a475656a80_0, 0;
    %jmp T_9.1;
T_9.0 ;
    %load/vec4 v000001a475656580_0;
    %pad/u 32;
    %cmpi/e 1, 0, 32;
    %jmp/0xz  T_9.3, 4;
    %pushi/vec4 0, 0, 1;
    %assign/vec4 v000001a475656a80_0, 0;
    %jmp T_9.4;
T_9.3 ;
    %load/vec4 v000001a475656bc0_0;
    %pad/u 32;
    %cmpi/e 1, 0, 32;
    %jmp/0xz  T_9.5, 4;
    %pushi/vec4 1, 0, 1;
    %assign/vec4 v000001a475656a80_0, 0;
    %jmp T_9.6;
T_9.5 ;
    %load/vec4 v000001a4756569e0_0;
    %assign/vec4 v000001a475656a80_0, 0;
T_9.6 ;
T_9.4 ;
T_9.1 ;
    %jmp T_9;
    .thread T_9;
    .scope S_000001a4756b0250;
T_10 ;
    %pushi/vec4 0, 0, 1;
    %assign/vec4 v000001a475656c60_0, 0;
    %end;
    .thread T_10;
    .scope S_000001a4756b0250;
T_11 ;
    %wait E_000001a475659780;
    %load/vec4 v000001a4756566c0_0;
    %pad/u 32;
    %cmpi/e 1, 0, 32;
    %flag_get/vec4 4;
    %jmp/0 T_11.2, 4;
    %load/vec4 v000001a475656760_0;
    %pad/u 32;
    %pushi/vec4 1, 0, 32;
    %cmp/e;
    %flag_get/vec4 4;
    %and;
T_11.2;
    %flag_set/vec4 8;
    %jmp/0xz  T_11.0, 8;
    %load/vec4 v000001a475656c60_0;
    %assign/vec4 v000001a475656c60_0, 0;
    %jmp T_11.1;
T_11.0 ;
    %load/vec4 v000001a4756566c0_0;
    %pad/u 32;
    %cmpi/e 1, 0, 32;
    %jmp/0xz  T_11.3, 4;
    %pushi/vec4 0, 0, 1;
    %assign/vec4 v000001a475656c60_0, 0;
    %jmp T_11.4;
T_11.3 ;
    %load/vec4 v000001a475656760_0;
    %pad/u 32;
    %cmpi/e 1, 0, 32;
    %jmp/0xz  T_11.5, 4;
    %pushi/vec4 1, 0, 1;
    %assign/vec4 v000001a475656c60_0, 0;
    %jmp T_11.6;
T_11.5 ;
    %load/vec4 v000001a475657200_0;
    %assign/vec4 v000001a475656c60_0, 0;
T_11.6 ;
T_11.4 ;
T_11.1 ;
    %jmp T_11;
    .thread T_11;
    .scope S_000001a4756b03e0;
T_12 ;
    %pushi/vec4 0, 0, 1;
    %assign/vec4 v000001a475656d00_0, 0;
    %end;
    .thread T_12;
    .scope S_000001a4756b03e0;
T_13 ;
    %wait E_000001a47565a180;
    %load/vec4 v000001a4756578e0_0;
    %pad/u 32;
    %cmpi/e 1, 0, 32;
    %flag_get/vec4 4;
    %jmp/0 T_13.2, 4;
    %load/vec4 v000001a475656b20_0;
    %pad/u 32;
    %pushi/vec4 1, 0, 32;
    %cmp/e;
    %flag_get/vec4 4;
    %and;
T_13.2;
    %flag_set/vec4 8;
    %jmp/0xz  T_13.0, 8;
    %load/vec4 v000001a475656d00_0;
    %assign/vec4 v000001a475656d00_0, 0;
    %jmp T_13.1;
T_13.0 ;
    %load/vec4 v000001a4756578e0_0;
    %pad/u 32;
    %cmpi/e 1, 0, 32;
    %jmp/0xz  T_13.3, 4;
    %pushi/vec4 0, 0, 1;
    %assign/vec4 v000001a475656d00_0, 0;
    %jmp T_13.4;
T_13.3 ;
    %load/vec4 v000001a475656b20_0;
    %pad/u 32;
    %cmpi/e 1, 0, 32;
    %jmp/0xz  T_13.5, 4;
    %pushi/vec4 1, 0, 1;
    %assign/vec4 v000001a475656d00_0, 0;
    %jmp T_13.6;
T_13.5 ;
    %load/vec4 v000001a4756573e0_0;
    %assign/vec4 v000001a475656d00_0, 0;
T_13.6 ;
T_13.4 ;
T_13.1 ;
    %jmp T_13;
    .thread T_13;
    .scope S_000001a4756b0570;
T_14 ;
    %pushi/vec4 0, 0, 1;
    %assign/vec4 v000001a475657520_0, 0;
    %end;
    .thread T_14;
    .scope S_000001a4756b0570;
T_15 ;
    %wait E_000001a4756598c0;
    %load/vec4 v000001a475657480_0;
    %pad/u 32;
    %cmpi/e 1, 0, 32;
    %flag_get/vec4 4;
    %jmp/0 T_15.2, 4;
    %load/vec4 v000001a475657700_0;
    %pad/u 32;
    %pushi/vec4 1, 0, 32;
    %cmp/e;
    %flag_get/vec4 4;
    %and;
T_15.2;
    %flag_set/vec4 8;
    %jmp/0xz  T_15.0, 8;
    %load/vec4 v000001a475657520_0;
    %assign/vec4 v000001a475657520_0, 0;
    %jmp T_15.1;
T_15.0 ;
    %load/vec4 v000001a475657480_0;
    %pad/u 32;
    %cmpi/e 1, 0, 32;
    %jmp/0xz  T_15.3, 4;
    %pushi/vec4 0, 0, 1;
    %assign/vec4 v000001a475657520_0, 0;
    %jmp T_15.4;
T_15.3 ;
    %load/vec4 v000001a475657700_0;
    %pad/u 32;
    %cmpi/e 1, 0, 32;
    %jmp/0xz  T_15.5, 4;
    %pushi/vec4 1, 0, 1;
    %assign/vec4 v000001a475657520_0, 0;
    %jmp T_15.6;
T_15.5 ;
    %load/vec4 v000001a475657660_0;
    %assign/vec4 v000001a475657520_0, 0;
T_15.6 ;
T_15.4 ;
T_15.1 ;
    %jmp T_15;
    .thread T_15;
# The file index is used to find the file name in the following table.
:file_names 5;
    "N/A";
    "<interactive>";
    "sender.v";
    "./shift_register.v";
    "./d_ff.v";
