#! /c/Source/iverilog-install/bin/vvp
:ivl_version "12.0 (devel)" "(s20150603-1539-g2693dd32b)";
:ivl_delay_selection "TYPICAL";
:vpi_time_precision + 0;
:vpi_module "C:\iverilog\lib\ivl\system.vpi";
:vpi_module "C:\iverilog\lib\ivl\vhdl_sys.vpi";
:vpi_module "C:\iverilog\lib\ivl\vhdl_textio.vpi";
:vpi_module "C:\iverilog\lib\ivl\v2005_math.vpi";
:vpi_module "C:\iverilog\lib\ivl\va_math.vpi";
S_0000013abb06cff0 .scope module, "SHIFT_REGISTER" "SHIFT_REGISTER" 2 18;
 .timescale 0 0;
    .port_info 0 /INPUT 1 "CLK";
    .port_info 1 /INPUT 1 "CLR";
    .port_info 2 /INPUT 8 "P_DATA_IN";
    .port_info 3 /INPUT 1 "S_DATA_IN";
    .port_info 4 /INPUT 1 "SH_LD";
    .port_info 5 /OUTPUT 8 "DATA_OUT";
o0000013abb144088 .functor BUFZ 1, C4<z>; HiZ drive
L_0000013abb141de0 .functor NOT 1, o0000013abb144088, C4<0>, C4<0>, C4<0>;
L_0000013abb141e50 .functor AND 1, L_0000013abb141de0, L_0000013abb19cce0, C4<1>, C4<1>;
L_0000013abb141980 .functor NOR 1, L_0000013abb141de0, L_0000013abb19d000, C4<0>, C4<0>;
L_0000013abb142010 .functor AND 1, L_0000013abb141de0, L_0000013abb19d0a0, C4<1>, C4<1>;
L_0000013abb1419f0 .functor NOR 1, L_0000013abb141de0, L_0000013abb19d140, C4<0>, C4<0>;
L_0000013abb142080 .functor AND 1, L_0000013abb141de0, L_0000013abb19f870, C4<1>, C4<1>;
L_0000013abb141bb0 .functor NOR 1, L_0000013abb141de0, L_0000013abb19fb90, C4<0>, C4<0>;
L_0000013abb141a60 .functor AND 1, L_0000013abb141de0, L_0000013abb1a0a90, C4<1>, C4<1>;
L_0000013abb141d00 .functor NOR 1, L_0000013abb141de0, L_0000013abb19feb0, C4<0>, C4<0>;
L_0000013abb141830 .functor AND 1, L_0000013abb141de0, L_0000013abb19fe10, C4<1>, C4<1>;
L_0000013abb141ad0 .functor NOR 1, L_0000013abb141de0, L_0000013abb1a0270, C4<0>, C4<0>;
L_0000013abb141ec0 .functor AND 1, L_0000013abb141de0, L_0000013abb19f910, C4<1>, C4<1>;
L_0000013abb141c20 .functor NOR 1, L_0000013abb141de0, L_0000013abb1a0810, C4<0>, C4<0>;
L_0000013abb141750 .functor AND 1, L_0000013abb141de0, L_0000013abb1a0b30, C4<1>, C4<1>;
L_0000013abb141b40 .functor NOR 1, L_0000013abb141de0, L_0000013abb19ff50, C4<0>, C4<0>;
L_0000013abb1417c0 .functor AND 1, L_0000013abb141de0, L_0000013abb19f4b0, C4<1>, C4<1>;
L_0000013abb141c90 .functor NOR 1, L_0000013abb141de0, L_0000013abb19edd0, C4<0>, C4<0>;
o0000013abb1431e8 .functor BUFZ 1, C4<z>; HiZ drive
v0000013abb13f580_0 .net "CLK", 0 0, o0000013abb1431e8;  0 drivers
o0000013abb143f98 .functor BUFZ 1, C4<z>; HiZ drive
v0000013abb13f800_0 .net "CLR", 0 0, o0000013abb143f98;  0 drivers
v0000013abb13fda0_0 .net "DATA_OUT", 7 0, L_0000013abb19d5a0;  1 drivers
v0000013abb140020_0 .net "D_CLR", 7 0, L_0000013abb19f550;  1 drivers
v0000013abb1403e0_0 .net "D_PRE", 7 0, L_0000013abb1a0130;  1 drivers
o0000013abb144058 .functor BUFZ 8, C4<zzzzzzzz>; HiZ drive
v0000013abb137e00_0 .net "P_DATA_IN", 7 0, o0000013abb144058;  0 drivers
v0000013abb138d00_0 .net "SH_LD", 0 0, o0000013abb144088;  0 drivers
o0000013abb143248 .functor BUFZ 1, C4<z>; HiZ drive
v0000013abb137fe0_0 .net "S_DATA_IN", 0 0, o0000013abb143248;  0 drivers
v0000013abb139160_0 .net *"_ivl_100", 0 0, L_0000013abb141d00;  1 drivers
v0000013abb1384e0_0 .net *"_ivl_103", 0 0, L_0000013abb19feb0;  1 drivers
v0000013abb138080_0 .net *"_ivl_105", 0 0, L_0000013abb141830;  1 drivers
v0000013abb138800_0 .net *"_ivl_108", 0 0, L_0000013abb19fe10;  1 drivers
v0000013abb138e40_0 .net *"_ivl_110", 0 0, L_0000013abb141ad0;  1 drivers
v0000013abb138b20_0 .net *"_ivl_113", 0 0, L_0000013abb1a0270;  1 drivers
v0000013abb137a40_0 .net *"_ivl_115", 0 0, L_0000013abb141ec0;  1 drivers
v0000013abb139200_0 .net *"_ivl_118", 0 0, L_0000013abb19f910;  1 drivers
v0000013abb138ee0_0 .net *"_ivl_120", 0 0, L_0000013abb141c20;  1 drivers
v0000013abb139520_0 .net *"_ivl_123", 0 0, L_0000013abb1a0810;  1 drivers
v0000013abb11c800_0 .net *"_ivl_125", 0 0, L_0000013abb141750;  1 drivers
v0000013abb19e360_0 .net *"_ivl_128", 0 0, L_0000013abb1a0b30;  1 drivers
v0000013abb19e400_0 .net *"_ivl_130", 0 0, L_0000013abb141b40;  1 drivers
v0000013abb19ddc0_0 .net *"_ivl_133", 0 0, L_0000013abb19ff50;  1 drivers
v0000013abb19e0e0_0 .net *"_ivl_135", 0 0, L_0000013abb1417c0;  1 drivers
v0000013abb19d640_0 .net *"_ivl_139", 0 0, L_0000013abb19f4b0;  1 drivers
v0000013abb19d780_0 .net *"_ivl_141", 0 0, L_0000013abb141c90;  1 drivers
v0000013abb19e540_0 .net *"_ivl_145", 0 0, L_0000013abb19edd0;  1 drivers
v0000013abb19d320_0 .net *"_ivl_65", 0 0, L_0000013abb141e50;  1 drivers
v0000013abb19daa0_0 .net *"_ivl_68", 0 0, L_0000013abb19cce0;  1 drivers
v0000013abb19d960_0 .net *"_ivl_70", 0 0, L_0000013abb141980;  1 drivers
v0000013abb19de60_0 .net *"_ivl_73", 0 0, L_0000013abb19d000;  1 drivers
v0000013abb19e180_0 .net *"_ivl_75", 0 0, L_0000013abb142010;  1 drivers
v0000013abb19d8c0_0 .net *"_ivl_78", 0 0, L_0000013abb19d0a0;  1 drivers
v0000013abb19d3c0_0 .net *"_ivl_80", 0 0, L_0000013abb1419f0;  1 drivers
v0000013abb19e5e0_0 .net *"_ivl_83", 0 0, L_0000013abb19d140;  1 drivers
v0000013abb19d6e0_0 .net *"_ivl_85", 0 0, L_0000013abb142080;  1 drivers
v0000013abb19d460_0 .net *"_ivl_88", 0 0, L_0000013abb19f870;  1 drivers
v0000013abb19cec0_0 .net *"_ivl_90", 0 0, L_0000013abb141bb0;  1 drivers
v0000013abb19d500_0 .net *"_ivl_93", 0 0, L_0000013abb19fb90;  1 drivers
v0000013abb19d1e0_0 .net *"_ivl_95", 0 0, L_0000013abb141a60;  1 drivers
v0000013abb19da00_0 .net *"_ivl_98", 0 0, L_0000013abb1a0a90;  1 drivers
v0000013abb19d820_0 .net "notSH_LD", 0 0, L_0000013abb141de0;  1 drivers
L_0000013abb19cb00 .part L_0000013abb19f550, 0, 1;
L_0000013abb19dc80 .part L_0000013abb1a0130, 0, 1;
L_0000013abb19cd80 .part L_0000013abb19d5a0, 0, 1;
L_0000013abb19e220 .part L_0000013abb19f550, 1, 1;
L_0000013abb19cba0 .part L_0000013abb1a0130, 1, 1;
L_0000013abb19dbe0 .part L_0000013abb19d5a0, 1, 1;
L_0000013abb19dd20 .part L_0000013abb19f550, 2, 1;
L_0000013abb19df00 .part L_0000013abb1a0130, 2, 1;
L_0000013abb19cf60 .part L_0000013abb19d5a0, 2, 1;
L_0000013abb19e2c0 .part L_0000013abb19f550, 3, 1;
L_0000013abb19dfa0 .part L_0000013abb1a0130, 3, 1;
L_0000013abb19e4a0 .part L_0000013abb19d5a0, 3, 1;
L_0000013abb19db40 .part L_0000013abb19f550, 4, 1;
L_0000013abb19c7e0 .part L_0000013abb1a0130, 4, 1;
L_0000013abb19e040 .part L_0000013abb19d5a0, 4, 1;
L_0000013abb19c740 .part L_0000013abb19f550, 5, 1;
L_0000013abb19c880 .part L_0000013abb1a0130, 5, 1;
L_0000013abb19c920 .part L_0000013abb19d5a0, 5, 1;
L_0000013abb19c9c0 .part L_0000013abb19f550, 6, 1;
L_0000013abb19ca60 .part L_0000013abb1a0130, 6, 1;
LS_0000013abb19d5a0_0_0 .concat8 [ 1 1 1 1], v0000013abb1408e0_0, v0000013abb1405c0_0, v0000013abb140700_0, v0000013abb13f940_0;
LS_0000013abb19d5a0_0_4 .concat8 [ 1 1 1 1], v0000013abb13f8a0_0, v0000013abb13fbc0_0, v0000013abb13ff80_0, v0000013abb140480_0;
L_0000013abb19d5a0 .concat8 [ 4 4 0 0], LS_0000013abb19d5a0_0_0, LS_0000013abb19d5a0_0_4;
L_0000013abb19d280 .part L_0000013abb19d5a0, 6, 1;
L_0000013abb19ce20 .part L_0000013abb19f550, 7, 1;
L_0000013abb19cc40 .part L_0000013abb1a0130, 7, 1;
L_0000013abb19cce0 .part o0000013abb144058, 0, 1;
L_0000013abb19d000 .part o0000013abb144058, 0, 1;
L_0000013abb19d0a0 .part o0000013abb144058, 1, 1;
L_0000013abb19d140 .part o0000013abb144058, 1, 1;
L_0000013abb19f870 .part o0000013abb144058, 2, 1;
L_0000013abb19fb90 .part o0000013abb144058, 2, 1;
L_0000013abb1a0a90 .part o0000013abb144058, 3, 1;
L_0000013abb19feb0 .part o0000013abb144058, 3, 1;
L_0000013abb19fe10 .part o0000013abb144058, 4, 1;
L_0000013abb1a0270 .part o0000013abb144058, 4, 1;
L_0000013abb19f910 .part o0000013abb144058, 5, 1;
L_0000013abb1a0810 .part o0000013abb144058, 5, 1;
L_0000013abb1a0b30 .part o0000013abb144058, 6, 1;
L_0000013abb19ff50 .part o0000013abb144058, 6, 1;
LS_0000013abb1a0130_0_0 .concat8 [ 1 1 1 1], L_0000013abb141e50, L_0000013abb142010, L_0000013abb142080, L_0000013abb141a60;
LS_0000013abb1a0130_0_4 .concat8 [ 1 1 1 1], L_0000013abb141830, L_0000013abb141ec0, L_0000013abb141750, L_0000013abb1417c0;
L_0000013abb1a0130 .concat8 [ 4 4 0 0], LS_0000013abb1a0130_0_0, LS_0000013abb1a0130_0_4;
L_0000013abb19f4b0 .part o0000013abb144058, 7, 1;
LS_0000013abb19f550_0_0 .concat8 [ 1 1 1 1], L_0000013abb141980, L_0000013abb1419f0, L_0000013abb141bb0, L_0000013abb141d00;
LS_0000013abb19f550_0_4 .concat8 [ 1 1 1 1], L_0000013abb141ad0, L_0000013abb141c20, L_0000013abb141b40, L_0000013abb141c90;
L_0000013abb19f550 .concat8 [ 4 4 0 0], LS_0000013abb19f550_0_0, LS_0000013abb19f550_0_4;
L_0000013abb19edd0 .part o0000013abb144058, 7, 1;
S_0000013abb06d180 .scope module, "dff0" "d_ff" 2 32, 3 7 0, S_0000013abb06cff0;
 .timescale 0 0;
    .port_info 0 /OUTPUT 1 "Q";
    .port_info 1 /INPUT 1 "DATA";
    .port_info 2 /INPUT 1 "CLK";
    .port_info 3 /INPUT 1 "CLR";
    .port_info 4 /INPUT 1 "PRE";
v0000013abb13ed60_0 .net "CLK", 0 0, o0000013abb1431e8;  alias, 0 drivers
v0000013abb140520_0 .net "CLR", 0 0, L_0000013abb19cb00;  1 drivers
v0000013abb13fb20_0 .net "DATA", 0 0, o0000013abb143248;  alias, 0 drivers
v0000013abb13f760_0 .net "PRE", 0 0, L_0000013abb19dc80;  1 drivers
v0000013abb1408e0_0 .var "Q", 0 0;
E_0000013abb13de70/0 .event anyedge, v0000013abb13f760_0, v0000013abb140520_0;
E_0000013abb13de70/1 .event posedge, v0000013abb13ed60_0;
E_0000013abb13de70 .event/or E_0000013abb13de70/0, E_0000013abb13de70/1;
S_0000013abb19aae0 .scope module, "dff1" "d_ff" 2 33, 3 7 0, S_0000013abb06cff0;
 .timescale 0 0;
    .port_info 0 /OUTPUT 1 "Q";
    .port_info 1 /INPUT 1 "DATA";
    .port_info 2 /INPUT 1 "CLK";
    .port_info 3 /INPUT 1 "CLR";
    .port_info 4 /INPUT 1 "PRE";
v0000013abb1400c0_0 .net "CLK", 0 0, o0000013abb1431e8;  alias, 0 drivers
v0000013abb13fe40_0 .net "CLR", 0 0, L_0000013abb19e220;  1 drivers
v0000013abb13ee00_0 .net "DATA", 0 0, L_0000013abb19cd80;  1 drivers
v0000013abb13efe0_0 .net "PRE", 0 0, L_0000013abb19cba0;  1 drivers
v0000013abb1405c0_0 .var "Q", 0 0;
E_0000013abb13df70/0 .event anyedge, v0000013abb13efe0_0, v0000013abb13fe40_0;
E_0000013abb13df70/1 .event posedge, v0000013abb13ed60_0;
E_0000013abb13df70 .event/or E_0000013abb13df70/0, E_0000013abb13df70/1;
S_0000013abb19ac70 .scope module, "dff2" "d_ff" 2 34, 3 7 0, S_0000013abb06cff0;
 .timescale 0 0;
    .port_info 0 /OUTPUT 1 "Q";
    .port_info 1 /INPUT 1 "DATA";
    .port_info 2 /INPUT 1 "CLK";
    .port_info 3 /INPUT 1 "CLR";
    .port_info 4 /INPUT 1 "PRE";
v0000013abb13ef40_0 .net "CLK", 0 0, o0000013abb1431e8;  alias, 0 drivers
v0000013abb13f260_0 .net "CLR", 0 0, L_0000013abb19dd20;  1 drivers
v0000013abb13f3a0_0 .net "DATA", 0 0, L_0000013abb19dbe0;  1 drivers
v0000013abb140660_0 .net "PRE", 0 0, L_0000013abb19df00;  1 drivers
v0000013abb140700_0 .var "Q", 0 0;
E_0000013abb13dff0/0 .event anyedge, v0000013abb140660_0, v0000013abb13f260_0;
E_0000013abb13dff0/1 .event posedge, v0000013abb13ed60_0;
E_0000013abb13dff0 .event/or E_0000013abb13dff0/0, E_0000013abb13dff0/1;
S_0000013abb19ae00 .scope module, "dff3" "d_ff" 2 35, 3 7 0, S_0000013abb06cff0;
 .timescale 0 0;
    .port_info 0 /OUTPUT 1 "Q";
    .port_info 1 /INPUT 1 "DATA";
    .port_info 2 /INPUT 1 "CLK";
    .port_info 3 /INPUT 1 "CLR";
    .port_info 4 /INPUT 1 "PRE";
v0000013abb1407a0_0 .net "CLK", 0 0, o0000013abb1431e8;  alias, 0 drivers
v0000013abb13f080_0 .net "CLR", 0 0, L_0000013abb19e2c0;  1 drivers
v0000013abb140980_0 .net "DATA", 0 0, L_0000013abb19cf60;  1 drivers
v0000013abb13f1c0_0 .net "PRE", 0 0, L_0000013abb19dfa0;  1 drivers
v0000013abb13f940_0 .var "Q", 0 0;
E_0000013abb13e4b0/0 .event anyedge, v0000013abb13f1c0_0, v0000013abb13f080_0;
E_0000013abb13e4b0/1 .event posedge, v0000013abb13ed60_0;
E_0000013abb13e4b0 .event/or E_0000013abb13e4b0/0, E_0000013abb13e4b0/1;
S_0000013abb19af90 .scope module, "dff4" "d_ff" 2 36, 3 7 0, S_0000013abb06cff0;
 .timescale 0 0;
    .port_info 0 /OUTPUT 1 "Q";
    .port_info 1 /INPUT 1 "DATA";
    .port_info 2 /INPUT 1 "CLK";
    .port_info 3 /INPUT 1 "CLR";
    .port_info 4 /INPUT 1 "PRE";
v0000013abb13fc60_0 .net "CLK", 0 0, o0000013abb1431e8;  alias, 0 drivers
v0000013abb140840_0 .net "CLR", 0 0, L_0000013abb19db40;  1 drivers
v0000013abb140a20_0 .net "DATA", 0 0, L_0000013abb19e4a0;  1 drivers
v0000013abb140ac0_0 .net "PRE", 0 0, L_0000013abb19c7e0;  1 drivers
v0000013abb13f8a0_0 .var "Q", 0 0;
E_0000013abb13e970/0 .event anyedge, v0000013abb140ac0_0, v0000013abb140840_0;
E_0000013abb13e970/1 .event posedge, v0000013abb13ed60_0;
E_0000013abb13e970 .event/or E_0000013abb13e970/0, E_0000013abb13e970/1;
S_0000013abb19c130 .scope module, "dff5" "d_ff" 2 37, 3 7 0, S_0000013abb06cff0;
 .timescale 0 0;
    .port_info 0 /OUTPUT 1 "Q";
    .port_info 1 /INPUT 1 "DATA";
    .port_info 2 /INPUT 1 "CLK";
    .port_info 3 /INPUT 1 "CLR";
    .port_info 4 /INPUT 1 "PRE";
v0000013abb13fd00_0 .net "CLK", 0 0, o0000013abb1431e8;  alias, 0 drivers
v0000013abb13ecc0_0 .net "CLR", 0 0, L_0000013abb19c740;  1 drivers
v0000013abb13f9e0_0 .net "DATA", 0 0, L_0000013abb19e040;  1 drivers
v0000013abb13f620_0 .net "PRE", 0 0, L_0000013abb19c880;  1 drivers
v0000013abb13fbc0_0 .var "Q", 0 0;
E_0000013abb13e170/0 .event anyedge, v0000013abb13f620_0, v0000013abb13ecc0_0;
E_0000013abb13e170/1 .event posedge, v0000013abb13ed60_0;
E_0000013abb13e170 .event/or E_0000013abb13e170/0, E_0000013abb13e170/1;
S_0000013abb19c2c0 .scope module, "dff6" "d_ff" 2 38, 3 7 0, S_0000013abb06cff0;
 .timescale 0 0;
    .port_info 0 /OUTPUT 1 "Q";
    .port_info 1 /INPUT 1 "DATA";
    .port_info 2 /INPUT 1 "CLK";
    .port_info 3 /INPUT 1 "CLR";
    .port_info 4 /INPUT 1 "PRE";
v0000013abb140160_0 .net "CLK", 0 0, o0000013abb1431e8;  alias, 0 drivers
v0000013abb1402a0_0 .net "CLR", 0 0, L_0000013abb19c9c0;  1 drivers
v0000013abb13f300_0 .net "DATA", 0 0, L_0000013abb19c920;  1 drivers
v0000013abb140b60_0 .net "PRE", 0 0, L_0000013abb19ca60;  1 drivers
v0000013abb13ff80_0 .var "Q", 0 0;
E_0000013abb13e230/0 .event anyedge, v0000013abb140b60_0, v0000013abb1402a0_0;
E_0000013abb13e230/1 .event posedge, v0000013abb13ed60_0;
E_0000013abb13e230 .event/or E_0000013abb13e230/0, E_0000013abb13e230/1;
S_0000013abb19c450 .scope module, "dff7" "d_ff" 2 39, 3 7 0, S_0000013abb06cff0;
 .timescale 0 0;
    .port_info 0 /OUTPUT 1 "Q";
    .port_info 1 /INPUT 1 "DATA";
    .port_info 2 /INPUT 1 "CLK";
    .port_info 3 /INPUT 1 "CLR";
    .port_info 4 /INPUT 1 "PRE";
v0000013abb13fa80_0 .net "CLK", 0 0, o0000013abb1431e8;  alias, 0 drivers
v0000013abb13f440_0 .net "CLR", 0 0, L_0000013abb19ce20;  1 drivers
v0000013abb13f4e0_0 .net "DATA", 0 0, L_0000013abb19d280;  1 drivers
v0000013abb140340_0 .net "PRE", 0 0, L_0000013abb19cc40;  1 drivers
v0000013abb140480_0 .var "Q", 0 0;
E_0000013abb13e5f0/0 .event anyedge, v0000013abb140340_0, v0000013abb13f440_0;
E_0000013abb13e5f0/1 .event posedge, v0000013abb13ed60_0;
E_0000013abb13e5f0 .event/or E_0000013abb13e5f0/0, E_0000013abb13e5f0/1;
    .scope S_0000013abb06d180;
T_0 ;
    %pushi/vec4 0, 0, 1;
    %assign/vec4 v0000013abb1408e0_0, 0;
    %end;
    .thread T_0;
    .scope S_0000013abb06d180;
T_1 ;
    %wait E_0000013abb13de70;
    %load/vec4 v0000013abb140520_0;
    %pad/u 32;
    %cmpi/e 1, 0, 32;
    %flag_get/vec4 4;
    %jmp/0 T_1.2, 4;
    %load/vec4 v0000013abb13f760_0;
    %pad/u 32;
    %pushi/vec4 1, 0, 32;
    %cmp/e;
    %flag_get/vec4 4;
    %and;
T_1.2;
    %flag_set/vec4 8;
    %jmp/0xz  T_1.0, 8;
    %load/vec4 v0000013abb1408e0_0;
    %assign/vec4 v0000013abb1408e0_0, 0;
    %jmp T_1.1;
T_1.0 ;
    %load/vec4 v0000013abb140520_0;
    %pad/u 32;
    %cmpi/e 1, 0, 32;
    %jmp/0xz  T_1.3, 4;
    %pushi/vec4 0, 0, 1;
    %assign/vec4 v0000013abb1408e0_0, 0;
    %jmp T_1.4;
T_1.3 ;
    %load/vec4 v0000013abb13f760_0;
    %pad/u 32;
    %cmpi/e 1, 0, 32;
    %jmp/0xz  T_1.5, 4;
    %pushi/vec4 1, 0, 1;
    %assign/vec4 v0000013abb1408e0_0, 0;
    %jmp T_1.6;
T_1.5 ;
    %load/vec4 v0000013abb13fb20_0;
    %assign/vec4 v0000013abb1408e0_0, 0;
T_1.6 ;
T_1.4 ;
T_1.1 ;
    %jmp T_1;
    .thread T_1;
    .scope S_0000013abb19aae0;
T_2 ;
    %pushi/vec4 0, 0, 1;
    %assign/vec4 v0000013abb1405c0_0, 0;
    %end;
    .thread T_2;
    .scope S_0000013abb19aae0;
T_3 ;
    %wait E_0000013abb13df70;
    %load/vec4 v0000013abb13fe40_0;
    %pad/u 32;
    %cmpi/e 1, 0, 32;
    %flag_get/vec4 4;
    %jmp/0 T_3.2, 4;
    %load/vec4 v0000013abb13efe0_0;
    %pad/u 32;
    %pushi/vec4 1, 0, 32;
    %cmp/e;
    %flag_get/vec4 4;
    %and;
T_3.2;
    %flag_set/vec4 8;
    %jmp/0xz  T_3.0, 8;
    %load/vec4 v0000013abb1405c0_0;
    %assign/vec4 v0000013abb1405c0_0, 0;
    %jmp T_3.1;
T_3.0 ;
    %load/vec4 v0000013abb13fe40_0;
    %pad/u 32;
    %cmpi/e 1, 0, 32;
    %jmp/0xz  T_3.3, 4;
    %pushi/vec4 0, 0, 1;
    %assign/vec4 v0000013abb1405c0_0, 0;
    %jmp T_3.4;
T_3.3 ;
    %load/vec4 v0000013abb13efe0_0;
    %pad/u 32;
    %cmpi/e 1, 0, 32;
    %jmp/0xz  T_3.5, 4;
    %pushi/vec4 1, 0, 1;
    %assign/vec4 v0000013abb1405c0_0, 0;
    %jmp T_3.6;
T_3.5 ;
    %load/vec4 v0000013abb13ee00_0;
    %assign/vec4 v0000013abb1405c0_0, 0;
T_3.6 ;
T_3.4 ;
T_3.1 ;
    %jmp T_3;
    .thread T_3;
    .scope S_0000013abb19ac70;
T_4 ;
    %pushi/vec4 0, 0, 1;
    %assign/vec4 v0000013abb140700_0, 0;
    %end;
    .thread T_4;
    .scope S_0000013abb19ac70;
T_5 ;
    %wait E_0000013abb13dff0;
    %load/vec4 v0000013abb13f260_0;
    %pad/u 32;
    %cmpi/e 1, 0, 32;
    %flag_get/vec4 4;
    %jmp/0 T_5.2, 4;
    %load/vec4 v0000013abb140660_0;
    %pad/u 32;
    %pushi/vec4 1, 0, 32;
    %cmp/e;
    %flag_get/vec4 4;
    %and;
T_5.2;
    %flag_set/vec4 8;
    %jmp/0xz  T_5.0, 8;
    %load/vec4 v0000013abb140700_0;
    %assign/vec4 v0000013abb140700_0, 0;
    %jmp T_5.1;
T_5.0 ;
    %load/vec4 v0000013abb13f260_0;
    %pad/u 32;
    %cmpi/e 1, 0, 32;
    %jmp/0xz  T_5.3, 4;
    %pushi/vec4 0, 0, 1;
    %assign/vec4 v0000013abb140700_0, 0;
    %jmp T_5.4;
T_5.3 ;
    %load/vec4 v0000013abb140660_0;
    %pad/u 32;
    %cmpi/e 1, 0, 32;
    %jmp/0xz  T_5.5, 4;
    %pushi/vec4 1, 0, 1;
    %assign/vec4 v0000013abb140700_0, 0;
    %jmp T_5.6;
T_5.5 ;
    %load/vec4 v0000013abb13f3a0_0;
    %assign/vec4 v0000013abb140700_0, 0;
T_5.6 ;
T_5.4 ;
T_5.1 ;
    %jmp T_5;
    .thread T_5;
    .scope S_0000013abb19ae00;
T_6 ;
    %pushi/vec4 0, 0, 1;
    %assign/vec4 v0000013abb13f940_0, 0;
    %end;
    .thread T_6;
    .scope S_0000013abb19ae00;
T_7 ;
    %wait E_0000013abb13e4b0;
    %load/vec4 v0000013abb13f080_0;
    %pad/u 32;
    %cmpi/e 1, 0, 32;
    %flag_get/vec4 4;
    %jmp/0 T_7.2, 4;
    %load/vec4 v0000013abb13f1c0_0;
    %pad/u 32;
    %pushi/vec4 1, 0, 32;
    %cmp/e;
    %flag_get/vec4 4;
    %and;
T_7.2;
    %flag_set/vec4 8;
    %jmp/0xz  T_7.0, 8;
    %load/vec4 v0000013abb13f940_0;
    %assign/vec4 v0000013abb13f940_0, 0;
    %jmp T_7.1;
T_7.0 ;
    %load/vec4 v0000013abb13f080_0;
    %pad/u 32;
    %cmpi/e 1, 0, 32;
    %jmp/0xz  T_7.3, 4;
    %pushi/vec4 0, 0, 1;
    %assign/vec4 v0000013abb13f940_0, 0;
    %jmp T_7.4;
T_7.3 ;
    %load/vec4 v0000013abb13f1c0_0;
    %pad/u 32;
    %cmpi/e 1, 0, 32;
    %jmp/0xz  T_7.5, 4;
    %pushi/vec4 1, 0, 1;
    %assign/vec4 v0000013abb13f940_0, 0;
    %jmp T_7.6;
T_7.5 ;
    %load/vec4 v0000013abb140980_0;
    %assign/vec4 v0000013abb13f940_0, 0;
T_7.6 ;
T_7.4 ;
T_7.1 ;
    %jmp T_7;
    .thread T_7;
    .scope S_0000013abb19af90;
T_8 ;
    %pushi/vec4 0, 0, 1;
    %assign/vec4 v0000013abb13f8a0_0, 0;
    %end;
    .thread T_8;
    .scope S_0000013abb19af90;
T_9 ;
    %wait E_0000013abb13e970;
    %load/vec4 v0000013abb140840_0;
    %pad/u 32;
    %cmpi/e 1, 0, 32;
    %flag_get/vec4 4;
    %jmp/0 T_9.2, 4;
    %load/vec4 v0000013abb140ac0_0;
    %pad/u 32;
    %pushi/vec4 1, 0, 32;
    %cmp/e;
    %flag_get/vec4 4;
    %and;
T_9.2;
    %flag_set/vec4 8;
    %jmp/0xz  T_9.0, 8;
    %load/vec4 v0000013abb13f8a0_0;
    %assign/vec4 v0000013abb13f8a0_0, 0;
    %jmp T_9.1;
T_9.0 ;
    %load/vec4 v0000013abb140840_0;
    %pad/u 32;
    %cmpi/e 1, 0, 32;
    %jmp/0xz  T_9.3, 4;
    %pushi/vec4 0, 0, 1;
    %assign/vec4 v0000013abb13f8a0_0, 0;
    %jmp T_9.4;
T_9.3 ;
    %load/vec4 v0000013abb140ac0_0;
    %pad/u 32;
    %cmpi/e 1, 0, 32;
    %jmp/0xz  T_9.5, 4;
    %pushi/vec4 1, 0, 1;
    %assign/vec4 v0000013abb13f8a0_0, 0;
    %jmp T_9.6;
T_9.5 ;
    %load/vec4 v0000013abb140a20_0;
    %assign/vec4 v0000013abb13f8a0_0, 0;
T_9.6 ;
T_9.4 ;
T_9.1 ;
    %jmp T_9;
    .thread T_9;
    .scope S_0000013abb19c130;
T_10 ;
    %pushi/vec4 0, 0, 1;
    %assign/vec4 v0000013abb13fbc0_0, 0;
    %end;
    .thread T_10;
    .scope S_0000013abb19c130;
T_11 ;
    %wait E_0000013abb13e170;
    %load/vec4 v0000013abb13ecc0_0;
    %pad/u 32;
    %cmpi/e 1, 0, 32;
    %flag_get/vec4 4;
    %jmp/0 T_11.2, 4;
    %load/vec4 v0000013abb13f620_0;
    %pad/u 32;
    %pushi/vec4 1, 0, 32;
    %cmp/e;
    %flag_get/vec4 4;
    %and;
T_11.2;
    %flag_set/vec4 8;
    %jmp/0xz  T_11.0, 8;
    %load/vec4 v0000013abb13fbc0_0;
    %assign/vec4 v0000013abb13fbc0_0, 0;
    %jmp T_11.1;
T_11.0 ;
    %load/vec4 v0000013abb13ecc0_0;
    %pad/u 32;
    %cmpi/e 1, 0, 32;
    %jmp/0xz  T_11.3, 4;
    %pushi/vec4 0, 0, 1;
    %assign/vec4 v0000013abb13fbc0_0, 0;
    %jmp T_11.4;
T_11.3 ;
    %load/vec4 v0000013abb13f620_0;
    %pad/u 32;
    %cmpi/e 1, 0, 32;
    %jmp/0xz  T_11.5, 4;
    %pushi/vec4 1, 0, 1;
    %assign/vec4 v0000013abb13fbc0_0, 0;
    %jmp T_11.6;
T_11.5 ;
    %load/vec4 v0000013abb13f9e0_0;
    %assign/vec4 v0000013abb13fbc0_0, 0;
T_11.6 ;
T_11.4 ;
T_11.1 ;
    %jmp T_11;
    .thread T_11;
    .scope S_0000013abb19c2c0;
T_12 ;
    %pushi/vec4 0, 0, 1;
    %assign/vec4 v0000013abb13ff80_0, 0;
    %end;
    .thread T_12;
    .scope S_0000013abb19c2c0;
T_13 ;
    %wait E_0000013abb13e230;
    %load/vec4 v0000013abb1402a0_0;
    %pad/u 32;
    %cmpi/e 1, 0, 32;
    %flag_get/vec4 4;
    %jmp/0 T_13.2, 4;
    %load/vec4 v0000013abb140b60_0;
    %pad/u 32;
    %pushi/vec4 1, 0, 32;
    %cmp/e;
    %flag_get/vec4 4;
    %and;
T_13.2;
    %flag_set/vec4 8;
    %jmp/0xz  T_13.0, 8;
    %load/vec4 v0000013abb13ff80_0;
    %assign/vec4 v0000013abb13ff80_0, 0;
    %jmp T_13.1;
T_13.0 ;
    %load/vec4 v0000013abb1402a0_0;
    %pad/u 32;
    %cmpi/e 1, 0, 32;
    %jmp/0xz  T_13.3, 4;
    %pushi/vec4 0, 0, 1;
    %assign/vec4 v0000013abb13ff80_0, 0;
    %jmp T_13.4;
T_13.3 ;
    %load/vec4 v0000013abb140b60_0;
    %pad/u 32;
    %cmpi/e 1, 0, 32;
    %jmp/0xz  T_13.5, 4;
    %pushi/vec4 1, 0, 1;
    %assign/vec4 v0000013abb13ff80_0, 0;
    %jmp T_13.6;
T_13.5 ;
    %load/vec4 v0000013abb13f300_0;
    %assign/vec4 v0000013abb13ff80_0, 0;
T_13.6 ;
T_13.4 ;
T_13.1 ;
    %jmp T_13;
    .thread T_13;
    .scope S_0000013abb19c450;
T_14 ;
    %pushi/vec4 0, 0, 1;
    %assign/vec4 v0000013abb140480_0, 0;
    %end;
    .thread T_14;
    .scope S_0000013abb19c450;
T_15 ;
    %wait E_0000013abb13e5f0;
    %load/vec4 v0000013abb13f440_0;
    %pad/u 32;
    %cmpi/e 1, 0, 32;
    %flag_get/vec4 4;
    %jmp/0 T_15.2, 4;
    %load/vec4 v0000013abb140340_0;
    %pad/u 32;
    %pushi/vec4 1, 0, 32;
    %cmp/e;
    %flag_get/vec4 4;
    %and;
T_15.2;
    %flag_set/vec4 8;
    %jmp/0xz  T_15.0, 8;
    %load/vec4 v0000013abb140480_0;
    %assign/vec4 v0000013abb140480_0, 0;
    %jmp T_15.1;
T_15.0 ;
    %load/vec4 v0000013abb13f440_0;
    %pad/u 32;
    %cmpi/e 1, 0, 32;
    %jmp/0xz  T_15.3, 4;
    %pushi/vec4 0, 0, 1;
    %assign/vec4 v0000013abb140480_0, 0;
    %jmp T_15.4;
T_15.3 ;
    %load/vec4 v0000013abb140340_0;
    %pad/u 32;
    %cmpi/e 1, 0, 32;
    %jmp/0xz  T_15.5, 4;
    %pushi/vec4 1, 0, 1;
    %assign/vec4 v0000013abb140480_0, 0;
    %jmp T_15.6;
T_15.5 ;
    %load/vec4 v0000013abb13f4e0_0;
    %assign/vec4 v0000013abb140480_0, 0;
T_15.6 ;
T_15.4 ;
T_15.1 ;
    %jmp T_15;
    .thread T_15;
# The file index is used to find the file name in the following table.
:file_names 4;
    "N/A";
    "<interactive>";
    "shift_register.v";
    "./d_ff.v";
