#! /usr/bin/vvp
:ivl_version "11.0 (stable)";
:ivl_delay_selection "TYPICAL";
:vpi_time_precision + 0;
:vpi_module "/usr/lib/x86_64-linux-gnu/ivl/system.vpi";
:vpi_module "/usr/lib/x86_64-linux-gnu/ivl/vhdl_sys.vpi";
:vpi_module "/usr/lib/x86_64-linux-gnu/ivl/vhdl_textio.vpi";
:vpi_module "/usr/lib/x86_64-linux-gnu/ivl/v2005_math.vpi";
:vpi_module "/usr/lib/x86_64-linux-gnu/ivl/va_math.vpi";
S_0x5dd70f7d6bc0 .scope module, "DEC24_method1" "DEC24_method1" 2 60;
 .timescale 0 0;
    .port_info 0 /INPUT 1 "en";
    .port_info 1 /INPUT 2 "in";
    .port_info 2 /OUTPUT 4 "y";
o0x703aa3241018 .functor BUFZ 1, C4<z>; HiZ drive
v0x5dd70f7bad50_0 .net "en", 0 0, o0x703aa3241018;  0 drivers
o0x703aa3241048 .functor BUFZ 2, C4<zz>; HiZ drive
v0x5dd70f8032f0_0 .net "in", 1 0, o0x703aa3241048;  0 drivers
v0x5dd70f8033d0_0 .var "y", 3 0;
E_0x5dd70f7d5950 .event edge, v0x5dd70f8032f0_0, v0x5dd70f7bad50_0;
S_0x5dd70f7d6d50 .scope module, "DEC24_method2" "DEC24_method2" 2 75;
 .timescale 0 0;
    .port_info 0 /INPUT 1 "EN";
    .port_info 1 /INPUT 2 "IN";
    .port_info 2 /OUTPUT 4 "Y";
o0x703aa3241138 .functor BUFZ 1, C4<z>; HiZ drive
v0x5dd70f803540_0 .net "EN", 0 0, o0x703aa3241138;  0 drivers
o0x703aa3241168 .functor BUFZ 2, C4<zz>; HiZ drive
v0x5dd70f803600_0 .net "IN", 1 0, o0x703aa3241168;  0 drivers
v0x5dd70f8036e0_0 .net "Y", 3 0, L_0x5dd70f817800;  1 drivers
v0x5dd70f8037d0_0 .net *"_ivl_0", 31 0, L_0x5dd70f8073d0;  1 drivers
v0x5dd70f8038b0_0 .net *"_ivl_10", 3 0, L_0x5dd70f8176b0;  1 drivers
L_0x703aa2fb70f0 .functor BUFT 1, C4<0000>, C4<0>, C4<0>, C4<0>;
v0x5dd70f803990_0 .net/2u *"_ivl_12", 3 0, L_0x703aa2fb70f0;  1 drivers
L_0x703aa2fb7018 .functor BUFT 1, C4<0000000000000000000000000000000>, C4<0>, C4<0>, C4<0>;
v0x5dd70f803a70_0 .net *"_ivl_3", 30 0, L_0x703aa2fb7018;  1 drivers
L_0x703aa2fb7060 .functor BUFT 1, C4<00000000000000000000000000000001>, C4<0>, C4<0>, C4<0>;
v0x5dd70f803b50_0 .net/2u *"_ivl_4", 31 0, L_0x703aa2fb7060;  1 drivers
v0x5dd70f803c30_0 .net *"_ivl_6", 0 0, L_0x5dd70f817540;  1 drivers
L_0x703aa2fb70a8 .functor BUFT 1, C4<0001>, C4<0>, C4<0>, C4<0>;
v0x5dd70f803cf0_0 .net/2u *"_ivl_8", 3 0, L_0x703aa2fb70a8;  1 drivers
L_0x5dd70f8073d0 .concat [ 1 31 0 0], o0x703aa3241138, L_0x703aa2fb7018;
L_0x5dd70f817540 .cmp/eq 32, L_0x5dd70f8073d0, L_0x703aa2fb7060;
L_0x5dd70f8176b0 .shift/l 4, L_0x703aa2fb70a8, o0x703aa3241168;
L_0x5dd70f817800 .functor MUXZ 4, L_0x703aa2fb70f0, L_0x5dd70f8176b0, L_0x5dd70f817540, C4<>;
S_0x5dd70f7d80b0 .scope module, "DEC24_method3" "DEC24_method3" 2 84;
 .timescale 0 0;
    .port_info 0 /INPUT 1 "HL";
    .port_info 1 /INPUT 1 "EN";
    .port_info 2 /INPUT 2 "IN";
    .port_info 3 /OUTPUT 4 "Y";
L_0x5dd70f818260 .functor NOT 4, L_0x5dd70f817d90, C4<0000>, C4<0000>, C4<0000>;
o0x703aa32413a8 .functor BUFZ 1, C4<z>; HiZ drive
v0x5dd70f803e50_0 .net "EN", 0 0, o0x703aa32413a8;  0 drivers
o0x703aa32413d8 .functor BUFZ 1, C4<z>; HiZ drive
v0x5dd70f803f10_0 .net "HL", 0 0, o0x703aa32413d8;  0 drivers
o0x703aa3241408 .functor BUFZ 2, C4<zz>; HiZ drive
v0x5dd70f803fd0_0 .net "IN", 1 0, o0x703aa3241408;  0 drivers
v0x5dd70f804090_0 .net "Y", 3 0, L_0x5dd70f818320;  1 drivers
v0x5dd70f804170_0 .net *"_ivl_0", 31 0, L_0x5dd70f8179f0;  1 drivers
v0x5dd70f804250_0 .net *"_ivl_10", 3 0, L_0x5dd70f817c70;  1 drivers
L_0x703aa2fb7210 .functor BUFT 1, C4<0000>, C4<0>, C4<0>, C4<0>;
v0x5dd70f804330_0 .net/2u *"_ivl_12", 3 0, L_0x703aa2fb7210;  1 drivers
v0x5dd70f804410_0 .net *"_ivl_16", 31 0, L_0x5dd70f817f80;  1 drivers
L_0x703aa2fb7258 .functor BUFT 1, C4<0000000000000000000000000000000>, C4<0>, C4<0>, C4<0>;
v0x5dd70f8044f0_0 .net *"_ivl_19", 30 0, L_0x703aa2fb7258;  1 drivers
L_0x703aa2fb72a0 .functor BUFT 1, C4<00000000000000000000000000000001>, C4<0>, C4<0>, C4<0>;
v0x5dd70f8045d0_0 .net/2u *"_ivl_20", 31 0, L_0x703aa2fb72a0;  1 drivers
v0x5dd70f8046b0_0 .net *"_ivl_22", 0 0, L_0x5dd70f818100;  1 drivers
v0x5dd70f804770_0 .net *"_ivl_24", 3 0, L_0x5dd70f818260;  1 drivers
L_0x703aa2fb7138 .functor BUFT 1, C4<0000000000000000000000000000000>, C4<0>, C4<0>, C4<0>;
v0x5dd70f804850_0 .net *"_ivl_3", 30 0, L_0x703aa2fb7138;  1 drivers
L_0x703aa2fb7180 .functor BUFT 1, C4<00000000000000000000000000000001>, C4<0>, C4<0>, C4<0>;
v0x5dd70f804930_0 .net/2u *"_ivl_4", 31 0, L_0x703aa2fb7180;  1 drivers
v0x5dd70f804a10_0 .net *"_ivl_6", 0 0, L_0x5dd70f817b30;  1 drivers
L_0x703aa2fb71c8 .functor BUFT 1, C4<0001>, C4<0>, C4<0>, C4<0>;
v0x5dd70f804ad0_0 .net/2u *"_ivl_8", 3 0, L_0x703aa2fb71c8;  1 drivers
v0x5dd70f804bb0_0 .net "temp", 3 0, L_0x5dd70f817d90;  1 drivers
L_0x5dd70f8179f0 .concat [ 1 31 0 0], o0x703aa32413a8, L_0x703aa2fb7138;
L_0x5dd70f817b30 .cmp/eq 32, L_0x5dd70f8179f0, L_0x703aa2fb7180;
L_0x5dd70f817c70 .shift/l 4, L_0x703aa2fb71c8, o0x703aa3241408;
L_0x5dd70f817d90 .functor MUXZ 4, L_0x703aa2fb7210, L_0x5dd70f817c70, L_0x5dd70f817b30, C4<>;
L_0x5dd70f817f80 .concat [ 1 31 0 0], o0x703aa32413d8, L_0x703aa2fb7258;
L_0x5dd70f818100 .cmp/eq 32, L_0x5dd70f817f80, L_0x703aa2fb72a0;
L_0x5dd70f818320 .functor MUXZ 4, L_0x5dd70f818260, L_0x5dd70f817d90, L_0x5dd70f818100, C4<>;
S_0x5dd70f7d82b0 .scope module, "DEC24_method4" "DEC24_method4" 2 96;
 .timescale 0 0;
    .port_info 0 /INPUT 1 "HL";
    .port_info 1 /INPUT 1 "EN";
    .port_info 2 /INPUT 2 "IN";
    .port_info 3 /OUTPUT 4 "Y";
L_0x5dd70f818690 .functor NOT 4, v0x5dd70f8055e0_0, C4<0000>, C4<0000>, C4<0000>;
o0x703aa3241798 .functor BUFZ 1, C4<z>; HiZ drive
v0x5dd70f804e60_0 .net "EN", 0 0, o0x703aa3241798;  0 drivers
o0x703aa32417c8 .functor BUFZ 1, C4<z>; HiZ drive
v0x5dd70f804f40_0 .net "HL", 0 0, o0x703aa32417c8;  0 drivers
o0x703aa32417f8 .functor BUFZ 2, C4<zz>; HiZ drive
v0x5dd70f805000_0 .net "IN", 1 0, o0x703aa32417f8;  0 drivers
v0x5dd70f8050c0_0 .net "Y", 3 0, L_0x5dd70f818700;  1 drivers
v0x5dd70f8051a0_0 .net *"_ivl_0", 31 0, L_0x5dd70f818460;  1 drivers
L_0x703aa2fb72e8 .functor BUFT 1, C4<0000000000000000000000000000000>, C4<0>, C4<0>, C4<0>;
v0x5dd70f805280_0 .net *"_ivl_3", 30 0, L_0x703aa2fb72e8;  1 drivers
L_0x703aa2fb7330 .functor BUFT 1, C4<00000000000000000000000000000001>, C4<0>, C4<0>, C4<0>;
v0x5dd70f805360_0 .net/2u *"_ivl_4", 31 0, L_0x703aa2fb7330;  1 drivers
v0x5dd70f805440_0 .net *"_ivl_6", 0 0, L_0x5dd70f818550;  1 drivers
v0x5dd70f805500_0 .net *"_ivl_8", 3 0, L_0x5dd70f818690;  1 drivers
v0x5dd70f8055e0_0 .var "temp", 3 0;
E_0x5dd70f7baa30 .event edge, v0x5dd70f805000_0, v0x5dd70f804e60_0, v0x5dd70f804f40_0;
L_0x5dd70f818460 .concat [ 1 31 0 0], o0x703aa32417c8, L_0x703aa2fb72e8;
L_0x5dd70f818550 .cmp/eq 32, L_0x5dd70f818460, L_0x703aa2fb7330;
L_0x5dd70f818700 .functor MUXZ 4, L_0x5dd70f818690, v0x5dd70f8055e0_0, L_0x5dd70f818550, C4<>;
S_0x5dd70f7da080 .scope module, "DEC24_method5" "DEC24_method5" 2 111;
 .timescale 0 0;
    .port_info 0 /INPUT 1 "HL";
    .port_info 1 /INPUT 1 "EN";
    .port_info 2 /INPUT 2 "IN";
    .port_info 3 /OUTPUT 4 "Y";
o0x703aa3241a38 .functor BUFZ 1, C4<z>; HiZ drive
v0x5dd70f805780_0 .net "EN", 0 0, o0x703aa3241a38;  0 drivers
o0x703aa3241a68 .functor BUFZ 1, C4<z>; HiZ drive
v0x5dd70f805860_0 .net "HL", 0 0, o0x703aa3241a68;  0 drivers
o0x703aa3241a98 .functor BUFZ 2, C4<zz>; HiZ drive
v0x5dd70f805920_0 .net "IN", 1 0, o0x703aa3241a98;  0 drivers
v0x5dd70f8059e0_0 .var "Y", 3 0;
E_0x5dd70f7e5260 .event edge, v0x5dd70f805920_0, v0x5dd70f805780_0, v0x5dd70f805860_0;
S_0x5dd70f7da2d0 .scope module, "decode_2_4" "decode_2_4" 2 10;
 .timescale 0 0;
    .port_info 0 /INPUT 1 "HL";
    .port_info 1 /INPUT 1 "EN";
    .port_info 2 /INPUT 2 "IN";
    .port_info 3 /OUTPUT 4 "OUT";
L_0x5dd70f818b20 .functor NOT 4, v0x5dd70f806330_0, C4<0000>, C4<0000>, C4<0000>;
o0x703aa3241bb8 .functor BUFZ 1, C4<z>; HiZ drive
v0x5dd70f805bb0_0 .net "EN", 0 0, o0x703aa3241bb8;  0 drivers
o0x703aa3241be8 .functor BUFZ 1, C4<z>; HiZ drive
v0x5dd70f805c90_0 .net "HL", 0 0, o0x703aa3241be8;  0 drivers
o0x703aa3241c18 .functor BUFZ 2, C4<zz>; HiZ drive
v0x5dd70f805d50_0 .net "IN", 1 0, o0x703aa3241c18;  0 drivers
v0x5dd70f805e10_0 .net "OUT", 3 0, L_0x5dd70f818b90;  1 drivers
v0x5dd70f805ef0_0 .net *"_ivl_0", 31 0, L_0x5dd70f8188c0;  1 drivers
L_0x703aa2fb7378 .functor BUFT 1, C4<0000000000000000000000000000000>, C4<0>, C4<0>, C4<0>;
v0x5dd70f805fd0_0 .net *"_ivl_3", 30 0, L_0x703aa2fb7378;  1 drivers
L_0x703aa2fb73c0 .functor BUFT 1, C4<00000000000000000000000000000001>, C4<0>, C4<0>, C4<0>;
v0x5dd70f8060b0_0 .net/2u *"_ivl_4", 31 0, L_0x703aa2fb73c0;  1 drivers
v0x5dd70f806190_0 .net *"_ivl_6", 0 0, L_0x5dd70f8189b0;  1 drivers
v0x5dd70f806250_0 .net *"_ivl_8", 3 0, L_0x5dd70f818b20;  1 drivers
v0x5dd70f806330_0 .var "tmp", 3 0;
E_0x5dd70f7e5470 .event edge, v0x5dd70f805e10_0, v0x5dd70f805bb0_0;
L_0x5dd70f8188c0 .concat [ 1 31 0 0], o0x703aa3241be8, L_0x703aa2fb7378;
L_0x5dd70f8189b0 .cmp/eq 32, L_0x5dd70f8188c0, L_0x703aa2fb73c0;
L_0x5dd70f818b90 .functor MUXZ 4, L_0x5dd70f818b20, v0x5dd70f806330_0, L_0x5dd70f8189b0, C4<>;
S_0x5dd70f7dc700 .scope module, "decode_2_4_method0" "decode_2_4_method0" 2 37;
 .timescale 0 0;
    .port_info 0 /INPUT 1 "HL";
    .port_info 1 /INPUT 1 "EN";
    .port_info 2 /INPUT 2 "IN";
    .port_info 3 /OUTPUT 4 "OUT";
L_0x5dd70f818fb0 .functor NOT 4, v0x5dd70f806c50_0, C4<0000>, C4<0000>, C4<0000>;
o0x703aa3241e58 .functor BUFZ 1, C4<z>; HiZ drive
v0x5dd70f8064d0_0 .net "EN", 0 0, o0x703aa3241e58;  0 drivers
o0x703aa3241e88 .functor BUFZ 1, C4<z>; HiZ drive
v0x5dd70f8065b0_0 .net "HL", 0 0, o0x703aa3241e88;  0 drivers
o0x703aa3241eb8 .functor BUFZ 2, C4<zz>; HiZ drive
v0x5dd70f806670_0 .net "IN", 1 0, o0x703aa3241eb8;  0 drivers
v0x5dd70f806730_0 .net "OUT", 3 0, L_0x5dd70f819020;  1 drivers
v0x5dd70f806810_0 .net *"_ivl_0", 31 0, L_0x5dd70f818d50;  1 drivers
L_0x703aa2fb7408 .functor BUFT 1, C4<0000000000000000000000000000000>, C4<0>, C4<0>, C4<0>;
v0x5dd70f8068f0_0 .net *"_ivl_3", 30 0, L_0x703aa2fb7408;  1 drivers
L_0x703aa2fb7450 .functor BUFT 1, C4<00000000000000000000000000000001>, C4<0>, C4<0>, C4<0>;
v0x5dd70f8069d0_0 .net/2u *"_ivl_4", 31 0, L_0x703aa2fb7450;  1 drivers
v0x5dd70f806ab0_0 .net *"_ivl_6", 0 0, L_0x5dd70f818e40;  1 drivers
v0x5dd70f806b70_0 .net *"_ivl_8", 3 0, L_0x5dd70f818fb0;  1 drivers
v0x5dd70f806c50_0 .var "tmp", 3 0;
E_0x5dd70f7e5710 .event edge, v0x5dd70f806730_0, v0x5dd70f8064d0_0;
L_0x5dd70f818d50 .concat [ 1 31 0 0], o0x703aa3241e88, L_0x703aa2fb7408;
L_0x5dd70f818e40 .cmp/eq 32, L_0x5dd70f818d50, L_0x703aa2fb7450;
L_0x5dd70f819020 .functor MUXZ 4, L_0x5dd70f818fb0, v0x5dd70f806c50_0, L_0x5dd70f818e40, C4<>;
S_0x5dd70f7dc890 .scope module, "decode_2_4_method7" "decode_2_4_method7" 2 145;
 .timescale 0 0;
    .port_info 0 /INPUT 2 "IN";
    .port_info 1 /OUTPUT 4 "OUT";
o0x703aa32420f8 .functor BUFZ 2, C4<zz>; HiZ drive
v0x5dd70f806e30_0 .net "IN", 1 0, o0x703aa32420f8;  0 drivers
v0x5dd70f806f30_0 .var "OUT", 3 0;
E_0x5dd70f806db0 .event edge, v0x5dd70f806f30_0;
S_0x5dd70f7dca20 .scope module, "encode_2_4_method6" "encode_2_4_method6" 2 125;
 .timescale 0 0;
    .port_info 0 /INPUT 1 "EN";
    .port_info 1 /INPUT 2 "IN";
    .port_info 2 /OUTPUT 4 "OUT";
o0x703aa32421b8 .functor BUFZ 1, C4<z>; HiZ drive
v0x5dd70f8070d0_0 .net "EN", 0 0, o0x703aa32421b8;  0 drivers
o0x703aa32421e8 .functor BUFZ 2, C4<zz>; HiZ drive
v0x5dd70f8071b0_0 .net "IN", 1 0, o0x703aa32421e8;  0 drivers
v0x5dd70f807290_0 .var "OUT", 3 0;
E_0x5dd70f807070 .event edge, v0x5dd70f807290_0, v0x5dd70f8070d0_0;
    .scope S_0x5dd70f7d6bc0;
T_0 ;
    %wait E_0x5dd70f7d5950;
    %load/vec4 v0x5dd70f7bad50_0;
    %pad/u 32;
    %cmpi/e 0, 0, 32;
    %jmp/0xz  T_0.0, 4;
    %pushi/vec4 0, 0, 4;
    %store/vec4 v0x5dd70f8033d0_0, 0, 4;
    %jmp T_0.1;
T_0.0 ;
    %load/vec4 v0x5dd70f8032f0_0;
    %pad/u 32;
    %cmpi/e 0, 0, 32;
    %flag_mov 8, 4;
    %jmp/0 T_0.2, 8;
    %pushi/vec4 1, 0, 5;
    %jmp/1 T_0.3, 8;
T_0.2 ; End of true expr.
    %load/vec4 v0x5dd70f8032f0_0;
    %pad/u 32;
    %cmpi/e 1, 0, 32;
    %flag_mov 9, 4;
    %jmp/0 T_0.4, 9;
    %pushi/vec4 2, 0, 5;
    %jmp/1 T_0.5, 9;
T_0.4 ; End of true expr.
    %load/vec4 v0x5dd70f8032f0_0;
    %pad/u 32;
    %cmpi/e 2, 0, 32;
    %flag_mov 10, 4;
    %jmp/0 T_0.6, 10;
    %pushi/vec4 4, 0, 5;
    %jmp/1 T_0.7, 10;
T_0.6 ; End of true expr.
    %pushi/vec4 8, 0, 5;
    %jmp/0 T_0.7, 10;
 ; End of false expr.
    %blend;
T_0.7;
    %jmp/0 T_0.5, 9;
 ; End of false expr.
    %blend;
T_0.5;
    %jmp/0 T_0.3, 8;
 ; End of false expr.
    %blend;
T_0.3;
    %pad/s 4;
    %store/vec4 v0x5dd70f8033d0_0, 0, 4;
T_0.1 ;
    %jmp T_0;
    .thread T_0, $push;
    .scope S_0x5dd70f7d82b0;
T_1 ;
    %wait E_0x5dd70f7baa30;
    %load/vec4 v0x5dd70f804e60_0;
    %pad/u 32;
    %cmpi/e 1, 0, 32;
    %flag_mov 8, 4;
    %jmp/0 T_1.0, 8;
    %pushi/vec4 1, 0, 4;
    %ix/getv 4, v0x5dd70f805000_0;
    %shiftl 4;
    %jmp/1 T_1.1, 8;
T_1.0 ; End of true expr.
    %pushi/vec4 0, 0, 4;
    %jmp/0 T_1.1, 8;
 ; End of false expr.
    %blend;
T_1.1;
    %store/vec4 v0x5dd70f8055e0_0, 0, 4;
    %jmp T_1;
    .thread T_1, $push;
    .scope S_0x5dd70f7da080;
T_2 ;
    %wait E_0x5dd70f7e5260;
    %load/vec4 v0x5dd70f805860_0;
    %pad/u 32;
    %cmpi/e 1, 0, 32;
    %flag_mov 8, 4;
    %jmp/0 T_2.0, 8;
    %load/vec4 v0x5dd70f805780_0;
    %pad/u 32;
    %cmpi/e 1, 0, 32;
    %flag_mov 9, 4;
    %jmp/0 T_2.2, 9;
    %pushi/vec4 1, 0, 4;
    %ix/getv 4, v0x5dd70f805920_0;
    %shiftl 4;
    %jmp/1 T_2.3, 9;
T_2.2 ; End of true expr.
    %pushi/vec4 0, 0, 4;
    %jmp/0 T_2.3, 9;
 ; End of false expr.
    %blend;
T_2.3;
    %jmp/1 T_2.1, 8;
T_2.0 ; End of true expr.
    %load/vec4 v0x5dd70f805780_0;
    %pad/u 32;
    %cmpi/e 1, 0, 32;
    %flag_mov 9, 4;
    %jmp/0 T_2.4, 9;
    %pushi/vec4 1, 0, 4;
    %ix/getv 4, v0x5dd70f805920_0;
    %shiftl 4;
    %inv;
    %jmp/1 T_2.5, 9;
T_2.4 ; End of true expr.
    %pushi/vec4 1, 0, 4;
    %jmp/0 T_2.5, 9;
 ; End of false expr.
    %blend;
T_2.5;
    %jmp/0 T_2.1, 8;
 ; End of false expr.
    %blend;
T_2.1;
    %store/vec4 v0x5dd70f8059e0_0, 0, 4;
    %jmp T_2;
    .thread T_2, $push;
    .scope S_0x5dd70f7da2d0;
T_3 ;
    %wait E_0x5dd70f7e5470;
    %load/vec4 v0x5dd70f805bb0_0;
    %pad/u 32;
    %cmpi/e 0, 0, 32;
    %jmp/0xz  T_3.0, 4;
    %pushi/vec4 0, 0, 4;
    %store/vec4 v0x5dd70f806330_0, 0, 4;
    %jmp T_3.1;
T_3.0 ;
    %load/vec4 v0x5dd70f805d50_0;
    %pad/u 32;
    %cmpi/e 0, 0, 32;
    %jmp/0xz  T_3.2, 4;
    %pushi/vec4 1, 0, 4;
    %store/vec4 v0x5dd70f806330_0, 0, 4;
    %jmp T_3.3;
T_3.2 ;
    %load/vec4 v0x5dd70f805d50_0;
    %pad/u 32;
    %cmpi/e 1, 0, 32;
    %jmp/0xz  T_3.4, 4;
    %pushi/vec4 2, 0, 4;
    %store/vec4 v0x5dd70f806330_0, 0, 4;
    %jmp T_3.5;
T_3.4 ;
    %load/vec4 v0x5dd70f805d50_0;
    %pad/u 32;
    %cmpi/e 2, 0, 32;
    %jmp/0xz  T_3.6, 4;
    %pushi/vec4 4, 0, 4;
    %store/vec4 v0x5dd70f806330_0, 0, 4;
    %jmp T_3.7;
T_3.6 ;
    %pushi/vec4 8, 0, 4;
    %store/vec4 v0x5dd70f806330_0, 0, 4;
T_3.7 ;
T_3.5 ;
T_3.3 ;
T_3.1 ;
    %jmp T_3;
    .thread T_3, $push;
    .scope S_0x5dd70f7dc700;
T_4 ;
    %wait E_0x5dd70f7e5710;
    %load/vec4 v0x5dd70f8064d0_0;
    %pad/u 32;
    %cmpi/e 0, 0, 32;
    %jmp/0xz  T_4.0, 4;
    %pushi/vec4 0, 0, 4;
    %store/vec4 v0x5dd70f806c50_0, 0, 4;
    %jmp T_4.1;
T_4.0 ;
    %load/vec4 v0x5dd70f806670_0;
    %dup/vec4;
    %pushi/vec4 0, 0, 2;
    %cmp/u;
    %jmp/1 T_4.2, 6;
    %dup/vec4;
    %pushi/vec4 1, 0, 2;
    %cmp/u;
    %jmp/1 T_4.3, 6;
    %dup/vec4;
    %pushi/vec4 2, 0, 2;
    %cmp/u;
    %jmp/1 T_4.4, 6;
    %dup/vec4;
    %pushi/vec4 3, 0, 2;
    %cmp/u;
    %jmp/1 T_4.5, 6;
    %jmp T_4.6;
T_4.2 ;
    %pushi/vec4 1, 0, 4;
    %store/vec4 v0x5dd70f806c50_0, 0, 4;
    %jmp T_4.6;
T_4.3 ;
    %pushi/vec4 2, 0, 4;
    %store/vec4 v0x5dd70f806c50_0, 0, 4;
    %jmp T_4.6;
T_4.4 ;
    %pushi/vec4 4, 0, 4;
    %store/vec4 v0x5dd70f806c50_0, 0, 4;
    %jmp T_4.6;
T_4.5 ;
    %pushi/vec4 8, 0, 4;
    %store/vec4 v0x5dd70f806c50_0, 0, 4;
    %jmp T_4.6;
T_4.6 ;
    %pop/vec4 1;
T_4.1 ;
    %jmp T_4;
    .thread T_4, $push;
    .scope S_0x5dd70f7dc890;
T_5 ;
    %wait E_0x5dd70f806db0;
    %load/vec4 v0x5dd70f806e30_0;
    %dup/vec4;
    %pushi/vec4 0, 0, 2;
    %cmp/u;
    %jmp/1 T_5.0, 6;
    %dup/vec4;
    %pushi/vec4 1, 0, 2;
    %cmp/u;
    %jmp/1 T_5.1, 6;
    %dup/vec4;
    %pushi/vec4 2, 0, 2;
    %cmp/u;
    %jmp/1 T_5.2, 6;
    %dup/vec4;
    %pushi/vec4 3, 0, 2;
    %cmp/u;
    %jmp/1 T_5.3, 6;
    %jmp T_5.4;
T_5.0 ;
    %pushi/vec4 1, 0, 4;
    %store/vec4 v0x5dd70f806f30_0, 0, 4;
    %jmp T_5.4;
T_5.1 ;
    %pushi/vec4 2, 0, 4;
    %store/vec4 v0x5dd70f806f30_0, 0, 4;
    %jmp T_5.4;
T_5.2 ;
    %pushi/vec4 4, 0, 4;
    %store/vec4 v0x5dd70f806f30_0, 0, 4;
    %jmp T_5.4;
T_5.3 ;
    %pushi/vec4 8, 0, 4;
    %store/vec4 v0x5dd70f806f30_0, 0, 4;
    %jmp T_5.4;
T_5.4 ;
    %pop/vec4 1;
    %jmp T_5;
    .thread T_5, $push;
    .scope S_0x5dd70f7dca20;
T_6 ;
    %wait E_0x5dd70f807070;
    %load/vec4 v0x5dd70f8070d0_0;
    %pad/u 32;
    %cmpi/e 0, 0, 32;
    %jmp/0xz  T_6.0, 4;
    %pushi/vec4 0, 0, 4;
    %store/vec4 v0x5dd70f807290_0, 0, 4;
    %jmp T_6.1;
T_6.0 ;
    %load/vec4 v0x5dd70f8071b0_0;
    %dup/vec4;
    %pushi/vec4 0, 0, 2;
    %cmp/u;
    %jmp/1 T_6.2, 6;
    %dup/vec4;
    %pushi/vec4 1, 0, 2;
    %cmp/u;
    %jmp/1 T_6.3, 6;
    %dup/vec4;
    %pushi/vec4 2, 0, 2;
    %cmp/u;
    %jmp/1 T_6.4, 6;
    %dup/vec4;
    %pushi/vec4 3, 0, 2;
    %cmp/u;
    %jmp/1 T_6.5, 6;
    %jmp T_6.6;
T_6.2 ;
    %pushi/vec4 1, 0, 4;
    %store/vec4 v0x5dd70f807290_0, 0, 4;
    %jmp T_6.6;
T_6.3 ;
    %pushi/vec4 2, 0, 4;
    %store/vec4 v0x5dd70f807290_0, 0, 4;
    %jmp T_6.6;
T_6.4 ;
    %pushi/vec4 4, 0, 4;
    %store/vec4 v0x5dd70f807290_0, 0, 4;
    %jmp T_6.6;
T_6.5 ;
    %pushi/vec4 8, 0, 4;
    %store/vec4 v0x5dd70f807290_0, 0, 4;
    %jmp T_6.6;
T_6.6 ;
    %pop/vec4 1;
T_6.1 ;
    %jmp T_6;
    .thread T_6, $push;
# The file index is used to find the file name in the following table.
:file_names 3;
    "N/A";
    "<interactive>";
    "Decoder.v";
