Release 14.7 - xst P.20131013 (lin64)
Copyright (c) 1995-2013 Xilinx, Inc.  All rights reserved.
--> 
Parameter TMPDIR set to xst/projnav.tmp


Total REAL time to Xst completion: 0.00 secs
Total CPU time to Xst completion: 0.05 secs
 
--> 
Parameter xsthdpdir set to xst


Total REAL time to Xst completion: 0.00 secs
Total CPU time to Xst completion: 0.05 secs
 
--> 
Reading design: TRAFFIC_LIGHT_FINAL.prj

TABLE OF CONTENTS
  1) Synthesis Options Summary
  2) HDL Compilation
  3) Design Hierarchy Analysis
  4) HDL Analysis
  5) HDL Synthesis
     5.1) HDL Synthesis Report
  6) Advanced HDL Synthesis
     6.1) Advanced HDL Synthesis Report
  7) Low Level Synthesis
  8) Partition Report
  9) Final Report
	9.1) Device utilization summary
	9.2) Partition Resource Summary
	9.3) TIMING REPORT


=========================================================================
*                      Synthesis Options Summary                        *
=========================================================================
---- Source Parameters
Input File Name                    : "TRAFFIC_LIGHT_FINAL.prj"
Input Format                       : mixed
Ignore Synthesis Constraint File   : NO

---- Target Parameters
Output File Name                   : "TRAFFIC_LIGHT_FINAL"
Output Format                      : NGC
Target Device                      : xc3s100e-5-vq100

---- Source Options
Top Module Name                    : TRAFFIC_LIGHT_FINAL
Automatic FSM Extraction           : YES
FSM Encoding Algorithm             : Auto
Safe Implementation                : No
FSM Style                          : LUT
RAM Extraction                     : Yes
RAM Style                          : Auto
ROM Extraction                     : Yes
Mux Style                          : Auto
Decoder Extraction                 : YES
Priority Encoder Extraction        : Yes
Shift Register Extraction          : YES
Logical Shifter Extraction         : YES
XOR Collapsing                     : YES
ROM Style                          : Auto
Mux Extraction                     : Yes
Resource Sharing                   : YES
Asynchronous To Synchronous        : NO
Multiplier Style                   : Auto
Automatic Register Balancing       : No

---- Target Options
Add IO Buffers                     : YES
Global Maximum Fanout              : 100000
Add Generic Clock Buffer(BUFG)     : 24
Register Duplication               : YES
Slice Packing                      : YES
Optimize Instantiated Primitives   : NO
Use Clock Enable                   : Yes
Use Synchronous Set                : Yes
Use Synchronous Reset              : Yes
Pack IO Registers into IOBs        : Auto
Equivalent register Removal        : YES

---- General Options
Optimization Goal                  : Speed
Optimization Effort                : 1
Keep Hierarchy                     : No
Netlist Hierarchy                  : As_Optimized
RTL Output                         : Yes
Global Optimization                : AllClockNets
Read Cores                         : YES
Write Timing Constraints           : NO
Cross Clock Analysis               : NO
Hierarchy Separator                : /
Bus Delimiter                      : <>
Case Specifier                     : Maintain
Slice Utilization Ratio            : 100
BRAM Utilization Ratio             : 100
Verilog 2001                       : YES
Auto BRAM Packing                  : NO
Slice Utilization Ratio Delta      : 5

=========================================================================


=========================================================================
*                          HDL Compilation                              *
=========================================================================
Compiling verilog file "TRAFFIC_LIGHT_FINAL.v" in library work
Compiling verilog include file "TRAFFIC_LIGHT_CTL.v"
Compiling verilog include file "BIN2BCD.v"
Module <TRAFFIC_LIGHT_CTL> compiled
Compiling verilog include file "FREQ_DIV.v"
Module <BIN2BCD> compiled
Compiling verilog include file "TM1638.v"
Module <FREQ_DIV> compiled
Module <TM1638> compiled
WARNING:HDLCompilers:301 - "TRAFFIC_LIGHT_FINAL.v" line 72 Too many digits specified in hex constant
WARNING:HDLCompilers:301 - "TRAFFIC_LIGHT_FINAL.v" line 73 Too many digits specified in hex constant
WARNING:HDLCompilers:301 - "TRAFFIC_LIGHT_FINAL.v" line 74 Too many digits specified in hex constant
WARNING:HDLCompilers:301 - "TRAFFIC_LIGHT_FINAL.v" line 75 Too many digits specified in hex constant
Module <TRAFFIC_LIGHT_FINAL> compiled
No errors in compilation
Analysis of file <"TRAFFIC_LIGHT_FINAL.prj"> succeeded.
 

=========================================================================
*                     Design Hierarchy Analysis                         *
=========================================================================
Analyzing hierarchy for module <TRAFFIC_LIGHT_FINAL> in library <work>.

Analyzing hierarchy for module <FREQ_DIV> in library <work>.

Analyzing hierarchy for module <TRAFFIC_LIGHT_CTL> in library <work>.

Analyzing hierarchy for module <BIN2BCD> in library <work>.

Analyzing hierarchy for module <TM1638> in library <work>.


=========================================================================
*                            HDL Analysis                               *
=========================================================================
Analyzing top module <TRAFFIC_LIGHT_FINAL>.
Module <TRAFFIC_LIGHT_FINAL> is correct for synthesis.
 
Analyzing module <FREQ_DIV> in library <work>.
Module <FREQ_DIV> is correct for synthesis.
 
Analyzing module <TRAFFIC_LIGHT_CTL> in library <work>.
WARNING:Xst:2320 - "TRAFFIC_LIGHT_CTL.v" line 16: Value for signal TIMER0 in initial block is not constant. The initialization will be ignored.
WARNING:Xst:2320 - "TRAFFIC_LIGHT_CTL.v" line 18: Value for signal TIMER1 in initial block is not constant. The initialization will be ignored.
Module <TRAFFIC_LIGHT_CTL> is correct for synthesis.
 
Analyzing module <BIN2BCD> in library <work>.
Module <BIN2BCD> is correct for synthesis.
 
Analyzing module <TM1638> in library <work>.
	Calling function <sseg>.
	Calling function <sseg>.
	Calling function <sseg>.
	Calling function <sseg>.
	Calling function <sseg>.
	Calling function <sseg>.
	Calling function <sseg>.
	Calling function <sseg>.
Module <TM1638> is correct for synthesis.
 

=========================================================================
*                           HDL Synthesis                               *
=========================================================================

Performing bidirectional port resolution...

Synthesizing Unit <FREQ_DIV>.
    Related source file is "FREQ_DIV.v".
    Found 1-bit register for signal <O_CLK>.
    Found 32-bit register for signal <COUNT>.
    Found 32-bit 4-to-1 multiplexer for signal <COUNT$mux0000>.
    Found 32-bit adder for signal <COUNT$share0000>.
    Found 32-bit comparator greater for signal <old_COUNT_2$cmp_gt0000> created at line 20.
    Summary:
	inferred  33 D-type flip-flop(s).
	inferred   1 Adder/Subtractor(s).
	inferred   1 Comparator(s).
	inferred  32 Multiplexer(s).
Unit <FREQ_DIV> synthesized.


Synthesizing Unit <TRAFFIC_LIGHT_CTL>.
    Related source file is "TRAFFIC_LIGHT_CTL.v".
    Found 7-bit register for signal <TIMER0>.
    Found 7-bit register for signal <TIMER1>.
    Found 3-bit register for signal <TF0>.
    Found 3-bit register for signal <TF1>.
    Found 7-bit subtractor for signal <old_TIMER0_4$sub0000> created at line 87.
    Found 7-bit subtractor for signal <old_TIMER1_3$sub0000> created at line 47.
    Found 7-bit comparator equal for signal <TIMER0$cmp_eq0001> created at line 50.
    Found 7-bit comparator greater for signal <TIMER0$cmp_gt0000> created at line 32.
    Found 7-bit comparator greater for signal <TIMER0$cmp_gt0001> created at line 32.
    Found 7-bit comparator greater for signal <TIMER0$cmp_gt0002> created at line 72.
    Found 7-bit comparator less for signal <TIMER0$cmp_lt0000> created at line 72.
    Summary:
	inferred  20 D-type flip-flop(s).
	inferred   2 Adder/Subtractor(s).
	inferred   5 Comparator(s).
Unit <TRAFFIC_LIGHT_CTL> synthesized.


Synthesizing Unit <BIN2BCD>.
    Related source file is "BIN2BCD.v".
    Found 128x8-bit ROM for signal <BCD>.
    Summary:
	inferred   1 ROM(s).
Unit <BIN2BCD> synthesized.


Synthesizing Unit <TM1638>.
    Related source file is "TM1638.v".
WARNING:Xst:1872 - Variable <i> is used but never assigned.
    Found 16x8-bit ROM for signal <sseg/1/sseg>.
    Found 16x8-bit ROM for signal <sseg/2/sseg>.
    Found 16x8-bit ROM for signal <sseg/7/sseg>.
    Found 16x8-bit ROM for signal <sseg/8/sseg>.
    Found 1-bit register for signal <clk>.
    Found 1-bit register for signal <dio>.
    Found 1-bit register for signal <stb>.
    Found 8-bit register for signal <command1>.
    Found 33-bit comparator greater for signal <command1$cmp_gt0000> created at line 82.
    Found 33-bit comparator less for signal <command1$cmp_lt0000> created at line 82.
    Found 8-bit register for signal <command2>.
    Found 33-bit comparator greater for signal <command2$cmp_gt0000> created at line 93.
    Found 33-bit comparator less for signal <command2$cmp_lt0000> created at line 93.
    Found 8-bit register for signal <command3>.
    Found 33-bit comparator greater for signal <command3$cmp_gt0000> created at line 110.
    Found 33-bit comparator less for signal <command3$cmp_lt0000> created at line 110.
    Found 32-bit register for signal <cs>.
    Found 32-bit adder for signal <cs$add0000> created at line 121.
    Found 128-bit register for signal <leddatahold>.
    Found 33-bit comparator greater for signal <leddatahold$cmp_gt0000> created at line 99.
    Found 33-bit comparator less for signal <leddatahold$cmp_lt0000> created at line 99.
    Found 33-bit comparator greatequal for signal <old_cs_6$cmp_ge0000> created at line 82.
    Found 33-bit comparator greatequal for signal <old_cs_6$cmp_ge0001> created at line 93.
    Found 33-bit comparator greatequal for signal <old_cs_6$cmp_ge0002> created at line 99.
    Found 33-bit comparator greatequal for signal <old_cs_6$cmp_ge0003> created at line 110.
    Found 33-bit comparator lessequal for signal <old_cs_6$cmp_le0000> created at line 82.
    Found 33-bit comparator lessequal for signal <old_cs_6$cmp_le0001> created at line 93.
    Found 33-bit comparator lessequal for signal <old_cs_6$cmp_le0002> created at line 99.
    Found 33-bit comparator lessequal for signal <old_cs_6$cmp_le0003> created at line 110.
    Summary:
	inferred   4 ROM(s).
	inferred 187 D-type flip-flop(s).
	inferred   1 Adder/Subtractor(s).
	inferred  16 Comparator(s).
Unit <TM1638> synthesized.


Synthesizing Unit <TRAFFIC_LIGHT_FINAL>.
    Related source file is "TRAFFIC_LIGHT_FINAL.v".
WARNING:Xst:1780 - Signal <TF1> is never used or assigned. This unconnected signal will be trimmed during the optimization process.
WARNING:Xst:1780 - Signal <TF0> is never used or assigned. This unconnected signal will be trimmed during the optimization process.
WARNING:Xst:653 - Signal <LED<0>> is used but never assigned. This sourceless signal will be automatically connected to value 0.
Unit <TRAFFIC_LIGHT_FINAL> synthesized.

INFO:Xst:1767 - HDL ADVISOR - Resource sharing has identified that some arithmetic operations in this design can share the same physical resources for reduced device utilization. For improved clock frequency you may try to disable resource sharing.

=========================================================================
HDL Synthesis Report

Macro Statistics
# ROMs                                                 : 6
 128x8-bit ROM                                         : 2
 16x8-bit ROM                                          : 4
# Adders/Subtractors                                   : 5
 32-bit adder                                          : 3
 7-bit subtractor                                      : 2
# Registers                                            : 16
 1-bit register                                        : 5
 128-bit register                                      : 1
 3-bit register                                        : 2
 32-bit register                                       : 3
 7-bit register                                        : 2
 8-bit register                                        : 3
# Comparators                                          : 23
 32-bit comparator greater                             : 2
 33-bit comparator greatequal                          : 4
 33-bit comparator greater                             : 4
 33-bit comparator less                                : 4
 33-bit comparator lessequal                           : 4
 7-bit comparator equal                                : 1
 7-bit comparator greater                              : 3
 7-bit comparator less                                 : 1
# Multiplexers                                         : 2
 32-bit 4-to-1 multiplexer                             : 2

=========================================================================

=========================================================================
*                       Advanced HDL Synthesis                          *
=========================================================================

WARNING:Xst:1293 - FF/Latch <command1_7> has a constant value of 0 in block <tm1638>. This FF/Latch will be trimmed during the optimization process.
WARNING:Xst:1710 - FF/Latch <leddatahold_121> (without init value) has a constant value of 0 in block <tm1638>. This FF/Latch will be trimmed during the optimization process.
WARNING:Xst:1710 - FF/Latch <leddatahold_122> (without init value) has a constant value of 0 in block <tm1638>. This FF/Latch will be trimmed during the optimization process.
WARNING:Xst:1710 - FF/Latch <leddatahold_123> (without init value) has a constant value of 0 in block <tm1638>. This FF/Latch will be trimmed during the optimization process.
WARNING:Xst:1710 - FF/Latch <leddatahold_124> (without init value) has a constant value of 0 in block <tm1638>. This FF/Latch will be trimmed during the optimization process.
WARNING:Xst:1710 - FF/Latch <leddatahold_125> (without init value) has a constant value of 0 in block <tm1638>. This FF/Latch will be trimmed during the optimization process.
WARNING:Xst:1710 - FF/Latch <leddatahold_126> (without init value) has a constant value of 0 in block <tm1638>. This FF/Latch will be trimmed during the optimization process.
WARNING:Xst:1710 - FF/Latch <leddatahold_127> (without init value) has a constant value of 0 in block <tm1638>. This FF/Latch will be trimmed during the optimization process.
WARNING:Xst:2404 -  FFs/Latches <leddatahold<127:127>> (without init value) have a constant value of 0 in block <TM1638>.
WARNING:Xst:2404 -  FFs/Latches <leddatahold<126:126>> (without init value) have a constant value of 0 in block <TM1638>.
WARNING:Xst:2404 -  FFs/Latches <leddatahold<125:125>> (without init value) have a constant value of 0 in block <TM1638>.

=========================================================================
Advanced HDL Synthesis Report

Macro Statistics
# ROMs                                                 : 6
 128x8-bit ROM                                         : 2
 16x8-bit ROM                                          : 4
# Adders/Subtractors                                   : 5
 32-bit adder                                          : 3
 7-bit subtractor                                      : 2
# Registers                                            : 270
 Flip-Flops                                            : 270
# Comparators                                          : 23
 32-bit comparator greater                             : 2
 33-bit comparator greatequal                          : 4
 33-bit comparator greater                             : 4
 33-bit comparator less                                : 4
 33-bit comparator lessequal                           : 4
 7-bit comparator equal                                : 1
 7-bit comparator greater                              : 3
 7-bit comparator less                                 : 1
# Multiplexers                                         : 2
 32-bit 4-to-1 multiplexer                             : 2

=========================================================================

=========================================================================
*                         Low Level Synthesis                           *
=========================================================================
WARNING:Xst:1293 - FF/Latch <command1_7> has a constant value of 0 in block <TM1638>. This FF/Latch will be trimmed during the optimization process.
WARNING:Xst:1895 - Due to other FF/Latch trimming, FF/Latch <leddatahold_121> (without init value) has a constant value of 0 in block <TM1638>. This FF/Latch will be trimmed during the optimization process.
WARNING:Xst:1895 - Due to other FF/Latch trimming, FF/Latch <leddatahold_122> (without init value) has a constant value of 0 in block <TM1638>. This FF/Latch will be trimmed during the optimization process.
WARNING:Xst:1895 - Due to other FF/Latch trimming, FF/Latch <leddatahold_123> (without init value) has a constant value of 0 in block <TM1638>. This FF/Latch will be trimmed during the optimization process.
WARNING:Xst:1895 - Due to other FF/Latch trimming, FF/Latch <leddatahold_124> (without init value) has a constant value of 0 in block <TM1638>. This FF/Latch will be trimmed during the optimization process.

Optimizing unit <TRAFFIC_LIGHT_FINAL> ...

Optimizing unit <FREQ_DIV> ...

Optimizing unit <TRAFFIC_LIGHT_CTL> ...

Optimizing unit <TM1638> ...

Mapping all equations...
Building and optimizing final netlist ...
Found area constraint ratio of 100 (+ 5) on block TRAFFIC_LIGHT_FINAL, actual ratio is 33.
FlipFlop tl_ctl/TIMER0_1 has been replicated 1 time(s)
FlipFlop tl_ctl/TIMER0_2 has been replicated 1 time(s)
FlipFlop tl_ctl/TIMER0_4 has been replicated 1 time(s)
FlipFlop tl_ctl/TIMER1_2 has been replicated 1 time(s)

Final Macro Processing ...

Processing Unit <TRAFFIC_LIGHT_FINAL> :
	Found 4-bit shift register for signal <tm1638/command3_0>.
INFO:Xst:741 - HDL ADVISOR - A 6-bit shift register was found for signal <tm1638/command2_0> and currently occupies 6 logic cells (3 slices). Removing the set/reset logic would take advantage of SRL16 (and derived) primitives and reduce this to 1 logic cells (1 slices). Evaluate if the set/reset can be removed for this simple shift register. The majority of simple pipeline structures do not need to be set/reset operationally.
INFO:Xst:741 - HDL ADVISOR - A 6-bit shift register was found for signal <tm1638/command1_0> and currently occupies 6 logic cells (3 slices). Removing the set/reset logic would take advantage of SRL16 (and derived) primitives and reduce this to 1 logic cells (1 slices). Evaluate if the set/reset can be removed for this simple shift register. The majority of simple pipeline structures do not need to be set/reset operationally.
Unit <TRAFFIC_LIGHT_FINAL> processed.

=========================================================================
Final Register Report

Macro Statistics
# Registers                                            : 265
 Flip-Flops                                            : 265
# Shift Registers                                      : 1
 4-bit shift register                                  : 1

=========================================================================

=========================================================================
*                           Partition Report                            *
=========================================================================

Partition Implementation Status
-------------------------------

  No Partitions were found in this design.

-------------------------------

=========================================================================
*                            Final Report                               *
=========================================================================
Final Results
RTL Top Level Output File Name     : TRAFFIC_LIGHT_FINAL.ngr
Top Level Output File Name         : TRAFFIC_LIGHT_FINAL
Output Format                      : NGC
Optimization Goal                  : Speed
Keep Hierarchy                     : No

Design Statistics
# IOs                              : 5

Cell Usage :
# BELS                             : 912
#      GND                         : 1
#      INV                         : 17
#      LUT1                        : 53
#      LUT2                        : 160
#      LUT2_D                      : 5
#      LUT2_L                      : 2
#      LUT3                        : 64
#      LUT3_D                      : 4
#      LUT3_L                      : 2
#      LUT4                        : 226
#      LUT4_D                      : 12
#      LUT4_L                      : 14
#      MUXCY                       : 234
#      MUXF5                       : 15
#      MUXF6                       : 6
#      VCC                         : 1
#      XORCY                       : 96
# FlipFlops/Latches                : 270
#      FD                          : 42
#      FDE                         : 124
#      FDE_1                       : 2
#      FDR_1                       : 64
#      FDRE                        : 20
#      FDRS                        : 3
#      FDS                         : 5
#      FDSE                        : 10
# Shift Registers                  : 1
#      SRL16E                      : 1
# Clock Buffers                    : 3
#      BUFG                        : 2
#      BUFGP                       : 1
# IO Buffers                       : 4
#      IBUF                        : 1
#      OBUF                        : 3
=========================================================================

Device utilization summary:
---------------------------

Selected Device : 3s100evq100-5 

 Number of Slices:                      297  out of    960    30%  
 Number of Slice Flip Flops:            270  out of   1920    14%  
 Number of 4 input LUTs:                560  out of   1920    29%  
    Number used as logic:               559
    Number used as Shift registers:       1
 Number of IOs:                           5
 Number of bonded IOBs:                   5  out of     66     7%  
 Number of GCLKs:                         3  out of     24    12%  

---------------------------
Partition Resource Summary:
---------------------------

  No Partitions were found in this design.

---------------------------


=========================================================================
TIMING REPORT

NOTE: THESE TIMING NUMBERS ARE ONLY A SYNTHESIS ESTIMATE.
      FOR ACCURATE TIMING INFORMATION PLEASE REFER TO THE TRACE REPORT
      GENERATED AFTER PLACE-and-ROUTE.

Clock Information:
------------------
-----------------------------------+------------------------+-------+
Clock Signal                       | Clock buffer(FF name)  | Load  |
-----------------------------------+------------------------+-------+
_50MHz_CLK                         | BUFGP                  | 66    |
_counter_fd1/O_CLK1                | BUFG                   | 24    |
_transfer_fd/O_CLK1                | BUFG                   | 181   |
-----------------------------------+------------------------+-------+

Asynchronous Control Signals Information:
----------------------------------------
No asynchronous control signals found in this design

Timing Summary:
---------------
Speed Grade: -5

   Minimum period: 9.799ns (Maximum Frequency: 102.049MHz)
   Minimum input arrival time before clock: 4.261ns
   Maximum output required time after clock: 4.252ns
   Maximum combinational path delay: No path found

Timing Detail:
--------------
All values displayed in nanoseconds (ns)

=========================================================================
Timing constraint: Default period analysis for Clock '_50MHz_CLK'
  Clock period: 7.698ns (frequency: 129.904MHz)
  Total number of paths / destination ports: 21122 / 132
-------------------------------------------------------------------------
Delay:               7.698ns (Levels of Logic = 44)
  Source:            _transfer_fd/COUNT_0 (FF)
  Destination:       _transfer_fd/COUNT_31 (FF)
  Source Clock:      _50MHz_CLK falling
  Destination Clock: _50MHz_CLK falling

  Data Path: _transfer_fd/COUNT_0 to _transfer_fd/COUNT_31
                                Gate     Net
    Cell:in->out      fanout   Delay   Delay  Logical Name (Net Name)
    ----------------------------------------  ------------
     FDR_1:C->Q            3   0.514   0.603  _transfer_fd/COUNT_0 (_transfer_fd/COUNT_0)
     LUT4:I0->O            1   0.612   0.000  _transfer_fd/Mcompar_old_COUNT_2_cmp_gt0000_lut<0> (_transfer_fd/Mcompar_old_COUNT_2_cmp_gt0000_lut<0>)
     MUXCY:S->O            1   0.404   0.000  _transfer_fd/Mcompar_old_COUNT_2_cmp_gt0000_cy<0> (_transfer_fd/Mcompar_old_COUNT_2_cmp_gt0000_cy<0>)
     MUXCY:CI->O           1   0.051   0.000  _transfer_fd/Mcompar_old_COUNT_2_cmp_gt0000_cy<1> (_transfer_fd/Mcompar_old_COUNT_2_cmp_gt0000_cy<1>)
     MUXCY:CI->O           1   0.051   0.000  _transfer_fd/Mcompar_old_COUNT_2_cmp_gt0000_cy<2> (_transfer_fd/Mcompar_old_COUNT_2_cmp_gt0000_cy<2>)
     MUXCY:CI->O           1   0.051   0.000  _transfer_fd/Mcompar_old_COUNT_2_cmp_gt0000_cy<3> (_transfer_fd/Mcompar_old_COUNT_2_cmp_gt0000_cy<3>)
     MUXCY:CI->O           1   0.051   0.000  _transfer_fd/Mcompar_old_COUNT_2_cmp_gt0000_cy<4> (_transfer_fd/Mcompar_old_COUNT_2_cmp_gt0000_cy<4>)
     MUXCY:CI->O           1   0.051   0.000  _transfer_fd/Mcompar_old_COUNT_2_cmp_gt0000_cy<5> (_transfer_fd/Mcompar_old_COUNT_2_cmp_gt0000_cy<5>)
     MUXCY:CI->O           1   0.051   0.000  _transfer_fd/Mcompar_old_COUNT_2_cmp_gt0000_cy<6> (_transfer_fd/Mcompar_old_COUNT_2_cmp_gt0000_cy<6>)
     MUXCY:CI->O           1   0.051   0.000  _transfer_fd/Mcompar_old_COUNT_2_cmp_gt0000_cy<7> (_transfer_fd/Mcompar_old_COUNT_2_cmp_gt0000_cy<7>)
     MUXCY:CI->O           1   0.051   0.000  _transfer_fd/Mcompar_old_COUNT_2_cmp_gt0000_cy<8> (_transfer_fd/Mcompar_old_COUNT_2_cmp_gt0000_cy<8>)
     MUXCY:CI->O           1   0.051   0.000  _transfer_fd/Mcompar_old_COUNT_2_cmp_gt0000_cy<9> (_transfer_fd/Mcompar_old_COUNT_2_cmp_gt0000_cy<9>)
     MUXCY:CI->O          33   0.399   1.225  _transfer_fd/Mcompar_old_COUNT_2_cmp_gt0000_cy<10> (_transfer_fd/Mcompar_old_COUNT_2_cmp_gt0000_cy<10>)
     LUT2:I0->O            1   0.612   0.000  _transfer_fd/COUNT_mux0001<1>1 (_transfer_fd/COUNT_mux0001<1>)
     MUXCY:S->O            1   0.404   0.000  _transfer_fd/Madd_COUNT_share0000_cy<1> (_transfer_fd/Madd_COUNT_share0000_cy<1>)
     MUXCY:CI->O           1   0.052   0.000  _transfer_fd/Madd_COUNT_share0000_cy<2> (_transfer_fd/Madd_COUNT_share0000_cy<2>)
     MUXCY:CI->O           1   0.052   0.000  _transfer_fd/Madd_COUNT_share0000_cy<3> (_transfer_fd/Madd_COUNT_share0000_cy<3>)
     MUXCY:CI->O           1   0.052   0.000  _transfer_fd/Madd_COUNT_share0000_cy<4> (_transfer_fd/Madd_COUNT_share0000_cy<4>)
     MUXCY:CI->O           1   0.052   0.000  _transfer_fd/Madd_COUNT_share0000_cy<5> (_transfer_fd/Madd_COUNT_share0000_cy<5>)
     MUXCY:CI->O           1   0.052   0.000  _transfer_fd/Madd_COUNT_share0000_cy<6> (_transfer_fd/Madd_COUNT_share0000_cy<6>)
     MUXCY:CI->O           1   0.052   0.000  _transfer_fd/Madd_COUNT_share0000_cy<7> (_transfer_fd/Madd_COUNT_share0000_cy<7>)
     MUXCY:CI->O           1   0.052   0.000  _transfer_fd/Madd_COUNT_share0000_cy<8> (_transfer_fd/Madd_COUNT_share0000_cy<8>)
     MUXCY:CI->O           1   0.052   0.000  _transfer_fd/Madd_COUNT_share0000_cy<9> (_transfer_fd/Madd_COUNT_share0000_cy<9>)
     MUXCY:CI->O           1   0.052   0.000  _transfer_fd/Madd_COUNT_share0000_cy<10> (_transfer_fd/Madd_COUNT_share0000_cy<10>)
     MUXCY:CI->O           1   0.051   0.000  _transfer_fd/Madd_COUNT_share0000_cy<11> (_transfer_fd/Madd_COUNT_share0000_cy<11>)
     MUXCY:CI->O           1   0.051   0.000  _transfer_fd/Madd_COUNT_share0000_cy<12> (_transfer_fd/Madd_COUNT_share0000_cy<12>)
     MUXCY:CI->O           1   0.051   0.000  _transfer_fd/Madd_COUNT_share0000_cy<13> (_transfer_fd/Madd_COUNT_share0000_cy<13>)
     MUXCY:CI->O           1   0.051   0.000  _transfer_fd/Madd_COUNT_share0000_cy<14> (_transfer_fd/Madd_COUNT_share0000_cy<14>)
     MUXCY:CI->O           1   0.051   0.000  _transfer_fd/Madd_COUNT_share0000_cy<15> (_transfer_fd/Madd_COUNT_share0000_cy<15>)
     MUXCY:CI->O           1   0.051   0.000  _transfer_fd/Madd_COUNT_share0000_cy<16> (_transfer_fd/Madd_COUNT_share0000_cy<16>)
     MUXCY:CI->O           1   0.051   0.000  _transfer_fd/Madd_COUNT_share0000_cy<17> (_transfer_fd/Madd_COUNT_share0000_cy<17>)
     MUXCY:CI->O           1   0.051   0.000  _transfer_fd/Madd_COUNT_share0000_cy<18> (_transfer_fd/Madd_COUNT_share0000_cy<18>)
     MUXCY:CI->O           1   0.051   0.000  _transfer_fd/Madd_COUNT_share0000_cy<19> (_transfer_fd/Madd_COUNT_share0000_cy<19>)
     MUXCY:CI->O           1   0.051   0.000  _transfer_fd/Madd_COUNT_share0000_cy<20> (_transfer_fd/Madd_COUNT_share0000_cy<20>)
     MUXCY:CI->O           1   0.051   0.000  _transfer_fd/Madd_COUNT_share0000_cy<21> (_transfer_fd/Madd_COUNT_share0000_cy<21>)
     MUXCY:CI->O           1   0.051   0.000  _transfer_fd/Madd_COUNT_share0000_cy<22> (_transfer_fd/Madd_COUNT_share0000_cy<22>)
     MUXCY:CI->O           1   0.051   0.000  _transfer_fd/Madd_COUNT_share0000_cy<23> (_transfer_fd/Madd_COUNT_share0000_cy<23>)
     MUXCY:CI->O           1   0.051   0.000  _transfer_fd/Madd_COUNT_share0000_cy<24> (_transfer_fd/Madd_COUNT_share0000_cy<24>)
     MUXCY:CI->O           1   0.051   0.000  _transfer_fd/Madd_COUNT_share0000_cy<25> (_transfer_fd/Madd_COUNT_share0000_cy<25>)
     MUXCY:CI->O           1   0.051   0.000  _transfer_fd/Madd_COUNT_share0000_cy<26> (_transfer_fd/Madd_COUNT_share0000_cy<26>)
     MUXCY:CI->O           1   0.051   0.000  _transfer_fd/Madd_COUNT_share0000_cy<27> (_transfer_fd/Madd_COUNT_share0000_cy<27>)
     MUXCY:CI->O           1   0.051   0.000  _transfer_fd/Madd_COUNT_share0000_cy<28> (_transfer_fd/Madd_COUNT_share0000_cy<28>)
     MUXCY:CI->O           1   0.051   0.000  _transfer_fd/Madd_COUNT_share0000_cy<29> (_transfer_fd/Madd_COUNT_share0000_cy<29>)
     MUXCY:CI->O           0   0.051   0.000  _transfer_fd/Madd_COUNT_share0000_cy<30> (_transfer_fd/Madd_COUNT_share0000_cy<30>)
     XORCY:CI->O           1   0.699   0.000  _transfer_fd/Madd_COUNT_share0000_xor<31> (_transfer_fd/COUNT_share0000<31>)
     FDR_1:D                   0.268          _transfer_fd/COUNT_31
    ----------------------------------------
    Total                      7.698ns (5.869ns logic, 1.828ns route)
                                       (76.2% logic, 23.8% route)

=========================================================================
Timing constraint: Default period analysis for Clock '_counter_fd1/O_CLK1'
  Clock period: 8.900ns (frequency: 112.353MHz)
  Total number of paths / destination ports: 7268 / 35
-------------------------------------------------------------------------
Delay:               8.900ns (Levels of Logic = 12)
  Source:            tl_ctl/TIMER1_1 (FF)
  Destination:       tl_ctl/TIMER1_6 (FF)
  Source Clock:      _counter_fd1/O_CLK1 rising
  Destination Clock: _counter_fd1/O_CLK1 rising

  Data Path: tl_ctl/TIMER1_1 to tl_ctl/TIMER1_6
                                Gate     Net
    Cell:in->out      fanout   Delay   Delay  Logical Name (Net Name)
    ----------------------------------------  ------------
     FD:C->Q              25   0.514   1.140  tl_ctl/TIMER1_1 (tl_ctl/TIMER1_1)
     LUT2:I1->O            1   0.612   0.000  tl_ctl/Mcompar_TIMER0_cmp_gt0000_lut<1> (tl_ctl/Mcompar_TIMER0_cmp_gt0000_lut<1>)
     MUXCY:S->O            1   0.404   0.000  tl_ctl/Mcompar_TIMER0_cmp_gt0000_cy<1> (tl_ctl/Mcompar_TIMER0_cmp_gt0000_cy<1>)
     MUXCY:CI->O           1   0.051   0.000  tl_ctl/Mcompar_TIMER0_cmp_gt0000_cy<2> (tl_ctl/Mcompar_TIMER0_cmp_gt0000_cy<2>)
     MUXCY:CI->O           1   0.051   0.000  tl_ctl/Mcompar_TIMER0_cmp_gt0000_cy<3> (tl_ctl/Mcompar_TIMER0_cmp_gt0000_cy<3>)
     MUXCY:CI->O           1   0.051   0.000  tl_ctl/Mcompar_TIMER0_cmp_gt0000_cy<4> (tl_ctl/Mcompar_TIMER0_cmp_gt0000_cy<4>)
     MUXCY:CI->O           1   0.051   0.000  tl_ctl/Mcompar_TIMER0_cmp_gt0000_cy<5> (tl_ctl/Mcompar_TIMER0_cmp_gt0000_cy<5>)
     MUXCY:CI->O           9   0.399   0.766  tl_ctl/Mcompar_TIMER0_cmp_gt0000_cy<6> (tl_ctl/Mcompar_TIMER0_cmp_gt0000_cy<6>)
     LUT3_D:I1->LO         1   0.612   0.103  tl_ctl/TIMER0_and00011 (N220)
     LUT4:I3->O           11   0.612   0.796  tl_ctl/TIMER0_mux0000<0>1110 (tl_ctl/N9)
     LUT4_D:I3->LO         1   0.612   0.130  tl_ctl/TIMER0_mux0000<0>129 (N223)
     LUT3:I2->O            4   0.612   0.502  tl_ctl/TIMER1_mux0000<1>121 (tl_ctl/N111)
     LUT4:I3->O            1   0.612   0.000  tl_ctl/TIMER1_mux0000<6>11 (tl_ctl/TIMER1_mux0000<6>1)
     FD:D                      0.268          tl_ctl/TIMER1_6
    ----------------------------------------
    Total                      8.900ns (5.463ns logic, 3.437ns route)
                                       (61.4% logic, 38.6% route)

=========================================================================
Timing constraint: Default period analysis for Clock '_transfer_fd/O_CLK1'
  Clock period: 9.799ns (frequency: 102.049MHz)
  Total number of paths / destination ports: 159688 / 350
-------------------------------------------------------------------------
Delay:               9.799ns (Levels of Logic = 40)
  Source:            tm1638/cs_26 (FF)
  Destination:       tm1638/cs_31 (FF)
  Source Clock:      _transfer_fd/O_CLK1 rising
  Destination Clock: _transfer_fd/O_CLK1 rising

  Data Path: tm1638/cs_26 to tm1638/cs_31
                                Gate     Net
    Cell:in->out      fanout   Delay   Delay  Logical Name (Net Name)
    ----------------------------------------  ------------
     FD:C->Q              10   0.514   0.902  tm1638/cs_26 (tm1638/cs_26)
     LUT2:I0->O            1   0.612   0.000  tm1638/old_cs_6_cmp_eq00001_wg_lut<0> (tm1638/old_cs_6_cmp_eq00001_wg_lut<0>)
     MUXCY:S->O            1   0.404   0.000  tm1638/old_cs_6_cmp_eq00001_wg_cy<0> (tm1638/old_cs_6_cmp_eq00001_wg_cy<0>)
     MUXCY:CI->O           1   0.051   0.000  tm1638/old_cs_6_cmp_eq00001_wg_cy<1> (tm1638/old_cs_6_cmp_eq00001_wg_cy<1>)
     MUXCY:CI->O           1   0.051   0.000  tm1638/old_cs_6_cmp_eq00001_wg_cy<2> (tm1638/old_cs_6_cmp_eq00001_wg_cy<2>)
     MUXCY:CI->O           1   0.051   0.000  tm1638/old_cs_6_cmp_eq00001_wg_cy<3> (tm1638/old_cs_6_cmp_eq00001_wg_cy<3>)
     MUXCY:CI->O           1   0.051   0.000  tm1638/old_cs_6_cmp_eq00001_wg_cy<4> (tm1638/old_cs_6_cmp_eq00001_wg_cy<4>)
     MUXCY:CI->O           1   0.051   0.000  tm1638/old_cs_6_cmp_eq00001_wg_cy<5> (tm1638/old_cs_6_cmp_eq00001_wg_cy<5>)
     MUXCY:CI->O           5   0.399   0.541  tm1638/old_cs_6_cmp_eq00001_wg_cy<6> (tm1638/old_cs_6_cmp_eq00001_wg_cy<6>)
     LUT4_D:I3->O         16   0.612   1.031  tm1638/_old_cs_6<10>1_SW1 (N110)
     LUT4:I0->O            5   0.612   0.541  tm1638/_old_cs_6<10>1139_SW1 (N152)
     LUT4:I3->O            1   0.612   0.000  tm1638/_old_cs_6<3>1 (tm1638/_old_cs_6<3>)
     MUXCY:S->O            1   0.404   0.000  tm1638/Madd_cs_add0000_cy<3> (tm1638/Madd_cs_add0000_cy<3>)
     MUXCY:CI->O           1   0.052   0.000  tm1638/Madd_cs_add0000_cy<4> (tm1638/Madd_cs_add0000_cy<4>)
     MUXCY:CI->O           1   0.052   0.000  tm1638/Madd_cs_add0000_cy<5> (tm1638/Madd_cs_add0000_cy<5>)
     MUXCY:CI->O           1   0.052   0.000  tm1638/Madd_cs_add0000_cy<6> (tm1638/Madd_cs_add0000_cy<6>)
     MUXCY:CI->O           1   0.052   0.000  tm1638/Madd_cs_add0000_cy<7> (tm1638/Madd_cs_add0000_cy<7>)
     MUXCY:CI->O           1   0.052   0.000  tm1638/Madd_cs_add0000_cy<8> (tm1638/Madd_cs_add0000_cy<8>)
     MUXCY:CI->O           1   0.052   0.000  tm1638/Madd_cs_add0000_cy<9> (tm1638/Madd_cs_add0000_cy<9>)
     MUXCY:CI->O           1   0.052   0.000  tm1638/Madd_cs_add0000_cy<10> (tm1638/Madd_cs_add0000_cy<10>)
     MUXCY:CI->O           1   0.051   0.000  tm1638/Madd_cs_add0000_cy<11> (tm1638/Madd_cs_add0000_cy<11>)
     MUXCY:CI->O           1   0.051   0.000  tm1638/Madd_cs_add0000_cy<12> (tm1638/Madd_cs_add0000_cy<12>)
     MUXCY:CI->O           1   0.051   0.000  tm1638/Madd_cs_add0000_cy<13> (tm1638/Madd_cs_add0000_cy<13>)
     MUXCY:CI->O           1   0.051   0.000  tm1638/Madd_cs_add0000_cy<14> (tm1638/Madd_cs_add0000_cy<14>)
     MUXCY:CI->O           1   0.051   0.000  tm1638/Madd_cs_add0000_cy<15> (tm1638/Madd_cs_add0000_cy<15>)
     MUXCY:CI->O           1   0.051   0.000  tm1638/Madd_cs_add0000_cy<16> (tm1638/Madd_cs_add0000_cy<16>)
     MUXCY:CI->O           1   0.051   0.000  tm1638/Madd_cs_add0000_cy<17> (tm1638/Madd_cs_add0000_cy<17>)
     MUXCY:CI->O           1   0.051   0.000  tm1638/Madd_cs_add0000_cy<18> (tm1638/Madd_cs_add0000_cy<18>)
     MUXCY:CI->O           1   0.051   0.000  tm1638/Madd_cs_add0000_cy<19> (tm1638/Madd_cs_add0000_cy<19>)
     MUXCY:CI->O           1   0.051   0.000  tm1638/Madd_cs_add0000_cy<20> (tm1638/Madd_cs_add0000_cy<20>)
     MUXCY:CI->O           1   0.051   0.000  tm1638/Madd_cs_add0000_cy<21> (tm1638/Madd_cs_add0000_cy<21>)
     MUXCY:CI->O           1   0.051   0.000  tm1638/Madd_cs_add0000_cy<22> (tm1638/Madd_cs_add0000_cy<22>)
     MUXCY:CI->O           1   0.051   0.000  tm1638/Madd_cs_add0000_cy<23> (tm1638/Madd_cs_add0000_cy<23>)
     MUXCY:CI->O           1   0.051   0.000  tm1638/Madd_cs_add0000_cy<24> (tm1638/Madd_cs_add0000_cy<24>)
     MUXCY:CI->O           1   0.051   0.000  tm1638/Madd_cs_add0000_cy<25> (tm1638/Madd_cs_add0000_cy<25>)
     MUXCY:CI->O           1   0.051   0.000  tm1638/Madd_cs_add0000_cy<26> (tm1638/Madd_cs_add0000_cy<26>)
     MUXCY:CI->O           1   0.051   0.000  tm1638/Madd_cs_add0000_cy<27> (tm1638/Madd_cs_add0000_cy<27>)
     MUXCY:CI->O           1   0.051   0.000  tm1638/Madd_cs_add0000_cy<28> (tm1638/Madd_cs_add0000_cy<28>)
     MUXCY:CI->O           1   0.051   0.000  tm1638/Madd_cs_add0000_cy<29> (tm1638/Madd_cs_add0000_cy<29>)
     MUXCY:CI->O           0   0.051   0.000  tm1638/Madd_cs_add0000_cy<30> (tm1638/Madd_cs_add0000_cy<30>)
     XORCY:CI->O           1   0.699   0.000  tm1638/Madd_cs_add0000_xor<31> (tm1638/cs_add0000<31>)
     FD:D                      0.268          tm1638/cs_31
    ----------------------------------------
    Total                      9.799ns (6.785ns logic, 3.015ns route)
                                       (69.2% logic, 30.8% route)

=========================================================================
Timing constraint: Default OFFSET IN BEFORE for Clock '_counter_fd1/O_CLK1'
  Total number of paths / destination ports: 34 / 24
-------------------------------------------------------------------------
Offset:              4.261ns (Levels of Logic = 3)
  Source:            RST (PAD)
  Destination:       tl_ctl/TIMER0_6 (FF)
  Destination Clock: _counter_fd1/O_CLK1 rising

  Data Path: RST to tl_ctl/TIMER0_6
                                Gate     Net
    Cell:in->out      fanout   Delay   Delay  Logical Name (Net Name)
    ----------------------------------------  ------------
     IBUF:I->O            18   1.106   1.060  RST_IBUF (RST_IBUF)
     LUT4_D:I0->O          3   0.612   0.603  tl_ctl/TIMER0_mux0000<1>121 (tl_ctl/N10)
     LUT4:I0->O            1   0.612   0.000  tl_ctl/TIMER0_mux0000<6>11 (tl_ctl/TIMER0_mux0000<6>1)
     FD:D                      0.268          tl_ctl/TIMER0_6
    ----------------------------------------
    Total                      4.261ns (2.598ns logic, 1.663ns route)
                                       (61.0% logic, 39.0% route)

=========================================================================
Timing constraint: Default OFFSET OUT AFTER for Clock '_transfer_fd/O_CLK1'
  Total number of paths / destination ports: 3 / 3
-------------------------------------------------------------------------
Offset:              4.252ns (Levels of Logic = 1)
  Source:            tm1638/clk (FF)
  Destination:       clk (PAD)
  Source Clock:      _transfer_fd/O_CLK1 rising

  Data Path: tm1638/clk to clk
                                Gate     Net
    Cell:in->out      fanout   Delay   Delay  Logical Name (Net Name)
    ----------------------------------------  ------------
     FDE:C->Q              6   0.514   0.569  tm1638/clk (tm1638/clk)
     OBUF:I->O                 3.169          clk_OBUF (clk)
    ----------------------------------------
    Total                      4.252ns (3.683ns logic, 0.569ns route)
                                       (86.6% logic, 13.4% route)

=========================================================================


Total REAL time to Xst completion: 9.00 secs
Total CPU time to Xst completion: 9.15 secs
 
--> 


Total memory usage is 526956 kilobytes

Number of errors   :    0 (   0 filtered)
Number of warnings :   27 (   0 filtered)
Number of infos    :    3 (   0 filtered)

