Command line:
   SANGDAN_TATHET_FPGA_isim_beh.exe
     -simmode  gui
     -simrunnum  0
     -socket  42563

Mon Oct  7 12:37:31 2024


 Elaboration Time: 0.02 sec

 Current Memory Usage: 195.65 Meg

 Total Signals          : 21
 Total Nets             : 56
 Total Signal Drivers   : 8
 Total Blocks           : 4
 Total Primitive Blocks : 3
 Total Processes        : 12
 Total Traceable Variables  : 21
 Total Scalar Nets and Variables : 177
Total Line Count : 36

 Total Simulation Time: 0.04 sec

 Current Memory Usage: 271.151 Meg

Mon Oct  7 12:37:40 2024

