Release 14.7 - xst P.20131013 (lin64)
Copyright (c) 1995-2013 Xilinx, Inc.  All rights reserved.
--> 
Parameter TMPDIR set to xst/projnav.tmp


Total REAL time to Xst completion: 1.00 secs
Total CPU time to Xst completion: 0.05 secs
 
--> 
Parameter xsthdpdir set to xst


Total REAL time to Xst completion: 1.00 secs
Total CPU time to Xst completion: 0.05 secs
 
--> 
Reading design: INFOR.prj

TABLE OF CONTENTS
  1) Synthesis Options Summary
  2) HDL Compilation
  3) Design Hierarchy Analysis
  4) HDL Analysis
  5) HDL Synthesis
     5.1) HDL Synthesis Report
  6) Advanced HDL Synthesis
     6.1) Advanced HDL Synthesis Report
  7) Low Level Synthesis
  8) Partition Report
  9) Final Report
	9.1) Device utilization summary
	9.2) Partition Resource Summary
	9.3) TIMING REPORT


=========================================================================
*                      Synthesis Options Summary                        *
=========================================================================
---- Source Parameters
Input File Name                    : "INFOR.prj"
Input Format                       : mixed
Ignore Synthesis Constraint File   : NO

---- Target Parameters
Output File Name                   : "INFOR"
Output Format                      : NGC
Target Device                      : xc3s500e-4-fg320

---- Source Options
Top Module Name                    : INFOR
Automatic FSM Extraction           : YES
FSM Encoding Algorithm             : Auto
Safe Implementation                : No
FSM Style                          : LUT
RAM Extraction                     : Yes
RAM Style                          : Auto
ROM Extraction                     : Yes
Mux Style                          : Auto
Decoder Extraction                 : YES
Priority Encoder Extraction        : Yes
Shift Register Extraction          : YES
Logical Shifter Extraction         : YES
XOR Collapsing                     : YES
ROM Style                          : Auto
Mux Extraction                     : Yes
Resource Sharing                   : YES
Asynchronous To Synchronous        : NO
Multiplier Style                   : Auto
Automatic Register Balancing       : No

---- Target Options
Add IO Buffers                     : YES
Global Maximum Fanout              : 100000
Add Generic Clock Buffer(BUFG)     : 24
Register Duplication               : YES
Slice Packing                      : YES
Optimize Instantiated Primitives   : NO
Use Clock Enable                   : Yes
Use Synchronous Set                : Yes
Use Synchronous Reset              : Yes
Pack IO Registers into IOBs        : Auto
Equivalent register Removal        : YES

---- General Options
Optimization Goal                  : Speed
Optimization Effort                : 1
Keep Hierarchy                     : No
Netlist Hierarchy                  : As_Optimized
RTL Output                         : Yes
Global Optimization                : AllClockNets
Read Cores                         : YES
Write Timing Constraints           : NO
Cross Clock Analysis               : NO
Hierarchy Separator                : /
Bus Delimiter                      : <>
Case Specifier                     : Maintain
Slice Utilization Ratio            : 100
BRAM Utilization Ratio             : 100
Verilog 2001                       : YES
Auto BRAM Packing                  : NO
Slice Utilization Ratio Delta      : 5

=========================================================================


=========================================================================
*                          HDL Compilation                              *
=========================================================================
Compiling verilog file "INFOR.v" in library work
Compiling verilog include file "FREQ_DIV.v"
Compiling verilog include file "TM1638.v"
Module <FREQ_DIV> compiled
Module <TM1638> compiled
Module <INFOR> compiled
No errors in compilation
Analysis of file <"INFOR.prj"> succeeded.
 

=========================================================================
*                     Design Hierarchy Analysis                         *
=========================================================================
WARNING:Xst:2616 - "INFOR.v" line 6: Name conflict. (<clk> and <CLK>, renaming clk as clk_rnm0).
Analyzing hierarchy for module <INFOR> in library <work>.

Analyzing hierarchy for module <FREQ_DIV> in library <work>.

Analyzing hierarchy for module <TM1638> in library <work>.


=========================================================================
*                            HDL Analysis                               *
=========================================================================
Analyzing top module <INFOR>.
WARNING:Xst:863 - "INFOR.v" line 5: Name conflict (<clk> and <CLK>, renaming clk as clk_rnm0).
WARNING:Xst:863 - "INFOR.v" line 24: Name conflict (<LED> and <led>, renaming LED as led_rnm0).
Module <INFOR> is correct for synthesis.
 
Analyzing module <FREQ_DIV> in library <work>.
Module <FREQ_DIV> is correct for synthesis.
 
Analyzing module <TM1638> in library <work>.
	Calling function <sseg>.
	Calling function <sseg>.
	Calling function <sseg>.
	Calling function <sseg>.
	Calling function <sseg>.
	Calling function <sseg>.
	Calling function <sseg>.
	Calling function <sseg>.
Module <TM1638> is correct for synthesis.
 

=========================================================================
*                           HDL Synthesis                               *
=========================================================================

Performing bidirectional port resolution...

Synthesizing Unit <FREQ_DIV>.
    Related source file is "FREQ_DIV.v".
    Found 1-bit register for signal <O_CLK>.
    Found 32-bit register for signal <COUNT>.
    Found 32-bit adder for signal <COUNT$add0000> created at line 30.
    Found 32-bit comparator greater for signal <old_COUNT_2$cmp_gt0000> created at line 23.
    Summary:
	inferred  33 D-type flip-flop(s).
	inferred   1 Adder/Subtractor(s).
	inferred   1 Comparator(s).
Unit <FREQ_DIV> synthesized.


Synthesizing Unit <TM1638>.
    Related source file is "TM1638.v".
WARNING:Xst:1872 - Variable <i> is used but never assigned.
    Found 16x8-bit ROM for signal <sseg/5/sseg>.
    Found 1-bit register for signal <clk>.
    Found 1-bit register for signal <dio>.
    Found 1-bit register for signal <stb>.
    Found 8-bit register for signal <command1>.
    Found 33-bit comparator greater for signal <command1$cmp_gt0000> created at line 85.
    Found 33-bit comparator less for signal <command1$cmp_lt0000> created at line 85.
    Found 8-bit register for signal <command2>.
    Found 33-bit comparator greater for signal <command2$cmp_gt0000> created at line 96.
    Found 33-bit comparator less for signal <command2$cmp_lt0000> created at line 96.
    Found 8-bit register for signal <command3>.
    Found 33-bit comparator greater for signal <command3$cmp_gt0000> created at line 116.
    Found 33-bit comparator less for signal <command3$cmp_lt0000> created at line 116.
    Found 32-bit register for signal <cs>.
    Found 32-bit adder for signal <cs$add0000> created at line 127.
    Found 128-bit register for signal <leddatahold>.
    Found 33-bit comparator greater for signal <leddatahold$cmp_gt0000> created at line 103.
    Found 33-bit comparator less for signal <leddatahold$cmp_lt0000> created at line 103.
    Found 33-bit comparator greatequal for signal <old_cs_4$cmp_ge0000> created at line 85.
    Found 33-bit comparator greatequal for signal <old_cs_4$cmp_ge0001> created at line 96.
    Found 33-bit comparator greatequal for signal <old_cs_4$cmp_ge0002> created at line 103.
    Found 33-bit comparator greatequal for signal <old_cs_4$cmp_ge0003> created at line 116.
    Found 33-bit comparator lessequal for signal <old_cs_4$cmp_le0000> created at line 85.
    Found 33-bit comparator lessequal for signal <old_cs_4$cmp_le0001> created at line 96.
    Found 33-bit comparator lessequal for signal <old_cs_4$cmp_le0002> created at line 103.
    Found 33-bit comparator lessequal for signal <old_cs_4$cmp_le0003> created at line 116.
    Summary:
	inferred   1 ROM(s).
	inferred 187 D-type flip-flop(s).
	inferred   1 Adder/Subtractor(s).
	inferred  16 Comparator(s).
Unit <TM1638> synthesized.


Synthesizing Unit <INFOR>.
    Related source file is "INFOR.v".
WARNING:Xst:1780 - Signal <led_rnm0> is never used or assigned. This unconnected signal will be trimmed during the optimization process.
WARNING:Xst:1780 - Signal <LED7SEG4_> is never used or assigned. This unconnected signal will be trimmed during the optimization process.
Unit <INFOR> synthesized.


=========================================================================
HDL Synthesis Report

Macro Statistics
# ROMs                                                 : 1
 16x8-bit ROM                                          : 1
# Adders/Subtractors                                   : 2
 32-bit adder                                          : 2
# Registers                                            : 10
 1-bit register                                        : 4
 128-bit register                                      : 1
 32-bit register                                       : 2
 8-bit register                                        : 3
# Comparators                                          : 17
 32-bit comparator greater                             : 1
 33-bit comparator greatequal                          : 4
 33-bit comparator greater                             : 4
 33-bit comparator less                                : 4
 33-bit comparator lessequal                           : 4

=========================================================================

=========================================================================
*                       Advanced HDL Synthesis                          *
=========================================================================

WARNING:Xst:1293 - FF/Latch <command1_7> has a constant value of 0 in block <tm1638>. This FF/Latch will be trimmed during the optimization process.
WARNING:Xst:1710 - FF/Latch <leddatahold_115> (without init value) has a constant value of 0 in block <tm1638>. This FF/Latch will be trimmed during the optimization process.
WARNING:Xst:1710 - FF/Latch <leddatahold_116> (without init value) has a constant value of 0 in block <tm1638>. This FF/Latch will be trimmed during the optimization process.
WARNING:Xst:1710 - FF/Latch <leddatahold_117> (without init value) has a constant value of 0 in block <tm1638>. This FF/Latch will be trimmed during the optimization process.
WARNING:Xst:1710 - FF/Latch <leddatahold_118> (without init value) has a constant value of 0 in block <tm1638>. This FF/Latch will be trimmed during the optimization process.
WARNING:Xst:1710 - FF/Latch <leddatahold_119> (without init value) has a constant value of 0 in block <tm1638>. This FF/Latch will be trimmed during the optimization process.
WARNING:Xst:1710 - FF/Latch <leddatahold_120> (without init value) has a constant value of 0 in block <tm1638>. This FF/Latch will be trimmed during the optimization process.
WARNING:Xst:1710 - FF/Latch <leddatahold_121> (without init value) has a constant value of 0 in block <tm1638>. This FF/Latch will be trimmed during the optimization process.
WARNING:Xst:1710 - FF/Latch <leddatahold_122> (without init value) has a constant value of 0 in block <tm1638>. This FF/Latch will be trimmed during the optimization process.
WARNING:Xst:1710 - FF/Latch <leddatahold_123> (without init value) has a constant value of 0 in block <tm1638>. This FF/Latch will be trimmed during the optimization process.
WARNING:Xst:1710 - FF/Latch <leddatahold_124> (without init value) has a constant value of 0 in block <tm1638>. This FF/Latch will be trimmed during the optimization process.
WARNING:Xst:1710 - FF/Latch <leddatahold_125> (without init value) has a constant value of 0 in block <tm1638>. This FF/Latch will be trimmed during the optimization process.
WARNING:Xst:1710 - FF/Latch <leddatahold_126> (without init value) has a constant value of 0 in block <tm1638>. This FF/Latch will be trimmed during the optimization process.
WARNING:Xst:1710 - FF/Latch <leddatahold_127> (without init value) has a constant value of 0 in block <tm1638>. This FF/Latch will be trimmed during the optimization process.
WARNING:Xst:2404 -  FFs/Latches <leddatahold<127:127>> (without init value) have a constant value of 0 in block <TM1638>.
WARNING:Xst:2404 -  FFs/Latches <leddatahold<126:126>> (without init value) have a constant value of 0 in block <TM1638>.
WARNING:Xst:2404 -  FFs/Latches <leddatahold<125:125>> (without init value) have a constant value of 0 in block <TM1638>.

=========================================================================
Advanced HDL Synthesis Report

Macro Statistics
# ROMs                                                 : 1
 16x8-bit ROM                                          : 1
# Adders/Subtractors                                   : 2
 32-bit adder                                          : 2
# Registers                                            : 217
 Flip-Flops                                            : 217
# Comparators                                          : 17
 32-bit comparator greater                             : 1
 33-bit comparator greatequal                          : 4
 33-bit comparator greater                             : 4
 33-bit comparator less                                : 4
 33-bit comparator lessequal                           : 4

=========================================================================

=========================================================================
*                         Low Level Synthesis                           *
=========================================================================
WARNING:Xst:1293 - FF/Latch <command1_7> has a constant value of 0 in block <TM1638>. This FF/Latch will be trimmed during the optimization process.
WARNING:Xst:1895 - Due to other FF/Latch trimming, FF/Latch <leddatahold_121> (without init value) has a constant value of 0 in block <TM1638>. This FF/Latch will be trimmed during the optimization process.
WARNING:Xst:1895 - Due to other FF/Latch trimming, FF/Latch <leddatahold_122> (without init value) has a constant value of 0 in block <TM1638>. This FF/Latch will be trimmed during the optimization process.
WARNING:Xst:1895 - Due to other FF/Latch trimming, FF/Latch <leddatahold_123> (without init value) has a constant value of 0 in block <TM1638>. This FF/Latch will be trimmed during the optimization process.
WARNING:Xst:1895 - Due to other FF/Latch trimming, FF/Latch <leddatahold_124> (without init value) has a constant value of 0 in block <TM1638>. This FF/Latch will be trimmed during the optimization process.
WARNING:Xst:1710 - FF/Latch <leddatahold_115> (without init value) has a constant value of 0 in block <TM1638>. This FF/Latch will be trimmed during the optimization process.
WARNING:Xst:1895 - Due to other FF/Latch trimming, FF/Latch <leddatahold_116> (without init value) has a constant value of 0 in block <TM1638>. This FF/Latch will be trimmed during the optimization process.
WARNING:Xst:1895 - Due to other FF/Latch trimming, FF/Latch <leddatahold_117> (without init value) has a constant value of 0 in block <TM1638>. This FF/Latch will be trimmed during the optimization process.
WARNING:Xst:1895 - Due to other FF/Latch trimming, FF/Latch <leddatahold_118> (without init value) has a constant value of 0 in block <TM1638>. This FF/Latch will be trimmed during the optimization process.
WARNING:Xst:1895 - Due to other FF/Latch trimming, FF/Latch <leddatahold_119> (without init value) has a constant value of 0 in block <TM1638>. This FF/Latch will be trimmed during the optimization process.
WARNING:Xst:1895 - Due to other FF/Latch trimming, FF/Latch <leddatahold_120> (without init value) has a constant value of 0 in block <TM1638>. This FF/Latch will be trimmed during the optimization process.

Optimizing unit <INFOR> ...

Optimizing unit <FREQ_DIV> ...

Optimizing unit <TM1638> ...

Mapping all equations...
Building and optimizing final netlist ...
Found area constraint ratio of 100 (+ 5) on block INFOR, actual ratio is 4.

Final Macro Processing ...

Processing Unit <INFOR> :
	Found 4-bit shift register for signal <tm1638/command3_0>.
INFO:Xst:741 - HDL ADVISOR - A 6-bit shift register was found for signal <tm1638/command2_0> and currently occupies 6 logic cells (3 slices). Removing the set/reset logic would take advantage of SRL16 (and derived) primitives and reduce this to 1 logic cells (1 slices). Evaluate if the set/reset can be removed for this simple shift register. The majority of simple pipeline structures do not need to be set/reset operationally.
INFO:Xst:741 - HDL ADVISOR - A 6-bit shift register was found for signal <tm1638/command1_0> and currently occupies 6 logic cells (3 slices). Removing the set/reset logic would take advantage of SRL16 (and derived) primitives and reduce this to 1 logic cells (1 slices). Evaluate if the set/reset can be removed for this simple shift register. The majority of simple pipeline structures do not need to be set/reset operationally.
Unit <INFOR> processed.

=========================================================================
Final Register Report

Macro Statistics
# Registers                                            : 202
 Flip-Flops                                            : 202
# Shift Registers                                      : 1
 4-bit shift register                                  : 1

=========================================================================

=========================================================================
*                           Partition Report                            *
=========================================================================

Partition Implementation Status
-------------------------------

  No Partitions were found in this design.

-------------------------------

=========================================================================
*                            Final Report                               *
=========================================================================
Final Results
RTL Top Level Output File Name     : INFOR.ngr
Top Level Output File Name         : INFOR
Output Format                      : NGC
Optimization Goal                  : Speed
Keep Hierarchy                     : No

Design Statistics
# IOs                              : 4

Cell Usage :
# BELS                             : 586
#      GND                         : 1
#      INV                         : 15
#      LUT1                        : 22
#      LUT2                        : 166
#      LUT2_D                      : 2
#      LUT2_L                      : 1
#      LUT3                        : 16
#      LUT3_D                      : 1
#      LUT4                        : 107
#      LUT4_D                      : 6
#      LUT4_L                      : 3
#      MUXCY                       : 181
#      VCC                         : 1
#      XORCY                       : 64
# FlipFlops/Latches                : 207
#      FD                          : 32
#      FDE                         : 118
#      FDE_1                       : 1
#      FDR_1                       : 32
#      FDRE                        : 16
#      FDSE                        : 8
# Shift Registers                  : 1
#      SRL16E                      : 1
# Clock Buffers                    : 2
#      BUFG                        : 1
#      BUFGP                       : 1
# IO Buffers                       : 3
#      OBUF                        : 3
=========================================================================

Device utilization summary:
---------------------------

Selected Device : 3s500efg320-4 

 Number of Slices:                      191  out of   4656     4%  
 Number of Slice Flip Flops:            207  out of   9312     2%  
 Number of 4 input LUTs:                340  out of   9312     3%  
    Number used as logic:               339
    Number used as Shift registers:       1
 Number of IOs:                           4
 Number of bonded IOBs:                   4  out of    232     1%  
 Number of GCLKs:                         2  out of     24     8%  

---------------------------
Partition Resource Summary:
---------------------------

  No Partitions were found in this design.

---------------------------


=========================================================================
TIMING REPORT

NOTE: THESE TIMING NUMBERS ARE ONLY A SYNTHESIS ESTIMATE.
      FOR ACCURATE TIMING INFORMATION PLEASE REFER TO THE TRACE REPORT
      GENERATED AFTER PLACE-and-ROUTE.

Clock Information:
------------------
-----------------------------------+------------------------+-------+
Clock Signal                       | Clock buffer(FF name)  | Load  |
-----------------------------------+------------------------+-------+
CLK                                | BUFGP                  | 33    |
freq_div/O_CLK1                    | BUFG                   | 175   |
-----------------------------------+------------------------+-------+

Asynchronous Control Signals Information:
----------------------------------------
No asynchronous control signals found in this design

Timing Summary:
---------------
Speed Grade: -4

   Minimum period: 11.262ns (Maximum Frequency: 88.794MHz)
   Minimum input arrival time before clock: No path found
   Maximum output required time after clock: 4.532ns
   Maximum combinational path delay: No path found

Timing Detail:
--------------
All values displayed in nanoseconds (ns)

=========================================================================
Timing constraint: Default period analysis for Clock 'CLK'
  Clock period: 8.884ns (frequency: 112.568MHz)
  Total number of paths / destination ports: 19537 / 66
-------------------------------------------------------------------------
Delay:               8.884ns (Levels of Logic = 44)
  Source:            freq_div/COUNT_0 (FF)
  Destination:       freq_div/COUNT_31 (FF)
  Source Clock:      CLK falling
  Destination Clock: CLK falling

  Data Path: freq_div/COUNT_0 to freq_div/COUNT_31
                                Gate     Net
    Cell:in->out      fanout   Delay   Delay  Logical Name (Net Name)
    ----------------------------------------  ------------
     FDR_1:C->Q            3   0.591   0.706  freq_div/COUNT_0 (freq_div/COUNT_0)
     LUT4:I0->O            1   0.704   0.000  freq_div/Mcompar_old_COUNT_2_cmp_gt0000_lut<0> (freq_div/Mcompar_old_COUNT_2_cmp_gt0000_lut<0>)
     MUXCY:S->O            1   0.464   0.000  freq_div/Mcompar_old_COUNT_2_cmp_gt0000_cy<0> (freq_div/Mcompar_old_COUNT_2_cmp_gt0000_cy<0>)
     MUXCY:CI->O           1   0.059   0.000  freq_div/Mcompar_old_COUNT_2_cmp_gt0000_cy<1> (freq_div/Mcompar_old_COUNT_2_cmp_gt0000_cy<1>)
     MUXCY:CI->O           1   0.059   0.000  freq_div/Mcompar_old_COUNT_2_cmp_gt0000_cy<2> (freq_div/Mcompar_old_COUNT_2_cmp_gt0000_cy<2>)
     MUXCY:CI->O           1   0.059   0.000  freq_div/Mcompar_old_COUNT_2_cmp_gt0000_cy<3> (freq_div/Mcompar_old_COUNT_2_cmp_gt0000_cy<3>)
     MUXCY:CI->O           1   0.059   0.000  freq_div/Mcompar_old_COUNT_2_cmp_gt0000_cy<4> (freq_div/Mcompar_old_COUNT_2_cmp_gt0000_cy<4>)
     MUXCY:CI->O           1   0.059   0.000  freq_div/Mcompar_old_COUNT_2_cmp_gt0000_cy<5> (freq_div/Mcompar_old_COUNT_2_cmp_gt0000_cy<5>)
     MUXCY:CI->O           1   0.059   0.000  freq_div/Mcompar_old_COUNT_2_cmp_gt0000_cy<6> (freq_div/Mcompar_old_COUNT_2_cmp_gt0000_cy<6>)
     MUXCY:CI->O           1   0.059   0.000  freq_div/Mcompar_old_COUNT_2_cmp_gt0000_cy<7> (freq_div/Mcompar_old_COUNT_2_cmp_gt0000_cy<7>)
     MUXCY:CI->O           1   0.059   0.000  freq_div/Mcompar_old_COUNT_2_cmp_gt0000_cy<8> (freq_div/Mcompar_old_COUNT_2_cmp_gt0000_cy<8>)
     MUXCY:CI->O           1   0.059   0.000  freq_div/Mcompar_old_COUNT_2_cmp_gt0000_cy<9> (freq_div/Mcompar_old_COUNT_2_cmp_gt0000_cy<9>)
     MUXCY:CI->O          33   0.459   1.438  freq_div/Mcompar_old_COUNT_2_cmp_gt0000_cy<10> (freq_div/Mcompar_old_COUNT_2_cmp_gt0000_cy<10>)
     LUT2:I0->O            1   0.704   0.000  freq_div/_old_COUNT_2<1>1 (freq_div/_old_COUNT_2<1>)
     MUXCY:S->O            1   0.464   0.000  freq_div/Madd_COUNT_add0000_cy<1> (freq_div/Madd_COUNT_add0000_cy<1>)
     MUXCY:CI->O           1   0.059   0.000  freq_div/Madd_COUNT_add0000_cy<2> (freq_div/Madd_COUNT_add0000_cy<2>)
     MUXCY:CI->O           1   0.059   0.000  freq_div/Madd_COUNT_add0000_cy<3> (freq_div/Madd_COUNT_add0000_cy<3>)
     MUXCY:CI->O           1   0.059   0.000  freq_div/Madd_COUNT_add0000_cy<4> (freq_div/Madd_COUNT_add0000_cy<4>)
     MUXCY:CI->O           1   0.059   0.000  freq_div/Madd_COUNT_add0000_cy<5> (freq_div/Madd_COUNT_add0000_cy<5>)
     MUXCY:CI->O           1   0.059   0.000  freq_div/Madd_COUNT_add0000_cy<6> (freq_div/Madd_COUNT_add0000_cy<6>)
     MUXCY:CI->O           1   0.059   0.000  freq_div/Madd_COUNT_add0000_cy<7> (freq_div/Madd_COUNT_add0000_cy<7>)
     MUXCY:CI->O           1   0.059   0.000  freq_div/Madd_COUNT_add0000_cy<8> (freq_div/Madd_COUNT_add0000_cy<8>)
     MUXCY:CI->O           1   0.059   0.000  freq_div/Madd_COUNT_add0000_cy<9> (freq_div/Madd_COUNT_add0000_cy<9>)
     MUXCY:CI->O           1   0.059   0.000  freq_div/Madd_COUNT_add0000_cy<10> (freq_div/Madd_COUNT_add0000_cy<10>)
     MUXCY:CI->O           1   0.059   0.000  freq_div/Madd_COUNT_add0000_cy<11> (freq_div/Madd_COUNT_add0000_cy<11>)
     MUXCY:CI->O           1   0.059   0.000  freq_div/Madd_COUNT_add0000_cy<12> (freq_div/Madd_COUNT_add0000_cy<12>)
     MUXCY:CI->O           1   0.059   0.000  freq_div/Madd_COUNT_add0000_cy<13> (freq_div/Madd_COUNT_add0000_cy<13>)
     MUXCY:CI->O           1   0.059   0.000  freq_div/Madd_COUNT_add0000_cy<14> (freq_div/Madd_COUNT_add0000_cy<14>)
     MUXCY:CI->O           1   0.059   0.000  freq_div/Madd_COUNT_add0000_cy<15> (freq_div/Madd_COUNT_add0000_cy<15>)
     MUXCY:CI->O           1   0.059   0.000  freq_div/Madd_COUNT_add0000_cy<16> (freq_div/Madd_COUNT_add0000_cy<16>)
     MUXCY:CI->O           1   0.059   0.000  freq_div/Madd_COUNT_add0000_cy<17> (freq_div/Madd_COUNT_add0000_cy<17>)
     MUXCY:CI->O           1   0.059   0.000  freq_div/Madd_COUNT_add0000_cy<18> (freq_div/Madd_COUNT_add0000_cy<18>)
     MUXCY:CI->O           1   0.059   0.000  freq_div/Madd_COUNT_add0000_cy<19> (freq_div/Madd_COUNT_add0000_cy<19>)
     MUXCY:CI->O           1   0.059   0.000  freq_div/Madd_COUNT_add0000_cy<20> (freq_div/Madd_COUNT_add0000_cy<20>)
     MUXCY:CI->O           1   0.059   0.000  freq_div/Madd_COUNT_add0000_cy<21> (freq_div/Madd_COUNT_add0000_cy<21>)
     MUXCY:CI->O           1   0.059   0.000  freq_div/Madd_COUNT_add0000_cy<22> (freq_div/Madd_COUNT_add0000_cy<22>)
     MUXCY:CI->O           1   0.059   0.000  freq_div/Madd_COUNT_add0000_cy<23> (freq_div/Madd_COUNT_add0000_cy<23>)
     MUXCY:CI->O           1   0.059   0.000  freq_div/Madd_COUNT_add0000_cy<24> (freq_div/Madd_COUNT_add0000_cy<24>)
     MUXCY:CI->O           1   0.059   0.000  freq_div/Madd_COUNT_add0000_cy<25> (freq_div/Madd_COUNT_add0000_cy<25>)
     MUXCY:CI->O           1   0.059   0.000  freq_div/Madd_COUNT_add0000_cy<26> (freq_div/Madd_COUNT_add0000_cy<26>)
     MUXCY:CI->O           1   0.059   0.000  freq_div/Madd_COUNT_add0000_cy<27> (freq_div/Madd_COUNT_add0000_cy<27>)
     MUXCY:CI->O           1   0.059   0.000  freq_div/Madd_COUNT_add0000_cy<28> (freq_div/Madd_COUNT_add0000_cy<28>)
     MUXCY:CI->O           1   0.059   0.000  freq_div/Madd_COUNT_add0000_cy<29> (freq_div/Madd_COUNT_add0000_cy<29>)
     MUXCY:CI->O           0   0.059   0.000  freq_div/Madd_COUNT_add0000_cy<30> (freq_div/Madd_COUNT_add0000_cy<30>)
     XORCY:CI->O           1   0.804   0.000  freq_div/Madd_COUNT_add0000_xor<31> (freq_div/COUNT_add0000<31>)
     FDR_1:D                   0.308          freq_div/COUNT_31
    ----------------------------------------
    Total                      8.884ns (6.740ns logic, 2.144ns route)
                                       (75.9% logic, 24.1% route)

=========================================================================
Timing constraint: Default period analysis for Clock 'freq_div/O_CLK1'
  Clock period: 11.262ns (frequency: 88.794MHz)
  Total number of paths / destination ports: 158890 / 338
-------------------------------------------------------------------------
Delay:               11.262ns (Levels of Logic = 40)
  Source:            tm1638/cs_25 (FF)
  Destination:       tm1638/cs_31 (FF)
  Source Clock:      freq_div/O_CLK1 rising
  Destination Clock: freq_div/O_CLK1 rising

  Data Path: tm1638/cs_25 to tm1638/cs_31
                                Gate     Net
    Cell:in->out      fanout   Delay   Delay  Logical Name (Net Name)
    ----------------------------------------  ------------
     FD:C->Q              10   0.591   1.057  tm1638/cs_25 (tm1638/cs_25)
     LUT2:I0->O            1   0.704   0.000  tm1638/old_cs_4_cmp_eq00001_wg_lut<0> (tm1638/old_cs_4_cmp_eq00001_wg_lut<0>)
     MUXCY:S->O            1   0.464   0.000  tm1638/old_cs_4_cmp_eq00001_wg_cy<0> (tm1638/old_cs_4_cmp_eq00001_wg_cy<0>)
     MUXCY:CI->O           1   0.059   0.000  tm1638/old_cs_4_cmp_eq00001_wg_cy<1> (tm1638/old_cs_4_cmp_eq00001_wg_cy<1>)
     MUXCY:CI->O           1   0.059   0.000  tm1638/old_cs_4_cmp_eq00001_wg_cy<2> (tm1638/old_cs_4_cmp_eq00001_wg_cy<2>)
     MUXCY:CI->O           1   0.059   0.000  tm1638/old_cs_4_cmp_eq00001_wg_cy<3> (tm1638/old_cs_4_cmp_eq00001_wg_cy<3>)
     MUXCY:CI->O           1   0.059   0.000  tm1638/old_cs_4_cmp_eq00001_wg_cy<4> (tm1638/old_cs_4_cmp_eq00001_wg_cy<4>)
     MUXCY:CI->O           1   0.059   0.000  tm1638/old_cs_4_cmp_eq00001_wg_cy<5> (tm1638/old_cs_4_cmp_eq00001_wg_cy<5>)
     MUXCY:CI->O           5   0.459   0.637  tm1638/old_cs_4_cmp_eq00001_wg_cy<6> (tm1638/old_cs_4_cmp_eq00001_wg_cy<6>)
     LUT4_D:I3->O         20   0.704   1.137  tm1638/old_cs_4_cmp_eq00001 (tm1638/old_cs_4_cmp_eq0000)
     LUT4:I2->O            5   0.704   0.637  tm1638/_old_cs_4<10>1139_SW1 (N50)
     LUT4:I3->O            1   0.704   0.000  tm1638/_old_cs_4<3>1 (tm1638/_old_cs_4<3>)
     MUXCY:S->O            1   0.464   0.000  tm1638/Madd_cs_add0000_cy<3> (tm1638/Madd_cs_add0000_cy<3>)
     MUXCY:CI->O           1   0.059   0.000  tm1638/Madd_cs_add0000_cy<4> (tm1638/Madd_cs_add0000_cy<4>)
     MUXCY:CI->O           1   0.059   0.000  tm1638/Madd_cs_add0000_cy<5> (tm1638/Madd_cs_add0000_cy<5>)
     MUXCY:CI->O           1   0.059   0.000  tm1638/Madd_cs_add0000_cy<6> (tm1638/Madd_cs_add0000_cy<6>)
     MUXCY:CI->O           1   0.059   0.000  tm1638/Madd_cs_add0000_cy<7> (tm1638/Madd_cs_add0000_cy<7>)
     MUXCY:CI->O           1   0.059   0.000  tm1638/Madd_cs_add0000_cy<8> (tm1638/Madd_cs_add0000_cy<8>)
     MUXCY:CI->O           1   0.059   0.000  tm1638/Madd_cs_add0000_cy<9> (tm1638/Madd_cs_add0000_cy<9>)
     MUXCY:CI->O           1   0.059   0.000  tm1638/Madd_cs_add0000_cy<10> (tm1638/Madd_cs_add0000_cy<10>)
     MUXCY:CI->O           1   0.059   0.000  tm1638/Madd_cs_add0000_cy<11> (tm1638/Madd_cs_add0000_cy<11>)
     MUXCY:CI->O           1   0.059   0.000  tm1638/Madd_cs_add0000_cy<12> (tm1638/Madd_cs_add0000_cy<12>)
     MUXCY:CI->O           1   0.059   0.000  tm1638/Madd_cs_add0000_cy<13> (tm1638/Madd_cs_add0000_cy<13>)
     MUXCY:CI->O           1   0.059   0.000  tm1638/Madd_cs_add0000_cy<14> (tm1638/Madd_cs_add0000_cy<14>)
     MUXCY:CI->O           1   0.059   0.000  tm1638/Madd_cs_add0000_cy<15> (tm1638/Madd_cs_add0000_cy<15>)
     MUXCY:CI->O           1   0.059   0.000  tm1638/Madd_cs_add0000_cy<16> (tm1638/Madd_cs_add0000_cy<16>)
     MUXCY:CI->O           1   0.059   0.000  tm1638/Madd_cs_add0000_cy<17> (tm1638/Madd_cs_add0000_cy<17>)
     MUXCY:CI->O           1   0.059   0.000  tm1638/Madd_cs_add0000_cy<18> (tm1638/Madd_cs_add0000_cy<18>)
     MUXCY:CI->O           1   0.059   0.000  tm1638/Madd_cs_add0000_cy<19> (tm1638/Madd_cs_add0000_cy<19>)
     MUXCY:CI->O           1   0.059   0.000  tm1638/Madd_cs_add0000_cy<20> (tm1638/Madd_cs_add0000_cy<20>)
     MUXCY:CI->O           1   0.059   0.000  tm1638/Madd_cs_add0000_cy<21> (tm1638/Madd_cs_add0000_cy<21>)
     MUXCY:CI->O           1   0.059   0.000  tm1638/Madd_cs_add0000_cy<22> (tm1638/Madd_cs_add0000_cy<22>)
     MUXCY:CI->O           1   0.059   0.000  tm1638/Madd_cs_add0000_cy<23> (tm1638/Madd_cs_add0000_cy<23>)
     MUXCY:CI->O           1   0.059   0.000  tm1638/Madd_cs_add0000_cy<24> (tm1638/Madd_cs_add0000_cy<24>)
     MUXCY:CI->O           1   0.059   0.000  tm1638/Madd_cs_add0000_cy<25> (tm1638/Madd_cs_add0000_cy<25>)
     MUXCY:CI->O           1   0.059   0.000  tm1638/Madd_cs_add0000_cy<26> (tm1638/Madd_cs_add0000_cy<26>)
     MUXCY:CI->O           1   0.059   0.000  tm1638/Madd_cs_add0000_cy<27> (tm1638/Madd_cs_add0000_cy<27>)
     MUXCY:CI->O           1   0.059   0.000  tm1638/Madd_cs_add0000_cy<28> (tm1638/Madd_cs_add0000_cy<28>)
     MUXCY:CI->O           1   0.059   0.000  tm1638/Madd_cs_add0000_cy<29> (tm1638/Madd_cs_add0000_cy<29>)
     MUXCY:CI->O           0   0.059   0.000  tm1638/Madd_cs_add0000_cy<30> (tm1638/Madd_cs_add0000_cy<30>)
     XORCY:CI->O           1   0.804   0.000  tm1638/Madd_cs_add0000_xor<31> (tm1638/cs_add0000<31>)
     FD:D                      0.308          tm1638/cs_31
    ----------------------------------------
    Total                     11.262ns (7.794ns logic, 3.468ns route)
                                       (69.2% logic, 30.8% route)

=========================================================================
Timing constraint: Default OFFSET OUT AFTER for Clock 'freq_div/O_CLK1'
  Total number of paths / destination ports: 3 / 3
-------------------------------------------------------------------------
Offset:              4.532ns (Levels of Logic = 1)
  Source:            tm1638/clk (FF)
  Destination:       clk_rnm0 (PAD)
  Source Clock:      freq_div/O_CLK1 rising

  Data Path: tm1638/clk to clk_rnm0
                                Gate     Net
    Cell:in->out      fanout   Delay   Delay  Logical Name (Net Name)
    ----------------------------------------  ------------
     FDE:C->Q              6   0.591   0.669  tm1638/clk (tm1638/clk)
     OBUF:I->O                 3.272          clk_rnm0_OBUF (clk_rnm0)
    ----------------------------------------
    Total                      4.532ns (3.863ns logic, 0.669ns route)
                                       (85.2% logic, 14.8% route)

=========================================================================


Total REAL time to Xst completion: 8.00 secs
Total CPU time to Xst completion: 6.93 secs
 
--> 


Total memory usage is 524128 kilobytes

Number of errors   :    0 (   0 filtered)
Number of warnings :   37 (   0 filtered)
Number of infos    :    2 (   0 filtered)

