ISim log file
Running: /mnt/sda2/DOC/NH_2024_2025_HK_01/ICSL316764/TT_FPGA/BAINHOM_01/TEST_CLOCK_FPGA_isim_beh.exe -intstyle ise -gui -tclbatch isim.cmd -wdb /mnt/sda2/DOC/NH_2024_2025_HK_01/ICSL316764/TT_FPGA/BAINHOM_01/TEST_CLOCK_FPGA_isim_beh.wdb 
ISim P.20131013 (signature 0xfbc00daa)
WARNING: A WEBPACK license was found.
WARNING: Please use Xilinx License Configuration Manager to check out a full ISim license.
WARNING: ISim will run in Lite mode. Please refer to the ISim documentation for more information on the differences between the Lite and the Full version.
This is a Lite version of ISim.
Time resolution is 1 ps
# onerror resume
# wave add /
# run 1000 ns
Simulator is doing circuit initialization process.
Finished circuit initialization process.
# run 1300us
# run 300us
# run 50us
ISim P.20131013 (signature 0xfbc00daa)
WARNING: A WEBPACK license was found.
WARNING: Please use Xilinx License Configuration Manager to check out a full ISim license.
WARNING: ISim will run in Lite mode. Please refer to the ISim documentation for more information on the differences between the Lite and the Full version.
This is a Lite version of ISim.
# run 1000 ns
Simulator is doing circuit initialization process.
Finished circuit initialization process.
# exit 0
