Release 14.7 - xst P.20131013 (nt64)
Copyright (c) 1995-2013 Xilinx, Inc.  All rights reserved.
--> Parameter TMPDIR set to xst/projnav.tmp


Total REAL time to Xst completion: 0.00 secs
Total CPU time to Xst completion: 0.10 secs
 
--> Parameter xsthdpdir set to xst


Total REAL time to Xst completion: 0.00 secs
Total CPU time to Xst completion: 0.10 secs
 
--> Reading design: SANGDAN_TATHET_FPGA.prj

TABLE OF CONTENTS
  1) Synthesis Options Summary
  2) HDL Compilation
  3) Design Hierarchy Analysis
  4) HDL Analysis
  5) HDL Synthesis
     5.1) HDL Synthesis Report
  6) Advanced HDL Synthesis
     6.1) Advanced HDL Synthesis Report
  7) Low Level Synthesis
  8) Partition Report
  9) Final Report
	9.1) Device utilization summary
	9.2) Partition Resource Summary
	9.3) TIMING REPORT


=========================================================================
*                      Synthesis Options Summary                        *
=========================================================================
---- Source Parameters
Input File Name                    : "SANGDAN_TATHET_FPGA.prj"
Input Format                       : mixed
Ignore Synthesis Constraint File   : NO

---- Target Parameters
Output File Name                   : "SANGDAN_TATHET_FPGA"
Output Format                      : NGC
Target Device                      : xc3s500e-4-fg320

---- Source Options
Top Module Name                    : SANGDAN_TATHET_FPGA
Automatic FSM Extraction           : YES
FSM Encoding Algorithm             : Auto
Safe Implementation                : No
FSM Style                          : LUT
RAM Extraction                     : Yes
RAM Style                          : Auto
ROM Extraction                     : Yes
Mux Style                          : Auto
Decoder Extraction                 : YES
Priority Encoder Extraction        : Yes
Shift Register Extraction          : YES
Logical Shifter Extraction         : YES
XOR Collapsing                     : YES
ROM Style                          : Auto
Mux Extraction                     : Yes
Resource Sharing                   : YES
Asynchronous To Synchronous        : NO
Multiplier Style                   : Auto
Automatic Register Balancing       : No

---- Target Options
Add IO Buffers                     : YES
Global Maximum Fanout              : 500
Add Generic Clock Buffer(BUFG)     : 24
Register Duplication               : YES
Slice Packing                      : YES
Optimize Instantiated Primitives   : NO
Use Clock Enable                   : Yes
Use Synchronous Set                : Yes
Use Synchronous Reset              : Yes
Pack IO Registers into IOBs        : Auto
Equivalent register Removal        : YES

---- General Options
Optimization Goal                  : Speed
Optimization Effort                : 1
Keep Hierarchy                     : No
Netlist Hierarchy                  : As_Optimized
RTL Output                         : Yes
Global Optimization                : AllClockNets
Read Cores                         : YES
Write Timing Constraints           : NO
Cross Clock Analysis               : NO
Hierarchy Separator                : /
Bus Delimiter                      : <>
Case Specifier                     : Maintain
Slice Utilization Ratio            : 100
BRAM Utilization Ratio             : 100
Verilog 2001                       : YES
Auto BRAM Packing                  : NO
Slice Utilization Ratio Delta      : 5

=========================================================================


=========================================================================
*                          HDL Compilation                              *
=========================================================================
Compiling verilog file "SANG_DAN_TAT_HET_FPGA.v" in library work
Compiling verilog include file "SANG_DAN_TAT_HET.v"
Compiling verilog include file "PULSE_DIV.v"
Module <SANGDAN_TATHET> compiled
Module <PULSE_DIV> compiled
Module <SANGDAN_TATHET_FPGA> compiled
No errors in compilation
Analysis of file <"SANGDAN_TATHET_FPGA.prj"> succeeded.
 

=========================================================================
*                     Design Hierarchy Analysis                         *
=========================================================================
Analyzing hierarchy for module <SANGDAN_TATHET_FPGA> in library <work>.

Analyzing hierarchy for module <PULSE_DIV> in library <work>.

Analyzing hierarchy for module <SANGDAN_TATHET> in library <work>.


=========================================================================
*                            HDL Analysis                               *
=========================================================================
Analyzing top module <SANGDAN_TATHET_FPGA>.
Module <SANGDAN_TATHET_FPGA> is correct for synthesis.
 
Analyzing module <PULSE_DIV> in library <work>.
Module <PULSE_DIV> is correct for synthesis.
 
Analyzing module <SANGDAN_TATHET> in library <work>.
Module <SANGDAN_TATHET> is correct for synthesis.
 

=========================================================================
*                           HDL Synthesis                               *
=========================================================================

Performing bidirectional port resolution...

Synthesizing Unit <PULSE_DIV>.
    Related source file is "PULSE_DIV.v".
    Found 1-bit register for signal <O_CLK>.
    Found 32-bit up counter for signal <COUNT>.
    Found 32-bit comparator greater for signal <old_COUNT_2$cmp_gt0000> created at line 23.
    Summary:
	inferred   1 Counter(s).
	inferred   1 D-type flip-flop(s).
	inferred   1 Comparator(s).
Unit <PULSE_DIV> synthesized.


Synthesizing Unit <SANGDAN_TATHET>.
    Related source file is "SANG_DAN_TAT_HET.v".
    Found 8-bit register for signal <Q>.
    Summary:
	inferred   8 D-type flip-flop(s).
Unit <SANGDAN_TATHET> synthesized.


Synthesizing Unit <SANGDAN_TATHET_FPGA>.
    Related source file is "SANG_DAN_TAT_HET_FPGA.v".
Unit <SANGDAN_TATHET_FPGA> synthesized.


=========================================================================
HDL Synthesis Report

Macro Statistics
# Counters                                             : 1
 32-bit up counter                                     : 1
# Registers                                            : 2
 1-bit register                                        : 1
 8-bit register                                        : 1

=========================================================================

=========================================================================
*                       Advanced HDL Synthesis                          *
=========================================================================


=========================================================================
Advanced HDL Synthesis Report

Macro Statistics
# Counters                                             : 1
 32-bit up counter                                     : 1
# Registers                                            : 9
 Flip-Flops                                            : 9

=========================================================================

=========================================================================
*                         Low Level Synthesis                           *
=========================================================================

Optimizing unit <SANGDAN_TATHET_FPGA> ...

Optimizing unit <SANGDAN_TATHET> ...

Mapping all equations...
Building and optimizing final netlist ...
Found area constraint ratio of 100 (+ 5) on block SANGDAN_TATHET_FPGA, actual ratio is 0.

Final Macro Processing ...

=========================================================================
Final Register Report

Macro Statistics
# Registers                                            : 41
 Flip-Flops                                            : 41

=========================================================================

=========================================================================
*                           Partition Report                            *
=========================================================================

Partition Implementation Status
-------------------------------

  No Partitions were found in this design.

-------------------------------

=========================================================================
*                            Final Report                               *
=========================================================================
Final Results
RTL Top Level Output File Name     : SANGDAN_TATHET_FPGA.ngr
Top Level Output File Name         : SANGDAN_TATHET_FPGA
Output Format                      : NGC
Optimization Goal                  : Speed
Keep Hierarchy                     : No

Design Statistics
# IOs                              : 10

Cell Usage :
# BELS                             : 117
#      GND                         : 1
#      INV                         : 2
#      LUT1                        : 31
#      LUT3                        : 1
#      LUT4                        : 9
#      LUT4_L                      : 1
#      MUXCY                       : 39
#      VCC                         : 1
#      XORCY                       : 32
# FlipFlops/Latches                : 41
#      FDE                         : 1
#      FDR                         : 40
# Clock Buffers                    : 1
#      BUFGP                       : 1
# IO Buffers                       : 9
#      IBUF                        : 1
#      OBUF                        : 8
=========================================================================

Device utilization summary:
---------------------------

Selected Device : 3s500efg320-4 

 Number of Slices:                       27  out of   4656     0%  
 Number of Slice Flip Flops:             41  out of   9312     0%  
 Number of 4 input LUTs:                 44  out of   9312     0%  
 Number of IOs:                          10
 Number of bonded IOBs:                  10  out of    232     4%  
 Number of GCLKs:                         1  out of     24     4%  

---------------------------
Partition Resource Summary:
---------------------------

  No Partitions were found in this design.

---------------------------


=========================================================================
TIMING REPORT

NOTE: THESE TIMING NUMBERS ARE ONLY A SYNTHESIS ESTIMATE.
      FOR ACCURATE TIMING INFORMATION PLEASE REFER TO THE TRACE REPORT
      GENERATED AFTER PLACE-and-ROUTE.

Clock Information:
------------------
-----------------------------------+------------------------+-------+
Clock Signal                       | Clock buffer(FF name)  | Load  |
-----------------------------------+------------------------+-------+
CLK                                | BUFGP                  | 33    |
pldv/O_CLK                         | NONE(sd_th/Q_7)        | 8     |
-----------------------------------+------------------------+-------+
INFO:Xst:2169 - HDL ADVISOR - Some clock signals were not automatically buffered by XST with BUFG/BUFR resources. Please use the buffer_type constraint in order to insert these buffers to the clock signals to help prevent skew problems.

Asynchronous Control Signals Information:
----------------------------------------
No asynchronous control signals found in this design

Timing Summary:
---------------
Speed Grade: -4

   Minimum period: 5.240ns (Maximum Frequency: 190.857MHz)
   Minimum input arrival time before clock: 4.185ns
   Maximum output required time after clock: 4.394ns
   Maximum combinational path delay: No path found

Timing Detail:
--------------
All values displayed in nanoseconds (ns)

=========================================================================
Timing constraint: Default period analysis for Clock 'CLK'
  Clock period: 5.240ns (frequency: 190.857MHz)
  Total number of paths / destination ports: 1585 / 66
-------------------------------------------------------------------------
Delay:               5.240ns (Levels of Logic = 9)
  Source:            pldv/COUNT_8 (FF)
  Destination:       pldv/COUNT_0 (FF)
  Source Clock:      CLK rising
  Destination Clock: CLK rising

  Data Path: pldv/COUNT_8 to pldv/COUNT_0
                                Gate     Net
    Cell:in->out      fanout   Delay   Delay  Logical Name (Net Name)
    ----------------------------------------  ------------
     FDR:C->Q              2   0.591   0.622  pldv/COUNT_8 (pldv/COUNT_8)
     LUT4:I0->O            1   0.704   0.000  pldv/O_CLK_cmp_eq0000_wg_lut<0> (pldv/O_CLK_cmp_eq0000_wg_lut<0>)
     MUXCY:S->O            1   0.464   0.000  pldv/O_CLK_cmp_eq0000_wg_cy<0> (pldv/O_CLK_cmp_eq0000_wg_cy<0>)
     MUXCY:CI->O           1   0.059   0.000  pldv/O_CLK_cmp_eq0000_wg_cy<1> (pldv/O_CLK_cmp_eq0000_wg_cy<1>)
     MUXCY:CI->O           1   0.059   0.000  pldv/O_CLK_cmp_eq0000_wg_cy<2> (pldv/O_CLK_cmp_eq0000_wg_cy<2>)
     MUXCY:CI->O           1   0.059   0.000  pldv/O_CLK_cmp_eq0000_wg_cy<3> (pldv/O_CLK_cmp_eq0000_wg_cy<3>)
     MUXCY:CI->O           1   0.059   0.000  pldv/O_CLK_cmp_eq0000_wg_cy<4> (pldv/O_CLK_cmp_eq0000_wg_cy<4>)
     MUXCY:CI->O           1   0.059   0.000  pldv/O_CLK_cmp_eq0000_wg_cy<5> (pldv/O_CLK_cmp_eq0000_wg_cy<5>)
     MUXCY:CI->O           1   0.059   0.000  pldv/O_CLK_cmp_eq0000_wg_cy<6> (pldv/O_CLK_cmp_eq0000_wg_cy<6>)
     MUXCY:CI->O          33   0.331   1.263  pldv/O_CLK_cmp_eq0000_wg_cy<7> (pldv/O_CLK_cmp_eq0000)
     FDR:R                     0.911          pldv/COUNT_0
    ----------------------------------------
    Total                      5.240ns (3.355ns logic, 1.885ns route)
                                       (64.0% logic, 36.0% route)

=========================================================================
Timing constraint: Default period analysis for Clock 'pldv/O_CLK'
  Clock period: 4.788ns (frequency: 208.855MHz)
  Total number of paths / destination ports: 71 / 15
-------------------------------------------------------------------------
Delay:               4.788ns (Levels of Logic = 2)
  Source:            sd_th/Q_7 (FF)
  Destination:       sd_th/Q_7 (FF)
  Source Clock:      pldv/O_CLK rising
  Destination Clock: pldv/O_CLK rising

  Data Path: sd_th/Q_7 to sd_th/Q_7
                                Gate     Net
    Cell:in->out      fanout   Delay   Delay  Logical Name (Net Name)
    ----------------------------------------  ------------
     FDR:C->Q              2   0.591   0.622  sd_th/Q_7 (sd_th/Q_7)
     LUT4:I0->O            1   0.704   0.499  sd_th/Q_or00009 (sd_th/Q_or00009)
     LUT3:I1->O            8   0.704   0.757  sd_th/Q_or000018 (sd_th/Q_or0000)
     FDR:R                     0.911          sd_th/Q_0
    ----------------------------------------
    Total                      4.788ns (2.910ns logic, 1.878ns route)
                                       (60.8% logic, 39.2% route)

=========================================================================
Timing constraint: Default OFFSET IN BEFORE for Clock 'pldv/O_CLK'
  Total number of paths / destination ports: 8 / 8
-------------------------------------------------------------------------
Offset:              4.185ns (Levels of Logic = 2)
  Source:            RST (PAD)
  Destination:       sd_th/Q_7 (FF)
  Destination Clock: pldv/O_CLK rising

  Data Path: RST to sd_th/Q_7
                                Gate     Net
    Cell:in->out      fanout   Delay   Delay  Logical Name (Net Name)
    ----------------------------------------  ------------
     IBUF:I->O             1   1.218   0.595  RST_IBUF (RST_IBUF)
     LUT3:I0->O            8   0.704   0.757  sd_th/Q_or000018 (sd_th/Q_or0000)
     FDR:R                     0.911          sd_th/Q_0
    ----------------------------------------
    Total                      4.185ns (2.833ns logic, 1.352ns route)
                                       (67.7% logic, 32.3% route)

=========================================================================
Timing constraint: Default OFFSET OUT AFTER for Clock 'pldv/O_CLK'
  Total number of paths / destination ports: 8 / 8
-------------------------------------------------------------------------
Offset:              4.394ns (Levels of Logic = 1)
  Source:            sd_th/Q_6 (FF)
  Destination:       Q<6> (PAD)
  Source Clock:      pldv/O_CLK rising

  Data Path: sd_th/Q_6 to Q<6>
                                Gate     Net
    Cell:in->out      fanout   Delay   Delay  Logical Name (Net Name)
    ----------------------------------------  ------------
     FDR:C->Q              3   0.591   0.531  sd_th/Q_6 (sd_th/Q_6)
     OBUF:I->O                 3.272          Q_6_OBUF (Q<6>)
    ----------------------------------------
    Total                      4.394ns (3.863ns logic, 0.531ns route)
                                       (87.9% logic, 12.1% route)

=========================================================================


Total REAL time to Xst completion: 4.00 secs
Total CPU time to Xst completion: 4.44 secs
 
--> 

Total memory usage is 4497420 kilobytes

Number of errors   :    0 (   0 filtered)
Number of warnings :    1 (   0 filtered)
Number of infos    :    1 (   0 filtered)

